2021-10-24 00:05:02,178 - basepage.py - [line:97] - INFO - 鼠标光标移动至navBar_item_计算_content元素
2021-10-24 00:05:02,595 - basepage.py - [line:103] - INFO - 鼠标光标移动至navBar_item_计算_content_云服务器元素并点击
2021-10-24 00:05:03,690 - basepage.py - [line:85] - INFO - 点击了//*[@id="tab-vmlist"]元素
2021-10-24 00:05:51,986 - basepage.py - [line:97] - INFO - 鼠标光标移动至navBar_item_计算_content元素
2021-10-24 00:05:52,501 - basepage.py - [line:103] - INFO - 鼠标光标移动至navBar_item_计算_content_云服务器元素并点击
2021-10-24 00:05:52,844 - basepage.py - [line:85] - INFO - 点击了//*[@id="tab-vmlist"]元素
2021-10-24 00:07:36,246 - basepage.py - [line:97] - INFO - 鼠标光标移动至navBar_item_计算_content元素
2021-10-24 00:07:36,598 - basepage.py - [line:103] - INFO - 鼠标光标移动至navBar_item_计算_content_云服务器元素并点击
2021-10-24 00:07:36,947 - basepage.py - [line:85] - INFO - 点击了//*[@id="tab-vmlist"]元素
2021-10-24 00:07:49,158 - basepage.py - [line:152] - INFO - 键盘输入后清理
2021-10-24 00:08:46,492 - basepage.py - [line:97] - INFO - 鼠标光标移动至navBar_item_计算_content元素
2021-10-24 00:08:46,918 - basepage.py - [line:103] - INFO - 鼠标光标移动至navBar_item_计算_content_云服务器元素并点击
2021-10-24 00:08:47,296 - basepage.py - [line:85] - INFO - 点击了//*[@id="tab-vmlist"]元素
2021-10-24 00:08:56,991 - basepage.py - [line:152] - INFO - 键盘输入后清理
2021-10-24 00:08:58,263 - basepage.py - [line:152] - INFO - 键盘输入后清理
2021-10-24 00:09:37,971 - basepage.py - [line:97] - INFO - 鼠标光标移动至navBar_item_计算_content元素
2021-10-24 00:09:38,354 - basepage.py - [line:103] - INFO - 鼠标光标移动至navBar_item_计算_content_云服务器元素并点击
2021-10-24 00:09:38,759 - basepage.py - [line:85] - INFO - 点击了//*[@id="tab-vmlist"]元素
2021-10-24 00:09:39,136 - basepage.py - [line:97] - INFO - 鼠标光标移动至navBar_item_计算_content元素
2021-10-24 00:09:39,462 - basepage.py - [line:103] - INFO - 鼠标光标移动至navBar_item_计算_content_云服务器元素并点击
2021-10-24 00:09:39,536 - basepage.py - [line:85] - INFO - 点击了//*[@id="tab-vmlist"]元素
2021-10-24 00:09:42,418 - basepage.py - [line:116] - INFO - 元素文本信息为请输入云服务器名称
2021-10-24 00:09:46,439 - basepage.py - [line:152] - INFO - 键盘输入后清理
2021-10-24 00:09:49,318 - basepage.py - [line:152] - INFO - 键盘输入后清理
2021-10-24 00:09:54,288 - basepage.py - [line:130] - INFO - 元素文本信息为1
2021-10-24 00:09:54,488 - basepage.py - [line:152] - INFO - 键盘输入后清理
2021-10-24 00:09:55,670 - basepage.py - [line:116] - INFO - 元素文本信息为请输入自动创建云服务器个数（限制100）
2021-10-24 00:09:55,792 - basepage.py - [line:152] - INFO - 键盘输入后清理
2021-10-24 00:09:55,921 - basepage.py - [line:152] - INFO - 键盘输入后清理
2021-10-24 00:09:57,190 - basepage.py - [line:152] - INFO - 键盘输入后清理
2021-10-24 00:09:57,304 - basepage.py - [line:152] - INFO - 键盘输入后清理
2021-10-24 00:09:59,107 - basepage.py - [line:152] - INFO - 键盘输入后清理
2021-10-24 00:10:00,346 - basepage.py - [line:152] - INFO - 键盘输入后清理
2021-10-24 00:10:06,594 - basepage.py - [line:130] - INFO - 元素文本信息为2
2021-10-24 00:10:06,751 - basepage.py - [line:152] - INFO - 键盘输入后清理
2021-10-24 00:10:07,896 - basepage.py - [line:116] - INFO - 元素文本信息为请输入处理器
2021-10-24 00:10:09,164 - basepage.py - [line:152] - INFO - 键盘输入后清理
2021-10-24 00:10:10,429 - basepage.py - [line:152] - INFO - 键盘输入后清理
2021-10-24 00:10:11,668 - basepage.py - [line:152] - INFO - 键盘输入后清理
2021-10-24 00:10:12,794 - basepage.py - [line:130] - INFO - 元素文本信息为1
2021-10-24 00:10:12,931 - basepage.py - [line:152] - INFO - 键盘输入后清理
2021-10-24 00:10:14,073 - basepage.py - [line:116] - INFO - 元素文本信息为请输入处理器插槽数
2021-10-24 00:10:14,191 - basepage.py - [line:152] - INFO - 键盘输入后清理
2021-10-24 00:10:15,472 - basepage.py - [line:152] - INFO - 键盘输入后清理
2021-10-24 00:10:16,717 - basepage.py - [line:152] - INFO - 键盘输入后清理
2021-10-24 00:10:17,948 - basepage.py - [line:152] - INFO - 键盘输入后清理
2021-10-24 00:10:19,080 - basepage.py - [line:130] - INFO - 元素文本信息为2
2021-10-24 00:10:19,226 - basepage.py - [line:152] - INFO - 键盘输入后清理
2021-10-24 00:10:20,375 - basepage.py - [line:116] - INFO - 元素文本信息为请输入处理器插槽核数
2021-10-24 00:10:20,497 - basepage.py - [line:152] - INFO - 键盘输入后清理
2021-10-24 00:10:21,763 - basepage.py - [line:152] - INFO - 键盘输入后清理
2021-10-24 00:10:23,012 - basepage.py - [line:152] - INFO - 键盘输入后清理
2021-10-24 00:10:24,262 - basepage.py - [line:152] - INFO - 键盘输入后清理
2021-10-24 00:10:25,385 - basepage.py - [line:130] - INFO - 元素文本信息为4
2021-10-24 00:10:25,541 - basepage.py - [line:152] - INFO - 键盘输入后清理
2021-10-24 00:10:26,690 - basepage.py - [line:116] - INFO - 元素文本信息为请输入设置内存大小
2021-10-24 00:10:26,812 - basepage.py - [line:152] - INFO - 键盘输入后清理
2021-10-24 00:10:28,089 - basepage.py - [line:152] - INFO - 键盘输入后清理
2021-10-24 00:10:29,343 - basepage.py - [line:152] - INFO - 键盘输入后清理
2021-10-24 00:10:30,590 - basepage.py - [line:152] - INFO - 键盘输入后清理
2021-10-24 00:10:43,789 - basepage.py - [line:116] - INFO - 元素文本信息为请输入卷容量
2021-10-24 00:10:43,943 - basepage.py - [line:152] - INFO - 键盘输入后清理
2021-10-24 00:10:53,309 - basepage.py - [line:152] - INFO - 键盘输入后清理
2021-10-24 00:10:54,627 - basepage.py - [line:152] - INFO - 键盘输入后清理
2021-10-24 00:10:56,460 - basepage.py - [line:152] - INFO - 键盘输入后清理
2021-10-24 00:10:56,572 - basepage.py - [line:152] - INFO - 键盘输入后清理
2021-10-24 00:10:57,818 - basepage.py - [line:152] - INFO - 键盘输入后清理
2021-10-24 00:10:58,951 - basepage.py - [line:116] - INFO - 元素文本信息为0
2021-10-24 00:11:00,069 - basepage.py - [line:116] - INFO - 元素文本信息为0
2021-10-24 00:11:03,865 - basepage.py - [line:130] - INFO - 元素文本信息为lakers1
2021-10-24 00:11:03,907 - basepage.py - [line:130] - INFO - 元素文本信息为test001-volume1
2021-10-24 00:11:04,101 - basepage.py - [line:152] - INFO - 键盘输入后清理
2021-10-24 00:11:05,288 - basepage.py - [line:116] - INFO - 元素文本信息为请输入卷名称
2021-10-24 00:11:05,414 - basepage.py - [line:152] - INFO - 键盘输入后清理
2021-10-24 00:11:06,722 - basepage.py - [line:152] - INFO - 键盘输入后清理
2021-10-24 00:11:08,696 - basepage.py - [line:152] - INFO - 键盘输入后清理
2021-10-24 00:11:09,926 - basepage.py - [line:130] - INFO - 元素文本信息为2
2021-10-24 00:11:12,678 - basepage.py - [line:130] - INFO - 元素文本信息为1
2021-10-24 00:11:12,719 - basepage.py - [line:130] - INFO - 元素文本信息为普通云盘1.0
2021-10-24 00:11:15,457 - basepage.py - [line:130] - INFO - 元素文本信息为高效云盘
2021-10-24 00:11:15,490 - basepage.py - [line:130] - INFO - 元素文本信息为机械硬盘
2021-10-24 00:11:18,210 - basepage.py - [line:130] - INFO - 元素文本信息为固态硬盘
2021-10-24 00:11:18,248 - basepage.py - [line:130] - INFO - 元素文本信息为1
2021-10-24 00:11:21,004 - basepage.py - [line:130] - INFO - 元素文本信息为3
2021-10-24 00:11:43,696 - basepage.py - [line:130] - INFO - 元素文本信息为virtio
2021-10-24 00:11:46,459 - basepage.py - [line:130] - INFO - 元素文本信息为rtl8139
2021-10-24 00:11:50,817 - basepage.py - [line:130] - INFO - 元素文本信息为1
2021-10-24 00:11:50,976 - basepage.py - [line:152] - INFO - 键盘输入后清理
2021-10-24 00:11:52,142 - basepage.py - [line:116] - INFO - 元素文本信息为请输入队列数
2021-10-24 00:11:52,261 - basepage.py - [line:152] - INFO - 键盘输入后清理
2021-10-24 00:11:53,583 - basepage.py - [line:152] - INFO - 键盘输入后清理
2021-10-24 00:11:54,840 - basepage.py - [line:152] - INFO - 键盘输入后清理
2021-10-24 00:11:57,559 - basepage.py - [line:152] - INFO - 键盘输入后清理
2021-10-24 00:11:59,996 - basepage.py - [line:130] - INFO - 元素文本信息为compute
2021-10-24 00:12:00,027 - basepage.py - [line:130] - INFO - 元素文本信息为计算97
2021-10-24 00:12:02,771 - basepage.py - [line:130] - INFO - 元素文本信息为storage
2021-10-24 00:12:02,821 - basepage.py - [line:130] - INFO - 元素文本信息为0
2021-10-24 00:12:03,052 - basepage.py - [line:152] - INFO - 键盘输入后清理
2021-10-24 00:12:04,195 - basepage.py - [line:116] - INFO - 元素文本信息为请输入速率
2021-10-24 00:12:04,332 - basepage.py - [line:152] - INFO - 键盘输入后清理
2021-10-24 00:12:07,395 - basepage.py - [line:152] - INFO - 键盘输入后清理
2021-10-24 00:12:09,258 - basepage.py - [line:152] - INFO - 键盘输入后清理
2021-10-24 00:12:11,067 - basepage.py - [line:152] - INFO - 键盘输入后清理
2021-10-24 00:12:12,214 - basepage.py - [line:130] - INFO - 元素文本信息为0
2021-10-24 00:12:12,366 - basepage.py - [line:152] - INFO - 键盘输入后清理
2021-10-24 00:12:13,486 - basepage.py - [line:116] - INFO - 元素文本信息为请输入速率
2021-10-24 00:12:13,602 - basepage.py - [line:152] - INFO - 键盘输入后清理
2021-10-24 00:12:15,447 - basepage.py - [line:152] - INFO - 键盘输入后清理
2021-10-24 00:12:15,587 - basepage.py - [line:152] - INFO - 键盘输入后清理
2021-10-24 00:12:19,465 - basepage.py - [line:152] - INFO - 键盘输入后清理
2021-10-24 00:12:21,274 - basepage.py - [line:152] - INFO - 键盘输入后清理
2021-10-24 00:12:22,415 - basepage.py - [line:130] - INFO - 元素文本信息为0
2021-10-24 00:12:22,573 - basepage.py - [line:152] - INFO - 键盘输入后清理
2021-10-24 00:12:23,698 - basepage.py - [line:116] - INFO - 元素文本信息为请输入突发值
2021-10-24 00:12:23,818 - basepage.py - [line:152] - INFO - 键盘输入后清理
2021-10-24 00:12:25,688 - basepage.py - [line:152] - INFO - 键盘输入后清理
2021-10-24 00:12:25,819 - basepage.py - [line:152] - INFO - 键盘输入后清理
2021-10-24 00:12:27,654 - basepage.py - [line:152] - INFO - 键盘输入后清理
2021-10-24 00:12:29,476 - basepage.py - [line:152] - INFO - 键盘输入后清理
2021-10-24 00:12:31,685 - basepage.py - [line:130] - INFO - 元素文本信息为0
2021-10-24 00:12:31,837 - basepage.py - [line:152] - INFO - 键盘输入后清理
2021-10-24 00:12:32,970 - basepage.py - [line:116] - INFO - 元素文本信息为请输入速率
2021-10-24 00:12:33,090 - basepage.py - [line:152] - INFO - 键盘输入后清理
2021-10-24 00:12:34,922 - basepage.py - [line:152] - INFO - 键盘输入后清理
2021-10-24 00:12:36,762 - basepage.py - [line:152] - INFO - 键盘输入后清理
2021-10-24 00:12:38,048 - basepage.py - [line:152] - INFO - 键盘输入后清理
2021-10-24 00:12:39,183 - basepage.py - [line:130] - INFO - 元素文本信息为0
2021-10-24 00:12:39,333 - basepage.py - [line:152] - INFO - 键盘输入后清理
2021-10-24 00:12:40,451 - basepage.py - [line:116] - INFO - 元素文本信息为请输入速率
2021-10-24 00:12:40,575 - basepage.py - [line:152] - INFO - 键盘输入后清理
2021-10-24 00:12:42,405 - basepage.py - [line:152] - INFO - 键盘输入后清理
2021-10-24 00:12:42,535 - basepage.py - [line:152] - INFO - 键盘输入后清理
2021-10-24 00:12:44,374 - basepage.py - [line:152] - INFO - 键盘输入后清理
2021-10-24 00:12:46,183 - basepage.py - [line:152] - INFO - 键盘输入后清理
2021-10-24 00:12:47,320 - basepage.py - [line:130] - INFO - 元素文本信息为0
2021-10-24 00:12:47,466 - basepage.py - [line:152] - INFO - 键盘输入后清理
2021-10-24 00:12:48,590 - basepage.py - [line:116] - INFO - 元素文本信息为请输入突发值
2021-10-24 00:12:48,707 - basepage.py - [line:152] - INFO - 键盘输入后清理
2021-10-24 00:12:50,040 - basepage.py - [line:152] - INFO - 键盘输入后清理
2021-10-24 00:12:52,959 - basepage.py - [line:152] - INFO - 键盘输入后清理
2021-10-24 00:12:54,761 - basepage.py - [line:152] - INFO - 键盘输入后清理
2021-10-24 00:13:06,618 - basepage.py - [line:116] - INFO - 元素文本信息为请选择仓库地址
2021-10-24 00:13:06,650 - basepage.py - [line:116] - INFO - 元素文本信息为请选择光驱
2021-10-24 00:13:12,250 - basepage.py - [line:130] - INFO - 元素文本信息为lakers
2021-10-24 00:13:12,287 - basepage.py - [line:130] - INFO - 元素文本信息为cn_windows_7_enterprise_x64_dvd_x15-70741.iso
2021-10-24 00:13:12,336 - basepage.py - [line:116] - INFO - 元素文本信息为请选择仓库地址
2021-10-24 00:13:12,379 - basepage.py - [line:116] - INFO - 元素文本信息为请选择软驱
2021-10-24 00:13:17,931 - basepage.py - [line:130] - INFO - 元素文本信息为lakers
2021-10-24 00:13:17,973 - basepage.py - [line:130] - INFO - 元素文本信息为virtio-win-0.1.141_amd64.vfd
2021-10-24 00:13:18,016 - basepage.py - [line:116] - INFO - 元素文本信息为0
2021-10-24 00:13:19,163 - basepage.py - [line:116] - INFO - 元素文本信息为0
2021-10-24 00:13:21,422 - basepage.py - [line:116] - INFO - 元素文本信息为0
2021-10-24 00:13:22,529 - basepage.py - [line:116] - INFO - 元素文本信息为0
2021-10-24 00:13:23,650 - basepage.py - [line:116] - INFO - 元素文本信息为0
2021-10-24 00:13:24,764 - basepage.py - [line:116] - INFO - 元素文本信息为0
2021-10-24 00:13:25,871 - basepage.py - [line:116] - INFO - 元素文本信息为0
2021-10-24 00:13:26,984 - basepage.py - [line:116] - INFO - 元素文本信息为0
2021-10-24 00:13:28,094 - basepage.py - [line:116] - INFO - 元素文本信息为0
2021-10-24 00:13:29,200 - basepage.py - [line:116] - INFO - 元素文本信息为0
2021-10-24 00:13:30,308 - basepage.py - [line:116] - INFO - 元素文本信息为0
2021-10-24 00:13:31,421 - basepage.py - [line:116] - INFO - 元素文本信息为0
2021-10-24 00:13:32,534 - basepage.py - [line:116] - INFO - 元素文本信息为0
2021-10-24 00:13:33,643 - basepage.py - [line:116] - INFO - 元素文本信息为0
2021-10-24 00:13:34,763 - basepage.py - [line:116] - INFO - 元素文本信息为0
2021-10-24 00:13:35,874 - basepage.py - [line:116] - INFO - 元素文本信息为0
2021-10-24 00:13:36,987 - basepage.py - [line:116] - INFO - 元素文本信息为0
2021-10-24 00:13:38,104 - basepage.py - [line:116] - INFO - 元素文本信息为0
2021-10-24 00:13:39,229 - basepage.py - [line:116] - INFO - 元素文本信息为0
2021-10-24 00:13:40,336 - basepage.py - [line:116] - INFO - 元素文本信息为0
2021-10-24 00:13:41,455 - basepage.py - [line:116] - INFO - 元素文本信息为0
2021-10-24 00:13:42,567 - basepage.py - [line:116] - INFO - 元素文本信息为-1
2021-10-24 00:13:44,775 - basepage.py - [line:116] - INFO - 元素文本信息为0
2021-10-24 00:13:46,934 - basepage.py - [line:157] - INFO - 键盘操作:向下翻页
2021-10-24 00:13:47,507 - basepage.py - [line:116] - INFO - 元素文本信息为0
2021-10-24 00:13:48,595 - basepage.py - [line:157] - INFO - 键盘操作:向下翻页
2021-10-24 00:13:49,729 - basepage.py - [line:157] - INFO - 键盘操作:向下翻页
2021-10-24 00:13:50,934 - basepage.py - [line:157] - INFO - 键盘操作:向下翻页
2021-10-24 00:13:52,101 - basepage.py - [line:157] - INFO - 键盘操作:向下翻页
2021-10-24 00:16:17,159 - basepage.py - [line:97] - INFO - 鼠标光标移动至navBar_item_计算_content元素
2021-10-24 00:16:17,562 - basepage.py - [line:103] - INFO - 鼠标光标移动至navBar_item_计算_content_云服务器元素并点击
2021-10-24 00:16:17,911 - basepage.py - [line:85] - INFO - 点击了//*[@id="tab-vmlist"]元素
2021-10-24 00:16:18,298 - basepage.py - [line:97] - INFO - 鼠标光标移动至navBar_item_计算_content元素
2021-10-24 00:16:18,615 - basepage.py - [line:103] - INFO - 鼠标光标移动至navBar_item_计算_content_云服务器元素并点击
2021-10-24 00:16:18,687 - basepage.py - [line:85] - INFO - 点击了//*[@id="tab-vmlist"]元素
2021-10-24 00:16:21,569 - basepage.py - [line:116] - INFO - 元素文本信息为请输入云服务器名称
2021-10-24 00:16:25,575 - basepage.py - [line:152] - INFO - 键盘输入后清理
2021-10-24 00:16:27,443 - basepage.py - [line:152] - INFO - 键盘输入后清理
2021-10-24 00:16:32,432 - basepage.py - [line:130] - INFO - 元素文本信息为1
2021-10-24 00:16:32,636 - basepage.py - [line:152] - INFO - 键盘输入后清理
2021-10-24 00:16:33,819 - basepage.py - [line:116] - INFO - 元素文本信息为请输入自动创建云服务器个数（限制100）
2021-10-24 00:16:33,951 - basepage.py - [line:152] - INFO - 键盘输入后清理
2021-10-24 00:16:34,181 - basepage.py - [line:152] - INFO - 键盘输入后清理
2021-10-24 00:16:35,443 - basepage.py - [line:152] - INFO - 键盘输入后清理
2021-10-24 00:16:35,555 - basepage.py - [line:152] - INFO - 键盘输入后清理
2021-10-24 00:16:36,809 - basepage.py - [line:152] - INFO - 键盘输入后清理
2021-10-24 00:16:38,040 - basepage.py - [line:152] - INFO - 键盘输入后清理
2021-10-24 00:16:44,213 - basepage.py - [line:130] - INFO - 元素文本信息为2
2021-10-24 00:16:44,372 - basepage.py - [line:152] - INFO - 键盘输入后清理
2021-10-24 00:16:45,532 - basepage.py - [line:116] - INFO - 元素文本信息为请输入处理器
2021-10-24 00:16:46,783 - basepage.py - [line:152] - INFO - 键盘输入后清理
2021-10-24 00:16:48,038 - basepage.py - [line:152] - INFO - 键盘输入后清理
2021-10-24 00:16:49,281 - basepage.py - [line:152] - INFO - 键盘输入后清理
2021-10-24 00:16:50,401 - basepage.py - [line:130] - INFO - 元素文本信息为1
2021-10-24 00:16:50,538 - basepage.py - [line:152] - INFO - 键盘输入后清理
2021-10-24 00:16:51,696 - basepage.py - [line:116] - INFO - 元素文本信息为请输入处理器插槽数
2021-10-24 00:16:51,807 - basepage.py - [line:152] - INFO - 键盘输入后清理
2021-10-24 00:16:53,060 - basepage.py - [line:152] - INFO - 键盘输入后清理
2021-10-24 00:16:54,298 - basepage.py - [line:152] - INFO - 键盘输入后清理
2021-10-24 00:16:55,554 - basepage.py - [line:152] - INFO - 键盘输入后清理
2021-10-24 00:16:56,682 - basepage.py - [line:130] - INFO - 元素文本信息为2
2021-10-24 00:16:56,825 - basepage.py - [line:152] - INFO - 键盘输入后清理
2021-10-24 00:16:57,972 - basepage.py - [line:116] - INFO - 元素文本信息为请输入处理器插槽核数
2021-10-24 00:16:58,083 - basepage.py - [line:152] - INFO - 键盘输入后清理
2021-10-24 00:16:59,343 - basepage.py - [line:152] - INFO - 键盘输入后清理
2021-10-24 00:17:01,150 - basepage.py - [line:152] - INFO - 键盘输入后清理
2021-10-24 00:17:02,395 - basepage.py - [line:152] - INFO - 键盘输入后清理
2021-10-24 00:17:03,516 - basepage.py - [line:130] - INFO - 元素文本信息为4
2021-10-24 00:17:03,672 - basepage.py - [line:152] - INFO - 键盘输入后清理
2021-10-24 00:17:04,824 - basepage.py - [line:116] - INFO - 元素文本信息为请输入设置内存大小
2021-10-24 00:17:04,935 - basepage.py - [line:152] - INFO - 键盘输入后清理
2021-10-24 00:17:09,059 - basepage.py - [line:152] - INFO - 键盘输入后清理
2021-10-24 00:17:10,844 - basepage.py - [line:152] - INFO - 键盘输入后清理
2021-10-24 00:17:12,085 - basepage.py - [line:152] - INFO - 键盘输入后清理
2021-10-24 00:17:28,121 - basepage.py - [line:116] - INFO - 元素文本信息为请输入卷容量
2021-10-24 00:17:28,288 - basepage.py - [line:152] - INFO - 键盘输入后清理
2021-10-24 00:17:37,652 - basepage.py - [line:152] - INFO - 键盘输入后清理
2021-10-24 00:17:38,969 - basepage.py - [line:152] - INFO - 键盘输入后清理
2021-10-24 00:17:40,829 - basepage.py - [line:152] - INFO - 键盘输入后清理
2021-10-24 00:17:40,942 - basepage.py - [line:152] - INFO - 键盘输入后清理
2021-10-24 00:17:42,185 - basepage.py - [line:152] - INFO - 键盘输入后清理
2021-10-24 00:17:43,353 - basepage.py - [line:116] - INFO - 元素文本信息为0
2021-10-24 00:17:44,470 - basepage.py - [line:116] - INFO - 元素文本信息为0
2021-10-24 00:17:48,252 - basepage.py - [line:130] - INFO - 元素文本信息为lakers1
2021-10-24 00:17:48,296 - basepage.py - [line:130] - INFO - 元素文本信息为test001-volume1
2021-10-24 00:17:48,532 - basepage.py - [line:152] - INFO - 键盘输入后清理
2021-10-24 00:17:49,715 - basepage.py - [line:116] - INFO - 元素文本信息为请输入卷名称
2021-10-24 00:17:49,845 - basepage.py - [line:152] - INFO - 键盘输入后清理
2021-10-24 00:17:51,153 - basepage.py - [line:152] - INFO - 键盘输入后清理
2021-10-24 00:17:53,140 - basepage.py - [line:152] - INFO - 键盘输入后清理
2021-10-24 00:17:54,358 - basepage.py - [line:130] - INFO - 元素文本信息为2
2021-10-24 00:17:57,104 - basepage.py - [line:130] - INFO - 元素文本信息为1
2021-10-24 00:17:57,147 - basepage.py - [line:130] - INFO - 元素文本信息为普通云盘1.0
2021-10-24 00:17:59,860 - basepage.py - [line:130] - INFO - 元素文本信息为高效云盘
2021-10-24 00:17:59,890 - basepage.py - [line:130] - INFO - 元素文本信息为机械硬盘
2021-10-24 00:18:02,645 - basepage.py - [line:130] - INFO - 元素文本信息为固态硬盘
2021-10-24 00:18:02,688 - basepage.py - [line:130] - INFO - 元素文本信息为1
2021-10-24 00:18:05,473 - basepage.py - [line:130] - INFO - 元素文本信息为3
2021-10-24 00:18:28,649 - basepage.py - [line:130] - INFO - 元素文本信息为virtio
2021-10-24 00:18:31,408 - basepage.py - [line:130] - INFO - 元素文本信息为rtl8139
2021-10-24 00:18:35,738 - basepage.py - [line:130] - INFO - 元素文本信息为1
2021-10-24 00:18:35,892 - basepage.py - [line:152] - INFO - 键盘输入后清理
2021-10-24 00:18:37,051 - basepage.py - [line:116] - INFO - 元素文本信息为请输入队列数
2021-10-24 00:18:37,171 - basepage.py - [line:152] - INFO - 键盘输入后清理
2021-10-24 00:18:38,469 - basepage.py - [line:152] - INFO - 键盘输入后清理
2021-10-24 00:18:39,722 - basepage.py - [line:152] - INFO - 键盘输入后清理
2021-10-24 00:18:40,988 - basepage.py - [line:152] - INFO - 键盘输入后清理
2021-10-24 00:18:43,431 - basepage.py - [line:130] - INFO - 元素文本信息为compute
2021-10-24 00:18:43,459 - basepage.py - [line:130] - INFO - 元素文本信息为计算97
2021-10-24 00:18:46,221 - basepage.py - [line:130] - INFO - 元素文本信息为storage
2021-10-24 00:18:46,268 - basepage.py - [line:130] - INFO - 元素文本信息为0
2021-10-24 00:18:46,509 - basepage.py - [line:152] - INFO - 键盘输入后清理
2021-10-24 00:18:47,662 - basepage.py - [line:116] - INFO - 元素文本信息为请输入速率
2021-10-24 00:18:47,797 - basepage.py - [line:152] - INFO - 键盘输入后清理
2021-10-24 00:18:49,658 - basepage.py - [line:152] - INFO - 键盘输入后清理
2021-10-24 00:18:50,981 - basepage.py - [line:152] - INFO - 键盘输入后清理
2021-10-24 00:18:52,776 - basepage.py - [line:152] - INFO - 键盘输入后清理
2021-10-24 00:18:53,915 - basepage.py - [line:130] - INFO - 元素文本信息为0
2021-10-24 00:18:54,055 - basepage.py - [line:152] - INFO - 键盘输入后清理
2021-10-24 00:18:55,168 - basepage.py - [line:116] - INFO - 元素文本信息为请输入速率
2021-10-24 00:18:55,286 - basepage.py - [line:152] - INFO - 键盘输入后清理
2021-10-24 00:18:57,140 - basepage.py - [line:152] - INFO - 键盘输入后清理
2021-10-24 00:18:57,269 - basepage.py - [line:152] - INFO - 键盘输入后清理
2021-10-24 00:18:59,122 - basepage.py - [line:152] - INFO - 键盘输入后清理
2021-10-24 00:19:00,934 - basepage.py - [line:152] - INFO - 键盘输入后清理
2021-10-24 00:19:02,069 - basepage.py - [line:130] - INFO - 元素文本信息为0
2021-10-24 00:19:02,211 - basepage.py - [line:152] - INFO - 键盘输入后清理
2021-10-24 00:19:03,337 - basepage.py - [line:116] - INFO - 元素文本信息为请输入突发值
2021-10-24 00:19:03,453 - basepage.py - [line:152] - INFO - 键盘输入后清理
2021-10-24 00:19:05,298 - basepage.py - [line:152] - INFO - 键盘输入后清理
2021-10-24 00:19:05,424 - basepage.py - [line:152] - INFO - 键盘输入后清理
2021-10-24 00:19:09,352 - basepage.py - [line:152] - INFO - 键盘输入后清理
2021-10-24 00:19:10,639 - basepage.py - [line:152] - INFO - 键盘输入后清理
2021-10-24 00:19:12,852 - basepage.py - [line:130] - INFO - 元素文本信息为0
2021-10-24 00:19:13,004 - basepage.py - [line:152] - INFO - 键盘输入后清理
2021-10-24 00:19:14,131 - basepage.py - [line:116] - INFO - 元素文本信息为请输入速率
2021-10-24 00:19:14,247 - basepage.py - [line:152] - INFO - 键盘输入后清理
2021-10-24 00:19:16,089 - basepage.py - [line:152] - INFO - 键盘输入后清理
2021-10-24 00:19:17,938 - basepage.py - [line:152] - INFO - 键盘输入后清理
2021-10-24 00:19:19,733 - basepage.py - [line:152] - INFO - 键盘输入后清理
2021-10-24 00:19:20,872 - basepage.py - [line:130] - INFO - 元素文本信息为0
2021-10-24 00:19:21,018 - basepage.py - [line:152] - INFO - 键盘输入后清理
2021-10-24 00:19:22,139 - basepage.py - [line:116] - INFO - 元素文本信息为请输入速率
2021-10-24 00:19:22,256 - basepage.py - [line:152] - INFO - 键盘输入后清理
2021-10-24 00:19:23,560 - basepage.py - [line:152] - INFO - 键盘输入后清理
2021-10-24 00:19:23,683 - basepage.py - [line:152] - INFO - 键盘输入后清理
2021-10-24 00:19:24,991 - basepage.py - [line:152] - INFO - 键盘输入后清理
2021-10-24 00:19:26,276 - basepage.py - [line:152] - INFO - 键盘输入后清理
2021-10-24 00:19:27,411 - basepage.py - [line:130] - INFO - 元素文本信息为0
2021-10-24 00:19:27,555 - basepage.py - [line:152] - INFO - 键盘输入后清理
2021-10-24 00:19:28,678 - basepage.py - [line:116] - INFO - 元素文本信息为请输入突发值
2021-10-24 00:19:28,795 - basepage.py - [line:152] - INFO - 键盘输入后清理
2021-10-24 00:19:30,637 - basepage.py - [line:152] - INFO - 键盘输入后清理
2021-10-24 00:19:33,578 - basepage.py - [line:152] - INFO - 键盘输入后清理
2021-10-24 00:19:35,383 - basepage.py - [line:152] - INFO - 键盘输入后清理
2021-10-24 00:19:47,174 - basepage.py - [line:116] - INFO - 元素文本信息为请选择仓库地址
2021-10-24 00:19:47,203 - basepage.py - [line:116] - INFO - 元素文本信息为请选择光驱
2021-10-24 00:19:52,754 - basepage.py - [line:130] - INFO - 元素文本信息为lakers
2021-10-24 00:19:52,800 - basepage.py - [line:130] - INFO - 元素文本信息为cn_windows_7_enterprise_x64_dvd_x15-70741.iso
2021-10-24 00:19:52,848 - basepage.py - [line:116] - INFO - 元素文本信息为请选择仓库地址
2021-10-24 00:19:52,891 - basepage.py - [line:116] - INFO - 元素文本信息为请选择软驱
2021-10-24 00:19:58,480 - basepage.py - [line:130] - INFO - 元素文本信息为lakers
2021-10-24 00:19:58,544 - basepage.py - [line:130] - INFO - 元素文本信息为virtio-win-0.1.141_amd64.vfd
2021-10-24 00:19:58,597 - basepage.py - [line:116] - INFO - 元素文本信息为0
2021-10-24 00:19:59,745 - basepage.py - [line:116] - INFO - 元素文本信息为0
2021-10-24 00:20:01,996 - basepage.py - [line:116] - INFO - 元素文本信息为0
2021-10-24 00:20:03,102 - basepage.py - [line:116] - INFO - 元素文本信息为0
2021-10-24 00:20:04,221 - basepage.py - [line:116] - INFO - 元素文本信息为0
2021-10-24 00:20:05,332 - basepage.py - [line:116] - INFO - 元素文本信息为0
2021-10-24 00:20:06,449 - basepage.py - [line:116] - INFO - 元素文本信息为0
2021-10-24 00:20:07,561 - basepage.py - [line:116] - INFO - 元素文本信息为0
2021-10-24 00:20:08,677 - basepage.py - [line:116] - INFO - 元素文本信息为0
2021-10-24 00:20:09,791 - basepage.py - [line:116] - INFO - 元素文本信息为0
2021-10-24 00:20:10,895 - basepage.py - [line:116] - INFO - 元素文本信息为0
2021-10-24 00:20:12,003 - basepage.py - [line:116] - INFO - 元素文本信息为0
2021-10-24 00:20:13,119 - basepage.py - [line:116] - INFO - 元素文本信息为0
2021-10-24 00:20:14,230 - basepage.py - [line:116] - INFO - 元素文本信息为0
2021-10-24 00:20:15,403 - basepage.py - [line:116] - INFO - 元素文本信息为0
2021-10-24 00:20:16,522 - basepage.py - [line:116] - INFO - 元素文本信息为0
2021-10-24 00:20:17,636 - basepage.py - [line:116] - INFO - 元素文本信息为0
2021-10-24 00:20:18,741 - basepage.py - [line:116] - INFO - 元素文本信息为0
2021-10-24 00:20:19,876 - basepage.py - [line:116] - INFO - 元素文本信息为0
2021-10-24 00:20:20,978 - basepage.py - [line:116] - INFO - 元素文本信息为0
2021-10-24 00:20:22,090 - basepage.py - [line:116] - INFO - 元素文本信息为0
2021-10-24 00:20:23,210 - basepage.py - [line:116] - INFO - 元素文本信息为-1
2021-10-24 00:20:25,406 - basepage.py - [line:116] - INFO - 元素文本信息为0
2021-10-24 00:20:27,574 - basepage.py - [line:157] - INFO - 键盘操作:向下翻页
2021-10-24 00:20:28,157 - basepage.py - [line:116] - INFO - 元素文本信息为0
2021-10-24 00:20:29,240 - basepage.py - [line:157] - INFO - 键盘操作:向下翻页
2021-10-24 00:20:30,370 - basepage.py - [line:157] - INFO - 键盘操作:向下翻页
2021-10-24 00:20:31,578 - basepage.py - [line:157] - INFO - 键盘操作:向下翻页
2021-10-24 00:20:32,739 - basepage.py - [line:157] - INFO - 键盘操作:向下翻页
2021-10-24 00:29:03,604 - basepage.py - [line:97] - INFO - 鼠标光标移动至navBar_item_计算_content元素
2021-10-24 00:29:04,188 - basepage.py - [line:103] - INFO - 鼠标光标移动至navBar_item_计算_content_云服务器元素并点击
2021-10-24 00:29:04,996 - basepage.py - [line:85] - INFO - 点击了//*[@id="tab-vmlist"]元素
2021-10-24 00:29:05,347 - basepage.py - [line:97] - INFO - 鼠标光标移动至navBar_item_计算_content元素
2021-10-24 00:29:05,649 - basepage.py - [line:103] - INFO - 鼠标光标移动至navBar_item_计算_content_云服务器元素并点击
2021-10-24 00:29:05,731 - basepage.py - [line:85] - INFO - 点击了//*[@id="tab-vmlist"]元素
2021-10-24 00:29:08,698 - basepage.py - [line:116] - INFO - 元素文本信息为请输入云服务器名称
2021-10-24 00:29:12,716 - basepage.py - [line:152] - INFO - 键盘输入后清理
2021-10-24 00:29:14,084 - basepage.py - [line:152] - INFO - 键盘输入后清理
2021-10-24 00:29:19,047 - basepage.py - [line:130] - INFO - 元素文本信息为1
2021-10-24 00:29:19,215 - basepage.py - [line:152] - INFO - 键盘输入后清理
2021-10-24 00:29:20,384 - basepage.py - [line:116] - INFO - 元素文本信息为请输入自动创建云服务器个数（限制100）
2021-10-24 00:29:20,490 - basepage.py - [line:152] - INFO - 键盘输入后清理
2021-10-24 00:29:20,601 - basepage.py - [line:152] - INFO - 键盘输入后清理
2021-10-24 00:29:21,909 - basepage.py - [line:152] - INFO - 键盘输入后清理
2021-10-24 00:29:22,014 - basepage.py - [line:152] - INFO - 键盘输入后清理
2021-10-24 00:29:23,803 - basepage.py - [line:152] - INFO - 键盘输入后清理
2021-10-24 00:29:25,064 - basepage.py - [line:152] - INFO - 键盘输入后清理
2021-10-24 00:29:31,410 - basepage.py - [line:130] - INFO - 元素文本信息为2
2021-10-24 00:29:31,578 - basepage.py - [line:152] - INFO - 键盘输入后清理
2021-10-24 00:29:32,727 - basepage.py - [line:116] - INFO - 元素文本信息为请输入处理器
2021-10-24 00:29:33,989 - basepage.py - [line:152] - INFO - 键盘输入后清理
2021-10-24 00:29:35,232 - basepage.py - [line:152] - INFO - 键盘输入后清理
2021-10-24 00:29:36,470 - basepage.py - [line:152] - INFO - 键盘输入后清理
2021-10-24 00:29:37,597 - basepage.py - [line:130] - INFO - 元素文本信息为1
2021-10-24 00:29:37,736 - basepage.py - [line:152] - INFO - 键盘输入后清理
2021-10-24 00:29:38,890 - basepage.py - [line:116] - INFO - 元素文本信息为请输入处理器插槽数
2021-10-24 00:29:38,997 - basepage.py - [line:152] - INFO - 键盘输入后清理
2021-10-24 00:29:40,257 - basepage.py - [line:152] - INFO - 键盘输入后清理
2021-10-24 00:29:41,517 - basepage.py - [line:152] - INFO - 键盘输入后清理
2021-10-24 00:29:42,759 - basepage.py - [line:152] - INFO - 键盘输入后清理
2021-10-24 00:29:43,883 - basepage.py - [line:130] - INFO - 元素文本信息为2
2021-10-24 00:29:44,043 - basepage.py - [line:152] - INFO - 键盘输入后清理
2021-10-24 00:29:45,197 - basepage.py - [line:116] - INFO - 元素文本信息为请输入处理器插槽核数
2021-10-24 00:29:45,302 - basepage.py - [line:152] - INFO - 键盘输入后清理
2021-10-24 00:29:46,574 - basepage.py - [line:152] - INFO - 键盘输入后清理
2021-10-24 00:29:48,376 - basepage.py - [line:152] - INFO - 键盘输入后清理
2021-10-24 00:29:49,674 - basepage.py - [line:152] - INFO - 键盘输入后清理
2021-10-24 00:29:50,795 - basepage.py - [line:130] - INFO - 元素文本信息为4
2021-10-24 00:29:50,948 - basepage.py - [line:152] - INFO - 键盘输入后清理
2021-10-24 00:29:52,094 - basepage.py - [line:116] - INFO - 元素文本信息为请输入设置内存大小
2021-10-24 00:29:52,201 - basepage.py - [line:152] - INFO - 键盘输入后清理
2021-10-24 00:29:53,461 - basepage.py - [line:152] - INFO - 键盘输入后清理
2021-10-24 00:29:55,247 - basepage.py - [line:152] - INFO - 键盘输入后清理
2021-10-24 00:29:56,491 - basepage.py - [line:152] - INFO - 键盘输入后清理
2021-10-24 00:30:09,909 - basepage.py - [line:116] - INFO - 元素文本信息为请输入卷容量
2021-10-24 00:30:10,067 - basepage.py - [line:152] - INFO - 键盘输入后清理
2021-10-24 00:30:19,443 - basepage.py - [line:152] - INFO - 键盘输入后清理
2021-10-24 00:30:20,759 - basepage.py - [line:152] - INFO - 键盘输入后清理
2021-10-24 00:30:22,626 - basepage.py - [line:152] - INFO - 键盘输入后清理
2021-10-24 00:30:22,739 - basepage.py - [line:152] - INFO - 键盘输入后清理
2021-10-24 00:30:23,985 - basepage.py - [line:152] - INFO - 键盘输入后清理
2021-10-24 00:30:25,231 - basepage.py - [line:116] - INFO - 元素文本信息为0
2021-10-24 00:30:26,343 - basepage.py - [line:116] - INFO - 元素文本信息为0
2021-10-24 00:30:30,162 - basepage.py - [line:130] - INFO - 元素文本信息为lakers1
2021-10-24 00:30:30,203 - basepage.py - [line:130] - INFO - 元素文本信息为test001-volume1
2021-10-24 00:30:30,389 - basepage.py - [line:152] - INFO - 键盘输入后清理
2021-10-24 00:30:31,552 - basepage.py - [line:116] - INFO - 元素文本信息为请输入卷名称
2021-10-24 00:30:31,663 - basepage.py - [line:152] - INFO - 键盘输入后清理
2021-10-24 00:30:33,028 - basepage.py - [line:152] - INFO - 键盘输入后清理
2021-10-24 00:30:35,031 - basepage.py - [line:152] - INFO - 键盘输入后清理
2021-10-24 00:30:36,262 - basepage.py - [line:130] - INFO - 元素文本信息为2
2021-10-24 00:30:39,005 - basepage.py - [line:130] - INFO - 元素文本信息为1
2021-10-24 00:30:39,041 - basepage.py - [line:130] - INFO - 元素文本信息为普通云盘1.0
2021-10-24 00:30:41,776 - basepage.py - [line:130] - INFO - 元素文本信息为高效云盘
2021-10-24 00:30:41,813 - basepage.py - [line:130] - INFO - 元素文本信息为机械硬盘
2021-10-24 00:30:44,521 - basepage.py - [line:130] - INFO - 元素文本信息为固态硬盘
2021-10-24 00:30:44,562 - basepage.py - [line:130] - INFO - 元素文本信息为1
2021-10-24 00:30:47,367 - basepage.py - [line:130] - INFO - 元素文本信息为3
2021-10-24 00:31:10,747 - basepage.py - [line:130] - INFO - 元素文本信息为virtio
2021-10-24 00:31:13,482 - basepage.py - [line:130] - INFO - 元素文本信息为rtl8139
2021-10-24 00:31:17,889 - basepage.py - [line:130] - INFO - 元素文本信息为1
2021-10-24 00:31:18,055 - basepage.py - [line:152] - INFO - 键盘输入后清理
2021-10-24 00:31:19,221 - basepage.py - [line:116] - INFO - 元素文本信息为请输入队列数
2021-10-24 00:31:19,330 - basepage.py - [line:152] - INFO - 键盘输入后清理
2021-10-24 00:31:20,631 - basepage.py - [line:152] - INFO - 键盘输入后清理
2021-10-24 00:31:21,894 - basepage.py - [line:152] - INFO - 键盘输入后清理
2021-10-24 00:31:23,231 - basepage.py - [line:152] - INFO - 键盘输入后清理
2021-10-24 00:31:25,669 - basepage.py - [line:130] - INFO - 元素文本信息为compute
2021-10-24 00:31:25,700 - basepage.py - [line:130] - INFO - 元素文本信息为计算97
2021-10-24 00:31:28,437 - basepage.py - [line:130] - INFO - 元素文本信息为storage
2021-10-24 00:31:28,484 - basepage.py - [line:130] - INFO - 元素文本信息为0
2021-10-24 00:31:28,751 - basepage.py - [line:152] - INFO - 键盘输入后清理
2021-10-24 00:31:29,878 - basepage.py - [line:116] - INFO - 元素文本信息为请输入速率
2021-10-24 00:31:29,990 - basepage.py - [line:152] - INFO - 键盘输入后清理
2021-10-24 00:31:31,833 - basepage.py - [line:152] - INFO - 键盘输入后清理
2021-10-24 00:31:33,692 - basepage.py - [line:152] - INFO - 键盘输入后清理
2021-10-24 00:31:35,612 - basepage.py - [line:152] - INFO - 键盘输入后清理
2021-10-24 00:31:36,753 - basepage.py - [line:130] - INFO - 元素文本信息为0
2021-10-24 00:31:36,896 - basepage.py - [line:152] - INFO - 键盘输入后清理
2021-10-24 00:31:38,020 - basepage.py - [line:116] - INFO - 元素文本信息为请输入速率
2021-10-24 00:31:38,129 - basepage.py - [line:152] - INFO - 键盘输入后清理
2021-10-24 00:31:39,975 - basepage.py - [line:152] - INFO - 键盘输入后清理
2021-10-24 00:31:40,113 - basepage.py - [line:152] - INFO - 键盘输入后清理
2021-10-24 00:31:41,446 - basepage.py - [line:152] - INFO - 键盘输入后清理
2021-10-24 00:31:42,742 - basepage.py - [line:152] - INFO - 键盘输入后清理
2021-10-24 00:31:43,884 - basepage.py - [line:130] - INFO - 元素文本信息为0
2021-10-24 00:31:44,036 - basepage.py - [line:152] - INFO - 键盘输入后清理
2021-10-24 00:31:45,165 - basepage.py - [line:116] - INFO - 元素文本信息为请输入突发值
2021-10-24 00:31:45,274 - basepage.py - [line:152] - INFO - 键盘输入后清理
2021-10-24 00:31:47,135 - basepage.py - [line:152] - INFO - 键盘输入后清理
2021-10-24 00:31:47,267 - basepage.py - [line:152] - INFO - 键盘输入后清理
2021-10-24 00:31:49,108 - basepage.py - [line:152] - INFO - 键盘输入后清理
2021-10-24 00:31:50,489 - basepage.py - [line:152] - INFO - 键盘输入后清理
2021-10-24 00:31:52,711 - basepage.py - [line:130] - INFO - 元素文本信息为0
2021-10-24 00:31:52,880 - basepage.py - [line:152] - INFO - 键盘输入后清理
2021-10-24 00:31:54,001 - basepage.py - [line:116] - INFO - 元素文本信息为请输入速率
2021-10-24 00:31:54,111 - basepage.py - [line:152] - INFO - 键盘输入后清理
2021-10-24 00:31:55,948 - basepage.py - [line:152] - INFO - 键盘输入后清理
2021-10-24 00:31:57,815 - basepage.py - [line:152] - INFO - 键盘输入后清理
2021-10-24 00:31:59,639 - basepage.py - [line:152] - INFO - 键盘输入后清理
2021-10-24 00:32:00,778 - basepage.py - [line:130] - INFO - 元素文本信息为0
2021-10-24 00:32:00,923 - basepage.py - [line:152] - INFO - 键盘输入后清理
2021-10-24 00:32:02,042 - basepage.py - [line:116] - INFO - 元素文本信息为请输入速率
2021-10-24 00:32:02,152 - basepage.py - [line:152] - INFO - 键盘输入后清理
2021-10-24 00:32:03,994 - basepage.py - [line:152] - INFO - 键盘输入后清理
2021-10-24 00:32:04,134 - basepage.py - [line:152] - INFO - 键盘输入后清理
2021-10-24 00:32:06,073 - basepage.py - [line:152] - INFO - 键盘输入后清理
2021-10-24 00:32:07,370 - basepage.py - [line:152] - INFO - 键盘输入后清理
2021-10-24 00:32:08,518 - basepage.py - [line:130] - INFO - 元素文本信息为0
2021-10-24 00:32:08,664 - basepage.py - [line:152] - INFO - 键盘输入后清理
2021-10-24 00:32:09,792 - basepage.py - [line:116] - INFO - 元素文本信息为请输入突发值
2021-10-24 00:32:09,903 - basepage.py - [line:152] - INFO - 键盘输入后清理
2021-10-24 00:32:11,745 - basepage.py - [line:152] - INFO - 键盘输入后清理
2021-10-24 00:32:14,683 - basepage.py - [line:152] - INFO - 键盘输入后清理
2021-10-24 00:32:16,500 - basepage.py - [line:152] - INFO - 键盘输入后清理
2021-10-24 00:32:28,473 - basepage.py - [line:116] - INFO - 元素文本信息为请选择仓库地址
2021-10-24 00:32:28,520 - basepage.py - [line:116] - INFO - 元素文本信息为请选择光驱
2021-10-24 00:32:34,210 - basepage.py - [line:130] - INFO - 元素文本信息为lakers
2021-10-24 00:32:34,245 - basepage.py - [line:130] - INFO - 元素文本信息为cn_windows_7_enterprise_x64_dvd_x15-70741.iso
2021-10-24 00:32:34,282 - basepage.py - [line:116] - INFO - 元素文本信息为请选择仓库地址
2021-10-24 00:32:34,318 - basepage.py - [line:116] - INFO - 元素文本信息为请选择软驱
2021-10-24 00:32:39,833 - basepage.py - [line:130] - INFO - 元素文本信息为lakers
2021-10-24 00:32:39,868 - basepage.py - [line:130] - INFO - 元素文本信息为virtio-win-0.1.141_amd64.vfd
2021-10-24 00:32:39,909 - basepage.py - [line:116] - INFO - 元素文本信息为0
2021-10-24 00:32:41,040 - basepage.py - [line:116] - INFO - 元素文本信息为0
2021-10-24 00:32:43,279 - basepage.py - [line:116] - INFO - 元素文本信息为0
2021-10-24 00:32:44,509 - basepage.py - [line:116] - INFO - 元素文本信息为0
2021-10-24 00:32:45,623 - basepage.py - [line:116] - INFO - 元素文本信息为0
2021-10-24 00:32:46,729 - basepage.py - [line:116] - INFO - 元素文本信息为0
2021-10-24 00:32:47,846 - basepage.py - [line:116] - INFO - 元素文本信息为0
2021-10-24 00:32:48,959 - basepage.py - [line:116] - INFO - 元素文本信息为0
2021-10-24 00:32:50,076 - basepage.py - [line:116] - INFO - 元素文本信息为0
2021-10-24 00:32:51,190 - basepage.py - [line:116] - INFO - 元素文本信息为0
2021-10-24 00:32:52,289 - basepage.py - [line:116] - INFO - 元素文本信息为0
2021-10-24 00:32:53,399 - basepage.py - [line:116] - INFO - 元素文本信息为0
2021-10-24 00:32:54,509 - basepage.py - [line:116] - INFO - 元素文本信息为0
2021-10-24 00:32:55,621 - basepage.py - [line:116] - INFO - 元素文本信息为0
2021-10-24 00:32:56,730 - basepage.py - [line:116] - INFO - 元素文本信息为0
2021-10-24 00:32:57,853 - basepage.py - [line:116] - INFO - 元素文本信息为0
2021-10-24 00:32:58,959 - basepage.py - [line:116] - INFO - 元素文本信息为0
2021-10-24 00:33:00,070 - basepage.py - [line:116] - INFO - 元素文本信息为0
2021-10-24 00:33:01,173 - basepage.py - [line:116] - INFO - 元素文本信息为0
2021-10-24 00:33:02,308 - basepage.py - [line:116] - INFO - 元素文本信息为0
2021-10-24 00:33:03,586 - basepage.py - [line:116] - INFO - 元素文本信息为0
2021-10-24 00:33:04,705 - basepage.py - [line:116] - INFO - 元素文本信息为-1
2021-10-24 00:33:06,904 - basepage.py - [line:116] - INFO - 元素文本信息为0
2021-10-24 00:33:09,059 - basepage.py - [line:157] - INFO - 键盘操作:向下翻页
2021-10-24 00:33:09,623 - basepage.py - [line:116] - INFO - 元素文本信息为0
2021-10-24 00:33:10,691 - basepage.py - [line:157] - INFO - 键盘操作:向下翻页
2021-10-24 00:33:11,790 - basepage.py - [line:157] - INFO - 键盘操作:向下翻页
2021-10-24 00:33:13,015 - basepage.py - [line:157] - INFO - 键盘操作:向下翻页
2021-10-24 00:33:14,198 - basepage.py - [line:157] - INFO - 键盘操作:向下翻页
2021-10-24 21:53:28,885 - basepage.py - [line:97] - INFO - 鼠标光标移动至navBar_item_计算_content元素
2021-10-24 21:53:29,352 - basepage.py - [line:103] - INFO - 鼠标光标移动至navBar_item_计算_content_云服务器元素并点击
2021-10-24 21:53:30,203 - basepage.py - [line:85] - INFO - 点击了//*[@id="tab-vmlist"]元素
2021-10-24 21:55:14,741 - basepage.py - [line:97] - INFO - 鼠标光标移动至navBar_item_计算_content元素
2021-10-24 21:55:15,267 - basepage.py - [line:103] - INFO - 鼠标光标移动至navBar_item_计算_content_云服务器元素并点击
2021-10-24 21:55:15,607 - basepage.py - [line:85] - INFO - 点击了//*[@id="tab-vmlist"]元素
2021-10-24 21:55:15,977 - basepage.py - [line:97] - INFO - 鼠标光标移动至navBar_item_计算_content元素
2021-10-24 21:55:16,278 - basepage.py - [line:103] - INFO - 鼠标光标移动至navBar_item_计算_content_云服务器元素并点击
2021-10-24 21:55:16,361 - basepage.py - [line:85] - INFO - 点击了//*[@id="tab-vmlist"]元素
2021-10-24 21:55:19,288 - basepage.py - [line:116] - INFO - 元素文本信息为请输入云服务器名称
2021-10-24 21:55:23,306 - basepage.py - [line:152] - INFO - 键盘输入后清理
2021-10-24 21:55:25,171 - basepage.py - [line:152] - INFO - 键盘输入后清理
2021-10-24 21:55:30,113 - basepage.py - [line:130] - INFO - 元素文本信息为1
2021-10-24 21:55:30,277 - basepage.py - [line:152] - INFO - 键盘输入后清理
2021-10-24 21:55:31,440 - basepage.py - [line:116] - INFO - 元素文本信息为请输入自动创建云服务器个数（限制100）
2021-10-24 21:55:31,544 - basepage.py - [line:152] - INFO - 键盘输入后清理
2021-10-24 21:55:31,648 - basepage.py - [line:152] - INFO - 键盘输入后清理
2021-10-24 21:55:32,896 - basepage.py - [line:152] - INFO - 键盘输入后清理
2021-10-24 21:55:32,999 - basepage.py - [line:152] - INFO - 键盘输入后清理
2021-10-24 21:55:34,789 - basepage.py - [line:152] - INFO - 键盘输入后清理
2021-10-24 21:55:36,093 - basepage.py - [line:152] - INFO - 键盘输入后清理
2021-10-24 21:55:42,249 - basepage.py - [line:130] - INFO - 元素文本信息为2
2021-10-24 21:55:42,411 - basepage.py - [line:152] - INFO - 键盘输入后清理
2021-10-24 21:55:43,568 - basepage.py - [line:116] - INFO - 元素文本信息为请输入处理器
2021-10-24 21:55:44,825 - basepage.py - [line:152] - INFO - 键盘输入后清理
2021-10-24 21:55:46,068 - basepage.py - [line:152] - INFO - 键盘输入后清理
2021-10-24 21:55:47,369 - basepage.py - [line:152] - INFO - 键盘输入后清理
2021-10-24 21:55:48,486 - basepage.py - [line:130] - INFO - 元素文本信息为1
2021-10-24 21:55:48,699 - basepage.py - [line:152] - INFO - 键盘输入后清理
2021-10-24 21:55:49,855 - basepage.py - [line:116] - INFO - 元素文本信息为请输入处理器插槽数
2021-10-24 21:55:49,958 - basepage.py - [line:152] - INFO - 键盘输入后清理
2021-10-24 21:55:51,226 - basepage.py - [line:152] - INFO - 键盘输入后清理
2021-10-24 21:55:52,458 - basepage.py - [line:152] - INFO - 键盘输入后清理
2021-10-24 21:55:53,701 - basepage.py - [line:152] - INFO - 键盘输入后清理
2021-10-24 21:55:54,830 - basepage.py - [line:130] - INFO - 元素文本信息为2
2021-10-24 21:55:54,980 - basepage.py - [line:152] - INFO - 键盘输入后清理
2021-10-24 21:55:56,130 - basepage.py - [line:116] - INFO - 元素文本信息为请输入处理器插槽核数
2021-10-24 21:55:56,237 - basepage.py - [line:152] - INFO - 键盘输入后清理
2021-10-24 21:55:57,495 - basepage.py - [line:152] - INFO - 键盘输入后清理
2021-10-24 21:55:59,285 - basepage.py - [line:152] - INFO - 键盘输入后清理
2021-10-24 21:56:00,512 - basepage.py - [line:152] - INFO - 键盘输入后清理
2021-10-24 21:56:01,643 - basepage.py - [line:130] - INFO - 元素文本信息为4
2021-10-24 21:56:01,794 - basepage.py - [line:152] - INFO - 键盘输入后清理
2021-10-24 21:56:02,959 - basepage.py - [line:116] - INFO - 元素文本信息为请输入设置内存大小
2021-10-24 21:56:03,069 - basepage.py - [line:152] - INFO - 键盘输入后清理
2021-10-24 21:56:04,323 - basepage.py - [line:152] - INFO - 键盘输入后清理
2021-10-24 21:56:06,105 - basepage.py - [line:152] - INFO - 键盘输入后清理
2021-10-24 21:56:07,338 - basepage.py - [line:152] - INFO - 键盘输入后清理
2021-10-24 21:56:20,779 - basepage.py - [line:116] - INFO - 元素文本信息为请输入卷容量
2021-10-24 21:56:20,932 - basepage.py - [line:152] - INFO - 键盘输入后清理
2021-10-24 21:56:30,287 - basepage.py - [line:152] - INFO - 键盘输入后清理
2021-10-24 21:56:31,603 - basepage.py - [line:152] - INFO - 键盘输入后清理
2021-10-24 21:56:33,486 - basepage.py - [line:152] - INFO - 键盘输入后清理
2021-10-24 21:56:33,597 - basepage.py - [line:152] - INFO - 键盘输入后清理
2021-10-24 21:56:34,835 - basepage.py - [line:152] - INFO - 键盘输入后清理
2021-10-24 21:56:35,964 - basepage.py - [line:116] - INFO - 元素文本信息为0
2021-10-24 21:56:37,094 - basepage.py - [line:116] - INFO - 元素文本信息为0
2021-10-24 21:56:40,993 - basepage.py - [line:130] - INFO - 元素文本信息为lakers1
2021-10-24 21:56:41,034 - basepage.py - [line:130] - INFO - 元素文本信息为test001-volume1
2021-10-24 21:56:41,198 - basepage.py - [line:152] - INFO - 键盘输入后清理
2021-10-24 21:56:42,375 - basepage.py - [line:116] - INFO - 元素文本信息为请输入卷名称
2021-10-24 21:56:42,482 - basepage.py - [line:152] - INFO - 键盘输入后清理
2021-10-24 21:56:43,784 - basepage.py - [line:152] - INFO - 键盘输入后清理
2021-10-24 21:56:45,765 - basepage.py - [line:152] - INFO - 键盘输入后清理
2021-10-24 21:56:46,986 - basepage.py - [line:130] - INFO - 元素文本信息为2
2021-10-24 21:56:49,707 - basepage.py - [line:130] - INFO - 元素文本信息为1
2021-10-24 21:56:49,747 - basepage.py - [line:130] - INFO - 元素文本信息为普通云盘1.0
2021-10-24 21:56:52,449 - basepage.py - [line:130] - INFO - 元素文本信息为高效云盘
2021-10-24 21:56:52,482 - basepage.py - [line:130] - INFO - 元素文本信息为机械硬盘
2021-10-24 21:56:55,184 - basepage.py - [line:130] - INFO - 元素文本信息为固态硬盘
2021-10-24 21:56:55,220 - basepage.py - [line:130] - INFO - 元素文本信息为1
2021-10-24 21:56:57,932 - basepage.py - [line:130] - INFO - 元素文本信息为3
2021-10-24 21:57:20,741 - basepage.py - [line:130] - INFO - 元素文本信息为virtio
2021-10-24 21:57:23,467 - basepage.py - [line:130] - INFO - 元素文本信息为rtl8139
2021-10-24 21:57:27,804 - basepage.py - [line:130] - INFO - 元素文本信息为1
2021-10-24 21:57:27,976 - basepage.py - [line:152] - INFO - 键盘输入后清理
2021-10-24 21:57:29,134 - basepage.py - [line:116] - INFO - 元素文本信息为请输入队列数
2021-10-24 21:57:29,248 - basepage.py - [line:152] - INFO - 键盘输入后清理
2021-10-24 21:57:30,654 - basepage.py - [line:152] - INFO - 键盘输入后清理
2021-10-24 21:57:31,903 - basepage.py - [line:152] - INFO - 键盘输入后清理
2021-10-24 21:57:33,164 - basepage.py - [line:152] - INFO - 键盘输入后清理
2021-10-24 21:57:35,673 - basepage.py - [line:130] - INFO - 元素文本信息为compute
2021-10-24 21:57:35,699 - basepage.py - [line:130] - INFO - 元素文本信息为计算97
2021-10-24 21:57:38,440 - basepage.py - [line:130] - INFO - 元素文本信息为storage
2021-10-24 21:57:38,484 - basepage.py - [line:130] - INFO - 元素文本信息为0
2021-10-24 21:57:38,915 - basepage.py - [line:152] - INFO - 键盘输入后清理
2021-10-24 21:57:40,031 - basepage.py - [line:116] - INFO - 元素文本信息为请输入速率
2021-10-24 21:57:40,150 - basepage.py - [line:152] - INFO - 键盘输入后清理
2021-10-24 21:57:41,996 - basepage.py - [line:152] - INFO - 键盘输入后清理
2021-10-24 21:57:43,840 - basepage.py - [line:152] - INFO - 键盘输入后清理
2021-10-24 21:57:45,668 - basepage.py - [line:152] - INFO - 键盘输入后清理
2021-10-24 21:57:46,807 - basepage.py - [line:130] - INFO - 元素文本信息为0
2021-10-24 21:57:47,074 - basepage.py - [line:152] - INFO - 键盘输入后清理
2021-10-24 21:57:48,198 - basepage.py - [line:116] - INFO - 元素文本信息为请输入速率
2021-10-24 21:57:48,304 - basepage.py - [line:152] - INFO - 键盘输入后清理
2021-10-24 21:57:49,641 - basepage.py - [line:152] - INFO - 键盘输入后清理
2021-10-24 21:57:49,772 - basepage.py - [line:152] - INFO - 键盘输入后清理
2021-10-24 21:57:51,608 - basepage.py - [line:152] - INFO - 键盘输入后清理
2021-10-24 21:57:53,417 - basepage.py - [line:152] - INFO - 键盘输入后清理
2021-10-24 21:57:54,563 - basepage.py - [line:130] - INFO - 元素文本信息为0
2021-10-24 21:57:54,705 - basepage.py - [line:152] - INFO - 键盘输入后清理
2021-10-24 21:57:55,843 - basepage.py - [line:116] - INFO - 元素文本信息为请输入突发值
2021-10-24 21:57:55,950 - basepage.py - [line:152] - INFO - 键盘输入后清理
2021-10-24 21:57:57,292 - basepage.py - [line:152] - INFO - 键盘输入后清理
2021-10-24 21:57:57,430 - basepage.py - [line:152] - INFO - 键盘输入后清理
2021-10-24 21:57:58,785 - basepage.py - [line:152] - INFO - 键盘输入后清理
2021-10-24 21:58:00,598 - basepage.py - [line:152] - INFO - 键盘输入后清理
2021-10-24 21:58:02,836 - basepage.py - [line:130] - INFO - 元素文本信息为0
2021-10-24 21:58:03,006 - basepage.py - [line:152] - INFO - 键盘输入后清理
2021-10-24 21:58:04,133 - basepage.py - [line:116] - INFO - 元素文本信息为请输入速率
2021-10-24 21:58:04,244 - basepage.py - [line:152] - INFO - 键盘输入后清理
2021-10-24 21:58:05,588 - basepage.py - [line:152] - INFO - 键盘输入后清理
2021-10-24 21:58:07,451 - basepage.py - [line:152] - INFO - 键盘输入后清理
2021-10-24 21:58:09,263 - basepage.py - [line:152] - INFO - 键盘输入后清理
2021-10-24 21:58:10,404 - basepage.py - [line:130] - INFO - 元素文本信息为0
2021-10-24 21:58:10,552 - basepage.py - [line:152] - INFO - 键盘输入后清理
2021-10-24 21:58:11,676 - basepage.py - [line:116] - INFO - 元素文本信息为请输入速率
2021-10-24 21:58:11,788 - basepage.py - [line:152] - INFO - 键盘输入后清理
2021-10-24 21:58:13,654 - basepage.py - [line:152] - INFO - 键盘输入后清理
2021-10-24 21:58:13,791 - basepage.py - [line:152] - INFO - 键盘输入后清理
2021-10-24 21:58:15,640 - basepage.py - [line:152] - INFO - 键盘输入后清理
2021-10-24 21:58:17,466 - basepage.py - [line:152] - INFO - 键盘输入后清理
2021-10-24 21:58:18,600 - basepage.py - [line:130] - INFO - 元素文本信息为0
2021-10-24 21:58:18,747 - basepage.py - [line:152] - INFO - 键盘输入后清理
2021-10-24 21:58:19,871 - basepage.py - [line:116] - INFO - 元素文本信息为请输入突发值
2021-10-24 21:58:19,979 - basepage.py - [line:152] - INFO - 键盘输入后清理
2021-10-24 21:58:21,329 - basepage.py - [line:152] - INFO - 键盘输入后清理
2021-10-24 21:58:24,248 - basepage.py - [line:152] - INFO - 键盘输入后清理
2021-10-24 21:58:26,050 - basepage.py - [line:152] - INFO - 键盘输入后清理
2021-10-24 21:58:38,139 - basepage.py - [line:116] - INFO - 元素文本信息为请选择仓库地址
2021-10-24 21:58:38,174 - basepage.py - [line:116] - INFO - 元素文本信息为请选择光驱
2021-10-24 21:58:43,692 - basepage.py - [line:130] - INFO - 元素文本信息为lakers
2021-10-24 21:58:43,730 - basepage.py - [line:130] - INFO - 元素文本信息为cn_windows_7_enterprise_x64_dvd_x15-70741.iso
2021-10-24 21:58:43,765 - basepage.py - [line:116] - INFO - 元素文本信息为请选择仓库地址
2021-10-24 21:58:43,798 - basepage.py - [line:116] - INFO - 元素文本信息为请选择软驱
2021-10-24 21:58:49,279 - basepage.py - [line:130] - INFO - 元素文本信息为lakers
2021-10-24 21:58:49,313 - basepage.py - [line:130] - INFO - 元素文本信息为virtio-win-0.1.141_amd64.vfd
2021-10-24 21:58:49,356 - basepage.py - [line:116] - INFO - 元素文本信息为0
2021-10-24 21:58:50,473 - basepage.py - [line:116] - INFO - 元素文本信息为0
2021-10-24 21:58:52,719 - basepage.py - [line:116] - INFO - 元素文本信息为0
2021-10-24 21:58:53,829 - basepage.py - [line:116] - INFO - 元素文本信息为0
2021-10-24 21:58:54,943 - basepage.py - [line:116] - INFO - 元素文本信息为0
2021-10-24 21:58:56,062 - basepage.py - [line:116] - INFO - 元素文本信息为0
2021-10-24 21:58:57,182 - basepage.py - [line:116] - INFO - 元素文本信息为0
2021-10-24 21:58:58,305 - basepage.py - [line:116] - INFO - 元素文本信息为0
2021-10-24 21:58:59,423 - basepage.py - [line:116] - INFO - 元素文本信息为0
2021-10-24 21:59:00,540 - basepage.py - [line:116] - INFO - 元素文本信息为0
2021-10-24 21:59:01,647 - basepage.py - [line:116] - INFO - 元素文本信息为0
2021-10-24 21:59:02,757 - basepage.py - [line:116] - INFO - 元素文本信息为0
2021-10-24 21:59:03,872 - basepage.py - [line:116] - INFO - 元素文本信息为0
2021-10-24 21:59:05,008 - basepage.py - [line:116] - INFO - 元素文本信息为0
2021-10-24 21:59:06,119 - basepage.py - [line:116] - INFO - 元素文本信息为0
2021-10-24 21:59:07,232 - basepage.py - [line:116] - INFO - 元素文本信息为0
2021-10-24 21:59:08,487 - basepage.py - [line:116] - INFO - 元素文本信息为0
2021-10-24 21:59:09,611 - basepage.py - [line:116] - INFO - 元素文本信息为0
2021-10-24 21:59:10,733 - basepage.py - [line:116] - INFO - 元素文本信息为0
2021-10-24 21:59:11,850 - basepage.py - [line:116] - INFO - 元素文本信息为0
2021-10-24 21:59:12,967 - basepage.py - [line:116] - INFO - 元素文本信息为0
2021-10-24 21:59:14,077 - basepage.py - [line:116] - INFO - 元素文本信息为-1
2021-10-24 21:59:16,260 - basepage.py - [line:116] - INFO - 元素文本信息为0
2021-10-24 21:59:18,576 - basepage.py - [line:157] - INFO - 键盘操作:向下翻页
2021-10-24 21:59:19,147 - basepage.py - [line:116] - INFO - 元素文本信息为0
2021-10-24 21:59:20,226 - basepage.py - [line:157] - INFO - 键盘操作:向下翻页
2021-10-24 21:59:21,338 - basepage.py - [line:157] - INFO - 键盘操作:向下翻页
2021-10-24 21:59:22,544 - basepage.py - [line:157] - INFO - 键盘操作:向下翻页
2021-10-24 21:59:23,717 - basepage.py - [line:157] - INFO - 键盘操作:向下翻页
2021-10-24 22:06:07,311 - basepage.py - [line:97] - INFO - 鼠标光标移动至navBar_item_计算_content元素
2021-10-24 22:06:07,862 - basepage.py - [line:103] - INFO - 鼠标光标移动至navBar_item_计算_content_云服务器元素并点击
2021-10-24 22:06:08,338 - basepage.py - [line:85] - INFO - 点击了//*[@id="tab-vmlist"]元素
2021-10-24 22:06:08,714 - basepage.py - [line:97] - INFO - 鼠标光标移动至navBar_item_计算_content元素
2021-10-24 22:06:09,007 - basepage.py - [line:103] - INFO - 鼠标光标移动至navBar_item_计算_content_云服务器元素并点击
2021-10-24 22:06:09,101 - basepage.py - [line:85] - INFO - 点击了//*[@id="tab-vmlist"]元素
2021-10-24 22:06:11,960 - basepage.py - [line:116] - INFO - 元素文本信息为请输入云服务器名称
2021-10-24 22:06:15,971 - basepage.py - [line:152] - INFO - 键盘输入后清理
2021-10-24 22:06:17,381 - basepage.py - [line:152] - INFO - 键盘输入后清理
2021-10-24 22:06:22,352 - basepage.py - [line:130] - INFO - 元素文本信息为1
2021-10-24 22:06:22,499 - basepage.py - [line:152] - INFO - 键盘输入后清理
2021-10-24 22:06:23,665 - basepage.py - [line:116] - INFO - 元素文本信息为请输入自动创建云服务器个数（限制100）
2021-10-24 22:06:23,773 - basepage.py - [line:152] - INFO - 键盘输入后清理
2021-10-24 22:06:23,880 - basepage.py - [line:152] - INFO - 键盘输入后清理
2021-10-24 22:06:25,511 - basepage.py - [line:152] - INFO - 键盘输入后清理
2021-10-24 22:06:25,617 - basepage.py - [line:152] - INFO - 键盘输入后清理
2021-10-24 22:06:26,869 - basepage.py - [line:152] - INFO - 键盘输入后清理
2021-10-24 22:06:28,117 - basepage.py - [line:152] - INFO - 键盘输入后清理
2021-10-24 22:06:34,402 - basepage.py - [line:130] - INFO - 元素文本信息为2
2021-10-24 22:06:34,589 - basepage.py - [line:152] - INFO - 键盘输入后清理
2021-10-24 22:06:35,747 - basepage.py - [line:116] - INFO - 元素文本信息为请输入处理器
2021-10-24 22:06:37,069 - basepage.py - [line:152] - INFO - 键盘输入后清理
2021-10-24 22:06:38,311 - basepage.py - [line:152] - INFO - 键盘输入后清理
2021-10-24 22:06:39,581 - basepage.py - [line:152] - INFO - 键盘输入后清理
2021-10-24 22:06:40,699 - basepage.py - [line:130] - INFO - 元素文本信息为1
2021-10-24 22:06:40,835 - basepage.py - [line:152] - INFO - 键盘输入后清理
2021-10-24 22:06:42,020 - basepage.py - [line:116] - INFO - 元素文本信息为请输入处理器插槽数
2021-10-24 22:06:42,137 - basepage.py - [line:152] - INFO - 键盘输入后清理
2021-10-24 22:06:43,411 - basepage.py - [line:152] - INFO - 键盘输入后清理
2021-10-24 22:06:44,674 - basepage.py - [line:152] - INFO - 键盘输入后清理
2021-10-24 22:06:45,928 - basepage.py - [line:152] - INFO - 键盘输入后清理
2021-10-24 22:06:47,068 - basepage.py - [line:130] - INFO - 元素文本信息为2
2021-10-24 22:06:47,225 - basepage.py - [line:152] - INFO - 键盘输入后清理
2021-10-24 22:06:48,388 - basepage.py - [line:116] - INFO - 元素文本信息为请输入处理器插槽核数
2021-10-24 22:06:48,522 - basepage.py - [line:152] - INFO - 键盘输入后清理
2021-10-24 22:06:49,783 - basepage.py - [line:152] - INFO - 键盘输入后清理
2021-10-24 22:06:51,559 - basepage.py - [line:152] - INFO - 键盘输入后清理
2021-10-24 22:06:52,795 - basepage.py - [line:152] - INFO - 键盘输入后清理
2021-10-24 22:06:53,923 - basepage.py - [line:130] - INFO - 元素文本信息为4
2021-10-24 22:06:54,058 - basepage.py - [line:152] - INFO - 键盘输入后清理
2021-10-24 22:06:55,199 - basepage.py - [line:116] - INFO - 元素文本信息为请输入设置内存大小
2021-10-24 22:06:55,315 - basepage.py - [line:152] - INFO - 键盘输入后清理
2021-10-24 22:06:56,607 - basepage.py - [line:152] - INFO - 键盘输入后清理
2021-10-24 22:06:58,454 - basepage.py - [line:152] - INFO - 键盘输入后清理
2021-10-24 22:06:59,757 - basepage.py - [line:152] - INFO - 键盘输入后清理
2021-10-24 22:07:13,782 - basepage.py - [line:116] - INFO - 元素文本信息为请输入卷容量
2021-10-24 22:07:13,939 - basepage.py - [line:152] - INFO - 键盘输入后清理
2021-10-24 22:07:23,288 - basepage.py - [line:152] - INFO - 键盘输入后清理
2021-10-24 22:07:24,788 - basepage.py - [line:152] - INFO - 键盘输入后清理
2021-10-24 22:07:26,648 - basepage.py - [line:152] - INFO - 键盘输入后清理
2021-10-24 22:07:26,759 - basepage.py - [line:152] - INFO - 键盘输入后清理
2021-10-24 22:07:28,009 - basepage.py - [line:152] - INFO - 键盘输入后清理
2021-10-24 22:07:29,154 - basepage.py - [line:116] - INFO - 元素文本信息为0
2021-10-24 22:07:30,279 - basepage.py - [line:116] - INFO - 元素文本信息为0
2021-10-24 22:07:34,092 - basepage.py - [line:130] - INFO - 元素文本信息为lakers1
2021-10-24 22:07:34,135 - basepage.py - [line:130] - INFO - 元素文本信息为test001-volume1
2021-10-24 22:07:34,318 - basepage.py - [line:152] - INFO - 键盘输入后清理
2021-10-24 22:07:35,499 - basepage.py - [line:116] - INFO - 元素文本信息为请输入卷名称
2021-10-24 22:07:35,607 - basepage.py - [line:152] - INFO - 键盘输入后清理
2021-10-24 22:07:36,903 - basepage.py - [line:152] - INFO - 键盘输入后清理
2021-10-24 22:07:38,899 - basepage.py - [line:152] - INFO - 键盘输入后清理
2021-10-24 22:07:40,139 - basepage.py - [line:130] - INFO - 元素文本信息为2
2021-10-24 22:07:42,870 - basepage.py - [line:130] - INFO - 元素文本信息为1
2021-10-24 22:07:42,906 - basepage.py - [line:130] - INFO - 元素文本信息为普通云盘1.0
2021-10-24 22:07:45,619 - basepage.py - [line:130] - INFO - 元素文本信息为高效云盘
2021-10-24 22:07:45,653 - basepage.py - [line:130] - INFO - 元素文本信息为机械硬盘
2021-10-24 22:07:48,407 - basepage.py - [line:130] - INFO - 元素文本信息为固态硬盘
2021-10-24 22:07:48,445 - basepage.py - [line:130] - INFO - 元素文本信息为1
2021-10-24 22:07:51,193 - basepage.py - [line:130] - INFO - 元素文本信息为3
2021-10-24 22:08:14,025 - basepage.py - [line:130] - INFO - 元素文本信息为virtio
2021-10-24 22:08:16,767 - basepage.py - [line:130] - INFO - 元素文本信息为rtl8139
2021-10-24 22:08:21,154 - basepage.py - [line:130] - INFO - 元素文本信息为1
2021-10-24 22:08:21,332 - basepage.py - [line:152] - INFO - 键盘输入后清理
2021-10-24 22:08:22,500 - basepage.py - [line:116] - INFO - 元素文本信息为请输入队列数
2021-10-24 22:08:22,616 - basepage.py - [line:152] - INFO - 键盘输入后清理
2021-10-24 22:08:23,938 - basepage.py - [line:152] - INFO - 键盘输入后清理
2021-10-24 22:08:25,204 - basepage.py - [line:152] - INFO - 键盘输入后清理
2021-10-24 22:08:26,452 - basepage.py - [line:152] - INFO - 键盘输入后清理
2021-10-24 22:08:28,933 - basepage.py - [line:130] - INFO - 元素文本信息为compute
2021-10-24 22:08:28,962 - basepage.py - [line:130] - INFO - 元素文本信息为计算97
2021-10-24 22:08:31,747 - basepage.py - [line:130] - INFO - 元素文本信息为storage
2021-10-24 22:08:31,790 - basepage.py - [line:130] - INFO - 元素文本信息为0
2021-10-24 22:08:32,008 - basepage.py - [line:152] - INFO - 键盘输入后清理
2021-10-24 22:08:33,144 - basepage.py - [line:116] - INFO - 元素文本信息为请输入速率
2021-10-24 22:08:33,258 - basepage.py - [line:152] - INFO - 键盘输入后清理
2021-10-24 22:08:35,342 - basepage.py - [line:152] - INFO - 键盘输入后清理
2021-10-24 22:08:37,204 - basepage.py - [line:152] - INFO - 键盘输入后清理
2021-10-24 22:08:39,005 - basepage.py - [line:152] - INFO - 键盘输入后清理
2021-10-24 22:08:40,152 - basepage.py - [line:130] - INFO - 元素文本信息为0
2021-10-24 22:08:40,304 - basepage.py - [line:152] - INFO - 键盘输入后清理
2021-10-24 22:08:41,427 - basepage.py - [line:116] - INFO - 元素文本信息为请输入速率
2021-10-24 22:08:41,563 - basepage.py - [line:152] - INFO - 键盘输入后清理
2021-10-24 22:08:43,414 - basepage.py - [line:152] - INFO - 键盘输入后清理
2021-10-24 22:08:43,554 - basepage.py - [line:152] - INFO - 键盘输入后清理
2021-10-24 22:08:45,403 - basepage.py - [line:152] - INFO - 键盘输入后清理
2021-10-24 22:08:46,718 - basepage.py - [line:152] - INFO - 键盘输入后清理
2021-10-24 22:08:47,860 - basepage.py - [line:130] - INFO - 元素文本信息为0
2021-10-24 22:08:48,013 - basepage.py - [line:152] - INFO - 键盘输入后清理
2021-10-24 22:08:49,143 - basepage.py - [line:116] - INFO - 元素文本信息为请输入突发值
2021-10-24 22:08:49,254 - basepage.py - [line:152] - INFO - 键盘输入后清理
2021-10-24 22:08:51,104 - basepage.py - [line:152] - INFO - 键盘输入后清理
2021-10-24 22:08:51,238 - basepage.py - [line:152] - INFO - 键盘输入后清理
2021-10-24 22:08:52,599 - basepage.py - [line:152] - INFO - 键盘输入后清理
2021-10-24 22:08:53,905 - basepage.py - [line:152] - INFO - 键盘输入后清理
2021-10-24 22:08:56,135 - basepage.py - [line:130] - INFO - 元素文本信息为0
2021-10-24 22:08:56,312 - basepage.py - [line:152] - INFO - 键盘输入后清理
2021-10-24 22:08:57,438 - basepage.py - [line:116] - INFO - 元素文本信息为请输入速率
2021-10-24 22:08:57,552 - basepage.py - [line:152] - INFO - 键盘输入后清理
2021-10-24 22:08:59,397 - basepage.py - [line:152] - INFO - 键盘输入后清理
2021-10-24 22:09:01,251 - basepage.py - [line:152] - INFO - 键盘输入后清理
2021-10-24 22:09:03,081 - basepage.py - [line:152] - INFO - 键盘输入后清理
2021-10-24 22:09:04,219 - basepage.py - [line:130] - INFO - 元素文本信息为0
2021-10-24 22:09:04,366 - basepage.py - [line:152] - INFO - 键盘输入后清理
2021-10-24 22:09:05,490 - basepage.py - [line:116] - INFO - 元素文本信息为请输入速率
2021-10-24 22:09:05,607 - basepage.py - [line:152] - INFO - 键盘输入后清理
2021-10-24 22:09:07,192 - basepage.py - [line:152] - INFO - 键盘输入后清理
2021-10-24 22:09:07,331 - basepage.py - [line:152] - INFO - 键盘输入后清理
2021-10-24 22:09:08,681 - basepage.py - [line:152] - INFO - 键盘输入后清理
2021-10-24 22:09:10,489 - basepage.py - [line:152] - INFO - 键盘输入后清理
2021-10-24 22:09:11,641 - basepage.py - [line:130] - INFO - 元素文本信息为0
2021-10-24 22:09:11,791 - basepage.py - [line:152] - INFO - 键盘输入后清理
2021-10-24 22:09:12,927 - basepage.py - [line:116] - INFO - 元素文本信息为请输入突发值
2021-10-24 22:09:13,040 - basepage.py - [line:152] - INFO - 键盘输入后清理
2021-10-24 22:09:14,881 - basepage.py - [line:152] - INFO - 键盘输入后清理
2021-10-24 22:09:17,840 - basepage.py - [line:152] - INFO - 键盘输入后清理
2021-10-24 22:09:19,673 - basepage.py - [line:152] - INFO - 键盘输入后清理
2021-10-24 22:09:31,826 - basepage.py - [line:116] - INFO - 元素文本信息为请选择仓库地址
2021-10-24 22:09:31,858 - basepage.py - [line:116] - INFO - 元素文本信息为请选择光驱
2021-10-24 22:09:37,344 - basepage.py - [line:130] - INFO - 元素文本信息为lakers
2021-10-24 22:09:37,378 - basepage.py - [line:130] - INFO - 元素文本信息为cn_windows_7_enterprise_x64_dvd_x15-70741.iso
2021-10-24 22:09:37,415 - basepage.py - [line:116] - INFO - 元素文本信息为请选择仓库地址
2021-10-24 22:09:37,446 - basepage.py - [line:116] - INFO - 元素文本信息为请选择软驱
2021-10-24 22:09:42,945 - basepage.py - [line:130] - INFO - 元素文本信息为lakers
2021-10-24 22:09:42,978 - basepage.py - [line:130] - INFO - 元素文本信息为virtio-win-0.1.141_amd64.vfd
2021-10-24 22:09:43,019 - basepage.py - [line:116] - INFO - 元素文本信息为0
2021-10-24 22:09:44,141 - basepage.py - [line:116] - INFO - 元素文本信息为0
2021-10-24 22:09:46,411 - basepage.py - [line:116] - INFO - 元素文本信息为0
2021-10-24 22:09:47,541 - basepage.py - [line:116] - INFO - 元素文本信息为0
2021-10-24 22:09:48,648 - basepage.py - [line:116] - INFO - 元素文本信息为0
2021-10-24 22:09:49,759 - basepage.py - [line:116] - INFO - 元素文本信息为0
2021-10-24 22:09:50,869 - basepage.py - [line:116] - INFO - 元素文本信息为0
2021-10-24 22:09:51,983 - basepage.py - [line:116] - INFO - 元素文本信息为0
2021-10-24 22:09:53,102 - basepage.py - [line:116] - INFO - 元素文本信息为0
2021-10-24 22:09:54,226 - basepage.py - [line:116] - INFO - 元素文本信息为0
2021-10-24 22:09:55,338 - basepage.py - [line:116] - INFO - 元素文本信息为0
2021-10-24 22:09:56,450 - basepage.py - [line:116] - INFO - 元素文本信息为0
2021-10-24 22:09:57,562 - basepage.py - [line:116] - INFO - 元素文本信息为0
2021-10-24 22:09:58,673 - basepage.py - [line:116] - INFO - 元素文本信息为0
2021-10-24 22:09:59,786 - basepage.py - [line:116] - INFO - 元素文本信息为0
2021-10-24 22:10:00,904 - basepage.py - [line:116] - INFO - 元素文本信息为0
2021-10-24 22:10:02,019 - basepage.py - [line:116] - INFO - 元素文本信息为0
2021-10-24 22:10:03,130 - basepage.py - [line:116] - INFO - 元素文本信息为0
2021-10-24 22:10:04,249 - basepage.py - [line:116] - INFO - 元素文本信息为0
2021-10-24 22:10:05,374 - basepage.py - [line:116] - INFO - 元素文本信息为0
2021-10-24 22:10:06,519 - basepage.py - [line:116] - INFO - 元素文本信息为0
2021-10-24 22:10:07,645 - basepage.py - [line:116] - INFO - 元素文本信息为-1
2021-10-24 22:10:09,834 - basepage.py - [line:116] - INFO - 元素文本信息为0
2021-10-24 22:10:11,981 - basepage.py - [line:157] - INFO - 键盘操作:向下翻页
2021-10-24 22:10:12,547 - basepage.py - [line:116] - INFO - 元素文本信息为0
2021-10-24 22:10:13,613 - basepage.py - [line:157] - INFO - 键盘操作:向下翻页
2021-10-24 22:10:14,736 - basepage.py - [line:157] - INFO - 键盘操作:向下翻页
2021-10-24 22:10:16,195 - basepage.py - [line:157] - INFO - 键盘操作:向下翻页
2021-10-24 22:10:17,426 - basepage.py - [line:157] - INFO - 键盘操作:向下翻页
