2021-10-29 08:56:53,111 - basepage.py - [line:97] - INFO - 鼠标光标移动至navBar_item_计算_content元素
2021-10-29 08:56:53,562 - basepage.py - [line:103] - INFO - 鼠标光标移动至navBar_item_计算_content_云服务器元素并点击
2021-10-29 08:56:53,739 - basepage.py - [line:85] - INFO - 点击了//*[@id="tab-vmlist"]元素
2021-10-29 08:56:54,912 - basepage.py - [line:208] - INFO - 输入:0000成功
2021-10-29 08:56:55,982 - basepage.py - [line:201] - INFO - 点击操作成功
2021-10-29 08:56:56,143 - basepage.py - [line:169] - INFO - 键盘输入后清理
2021-10-29 08:56:56,143 - basepage.py - [line:211] - INFO - 清理操作成功
2021-10-29 08:56:56,491 - basepage.py - [line:103] - INFO - 鼠标光标移动至//tbody/tr/td[16]/div/button元素并点击
2021-10-29 08:56:56,491 - basepage.py - [line:217] - INFO - 移动点击操作成功
2021-10-29 08:56:57,646 - basepage.py - [line:201] - INFO - 点击操作成功
2021-10-29 08:56:58,047 - basepage.py - [line:97] - INFO - 鼠标光标移动至//body[@class="theme-white"]/div/div/div[2]/div/div/section/section/div[2]/div[2]/div[2]/div/section/div[3]/div/button元素
2021-10-29 08:56:58,047 - basepage.py - [line:214] - INFO - 移动鼠标操作成功
2021-10-29 08:56:58,941 - basepage.py - [line:103] - INFO - 鼠标光标移动至(//ul[@class="el-dropdown-menu el-popper"])[5]/li[11]元素并点击
2021-10-29 08:56:58,941 - basepage.py - [line:217] - INFO - 移动点击操作成功
2021-10-29 08:57:45,992 - basepage.py - [line:97] - INFO - 鼠标光标移动至navBar_item_计算_content元素
2021-10-29 08:57:46,465 - basepage.py - [line:103] - INFO - 鼠标光标移动至navBar_item_计算_content_云服务器元素并点击
2021-10-29 08:57:46,630 - basepage.py - [line:85] - INFO - 点击了//*[@id="tab-vmlist"]元素
2021-10-29 08:57:47,820 - basepage.py - [line:208] - INFO - 输入:0000成功
2021-10-29 08:57:48,907 - basepage.py - [line:201] - INFO - 点击操作成功
2021-10-29 08:57:49,072 - basepage.py - [line:169] - INFO - 键盘输入后清理
2021-10-29 08:57:49,073 - basepage.py - [line:211] - INFO - 清理操作成功
2021-10-29 08:57:49,398 - basepage.py - [line:103] - INFO - 鼠标光标移动至//tbody/tr/td[16]/div/button元素并点击
2021-10-29 08:57:49,399 - basepage.py - [line:217] - INFO - 移动点击操作成功
2021-10-29 08:57:50,585 - basepage.py - [line:201] - INFO - 点击操作成功
2021-10-29 08:57:51,010 - basepage.py - [line:97] - INFO - 鼠标光标移动至//body[@class="theme-white"]/div/div/div[2]/div/div/section/section/div[2]/div[2]/div[2]/div/section/div[3]/div/button元素
2021-10-29 08:57:51,010 - basepage.py - [line:214] - INFO - 移动鼠标操作成功
2021-10-29 08:57:51,914 - basepage.py - [line:103] - INFO - 鼠标光标移动至(//ul[@class="el-dropdown-menu el-popper"])[5]/li[11]元素并点击
2021-10-29 08:57:51,914 - basepage.py - [line:217] - INFO - 移动点击操作成功
2021-10-29 08:58:45,216 - basepage.py - [line:97] - INFO - 鼠标光标移动至navBar_item_计算_content元素
2021-10-29 08:58:45,649 - basepage.py - [line:103] - INFO - 鼠标光标移动至navBar_item_计算_content_云服务器元素并点击
2021-10-29 08:58:45,803 - basepage.py - [line:85] - INFO - 点击了//*[@id="tab-vmlist"]元素
2021-10-29 08:58:46,988 - basepage.py - [line:208] - INFO - 输入:0000成功
2021-10-29 08:58:48,063 - basepage.py - [line:201] - INFO - 点击操作成功
2021-10-29 08:58:48,225 - basepage.py - [line:169] - INFO - 键盘输入后清理
2021-10-29 08:58:48,225 - basepage.py - [line:211] - INFO - 清理操作成功
2021-10-29 08:58:48,544 - basepage.py - [line:103] - INFO - 鼠标光标移动至//tbody/tr/td[16]/div/button元素并点击
2021-10-29 08:58:48,544 - basepage.py - [line:217] - INFO - 移动点击操作成功
2021-10-29 08:58:49,696 - basepage.py - [line:201] - INFO - 点击操作成功
2021-10-29 08:58:50,161 - basepage.py - [line:97] - INFO - 鼠标光标移动至//body[@class="theme-white"]/div/div/div[2]/div/div/section/section/div[2]/div[2]/div[2]/div/section/div[3]/div/button元素
2021-10-29 08:58:50,161 - basepage.py - [line:214] - INFO - 移动鼠标操作成功
2021-10-29 08:58:51,043 - basepage.py - [line:103] - INFO - 鼠标光标移动至(//ul[@class="el-dropdown-menu el-popper"])[5]/li[11]元素并点击
2021-10-29 08:58:51,043 - basepage.py - [line:217] - INFO - 移动点击操作成功
2021-10-29 08:58:52,158 - basepage.py - [line:201] - INFO - 点击操作成功
2021-10-29 08:58:52,330 - basepage.py - [line:169] - INFO - 键盘输入后清理
2021-10-29 08:58:52,330 - basepage.py - [line:211] - INFO - 清理操作成功
2021-10-29 08:58:53,514 - basepage.py - [line:208] - INFO - 输入:0000-kzh-clone1成功
2021-10-29 08:58:54,608 - basepage.py - [line:208] - INFO - 输入:james成功
2021-10-29 09:00:11,317 - basepage.py - [line:97] - INFO - 鼠标光标移动至navBar_item_计算_content元素
2021-10-29 09:00:11,769 - basepage.py - [line:103] - INFO - 鼠标光标移动至navBar_item_计算_content_云服务器元素并点击
2021-10-29 09:00:11,933 - basepage.py - [line:85] - INFO - 点击了//*[@id="tab-vmlist"]元素
2021-10-29 09:00:13,147 - basepage.py - [line:208] - INFO - 输入:0000成功
2021-10-29 09:00:14,217 - basepage.py - [line:201] - INFO - 点击操作成功
2021-10-29 09:00:14,378 - basepage.py - [line:169] - INFO - 键盘输入后清理
2021-10-29 09:00:14,378 - basepage.py - [line:211] - INFO - 清理操作成功
2021-10-29 09:00:14,696 - basepage.py - [line:103] - INFO - 鼠标光标移动至//tbody/tr/td[16]/div/button元素并点击
2021-10-29 09:00:14,696 - basepage.py - [line:217] - INFO - 移动点击操作成功
2021-10-29 09:00:15,854 - basepage.py - [line:201] - INFO - 点击操作成功
2021-10-29 09:00:16,249 - basepage.py - [line:97] - INFO - 鼠标光标移动至//body[@class="theme-white"]/div/div/div[2]/div/div/section/section/div[2]/div[2]/div[2]/div/section/div[3]/div/button元素
2021-10-29 09:00:16,249 - basepage.py - [line:214] - INFO - 移动鼠标操作成功
2021-10-29 09:00:17,145 - basepage.py - [line:103] - INFO - 鼠标光标移动至(//ul[@class="el-dropdown-menu el-popper"])[5]/li[11]元素并点击
2021-10-29 09:00:17,146 - basepage.py - [line:217] - INFO - 移动点击操作成功
2021-10-29 09:00:18,258 - basepage.py - [line:201] - INFO - 点击操作成功
2021-10-29 09:00:18,425 - basepage.py - [line:169] - INFO - 键盘输入后清理
2021-10-29 09:00:18,425 - basepage.py - [line:211] - INFO - 清理操作成功
2021-10-29 09:00:19,593 - basepage.py - [line:208] - INFO - 输入:0000-kzh-clone1成功
2021-10-29 09:00:20,672 - basepage.py - [line:201] - INFO - 点击操作成功
2021-10-29 09:23:57,003 - basepage.py - [line:97] - INFO - 鼠标光标移动至navBar_item_计算_content元素
2021-10-29 09:23:57,511 - basepage.py - [line:103] - INFO - 鼠标光标移动至navBar_item_计算_content_云服务器元素并点击
2021-10-29 09:23:57,678 - basepage.py - [line:85] - INFO - 点击了//*[@id="tab-vmlist"]元素
2021-10-29 09:23:58,867 - basepage.py - [line:215] - INFO - 输入:0000成功
2021-10-29 09:23:59,942 - basepage.py - [line:208] - INFO - 点击操作成功
2021-10-29 09:24:00,104 - basepage.py - [line:169] - INFO - 键盘输入后清理
2021-10-29 09:24:00,104 - basepage.py - [line:226] - INFO - 清理操作成功
2021-10-29 09:24:00,416 - basepage.py - [line:103] - INFO - 鼠标光标移动至//tbody/tr/td[16]/div/button元素并点击
2021-10-29 09:24:00,416 - basepage.py - [line:232] - INFO - 移动点击操作成功
2021-10-29 09:24:01,573 - basepage.py - [line:208] - INFO - 点击操作成功
2021-10-29 09:24:01,980 - basepage.py - [line:97] - INFO - 鼠标光标移动至//body[@class="theme-white"]/div/div/div[2]/div/div/section/section/div[2]/div[2]/div[2]/div/section/div[3]/div/button元素
2021-10-29 09:24:01,980 - basepage.py - [line:229] - INFO - 移动鼠标操作成功
2021-10-29 09:24:02,856 - basepage.py - [line:103] - INFO - 鼠标光标移动至(//ul[@class="el-dropdown-menu el-popper"])[5]/li[11]元素并点击
2021-10-29 09:24:02,856 - basepage.py - [line:232] - INFO - 移动点击操作成功
2021-10-29 09:24:03,968 - basepage.py - [line:208] - INFO - 点击操作成功
2021-10-29 09:24:04,138 - basepage.py - [line:169] - INFO - 键盘输入后清理
2021-10-29 09:24:04,138 - basepage.py - [line:226] - INFO - 清理操作成功
2021-10-29 09:24:05,306 - basepage.py - [line:215] - INFO - 输入:0000-kzh-clone1成功
2021-10-29 09:24:06,458 - basepage.py - [line:223] - INFO - 输入:james成功
2021-10-29 09:26:20,515 - basepage.py - [line:97] - INFO - 鼠标光标移动至navBar_item_计算_content元素
2021-10-29 09:26:21,065 - basepage.py - [line:103] - INFO - 鼠标光标移动至navBar_item_计算_content_云服务器元素并点击
2021-10-29 09:26:21,127 - basepage.py - [line:85] - INFO - 点击了//*[@id="tab-vmlist"]元素
2021-10-29 09:26:22,379 - basepage.py - [line:215] - INFO - 输入:0000成功
2021-10-29 09:26:23,454 - basepage.py - [line:208] - INFO - 点击操作成功
2021-10-29 09:26:23,613 - basepage.py - [line:169] - INFO - 键盘输入后清理
2021-10-29 09:26:23,614 - basepage.py - [line:226] - INFO - 清理操作成功
2021-10-29 09:26:23,929 - basepage.py - [line:103] - INFO - 鼠标光标移动至//tbody/tr/td[16]/div/button元素并点击
2021-10-29 09:26:23,929 - basepage.py - [line:232] - INFO - 移动点击操作成功
2021-10-29 09:26:25,080 - basepage.py - [line:208] - INFO - 点击操作成功
2021-10-29 09:26:25,489 - basepage.py - [line:97] - INFO - 鼠标光标移动至//body[@class="theme-white"]/div/div/div[2]/div/div/section/section/div[2]/div[2]/div[2]/div/section/div[3]/div/button元素
2021-10-29 09:26:25,489 - basepage.py - [line:229] - INFO - 移动鼠标操作成功
2021-10-29 09:26:26,368 - basepage.py - [line:103] - INFO - 鼠标光标移动至(//ul[@class="el-dropdown-menu el-popper"])[5]/li[11]元素并点击
2021-10-29 09:26:26,369 - basepage.py - [line:232] - INFO - 移动点击操作成功
2021-10-29 09:26:27,471 - basepage.py - [line:208] - INFO - 点击操作成功
2021-10-29 09:26:27,640 - basepage.py - [line:169] - INFO - 键盘输入后清理
2021-10-29 09:26:27,640 - basepage.py - [line:226] - INFO - 清理操作成功
2021-10-29 09:26:28,819 - basepage.py - [line:215] - INFO - 输入:0000-kzh-clone1成功
2021-10-29 09:26:30,039 - basepage.py - [line:223] - INFO - 输入:james成功
2021-10-29 09:31:06,674 - basepage.py - [line:97] - INFO - 鼠标光标移动至navBar_item_计算_content元素
2021-10-29 09:31:07,073 - basepage.py - [line:103] - INFO - 鼠标光标移动至navBar_item_计算_content_云服务器元素并点击
2021-10-29 09:31:07,202 - basepage.py - [line:85] - INFO - 点击了//*[@id="tab-vmlist"]元素
2021-10-29 09:31:08,356 - basepage.py - [line:215] - INFO - 输入:0000成功
2021-10-29 09:31:09,421 - basepage.py - [line:208] - INFO - 点击操作成功
2021-10-29 09:31:09,522 - basepage.py - [line:169] - INFO - 键盘输入后清理
2021-10-29 09:31:09,522 - basepage.py - [line:226] - INFO - 清理操作成功
2021-10-29 09:31:09,820 - basepage.py - [line:103] - INFO - 鼠标光标移动至//tbody/tr/td[16]/div/button元素并点击
2021-10-29 09:31:09,821 - basepage.py - [line:232] - INFO - 移动点击操作成功
2021-10-29 09:31:10,962 - basepage.py - [line:208] - INFO - 点击操作成功
2021-10-29 09:31:11,347 - basepage.py - [line:97] - INFO - 鼠标光标移动至//body[@class="theme-white"]/div/div/div[2]/div/div/section/section/div[2]/div[2]/div[2]/div/section/div[3]/div/button元素
2021-10-29 09:31:11,347 - basepage.py - [line:229] - INFO - 移动鼠标操作成功
2021-10-29 09:31:12,216 - basepage.py - [line:103] - INFO - 鼠标光标移动至(//ul[@class="el-dropdown-menu el-popper"])[5]/li[11]元素并点击
2021-10-29 09:31:12,217 - basepage.py - [line:232] - INFO - 移动点击操作成功
2021-10-29 09:31:13,307 - basepage.py - [line:208] - INFO - 点击操作成功
2021-10-29 09:31:13,439 - basepage.py - [line:169] - INFO - 键盘输入后清理
2021-10-29 09:31:13,440 - basepage.py - [line:226] - INFO - 清理操作成功
2021-10-29 09:31:14,686 - basepage.py - [line:215] - INFO - 输入:0000-kzh-clone1成功
2021-10-29 09:31:15,807 - basepage.py - [line:223] - INFO - 输入:james成功
2021-10-29 09:31:51,377 - basepage.py - [line:97] - INFO - 鼠标光标移动至navBar_item_计算_content元素
2021-10-29 09:31:51,777 - basepage.py - [line:103] - INFO - 鼠标光标移动至navBar_item_计算_content_云服务器元素并点击
2021-10-29 09:31:51,902 - basepage.py - [line:85] - INFO - 点击了//*[@id="tab-vmlist"]元素
2021-10-29 09:31:53,047 - basepage.py - [line:215] - INFO - 输入:0000成功
2021-10-29 09:31:54,110 - basepage.py - [line:208] - INFO - 点击操作成功
2021-10-29 09:31:54,209 - basepage.py - [line:169] - INFO - 键盘输入后清理
2021-10-29 09:31:54,209 - basepage.py - [line:226] - INFO - 清理操作成功
2021-10-29 09:31:54,514 - basepage.py - [line:103] - INFO - 鼠标光标移动至//tbody/tr/td[16]/div/button元素并点击
2021-10-29 09:31:54,515 - basepage.py - [line:232] - INFO - 移动点击操作成功
2021-10-29 09:31:55,646 - basepage.py - [line:208] - INFO - 点击操作成功
2021-10-29 09:31:56,008 - basepage.py - [line:97] - INFO - 鼠标光标移动至//body[@class="theme-white"]/div/div/div[2]/div/div/section/section/div[2]/div[2]/div[2]/div/section/div[3]/div/button元素
2021-10-29 09:31:56,009 - basepage.py - [line:229] - INFO - 移动鼠标操作成功
2021-10-29 09:31:56,854 - basepage.py - [line:103] - INFO - 鼠标光标移动至(//ul[@class="el-dropdown-menu el-popper"])[5]/li[11]元素并点击
2021-10-29 09:31:56,854 - basepage.py - [line:232] - INFO - 移动点击操作成功
2021-10-29 09:31:57,924 - basepage.py - [line:208] - INFO - 点击操作成功
2021-10-29 09:31:58,042 - basepage.py - [line:169] - INFO - 键盘输入后清理
2021-10-29 09:31:58,043 - basepage.py - [line:226] - INFO - 清理操作成功
2021-10-29 09:31:59,178 - basepage.py - [line:215] - INFO - 输入:0000-kzh-clone1成功
2021-10-29 09:31:59,265 - basepage.py - [line:223] - INFO - 输入:james成功
2021-10-29 09:32:51,522 - basepage.py - [line:97] - INFO - 鼠标光标移动至navBar_item_计算_content元素
2021-10-29 09:32:51,894 - basepage.py - [line:103] - INFO - 鼠标光标移动至navBar_item_计算_content_云服务器元素并点击
2021-10-29 09:32:52,020 - basepage.py - [line:85] - INFO - 点击了//*[@id="tab-vmlist"]元素
2021-10-29 09:32:53,160 - basepage.py - [line:215] - INFO - 输入:0000成功
2021-10-29 09:32:54,227 - basepage.py - [line:208] - INFO - 点击操作成功
2021-10-29 09:32:54,331 - basepage.py - [line:169] - INFO - 键盘输入后清理
2021-10-29 09:32:54,331 - basepage.py - [line:226] - INFO - 清理操作成功
2021-10-29 09:32:54,645 - basepage.py - [line:103] - INFO - 鼠标光标移动至//tbody/tr/td[16]/div/button元素并点击
2021-10-29 09:32:54,645 - basepage.py - [line:232] - INFO - 移动点击操作成功
2021-10-29 09:32:55,771 - basepage.py - [line:208] - INFO - 点击操作成功
2021-10-29 09:32:56,140 - basepage.py - [line:97] - INFO - 鼠标光标移动至//body[@class="theme-white"]/div/div/div[2]/div/div/section/section/div[2]/div[2]/div[2]/div/section/div[3]/div/button元素
2021-10-29 09:32:56,140 - basepage.py - [line:229] - INFO - 移动鼠标操作成功
2021-10-29 09:32:57,000 - basepage.py - [line:103] - INFO - 鼠标光标移动至(//ul[@class="el-dropdown-menu el-popper"])[5]/li[11]元素并点击
2021-10-29 09:32:57,001 - basepage.py - [line:232] - INFO - 移动点击操作成功
2021-10-29 09:32:58,113 - basepage.py - [line:208] - INFO - 点击操作成功
2021-10-29 09:32:58,234 - basepage.py - [line:169] - INFO - 键盘输入后清理
2021-10-29 09:32:58,234 - basepage.py - [line:226] - INFO - 清理操作成功
2021-10-29 09:32:59,530 - basepage.py - [line:215] - INFO - 输入:0000-kzh-clone1成功
2021-10-29 09:32:59,620 - basepage.py - [line:223] - INFO - 输入:james成功
2021-10-29 09:33:26,325 - basepage.py - [line:97] - INFO - 鼠标光标移动至navBar_item_计算_content元素
2021-10-29 09:33:26,722 - basepage.py - [line:103] - INFO - 鼠标光标移动至navBar_item_计算_content_云服务器元素并点击
2021-10-29 09:33:26,776 - basepage.py - [line:85] - INFO - 点击了//*[@id="tab-vmlist"]元素
2021-10-29 09:33:27,960 - basepage.py - [line:215] - INFO - 输入:0000成功
2021-10-29 09:33:29,027 - basepage.py - [line:208] - INFO - 点击操作成功
2021-10-29 09:33:29,123 - basepage.py - [line:169] - INFO - 键盘输入后清理
2021-10-29 09:33:29,123 - basepage.py - [line:226] - INFO - 清理操作成功
2021-10-29 09:33:29,421 - basepage.py - [line:103] - INFO - 鼠标光标移动至//tbody/tr/td[16]/div/button元素并点击
2021-10-29 09:33:29,421 - basepage.py - [line:232] - INFO - 移动点击操作成功
2021-10-29 09:33:30,551 - basepage.py - [line:208] - INFO - 点击操作成功
2021-10-29 09:33:30,930 - basepage.py - [line:97] - INFO - 鼠标光标移动至//body[@class="theme-white"]/div/div/div[2]/div/div/section/section/div[2]/div[2]/div[2]/div/section/div[3]/div/button元素
2021-10-29 09:33:30,931 - basepage.py - [line:229] - INFO - 移动鼠标操作成功
2021-10-29 09:33:31,814 - basepage.py - [line:103] - INFO - 鼠标光标移动至(//ul[@class="el-dropdown-menu el-popper"])[5]/li[11]元素并点击
2021-10-29 09:33:31,814 - basepage.py - [line:232] - INFO - 移动点击操作成功
2021-10-29 09:33:32,897 - basepage.py - [line:208] - INFO - 点击操作成功
2021-10-29 09:33:33,018 - basepage.py - [line:169] - INFO - 键盘输入后清理
2021-10-29 09:33:33,018 - basepage.py - [line:226] - INFO - 清理操作成功
2021-10-29 09:33:34,153 - basepage.py - [line:215] - INFO - 输入:0000-kzh-clone1成功
2021-10-29 09:33:34,246 - basepage.py - [line:223] - INFO - 输入:james成功
2021-10-29 09:33:35,306 - basepage.py - [line:208] - INFO - 点击操作成功
2021-10-29 09:34:04,846 - basepage.py - [line:97] - INFO - 鼠标光标移动至navBar_item_计算_content元素
2021-10-29 09:34:05,243 - basepage.py - [line:103] - INFO - 鼠标光标移动至navBar_item_计算_content_云服务器元素并点击
2021-10-29 09:34:05,405 - basepage.py - [line:85] - INFO - 点击了//*[@id="tab-vmlist"]元素
2021-10-29 09:34:06,587 - basepage.py - [line:215] - INFO - 输入:0000成功
2021-10-29 09:34:07,651 - basepage.py - [line:208] - INFO - 点击操作成功
2021-10-29 09:34:07,750 - basepage.py - [line:169] - INFO - 键盘输入后清理
2021-10-29 09:34:07,750 - basepage.py - [line:226] - INFO - 清理操作成功
2021-10-29 09:34:08,054 - basepage.py - [line:103] - INFO - 鼠标光标移动至//tbody/tr/td[16]/div/button元素并点击
2021-10-29 09:34:08,054 - basepage.py - [line:232] - INFO - 移动点击操作成功
2021-10-29 09:34:09,186 - basepage.py - [line:208] - INFO - 点击操作成功
2021-10-29 09:34:09,559 - basepage.py - [line:97] - INFO - 鼠标光标移动至//body[@class="theme-white"]/div/div/div[2]/div/div/section/section/div[2]/div[2]/div[2]/div/section/div[3]/div/button元素
2021-10-29 09:34:09,560 - basepage.py - [line:229] - INFO - 移动鼠标操作成功
2021-10-29 09:34:10,410 - basepage.py - [line:103] - INFO - 鼠标光标移动至(//ul[@class="el-dropdown-menu el-popper"])[5]/li[11]元素并点击
2021-10-29 09:34:10,410 - basepage.py - [line:232] - INFO - 移动点击操作成功
2021-10-29 09:34:11,484 - basepage.py - [line:208] - INFO - 点击操作成功
2021-10-29 09:34:11,607 - basepage.py - [line:169] - INFO - 键盘输入后清理
2021-10-29 09:34:11,607 - basepage.py - [line:226] - INFO - 清理操作成功
2021-10-29 09:34:12,738 - basepage.py - [line:215] - INFO - 输入:0000-kzh-clone1成功
2021-10-29 09:34:12,826 - basepage.py - [line:223] - INFO - 输入:0001成功
2021-10-29 09:34:13,871 - basepage.py - [line:208] - INFO - 点击操作成功
2021-10-29 10:18:58,838 - basepage.py - [line:97] - INFO - 鼠标光标移动至navBar_item_计算_content元素
2021-10-29 10:18:59,769 - basepage.py - [line:103] - INFO - 鼠标光标移动至navBar_item_计算_content_云服务器元素并点击
2021-10-29 10:18:59,967 - basepage.py - [line:85] - INFO - 点击了//*[@id="tab-vmlist"]元素
2021-10-29 10:19:01,118 - basepage.py - [line:229] - INFO - 输入:0000成功
2021-10-29 10:19:02,189 - basepage.py - [line:222] - INFO - 点击操作成功
2021-10-29 10:19:02,288 - basepage.py - [line:183] - INFO - 键盘输入后清理
2021-10-29 10:19:02,288 - basepage.py - [line:240] - INFO - 清理操作成功
2021-10-29 10:19:02,593 - basepage.py - [line:103] - INFO - 鼠标光标移动至//tbody/tr/td[16]/div/button元素并点击
2021-10-29 10:19:02,593 - basepage.py - [line:246] - INFO - 移动点击操作成功
2021-10-29 10:19:03,751 - basepage.py - [line:222] - INFO - 点击操作成功
2021-10-29 10:19:04,115 - basepage.py - [line:97] - INFO - 鼠标光标移动至//body[@class="theme-white"]/div/div/div[2]/div/div/section/section/div[2]/div[2]/div[2]/div/section/div[3]/div/button元素
2021-10-29 10:19:04,115 - basepage.py - [line:243] - INFO - 移动鼠标操作成功
2021-10-29 10:19:04,971 - basepage.py - [line:103] - INFO - 鼠标光标移动至(//ul[@class="el-dropdown-menu el-popper"])[5]/li[11]元素并点击
2021-10-29 10:19:04,971 - basepage.py - [line:246] - INFO - 移动点击操作成功
2021-10-29 10:19:06,057 - basepage.py - [line:222] - INFO - 点击操作成功
2021-10-29 10:19:06,192 - basepage.py - [line:183] - INFO - 键盘输入后清理
2021-10-29 10:19:06,192 - basepage.py - [line:240] - INFO - 清理操作成功
2021-10-29 10:19:07,399 - basepage.py - [line:229] - INFO - 输入:0000-kzh-clone1成功
2021-10-29 10:22:20,457 - basepage.py - [line:97] - INFO - 鼠标光标移动至navBar_item_计算_content元素
2021-10-29 10:22:21,045 - basepage.py - [line:103] - INFO - 鼠标光标移动至navBar_item_计算_content_云服务器元素并点击
2021-10-29 10:22:21,216 - basepage.py - [line:85] - INFO - 点击了//*[@id="tab-vmlist"]元素
2021-10-29 10:22:22,392 - basepage.py - [line:229] - INFO - 输入:0000成功
2021-10-29 10:22:23,480 - basepage.py - [line:222] - INFO - 点击操作成功
2021-10-29 10:22:23,642 - basepage.py - [line:183] - INFO - 键盘输入后清理
2021-10-29 10:22:23,643 - basepage.py - [line:240] - INFO - 清理操作成功
2021-10-29 10:22:23,957 - basepage.py - [line:103] - INFO - 鼠标光标移动至//tbody/tr/td[16]/div/button元素并点击
2021-10-29 10:22:23,957 - basepage.py - [line:246] - INFO - 移动点击操作成功
2021-10-29 10:22:25,131 - basepage.py - [line:222] - INFO - 点击操作成功
2021-10-29 10:22:25,523 - basepage.py - [line:97] - INFO - 鼠标光标移动至//body[@class="theme-white"]/div/div/div[2]/div/div/section/section/div[2]/div[2]/div[2]/div/section/div[3]/div/button元素
2021-10-29 10:22:25,523 - basepage.py - [line:243] - INFO - 移动鼠标操作成功
2021-10-29 10:22:26,468 - basepage.py - [line:103] - INFO - 鼠标光标移动至(//ul[@class="el-dropdown-menu el-popper"])[5]/li[11]元素并点击
2021-10-29 10:22:26,468 - basepage.py - [line:246] - INFO - 移动点击操作成功
2021-10-29 10:22:27,644 - basepage.py - [line:222] - INFO - 点击操作成功
2021-10-29 10:22:27,812 - basepage.py - [line:183] - INFO - 键盘输入后清理
2021-10-29 10:22:27,812 - basepage.py - [line:240] - INFO - 清理操作成功
2021-10-29 10:22:28,980 - basepage.py - [line:229] - INFO - 输入:0000-kzh-clone1成功
2021-10-29 10:22:30,056 - basepage.py - [line:222] - INFO - 点击操作成功
2021-10-29 10:25:37,318 - basepage.py - [line:97] - INFO - 鼠标光标移动至navBar_item_计算_content元素
2021-10-29 10:25:37,846 - basepage.py - [line:103] - INFO - 鼠标光标移动至navBar_item_计算_content_云服务器元素并点击
2021-10-29 10:25:37,926 - basepage.py - [line:85] - INFO - 点击了//*[@id="tab-vmlist"]元素
2021-10-29 10:25:39,059 - basepage.py - [line:229] - INFO - 输入:0000成功
2021-10-29 10:25:40,120 - basepage.py - [line:222] - INFO - 点击操作成功
2021-10-29 10:25:40,272 - basepage.py - [line:183] - INFO - 键盘输入后清理
2021-10-29 10:25:40,272 - basepage.py - [line:240] - INFO - 清理操作成功
2021-10-29 10:25:49,471 - basepage.py - [line:103] - INFO - 鼠标光标移动至//tbody/tr/td[16]/div/button元素并点击
2021-10-29 10:25:49,471 - basepage.py - [line:246] - INFO - 移动点击操作成功
2021-10-29 10:25:50,651 - basepage.py - [line:222] - INFO - 点击操作成功
2021-10-29 10:25:51,065 - basepage.py - [line:97] - INFO - 鼠标光标移动至//body[@class="theme-white"]/div/div/div[2]/div/div/section/section/div[2]/div[2]/div[2]/div/section/div[3]/div/button元素
2021-10-29 10:25:51,065 - basepage.py - [line:243] - INFO - 移动鼠标操作成功
2021-10-29 10:25:51,967 - basepage.py - [line:103] - INFO - 鼠标光标移动至(//ul[@class="el-dropdown-menu el-popper"])[5]/li[11]元素并点击
2021-10-29 10:25:51,967 - basepage.py - [line:246] - INFO - 移动点击操作成功
2021-10-29 10:25:53,179 - basepage.py - [line:222] - INFO - 点击操作成功
2021-10-29 10:25:53,356 - basepage.py - [line:183] - INFO - 键盘输入后清理
2021-10-29 10:25:53,357 - basepage.py - [line:240] - INFO - 清理操作成功
2021-10-29 10:25:54,531 - basepage.py - [line:229] - INFO - 输入:0000-kzh-clone1成功
2021-10-29 10:25:55,602 - basepage.py - [line:222] - INFO - 点击操作成功
2021-10-29 10:26:54,502 - basepage.py - [line:97] - INFO - 鼠标光标移动至navBar_item_计算_content元素
2021-10-29 10:26:55,067 - basepage.py - [line:103] - INFO - 鼠标光标移动至navBar_item_计算_content_云服务器元素并点击
2021-10-29 10:26:55,234 - basepage.py - [line:85] - INFO - 点击了//*[@id="tab-vmlist"]元素
2021-10-29 10:26:56,408 - basepage.py - [line:229] - INFO - 输入:0000成功
2021-10-29 10:26:57,480 - basepage.py - [line:222] - INFO - 点击操作成功
2021-10-29 10:26:57,638 - basepage.py - [line:183] - INFO - 键盘输入后清理
2021-10-29 10:26:57,639 - basepage.py - [line:240] - INFO - 清理操作成功
2021-10-29 10:26:57,953 - basepage.py - [line:103] - INFO - 鼠标光标移动至//tbody/tr/td[16]/div/button元素并点击
2021-10-29 10:26:57,954 - basepage.py - [line:246] - INFO - 移动点击操作成功
2021-10-29 10:26:59,114 - basepage.py - [line:222] - INFO - 点击操作成功
2021-10-29 10:26:59,516 - basepage.py - [line:97] - INFO - 鼠标光标移动至//body[@class="theme-white"]/div/div/div[2]/div/div/section/section/div[2]/div[2]/div[2]/div/section/div[3]/div/button元素
2021-10-29 10:26:59,517 - basepage.py - [line:243] - INFO - 移动鼠标操作成功
2021-10-29 10:27:00,400 - basepage.py - [line:103] - INFO - 鼠标光标移动至(//ul[@class="el-dropdown-menu el-popper"])[5]/li[11]元素并点击
2021-10-29 10:27:00,401 - basepage.py - [line:246] - INFO - 移动点击操作成功
2021-10-29 10:27:01,519 - basepage.py - [line:222] - INFO - 点击操作成功
2021-10-29 10:27:01,692 - basepage.py - [line:183] - INFO - 键盘输入后清理
2021-10-29 10:27:01,692 - basepage.py - [line:240] - INFO - 清理操作成功
2021-10-29 10:27:02,866 - basepage.py - [line:229] - INFO - 输入:0000-kzh-clone1成功
2021-10-29 10:27:03,935 - basepage.py - [line:222] - INFO - 点击操作成功
2021-10-29 10:27:04,297 - basepage.py - [line:103] - INFO - 鼠标光标移动至(//span[text()="0001"])元素并点击
2021-10-29 10:27:04,297 - basepage.py - [line:246] - INFO - 移动点击操作成功
2021-10-29 10:27:05,393 - basepage.py - [line:222] - INFO - 点击操作成功
2021-10-29 10:27:35,341 - basepage.py - [line:97] - INFO - 鼠标光标移动至navBar_item_计算_content元素
2021-10-29 10:27:35,878 - basepage.py - [line:103] - INFO - 鼠标光标移动至navBar_item_计算_content_云服务器元素并点击
2021-10-29 10:27:36,049 - basepage.py - [line:85] - INFO - 点击了//*[@id="tab-vmlist"]元素
2021-10-29 10:27:37,234 - basepage.py - [line:229] - INFO - 输入:0000成功
2021-10-29 10:27:38,307 - basepage.py - [line:222] - INFO - 点击操作成功
2021-10-29 10:27:38,456 - basepage.py - [line:183] - INFO - 键盘输入后清理
2021-10-29 10:27:38,456 - basepage.py - [line:240] - INFO - 清理操作成功
2021-10-29 10:27:38,768 - basepage.py - [line:103] - INFO - 鼠标光标移动至//tbody/tr/td[16]/div/button元素并点击
2021-10-29 10:27:38,768 - basepage.py - [line:246] - INFO - 移动点击操作成功
2021-10-29 10:27:39,933 - basepage.py - [line:222] - INFO - 点击操作成功
2021-10-29 10:27:40,328 - basepage.py - [line:97] - INFO - 鼠标光标移动至//body[@class="theme-white"]/div/div/div[2]/div/div/section/section/div[2]/div[2]/div[2]/div/section/div[3]/div/button元素
2021-10-29 10:27:40,329 - basepage.py - [line:243] - INFO - 移动鼠标操作成功
2021-10-29 10:27:41,217 - basepage.py - [line:103] - INFO - 鼠标光标移动至(//ul[@class="el-dropdown-menu el-popper"])[5]/li[11]元素并点击
2021-10-29 10:27:41,218 - basepage.py - [line:246] - INFO - 移动点击操作成功
2021-10-29 10:27:42,311 - basepage.py - [line:222] - INFO - 点击操作成功
2021-10-29 10:27:42,479 - basepage.py - [line:183] - INFO - 键盘输入后清理
2021-10-29 10:27:42,480 - basepage.py - [line:240] - INFO - 清理操作成功
2021-10-29 10:27:43,664 - basepage.py - [line:229] - INFO - 输入:0000-kzh-clone1成功
2021-10-29 10:27:44,733 - basepage.py - [line:222] - INFO - 点击操作成功
2021-10-29 10:27:45,595 - basepage.py - [line:103] - INFO - 鼠标光标移动至(//span[text()="0001"])元素并点击
2021-10-29 10:27:45,595 - basepage.py - [line:246] - INFO - 移动点击操作成功
2021-10-29 10:27:46,706 - basepage.py - [line:222] - INFO - 点击操作成功
2021-10-29 10:27:47,547 - basepage.py - [line:103] - INFO - 鼠标光标移动至//span[text()="p00l-0001"]元素并点击
2021-10-29 10:27:47,547 - basepage.py - [line:246] - INFO - 移动点击操作成功
2021-10-29 10:27:48,624 - basepage.py - [line:222] - INFO - 点击操作成功
2021-10-29 10:30:47,622 - basepage.py - [line:97] - INFO - 鼠标光标移动至navBar_item_计算_content元素
2021-10-29 10:30:48,186 - basepage.py - [line:103] - INFO - 鼠标光标移动至navBar_item_计算_content_云服务器元素并点击
2021-10-29 10:30:48,296 - basepage.py - [line:85] - INFO - 点击了//*[@id="tab-vmlist"]元素
2021-10-29 10:30:49,418 - basepage.py - [line:229] - INFO - 输入:0000成功
2021-10-29 10:30:50,491 - basepage.py - [line:222] - INFO - 点击操作成功
2021-10-29 10:30:50,644 - basepage.py - [line:183] - INFO - 键盘输入后清理
2021-10-29 10:30:50,644 - basepage.py - [line:240] - INFO - 清理操作成功
2021-10-29 10:30:56,684 - basepage.py - [line:103] - INFO - 鼠标光标移动至//tbody/tr/td[16]/div/button元素并点击
2021-10-29 10:30:56,684 - basepage.py - [line:246] - INFO - 移动点击操作成功
2021-10-29 10:30:57,850 - basepage.py - [line:222] - INFO - 点击操作成功
2021-10-29 10:30:58,249 - basepage.py - [line:97] - INFO - 鼠标光标移动至//body[@class="theme-white"]/div/div/div[2]/div/div/section/section/div[2]/div[2]/div[2]/div/section/div[3]/div/button元素
2021-10-29 10:30:58,249 - basepage.py - [line:243] - INFO - 移动鼠标操作成功
2021-10-29 10:30:59,141 - basepage.py - [line:103] - INFO - 鼠标光标移动至(//ul[@class="el-dropdown-menu el-popper"])[5]/li[11]元素并点击
2021-10-29 10:30:59,141 - basepage.py - [line:246] - INFO - 移动点击操作成功
2021-10-29 10:31:00,253 - basepage.py - [line:222] - INFO - 点击操作成功
2021-10-29 10:31:00,420 - basepage.py - [line:183] - INFO - 键盘输入后清理
2021-10-29 10:31:00,420 - basepage.py - [line:240] - INFO - 清理操作成功
2021-10-29 10:31:01,598 - basepage.py - [line:229] - INFO - 输入:0000-kzh-clone1成功
2021-10-29 10:31:02,667 - basepage.py - [line:222] - INFO - 点击操作成功
2021-10-29 10:31:03,544 - basepage.py - [line:103] - INFO - 鼠标光标移动至(//span[text()="0001"])元素并点击
2021-10-29 10:31:03,544 - basepage.py - [line:246] - INFO - 移动点击操作成功
2021-10-29 10:31:04,643 - basepage.py - [line:222] - INFO - 点击操作成功
2021-10-29 10:31:05,485 - basepage.py - [line:103] - INFO - 鼠标光标移动至//span[text()="p00l-0001"]元素并点击
2021-10-29 10:31:05,485 - basepage.py - [line:246] - INFO - 移动点击操作成功
2021-10-29 10:31:06,571 - basepage.py - [line:222] - INFO - 点击操作成功
2021-10-29 10:31:07,668 - basepage.py - [line:222] - INFO - 点击操作成功
2021-10-29 10:31:07,722 - basepage.py - [line:250] - INFO - 获取文本信息:text成功
2021-10-29 10:34:08,217 - basepage.py - [line:97] - INFO - 鼠标光标移动至navBar_item_计算_content元素
2021-10-29 10:34:08,790 - basepage.py - [line:103] - INFO - 鼠标光标移动至navBar_item_计算_content_云服务器元素并点击
2021-10-29 10:34:08,952 - basepage.py - [line:85] - INFO - 点击了//*[@id="tab-vmlist"]元素
2021-10-29 10:34:10,151 - basepage.py - [line:229] - INFO - 输入:0000成功
2021-10-29 10:34:11,221 - basepage.py - [line:222] - INFO - 点击操作成功
2021-10-29 10:34:11,383 - basepage.py - [line:183] - INFO - 键盘输入后清理
2021-10-29 10:34:11,384 - basepage.py - [line:240] - INFO - 清理操作成功
2021-10-29 10:34:11,714 - basepage.py - [line:103] - INFO - 鼠标光标移动至//tbody/tr/td[16]/div/button元素并点击
2021-10-29 10:34:11,715 - basepage.py - [line:246] - INFO - 移动点击操作成功
2021-10-29 10:34:12,877 - basepage.py - [line:222] - INFO - 点击操作成功
2021-10-29 10:34:13,273 - basepage.py - [line:97] - INFO - 鼠标光标移动至//body[@class="theme-white"]/div/div/div[2]/div/div/section/section/div[2]/div[2]/div[2]/div/section/div[3]/div/button元素
2021-10-29 10:34:13,274 - basepage.py - [line:243] - INFO - 移动鼠标操作成功
2021-10-29 10:34:14,149 - basepage.py - [line:103] - INFO - 鼠标光标移动至(//ul[@class="el-dropdown-menu el-popper"])[5]/li[11]元素并点击
2021-10-29 10:34:14,149 - basepage.py - [line:246] - INFO - 移动点击操作成功
2021-10-29 10:34:15,259 - basepage.py - [line:222] - INFO - 点击操作成功
2021-10-29 10:34:15,427 - basepage.py - [line:183] - INFO - 键盘输入后清理
2021-10-29 10:34:15,428 - basepage.py - [line:240] - INFO - 清理操作成功
2021-10-29 10:34:16,602 - basepage.py - [line:229] - INFO - 输入:0000-kzh-clone1成功
2021-10-29 10:34:17,681 - basepage.py - [line:222] - INFO - 点击操作成功
2021-10-29 10:34:18,555 - basepage.py - [line:103] - INFO - 鼠标光标移动至(//span[text()="0001"])元素并点击
2021-10-29 10:34:18,555 - basepage.py - [line:246] - INFO - 移动点击操作成功
2021-10-29 10:34:19,664 - basepage.py - [line:222] - INFO - 点击操作成功
2021-10-29 10:34:20,518 - basepage.py - [line:103] - INFO - 鼠标光标移动至//span[text()="p00l-0001"]元素并点击
2021-10-29 10:34:20,518 - basepage.py - [line:246] - INFO - 移动点击操作成功
2021-10-29 10:34:21,613 - basepage.py - [line:222] - INFO - 点击操作成功
2021-10-29 10:34:22,708 - basepage.py - [line:222] - INFO - 点击操作成功
2021-10-29 10:34:22,765 - basepage.py - [line:250] - INFO - 获取文本信息:text成功
2021-10-29 10:36:06,961 - basepage.py - [line:97] - INFO - 鼠标光标移动至navBar_item_计算_content元素
2021-10-29 10:36:07,522 - basepage.py - [line:103] - INFO - 鼠标光标移动至navBar_item_计算_content_云服务器元素并点击
2021-10-29 10:36:07,589 - basepage.py - [line:85] - INFO - 点击了//*[@id="tab-vmlist"]元素
2021-10-29 10:36:08,724 - basepage.py - [line:229] - INFO - 输入:0000成功
2021-10-29 10:36:09,791 - basepage.py - [line:222] - INFO - 点击操作成功
2021-10-29 10:36:09,938 - basepage.py - [line:183] - INFO - 键盘输入后清理
2021-10-29 10:36:09,938 - basepage.py - [line:240] - INFO - 清理操作成功
2021-10-29 10:36:17,024 - basepage.py - [line:103] - INFO - 鼠标光标移动至//tbody/tr/td[16]/div/button元素并点击
2021-10-29 10:36:17,024 - basepage.py - [line:246] - INFO - 移动点击操作成功
2021-10-29 10:36:18,178 - basepage.py - [line:222] - INFO - 点击操作成功
2021-10-29 10:36:18,577 - basepage.py - [line:97] - INFO - 鼠标光标移动至//body[@class="theme-white"]/div/div/div[2]/div/div/section/section/div[2]/div[2]/div[2]/div/section/div[3]/div/button元素
2021-10-29 10:36:18,577 - basepage.py - [line:243] - INFO - 移动鼠标操作成功
2021-10-29 10:36:19,457 - basepage.py - [line:103] - INFO - 鼠标光标移动至(//ul[@class="el-dropdown-menu el-popper"])[5]/li[11]元素并点击
2021-10-29 10:36:19,458 - basepage.py - [line:246] - INFO - 移动点击操作成功
2021-10-29 10:36:20,567 - basepage.py - [line:222] - INFO - 点击操作成功
2021-10-29 10:36:20,731 - basepage.py - [line:183] - INFO - 键盘输入后清理
2021-10-29 10:36:20,731 - basepage.py - [line:240] - INFO - 清理操作成功
2021-10-29 10:36:21,960 - basepage.py - [line:229] - INFO - 输入:0000-kzh-clone1成功
2021-10-29 10:36:23,125 - basepage.py - [line:222] - INFO - 点击操作成功
2021-10-29 10:36:23,991 - basepage.py - [line:103] - INFO - 鼠标光标移动至(//span[text()="0001"])元素并点击
2021-10-29 10:36:23,992 - basepage.py - [line:246] - INFO - 移动点击操作成功
2021-10-29 10:36:25,093 - basepage.py - [line:222] - INFO - 点击操作成功
2021-10-29 10:36:25,951 - basepage.py - [line:103] - INFO - 鼠标光标移动至//span[text()="p00l-0001"]元素并点击
2021-10-29 10:36:25,952 - basepage.py - [line:246] - INFO - 移动点击操作成功
2021-10-29 10:36:27,033 - basepage.py - [line:222] - INFO - 点击操作成功
2021-10-29 10:36:28,123 - basepage.py - [line:222] - INFO - 点击操作成功
2021-10-29 10:36:28,180 - basepage.py - [line:250] - INFO - 获取文本信息:text成功
2021-10-29 10:39:05,391 - basepage.py - [line:97] - INFO - 鼠标光标移动至navBar_item_计算_content元素
2021-10-29 10:39:21,137 - basepage.py - [line:97] - INFO - 鼠标光标移动至navBar_item_计算_content元素
2021-10-29 10:39:47,158 - basepage.py - [line:97] - INFO - 鼠标光标移动至navBar_item_计算_content元素
2021-10-29 10:39:47,545 - basepage.py - [line:103] - INFO - 鼠标光标移动至navBar_item_计算_content_云服务器元素并点击
2021-10-29 10:39:48,420 - basepage.py - [line:85] - INFO - 点击了//*[@id="tab-vmlist"]元素
2021-10-29 10:39:49,585 - basepage.py - [line:229] - INFO - 输入:0000成功
2021-10-29 10:39:50,658 - basepage.py - [line:222] - INFO - 点击操作成功
2021-10-29 10:39:50,814 - basepage.py - [line:183] - INFO - 键盘输入后清理
2021-10-29 10:39:50,815 - basepage.py - [line:240] - INFO - 清理操作成功
2021-10-29 10:39:51,146 - basepage.py - [line:103] - INFO - 鼠标光标移动至//tbody/tr/td[16]/div/button元素并点击
2021-10-29 10:39:51,146 - basepage.py - [line:246] - INFO - 移动点击操作成功
2021-10-29 10:39:52,310 - basepage.py - [line:222] - INFO - 点击操作成功
2021-10-29 10:39:52,714 - basepage.py - [line:97] - INFO - 鼠标光标移动至//body[@class="theme-white"]/div/div/div[2]/div/div/section/section/div[2]/div[2]/div[2]/div/section/div[3]/div/button元素
2021-10-29 10:39:52,714 - basepage.py - [line:243] - INFO - 移动鼠标操作成功
2021-10-29 10:39:53,602 - basepage.py - [line:103] - INFO - 鼠标光标移动至(//ul[@class="el-dropdown-menu el-popper"])[5]/li[11]元素并点击
2021-10-29 10:39:53,602 - basepage.py - [line:246] - INFO - 移动点击操作成功
2021-10-29 10:39:54,713 - basepage.py - [line:222] - INFO - 点击操作成功
2021-10-29 10:39:54,875 - basepage.py - [line:183] - INFO - 键盘输入后清理
2021-10-29 10:39:54,875 - basepage.py - [line:240] - INFO - 清理操作成功
2021-10-29 10:39:56,057 - basepage.py - [line:229] - INFO - 输入:0000-kzh-clone1成功
2021-10-29 10:39:57,133 - basepage.py - [line:222] - INFO - 点击操作成功
2021-10-29 10:39:58,001 - basepage.py - [line:103] - INFO - 鼠标光标移动至(//span[text()="0001"])元素并点击
2021-10-29 10:39:58,002 - basepage.py - [line:246] - INFO - 移动点击操作成功
2021-10-29 10:39:59,102 - basepage.py - [line:222] - INFO - 点击操作成功
2021-10-29 10:39:59,956 - basepage.py - [line:103] - INFO - 鼠标光标移动至//span[text()="p00l-0001"]元素并点击
2021-10-29 10:39:59,956 - basepage.py - [line:246] - INFO - 移动点击操作成功
2021-10-29 10:40:01,032 - basepage.py - [line:222] - INFO - 点击操作成功
2021-10-29 10:40:02,120 - basepage.py - [line:222] - INFO - 点击操作成功
2021-10-29 10:40:02,175 - basepage.py - [line:250] - INFO - 获取文本信息:text成功
2021-10-29 10:44:25,025 - basepage.py - [line:97] - INFO - 鼠标光标移动至navBar_item_计算_content元素
2021-10-29 10:44:25,530 - basepage.py - [line:103] - INFO - 鼠标光标移动至navBar_item_计算_content_云服务器元素并点击
2021-10-29 10:44:25,701 - basepage.py - [line:85] - INFO - 点击了//*[@id="tab-vmlist"]元素
2021-10-29 10:44:26,878 - basepage.py - [line:229] - INFO - 输入:0000成功
2021-10-29 10:44:27,963 - basepage.py - [line:222] - INFO - 点击操作成功
2021-10-29 10:44:28,126 - basepage.py - [line:183] - INFO - 键盘输入后清理
2021-10-29 10:44:28,126 - basepage.py - [line:240] - INFO - 清理操作成功
2021-10-29 10:44:28,444 - basepage.py - [line:103] - INFO - 鼠标光标移动至//tbody/tr/td[16]/div/button元素并点击
2021-10-29 10:44:28,444 - basepage.py - [line:246] - INFO - 移动点击操作成功
2021-10-29 10:44:29,608 - basepage.py - [line:222] - INFO - 点击操作成功
2021-10-29 10:44:30,037 - basepage.py - [line:97] - INFO - 鼠标光标移动至//body[@class="theme-white"]/div/div/div[2]/div/div/section/section/div[2]/div[2]/div[2]/div/section/div[3]/div/button元素
2021-10-29 10:44:30,037 - basepage.py - [line:243] - INFO - 移动鼠标操作成功
2021-10-29 10:44:30,920 - basepage.py - [line:103] - INFO - 鼠标光标移动至(//ul[@class="el-dropdown-menu el-popper"])[5]/li[11]元素并点击
2021-10-29 10:44:30,920 - basepage.py - [line:246] - INFO - 移动点击操作成功
2021-10-29 10:44:32,036 - basepage.py - [line:222] - INFO - 点击操作成功
2021-10-29 10:44:32,202 - basepage.py - [line:183] - INFO - 键盘输入后清理
2021-10-29 10:44:32,203 - basepage.py - [line:240] - INFO - 清理操作成功
2021-10-29 10:44:33,409 - basepage.py - [line:229] - INFO - 输入:0000-kzh-clone1成功
2021-10-29 10:44:34,474 - basepage.py - [line:222] - INFO - 点击操作成功
2021-10-29 10:44:34,833 - basepage.py - [line:103] - INFO - 鼠标光标移动至(//span[text()="0001"])元素并点击
2021-10-29 10:44:34,833 - basepage.py - [line:246] - INFO - 移动点击操作成功
2021-10-29 10:44:35,934 - basepage.py - [line:222] - INFO - 点击操作成功
2021-10-29 10:44:48,960 - basepage.py - [line:97] - INFO - 鼠标光标移动至navBar_item_计算_content元素
2021-10-29 10:44:49,433 - basepage.py - [line:103] - INFO - 鼠标光标移动至navBar_item_计算_content_云服务器元素并点击
2021-10-29 10:44:49,587 - basepage.py - [line:85] - INFO - 点击了//*[@id="tab-vmlist"]元素
2021-10-29 10:44:50,759 - basepage.py - [line:229] - INFO - 输入:0000成功
2021-10-29 10:44:51,834 - basepage.py - [line:222] - INFO - 点击操作成功
2021-10-29 10:44:51,983 - basepage.py - [line:183] - INFO - 键盘输入后清理
2021-10-29 10:44:51,983 - basepage.py - [line:240] - INFO - 清理操作成功
2021-10-29 10:44:52,305 - basepage.py - [line:103] - INFO - 鼠标光标移动至//tbody/tr/td[16]/div/button元素并点击
2021-10-29 10:44:52,305 - basepage.py - [line:246] - INFO - 移动点击操作成功
2021-10-29 10:44:53,464 - basepage.py - [line:222] - INFO - 点击操作成功
2021-10-29 10:44:53,883 - basepage.py - [line:97] - INFO - 鼠标光标移动至//body[@class="theme-white"]/div/div/div[2]/div/div/section/section/div[2]/div[2]/div[2]/div/section/div[3]/div/button元素
2021-10-29 10:44:53,883 - basepage.py - [line:243] - INFO - 移动鼠标操作成功
2021-10-29 10:44:54,764 - basepage.py - [line:103] - INFO - 鼠标光标移动至(//ul[@class="el-dropdown-menu el-popper"])[5]/li[11]元素并点击
2021-10-29 10:44:54,764 - basepage.py - [line:246] - INFO - 移动点击操作成功
2021-10-29 10:44:55,869 - basepage.py - [line:222] - INFO - 点击操作成功
2021-10-29 10:44:56,033 - basepage.py - [line:183] - INFO - 键盘输入后清理
2021-10-29 10:44:56,033 - basepage.py - [line:240] - INFO - 清理操作成功
2021-10-29 10:44:57,196 - basepage.py - [line:229] - INFO - 输入:0000-kzh-clone1成功
2021-10-29 10:44:58,275 - basepage.py - [line:222] - INFO - 点击操作成功
2021-10-29 10:44:59,142 - basepage.py - [line:103] - INFO - 鼠标光标移动至(//span[text()="0001"])元素并点击
2021-10-29 10:44:59,143 - basepage.py - [line:246] - INFO - 移动点击操作成功
2021-10-29 10:45:00,250 - basepage.py - [line:222] - INFO - 点击操作成功
2021-10-29 10:45:01,091 - basepage.py - [line:103] - INFO - 鼠标光标移动至//span[text()="p00l-0001"]元素并点击
2021-10-29 10:45:01,091 - basepage.py - [line:246] - INFO - 移动点击操作成功
2021-10-29 10:45:02,174 - basepage.py - [line:222] - INFO - 点击操作成功
2021-10-29 10:45:03,265 - basepage.py - [line:222] - INFO - 点击操作成功
2021-10-29 10:45:03,320 - basepage.py - [line:250] - INFO - 获取文本信息:text成功
2021-10-29 10:46:54,865 - basepage.py - [line:97] - INFO - 鼠标光标移动至navBar_item_计算_content元素
2021-10-29 10:46:55,426 - basepage.py - [line:103] - INFO - 鼠标光标移动至navBar_item_计算_content_云服务器元素并点击
2021-10-29 10:46:55,581 - basepage.py - [line:85] - INFO - 点击了//*[@id="tab-vmlist"]元素
2021-10-29 10:46:56,750 - basepage.py - [line:229] - INFO - 输入:0000成功
2021-10-29 10:46:57,835 - basepage.py - [line:222] - INFO - 点击操作成功
2021-10-29 10:46:57,998 - basepage.py - [line:183] - INFO - 键盘输入后清理
2021-10-29 10:46:57,998 - basepage.py - [line:240] - INFO - 清理操作成功
2021-10-29 10:46:58,327 - basepage.py - [line:103] - INFO - 鼠标光标移动至//tbody/tr/td[16]/div/button元素并点击
2021-10-29 10:46:58,327 - basepage.py - [line:246] - INFO - 移动点击操作成功
2021-10-29 10:46:59,482 - basepage.py - [line:222] - INFO - 点击操作成功
2021-10-29 10:46:59,884 - basepage.py - [line:97] - INFO - 鼠标光标移动至//body[@class="theme-white"]/div/div/div[2]/div/div/section/section/div[2]/div[2]/div[2]/div/section/div[3]/div/button元素
2021-10-29 10:46:59,884 - basepage.py - [line:243] - INFO - 移动鼠标操作成功
2021-10-29 10:47:00,783 - basepage.py - [line:103] - INFO - 鼠标光标移动至(//ul[@class="el-dropdown-menu el-popper"])[5]/li[11]元素并点击
2021-10-29 10:47:00,783 - basepage.py - [line:246] - INFO - 移动点击操作成功
2021-10-29 10:47:30,794 - basepage.py - [line:97] - INFO - 鼠标光标移动至navBar_item_计算_content元素
2021-10-29 10:47:31,279 - basepage.py - [line:103] - INFO - 鼠标光标移动至navBar_item_计算_content_云服务器元素并点击
2021-10-29 10:47:31,425 - basepage.py - [line:85] - INFO - 点击了//*[@id="tab-vmlist"]元素
2021-10-29 10:47:32,625 - basepage.py - [line:229] - INFO - 输入:0000成功
2021-10-29 10:47:33,709 - basepage.py - [line:222] - INFO - 点击操作成功
2021-10-29 10:47:33,869 - basepage.py - [line:183] - INFO - 键盘输入后清理
2021-10-29 10:47:33,869 - basepage.py - [line:240] - INFO - 清理操作成功
2021-10-29 10:47:34,188 - basepage.py - [line:103] - INFO - 鼠标光标移动至//tbody/tr/td[16]/div/button元素并点击
2021-10-29 10:47:34,188 - basepage.py - [line:246] - INFO - 移动点击操作成功
2021-10-29 10:47:35,344 - basepage.py - [line:222] - INFO - 点击操作成功
2021-10-29 10:47:35,761 - basepage.py - [line:97] - INFO - 鼠标光标移动至//body[@class="theme-white"]/div/div/div[2]/div/div/section/section/div[2]/div[2]/div[2]/div/section/div[3]/div/button元素
2021-10-29 10:47:35,761 - basepage.py - [line:243] - INFO - 移动鼠标操作成功
2021-10-29 10:47:36,670 - basepage.py - [line:103] - INFO - 鼠标光标移动至(//ul[@class="el-dropdown-menu el-popper"])[5]/li[11]元素并点击
2021-10-29 10:47:36,670 - basepage.py - [line:246] - INFO - 移动点击操作成功
2021-10-29 10:47:37,053 - basepage.py - [line:103] - INFO - 鼠标光标移动至(//span[@class='el-switch__core'])[2]元素并点击
2021-10-29 10:47:37,053 - basepage.py - [line:246] - INFO - 移动点击操作成功
2021-10-29 10:47:37,223 - basepage.py - [line:183] - INFO - 键盘输入后清理
2021-10-29 10:47:37,223 - basepage.py - [line:240] - INFO - 清理操作成功
2021-10-29 10:47:38,392 - basepage.py - [line:229] - INFO - 输入:0000-kzh-clone1成功
2021-10-29 10:47:39,465 - basepage.py - [line:222] - INFO - 点击操作成功
2021-10-29 10:47:40,346 - basepage.py - [line:103] - INFO - 鼠标光标移动至(//span[text()="0001"])元素并点击
2021-10-29 10:47:40,346 - basepage.py - [line:246] - INFO - 移动点击操作成功
2021-10-29 10:47:41,456 - basepage.py - [line:222] - INFO - 点击操作成功
2021-10-29 10:47:42,311 - basepage.py - [line:103] - INFO - 鼠标光标移动至//span[text()="p00l-0001"]元素并点击
2021-10-29 10:47:42,311 - basepage.py - [line:246] - INFO - 移动点击操作成功
2021-10-29 10:47:43,404 - basepage.py - [line:222] - INFO - 点击操作成功
2021-10-29 10:47:44,528 - basepage.py - [line:222] - INFO - 点击操作成功
2021-10-29 10:47:44,638 - basepage.py - [line:250] - INFO - 获取文本信息:text成功
2021-10-29 10:48:59,982 - basepage.py - [line:97] - INFO - 鼠标光标移动至navBar_item_计算_content元素
2021-10-29 10:49:00,540 - basepage.py - [line:103] - INFO - 鼠标光标移动至navBar_item_计算_content_云服务器元素并点击
2021-10-29 10:49:00,701 - basepage.py - [line:85] - INFO - 点击了//*[@id="tab-vmlist"]元素
2021-10-29 10:49:01,883 - basepage.py - [line:229] - INFO - 输入:0000成功
2021-10-29 10:49:02,956 - basepage.py - [line:222] - INFO - 点击操作成功
2021-10-29 10:49:03,115 - basepage.py - [line:183] - INFO - 键盘输入后清理
2021-10-29 10:49:03,116 - basepage.py - [line:240] - INFO - 清理操作成功
2021-10-29 10:49:03,444 - basepage.py - [line:103] - INFO - 鼠标光标移动至//tbody/tr/td[16]/div/button元素并点击
2021-10-29 10:49:03,445 - basepage.py - [line:246] - INFO - 移动点击操作成功
2021-10-29 10:49:04,620 - basepage.py - [line:222] - INFO - 点击操作成功
2021-10-29 10:49:05,040 - basepage.py - [line:97] - INFO - 鼠标光标移动至//body[@class="theme-white"]/div/div/div[2]/div/div/section/section/div[2]/div[2]/div[2]/div/section/div[3]/div/button元素
2021-10-29 10:49:05,040 - basepage.py - [line:243] - INFO - 移动鼠标操作成功
2021-10-29 10:49:05,941 - basepage.py - [line:103] - INFO - 鼠标光标移动至(//ul[@class="el-dropdown-menu el-popper"])[5]/li[11]元素并点击
2021-10-29 10:49:05,941 - basepage.py - [line:246] - INFO - 移动点击操作成功
2021-10-29 10:49:06,322 - basepage.py - [line:103] - INFO - 鼠标光标移动至(//span[@class='el-switch__core'])[2]元素并点击
2021-10-29 10:49:06,322 - basepage.py - [line:246] - INFO - 移动点击操作成功
2021-10-29 10:49:06,500 - basepage.py - [line:183] - INFO - 键盘输入后清理
2021-10-29 10:49:06,500 - basepage.py - [line:240] - INFO - 清理操作成功
2021-10-29 10:49:07,685 - basepage.py - [line:229] - INFO - 输入:0000-kzh-clone1成功
2021-10-29 10:49:08,767 - basepage.py - [line:222] - INFO - 点击操作成功
2021-10-29 10:49:09,647 - basepage.py - [line:103] - INFO - 鼠标光标移动至(//span[text()="0001"])元素并点击
2021-10-29 10:49:09,647 - basepage.py - [line:246] - INFO - 移动点击操作成功
2021-10-29 10:49:10,745 - basepage.py - [line:222] - INFO - 点击操作成功
2021-10-29 10:49:11,599 - basepage.py - [line:103] - INFO - 鼠标光标移动至//span[text()="p00l-0001"]元素并点击
2021-10-29 10:49:11,599 - basepage.py - [line:246] - INFO - 移动点击操作成功
2021-10-29 10:49:12,694 - basepage.py - [line:222] - INFO - 点击操作成功
2021-10-29 10:49:13,779 - basepage.py - [line:222] - INFO - 点击操作成功
2021-10-29 10:49:54,364 - basepage.py - [line:250] - INFO - 获取文本信息:text成功
2021-10-29 10:51:49,338 - basepage.py - [line:97] - INFO - 鼠标光标移动至navBar_item_计算_content元素
2021-10-29 10:51:49,933 - basepage.py - [line:103] - INFO - 鼠标光标移动至navBar_item_计算_content_云服务器元素并点击
2021-10-29 10:51:50,092 - basepage.py - [line:85] - INFO - 点击了//*[@id="tab-vmlist"]元素
2021-10-29 10:51:51,294 - basepage.py - [line:229] - INFO - 输入:0000成功
2021-10-29 10:51:52,380 - basepage.py - [line:222] - INFO - 点击操作成功
2021-10-29 10:51:52,539 - basepage.py - [line:183] - INFO - 键盘输入后清理
2021-10-29 10:51:52,540 - basepage.py - [line:240] - INFO - 清理操作成功
2021-10-29 10:51:52,852 - basepage.py - [line:103] - INFO - 鼠标光标移动至//tbody/tr/td[16]/div/button元素并点击
2021-10-29 10:51:52,852 - basepage.py - [line:246] - INFO - 移动点击操作成功
2021-10-29 10:51:54,023 - basepage.py - [line:222] - INFO - 点击操作成功
2021-10-29 10:51:54,441 - basepage.py - [line:97] - INFO - 鼠标光标移动至//body[@class="theme-white"]/div/div/div[2]/div/div/section/section/div[2]/div[2]/div[2]/div/section/div[3]/div/button元素
2021-10-29 10:51:54,441 - basepage.py - [line:243] - INFO - 移动鼠标操作成功
2021-10-29 10:51:55,318 - basepage.py - [line:103] - INFO - 鼠标光标移动至(//ul[@class="el-dropdown-menu el-popper"])[5]/li[11]元素并点击
2021-10-29 10:51:55,319 - basepage.py - [line:246] - INFO - 移动点击操作成功
2021-10-29 10:51:55,695 - basepage.py - [line:103] - INFO - 鼠标光标移动至(//span[@class='el-switch__core'])[2]元素并点击
2021-10-29 10:51:55,695 - basepage.py - [line:246] - INFO - 移动点击操作成功
2021-10-29 10:51:55,860 - basepage.py - [line:183] - INFO - 键盘输入后清理
2021-10-29 10:51:55,860 - basepage.py - [line:240] - INFO - 清理操作成功
2021-10-29 10:51:57,038 - basepage.py - [line:229] - INFO - 输入:0000-kzh-clone1成功
2021-10-29 10:51:58,111 - basepage.py - [line:222] - INFO - 点击操作成功
2021-10-29 10:51:58,981 - basepage.py - [line:103] - INFO - 鼠标光标移动至(//span[text()="0001"])元素并点击
2021-10-29 10:51:58,982 - basepage.py - [line:246] - INFO - 移动点击操作成功
2021-10-29 10:52:00,086 - basepage.py - [line:222] - INFO - 点击操作成功
2021-10-29 10:52:00,948 - basepage.py - [line:103] - INFO - 鼠标光标移动至//span[text()="p00l-0001"]元素并点击
2021-10-29 10:52:00,948 - basepage.py - [line:246] - INFO - 移动点击操作成功
2021-10-29 10:52:02,038 - basepage.py - [line:222] - INFO - 点击操作成功
2021-10-29 10:52:03,130 - basepage.py - [line:222] - INFO - 点击操作成功
2021-10-29 10:52:03,186 - basepage.py - [line:250] - INFO - 获取文本信息:text成功
2021-10-29 14:07:47,479 - basepage.py - [line:97] - INFO - 鼠标光标移动至navBar_item_计算_content元素
2021-10-29 14:07:47,804 - basepage.py - [line:103] - INFO - 鼠标光标移动至navBar_item_计算_content_云服务器元素并点击
2021-10-29 14:09:03,213 - basepage.py - [line:97] - INFO - 鼠标光标移动至navBar_item_计算_content元素
2021-10-29 14:09:03,577 - basepage.py - [line:103] - INFO - 鼠标光标移动至navBar_item_计算_content_云服务器元素并点击
2021-10-29 14:09:04,164 - basepage.py - [line:85] - INFO - 点击了//*[@id="tab-vmlist"]元素
2021-10-29 14:09:05,476 - basepage.py - [line:222] - INFO - 点击操作成功
2021-10-29 14:09:06,689 - basepage.py - [line:222] - INFO - 点击操作成功
2021-10-29 14:09:07,864 - basepage.py - [line:229] - INFO - 输入:0000成功
2021-10-29 14:09:08,929 - basepage.py - [line:222] - INFO - 点击操作成功
2021-10-29 14:09:10,034 - basepage.py - [line:222] - INFO - 点击操作成功
2021-10-29 14:09:11,125 - basepage.py - [line:229] - INFO - 输入:1成功
2021-10-29 14:09:12,194 - basepage.py - [line:222] - INFO - 点击操作成功
2021-10-29 14:11:03,390 - basepage.py - [line:97] - INFO - 鼠标光标移动至navBar_item_计算_content元素
2021-10-29 14:11:03,838 - basepage.py - [line:103] - INFO - 鼠标光标移动至navBar_item_计算_content_云服务器元素并点击
2021-10-29 14:11:04,036 - basepage.py - [line:85] - INFO - 点击了//*[@id="tab-vmlist"]元素
2021-10-29 14:11:04,150 - basepage.py - [line:85] - INFO - 点击了tab-template元素
2021-10-29 14:11:05,228 - basepage.py - [line:229] - INFO - 输入:0000成功
2021-10-29 14:11:06,282 - basepage.py - [line:222] - INFO - 点击操作成功
2021-10-29 14:11:07,358 - basepage.py - [line:229] - INFO - 输入:0000成功
2021-10-29 14:11:08,396 - basepage.py - [line:222] - INFO - 点击操作成功
2021-10-29 16:36:28,162 - basepage.py - [line:97] - INFO - 鼠标光标移动至navBar_item_计算_content元素
2021-10-29 16:36:28,519 - basepage.py - [line:103] - INFO - 鼠标光标移动至navBar_item_计算_content_云服务器元素并点击
2021-10-29 16:36:28,774 - basepage.py - [line:85] - INFO - 点击了//*[@id="tab-vmlist"]元素
2021-10-29 16:36:28,920 - basepage.py - [line:85] - INFO - 点击了tab-template元素
2021-10-29 16:42:17,020 - basepage.py - [line:97] - INFO - 鼠标光标移动至navBar_item_计算_content元素
2021-10-29 16:42:17,502 - basepage.py - [line:103] - INFO - 鼠标光标移动至navBar_item_计算_content_云服务器元素并点击
2021-10-29 16:42:17,721 - basepage.py - [line:85] - INFO - 点击了//*[@id="tab-vmlist"]元素
2021-10-29 16:42:17,841 - basepage.py - [line:85] - INFO - 点击了tab-template元素
2021-10-29 16:42:57,901 - basepage.py - [line:97] - INFO - 鼠标光标移动至navBar_item_计算_content元素
2021-10-29 16:42:58,386 - basepage.py - [line:103] - INFO - 鼠标光标移动至navBar_item_计算_content_云服务器元素并点击
2021-10-29 16:42:58,670 - basepage.py - [line:85] - INFO - 点击了//*[@id="tab-vmlist"]元素
2021-10-29 16:42:58,801 - basepage.py - [line:85] - INFO - 点击了tab-template元素
2021-10-29 16:42:59,939 - basepage.py - [line:229] - INFO - 输入:0000成功
2021-10-29 16:43:01,008 - basepage.py - [line:222] - INFO - 点击操作成功
2021-10-29 16:43:01,149 - basepage.py - [line:183] - INFO - 键盘输入后清理
2021-10-29 16:43:01,150 - basepage.py - [line:240] - INFO - 清理操作成功
2021-10-29 16:43:02,252 - basepage.py - [line:222] - INFO - 点击操作成功
2021-10-29 16:43:03,491 - basepage.py - [line:222] - INFO - 点击操作成功
2021-10-29 16:43:03,764 - basepage.py - [line:183] - INFO - 键盘输入后清理
2021-10-29 16:43:03,764 - basepage.py - [line:240] - INFO - 清理操作成功
2021-10-29 16:43:05,093 - basepage.py - [line:229] - INFO - 输入:moudel-VM1成功
2021-10-29 16:43:06,192 - basepage.py - [line:222] - INFO - 点击操作成功
2021-10-29 16:43:06,535 - basepage.py - [line:103] - INFO - 鼠标光标移动至//span[text()='kobe']元素并点击
2021-10-29 16:43:06,535 - basepage.py - [line:246] - INFO - 移动点击操作成功
2021-10-29 16:43:06,885 - basepage.py - [line:103] - INFO - 鼠标光标移动至(//span[text()='default'])[2]元素并点击
2021-10-29 16:43:06,886 - basepage.py - [line:246] - INFO - 移动点击操作成功
2021-10-29 16:51:06,737 - basepage.py - [line:97] - INFO - 鼠标光标移动至navBar_item_计算_content元素
2021-10-29 16:51:07,250 - basepage.py - [line:103] - INFO - 鼠标光标移动至navBar_item_计算_content_云服务器元素并点击
2021-10-29 16:51:07,533 - basepage.py - [line:85] - INFO - 点击了//*[@id="tab-vmlist"]元素
2021-10-29 16:51:07,649 - basepage.py - [line:85] - INFO - 点击了tab-template元素
2021-10-29 16:51:08,778 - basepage.py - [line:229] - INFO - 输入:0000成功
2021-10-29 16:51:09,837 - basepage.py - [line:222] - INFO - 点击操作成功
2021-10-29 16:51:09,993 - basepage.py - [line:183] - INFO - 键盘输入后清理
2021-10-29 16:51:09,993 - basepage.py - [line:240] - INFO - 清理操作成功
2021-10-29 16:51:11,090 - basepage.py - [line:222] - INFO - 点击操作成功
2021-10-29 16:51:12,332 - basepage.py - [line:222] - INFO - 点击操作成功
2021-10-29 16:51:12,603 - basepage.py - [line:183] - INFO - 键盘输入后清理
2021-10-29 16:51:12,603 - basepage.py - [line:240] - INFO - 清理操作成功
2021-10-29 16:51:13,909 - basepage.py - [line:229] - INFO - 输入:moudel-VM1成功
2021-10-29 16:51:15,003 - basepage.py - [line:222] - INFO - 点击操作成功
2021-10-29 16:51:15,868 - basepage.py - [line:103] - INFO - 鼠标光标移动至//span[text()='kobe']元素并点击
2021-10-29 16:51:15,868 - basepage.py - [line:246] - INFO - 移动点击操作成功
2021-10-29 16:51:16,215 - basepage.py - [line:103] - INFO - 鼠标光标移动至(//span[text()='default'])[2]元素并点击
2021-10-29 16:51:16,215 - basepage.py - [line:246] - INFO - 移动点击操作成功
2021-10-29 16:51:17,310 - basepage.py - [line:222] - INFO - 点击操作成功
2021-10-29 16:51:18,907 - basepage.py - [line:250] - INFO - 获取文本信息:text成功
2021-10-29 16:51:19,971 - basepage.py - [line:222] - INFO - 点击操作成功
2021-10-29 16:51:21,077 - basepage.py - [line:229] - INFO - 输入:0000成功
2021-10-29 16:51:22,146 - basepage.py - [line:222] - INFO - 点击操作成功
2021-10-29 16:51:22,291 - basepage.py - [line:183] - INFO - 键盘输入后清理
2021-10-29 16:51:22,291 - basepage.py - [line:240] - INFO - 清理操作成功
2021-10-29 16:51:23,385 - basepage.py - [line:222] - INFO - 点击操作成功
2021-10-29 16:51:24,576 - basepage.py - [line:222] - INFO - 点击操作成功
2021-10-29 16:51:24,903 - basepage.py - [line:183] - INFO - 键盘输入后清理
2021-10-29 16:51:24,903 - basepage.py - [line:240] - INFO - 清理操作成功
2021-10-29 16:51:26,219 - basepage.py - [line:229] - INFO - 输入:moudel-VM1成功
2021-10-29 16:51:27,301 - basepage.py - [line:222] - INFO - 点击操作成功
2021-10-29 16:51:28,165 - basepage.py - [line:103] - INFO - 鼠标光标移动至//span[text()='kobe']元素并点击
2021-10-29 16:51:28,165 - basepage.py - [line:246] - INFO - 移动点击操作成功
2021-10-29 16:51:28,511 - basepage.py - [line:103] - INFO - 鼠标光标移动至(//span[text()='default'])[2]元素并点击
2021-10-29 16:51:28,512 - basepage.py - [line:246] - INFO - 移动点击操作成功
2021-10-29 16:51:29,613 - basepage.py - [line:222] - INFO - 点击操作成功
2021-10-29 16:51:30,717 - basepage.py - [line:250] - INFO - 获取文本信息:text成功
2021-10-29 16:51:31,777 - basepage.py - [line:222] - INFO - 点击操作成功
2021-10-29 17:18:13,132 - basepage.py - [line:97] - INFO - 鼠标光标移动至navBar_item_计算_content元素
2021-10-29 17:18:13,607 - basepage.py - [line:103] - INFO - 鼠标光标移动至navBar_item_计算_content_云服务器元素并点击
2021-10-29 17:18:14,232 - basepage.py - [line:85] - INFO - 点击了//*[@id="tab-vmlist"]元素
2021-10-29 17:18:14,353 - basepage.py - [line:85] - INFO - 点击了tab-template元素
2021-10-29 17:18:15,469 - basepage.py - [line:229] - INFO - 输入:0000成功
2021-10-29 17:18:16,534 - basepage.py - [line:222] - INFO - 点击操作成功
2021-10-29 17:18:16,681 - basepage.py - [line:183] - INFO - 键盘输入后清理
2021-10-29 17:18:16,681 - basepage.py - [line:240] - INFO - 清理操作成功
2021-10-29 17:18:17,768 - basepage.py - [line:222] - INFO - 点击操作成功
2021-10-29 17:18:18,957 - basepage.py - [line:222] - INFO - 点击操作成功
2021-10-29 17:18:19,297 - basepage.py - [line:183] - INFO - 键盘输入后清理
2021-10-29 17:18:19,298 - basepage.py - [line:240] - INFO - 清理操作成功
2021-10-29 17:18:20,594 - basepage.py - [line:229] - INFO - 输入:moudel-VM1成功
2021-10-29 17:18:21,684 - basepage.py - [line:222] - INFO - 点击操作成功
2021-10-29 17:18:22,557 - basepage.py - [line:103] - INFO - 鼠标光标移动至//span[text()='kobe']元素并点击
2021-10-29 17:18:22,557 - basepage.py - [line:246] - INFO - 移动点击操作成功
2021-10-29 17:18:22,900 - basepage.py - [line:103] - INFO - 鼠标光标移动至(//span[text()='default'])[2]元素并点击
2021-10-29 17:18:22,900 - basepage.py - [line:246] - INFO - 移动点击操作成功
2021-10-29 17:18:23,995 - basepage.py - [line:222] - INFO - 点击操作成功
2021-10-29 17:18:25,103 - basepage.py - [line:250] - INFO - 获取文本信息:text成功
2021-10-29 17:18:26,163 - basepage.py - [line:222] - INFO - 点击操作成功
2021-10-29 17:26:08,330 - basepage.py - [line:97] - INFO - 鼠标光标移动至navBar_item_计算_content元素
2021-10-29 17:26:08,877 - basepage.py - [line:103] - INFO - 鼠标光标移动至navBar_item_计算_content_云服务器元素并点击
2021-10-29 17:26:09,098 - basepage.py - [line:85] - INFO - 点击了//*[@id="tab-vmlist"]元素
2021-10-29 17:26:09,221 - basepage.py - [line:85] - INFO - 点击了tab-template元素
2021-10-29 17:26:10,361 - basepage.py - [line:229] - INFO - 输入:0000成功
2021-10-29 17:26:11,436 - basepage.py - [line:222] - INFO - 点击操作成功
2021-10-29 17:26:11,588 - basepage.py - [line:183] - INFO - 键盘输入后清理
2021-10-29 17:26:11,588 - basepage.py - [line:240] - INFO - 清理操作成功
2021-10-29 17:26:12,667 - basepage.py - [line:222] - INFO - 点击操作成功
2021-10-29 17:26:13,850 - basepage.py - [line:222] - INFO - 点击操作成功
2021-10-29 17:28:03,210 - basepage.py - [line:97] - INFO - 鼠标光标移动至navBar_item_计算_content元素
2021-10-29 17:28:03,761 - basepage.py - [line:103] - INFO - 鼠标光标移动至navBar_item_计算_content_云服务器元素并点击
2021-10-29 17:28:04,586 - basepage.py - [line:85] - INFO - 点击了//*[@id="tab-vmlist"]元素
2021-10-29 17:28:04,711 - basepage.py - [line:85] - INFO - 点击了tab-template元素
2021-10-29 17:28:05,826 - basepage.py - [line:229] - INFO - 输入:0000成功
2021-10-29 17:28:06,895 - basepage.py - [line:222] - INFO - 点击操作成功
2021-10-29 17:28:07,058 - basepage.py - [line:183] - INFO - 键盘输入后清理
2021-10-29 17:28:07,058 - basepage.py - [line:240] - INFO - 清理操作成功
2021-10-29 17:28:08,150 - basepage.py - [line:222] - INFO - 点击操作成功
2021-10-29 17:28:09,332 - basepage.py - [line:222] - INFO - 点击操作成功
2021-10-29 17:29:03,725 - basepage.py - [line:97] - INFO - 鼠标光标移动至navBar_item_计算_content元素
2021-10-29 17:29:04,281 - basepage.py - [line:103] - INFO - 鼠标光标移动至navBar_item_计算_content_云服务器元素并点击
2021-10-29 17:29:04,658 - basepage.py - [line:85] - INFO - 点击了//*[@id="tab-vmlist"]元素
2021-10-29 17:29:04,800 - basepage.py - [line:85] - INFO - 点击了tab-template元素
2021-10-29 17:29:05,918 - basepage.py - [line:229] - INFO - 输入:0000成功
2021-10-29 17:29:06,979 - basepage.py - [line:222] - INFO - 点击操作成功
2021-10-29 17:29:08,142 - basepage.py - [line:183] - INFO - 键盘输入后清理
2021-10-29 17:29:08,143 - basepage.py - [line:241] - INFO - 清理操作成功
2021-10-29 17:29:09,229 - basepage.py - [line:222] - INFO - 点击操作成功
2021-10-29 17:29:10,411 - basepage.py - [line:222] - INFO - 点击操作成功
2021-10-29 17:29:11,602 - basepage.py - [line:183] - INFO - 键盘输入后清理
2021-10-29 17:29:11,602 - basepage.py - [line:241] - INFO - 清理操作成功
2021-10-29 17:29:12,909 - basepage.py - [line:229] - INFO - 输入:moudel-VM1成功
2021-10-29 17:29:13,993 - basepage.py - [line:222] - INFO - 点击操作成功
2021-10-29 17:29:14,860 - basepage.py - [line:103] - INFO - 鼠标光标移动至//span[text()='kobe']元素并点击
2021-10-29 17:29:14,860 - basepage.py - [line:247] - INFO - 移动点击操作成功
2021-10-29 17:29:15,205 - basepage.py - [line:103] - INFO - 鼠标光标移动至(//span[text()='default'])[2]元素并点击
2021-10-29 17:29:15,205 - basepage.py - [line:247] - INFO - 移动点击操作成功
2021-10-29 17:29:16,306 - basepage.py - [line:222] - INFO - 点击操作成功
2021-10-29 17:29:18,428 - basepage.py - [line:251] - INFO - 获取文本信息:text成功
2021-10-29 17:29:19,493 - basepage.py - [line:222] - INFO - 点击操作成功
2021-10-29 17:50:56,305 - basepage.py - [line:97] - INFO - 鼠标光标移动至navBar_item_计算_content元素
2021-10-29 17:50:56,848 - basepage.py - [line:103] - INFO - 鼠标光标移动至navBar_item_计算_content_云服务器元素并点击
2021-10-29 17:50:57,212 - basepage.py - [line:85] - INFO - 点击了//*[@id="tab-vmlist"]元素
2021-10-29 17:50:57,357 - basepage.py - [line:85] - INFO - 点击了tab-template元素
2021-10-29 17:50:58,476 - basepage.py - [line:229] - INFO - 输入:0000成功
2021-10-29 17:50:59,537 - basepage.py - [line:222] - INFO - 点击操作成功
2021-10-29 17:51:00,708 - basepage.py - [line:183] - INFO - 键盘输入后清理
2021-10-29 17:51:00,708 - basepage.py - [line:241] - INFO - 清理操作成功
2021-10-29 17:51:01,795 - basepage.py - [line:222] - INFO - 点击操作成功
2021-10-29 18:06:53,408 - basepage.py - [line:97] - INFO - 鼠标光标移动至navBar_item_计算_content元素
2021-10-29 18:06:53,903 - basepage.py - [line:103] - INFO - 鼠标光标移动至navBar_item_计算_content_云服务器元素并点击
2021-10-29 18:06:54,815 - basepage.py - [line:85] - INFO - 点击了//*[@id="tab-vmlist"]元素
2021-10-29 18:06:54,937 - basepage.py - [line:85] - INFO - 点击了tab-template元素
2021-10-29 18:06:56,039 - basepage.py - [line:229] - INFO - 输入:0000成功
2021-10-29 18:06:57,113 - basepage.py - [line:222] - INFO - 点击操作成功
2021-10-29 18:06:58,269 - basepage.py - [line:183] - INFO - 键盘输入后清理
2021-10-29 18:06:58,269 - basepage.py - [line:241] - INFO - 清理操作成功
2021-10-29 18:06:59,349 - basepage.py - [line:222] - INFO - 点击操作成功
2021-10-29 18:07:00,476 - basepage.py - [line:229] - INFO - 输入:mould成功
2021-10-29 18:07:01,542 - basepage.py - [line:222] - INFO - 点击操作成功
2021-10-29 18:07:02,095 - basepage.py - [line:251] - INFO - 获取文本信息:text成功
