2021-10-23 00:03:08,216 - basepage.py - [line:97] - INFO - 鼠标光标移动至navBar_item_计算_content元素
2021-10-23 00:03:08,752 - basepage.py - [line:103] - INFO - 鼠标光标移动至navBar_item_计算_content_云服务器元素并点击
2021-10-23 00:03:09,043 - basepage.py - [line:85] - INFO - 点击了//*[@id="tab-vmlist"]元素
2021-10-23 00:04:12,013 - basepage.py - [line:97] - INFO - 鼠标光标移动至navBar_item_计算_content元素
2021-10-23 00:04:12,539 - basepage.py - [line:103] - INFO - 鼠标光标移动至navBar_item_计算_content_云服务器元素并点击
2021-10-23 00:04:12,874 - basepage.py - [line:85] - INFO - 点击了//*[@id="tab-vmlist"]元素
2021-10-23 00:04:47,335 - basepage.py - [line:130] - INFO - 元素文本信息为virtio
2021-10-23 00:04:50,075 - basepage.py - [line:130] - INFO - 元素文本信息为rtl8139
2021-10-23 00:05:04,994 - basepage.py - [line:152] - INFO - 键盘输入后清理
2021-10-23 00:05:06,165 - basepage.py - [line:116] - INFO - 元素文本信息为请输入队列数
2021-10-23 00:05:29,299 - basepage.py - [line:152] - INFO - 键盘输入后清理
2021-10-23 00:06:54,858 - basepage.py - [line:97] - INFO - 鼠标光标移动至navBar_item_计算_content元素
2021-10-23 00:06:55,379 - basepage.py - [line:103] - INFO - 鼠标光标移动至navBar_item_计算_content_云服务器元素并点击
2021-10-23 00:06:56,472 - basepage.py - [line:85] - INFO - 点击了//*[@id="tab-vmlist"]元素
2021-10-23 00:07:40,819 - basepage.py - [line:97] - INFO - 鼠标光标移动至navBar_item_计算_content元素
2021-10-23 00:07:41,297 - basepage.py - [line:103] - INFO - 鼠标光标移动至navBar_item_计算_content_云服务器元素并点击
2021-10-23 00:07:42,055 - basepage.py - [line:85] - INFO - 点击了//*[@id="tab-vmlist"]元素
2021-10-23 00:12:38,629 - basepage.py - [line:97] - INFO - 鼠标光标移动至navBar_item_计算_content元素
2021-10-23 00:12:39,050 - basepage.py - [line:103] - INFO - 鼠标光标移动至navBar_item_计算_content_云服务器元素并点击
2021-10-23 00:12:39,374 - basepage.py - [line:85] - INFO - 点击了//*[@id="tab-vmlist"]元素
2021-10-23 00:12:49,115 - basepage.py - [line:130] - INFO - 元素文本信息为1
2021-10-23 00:14:40,788 - basepage.py - [line:97] - INFO - 鼠标光标移动至navBar_item_计算_content元素
2021-10-23 00:14:41,288 - basepage.py - [line:103] - INFO - 鼠标光标移动至navBar_item_计算_content_云服务器元素并点击
2021-10-23 00:14:42,055 - basepage.py - [line:85] - INFO - 点击了//*[@id="tab-vmlist"]元素
2021-10-23 00:14:52,547 - basepage.py - [line:152] - INFO - 键盘输入后清理
2021-10-23 00:14:53,710 - basepage.py - [line:116] - INFO - 元素文本信息为请输入队列数
2021-10-23 00:15:59,548 - basepage.py - [line:97] - INFO - 鼠标光标移动至navBar_item_计算_content元素
2021-10-23 00:15:59,983 - basepage.py - [line:103] - INFO - 鼠标光标移动至navBar_item_计算_content_云服务器元素并点击
2021-10-23 00:16:00,766 - basepage.py - [line:85] - INFO - 点击了//*[@id="tab-vmlist"]元素
2021-10-23 00:16:10,511 - basepage.py - [line:152] - INFO - 键盘输入后清理
2021-10-23 00:18:35,340 - basepage.py - [line:97] - INFO - 鼠标光标移动至navBar_item_计算_content元素
2021-10-23 00:18:35,889 - basepage.py - [line:103] - INFO - 鼠标光标移动至navBar_item_计算_content_云服务器元素并点击
2021-10-23 00:18:36,629 - basepage.py - [line:85] - INFO - 点击了//*[@id="tab-vmlist"]元素
2021-10-23 00:19:09,848 - basepage.py - [line:130] - INFO - 元素文本信息为virtio
2021-10-23 00:19:12,581 - basepage.py - [line:130] - INFO - 元素文本信息为rtl8139
2021-10-23 00:19:16,916 - basepage.py - [line:130] - INFO - 元素文本信息为1
2021-10-23 00:19:17,122 - basepage.py - [line:152] - INFO - 键盘输入后清理
2021-10-23 00:19:18,331 - basepage.py - [line:116] - INFO - 元素文本信息为请输入队列数
2021-10-23 00:19:18,443 - basepage.py - [line:152] - INFO - 键盘输入后清理
2021-10-23 00:19:19,783 - basepage.py - [line:152] - INFO - 键盘输入后清理
2021-10-23 00:19:22,170 - basepage.py - [line:152] - INFO - 键盘输入后清理
2021-10-23 00:19:23,327 - basepage.py - [line:130] - INFO - 元素文本信息为compute
2021-10-23 00:19:23,358 - basepage.py - [line:130] - INFO - 元素文本信息为计算97
2021-10-23 00:19:26,132 - basepage.py - [line:130] - INFO - 元素文本信息为storage
2021-10-23 00:19:26,192 - basepage.py - [line:130] - INFO - 元素文本信息为0
2021-10-23 00:19:26,420 - basepage.py - [line:152] - INFO - 键盘输入后清理
2021-10-23 00:19:27,564 - basepage.py - [line:116] - INFO - 元素文本信息为请输入速率
2021-10-23 00:19:27,695 - basepage.py - [line:152] - INFO - 键盘输入后清理
2021-10-23 00:19:29,058 - basepage.py - [line:152] - INFO - 键盘输入后清理
2021-10-23 00:19:30,427 - basepage.py - [line:152] - INFO - 键盘输入后清理
2021-10-23 00:19:31,777 - basepage.py - [line:152] - INFO - 键盘输入后清理
2021-10-23 00:19:32,925 - basepage.py - [line:130] - INFO - 元素文本信息为0
2021-10-23 00:19:33,079 - basepage.py - [line:152] - INFO - 键盘输入后清理
2021-10-23 00:19:34,207 - basepage.py - [line:116] - INFO - 元素文本信息为请输入速率
2021-10-23 00:19:34,317 - basepage.py - [line:152] - INFO - 键盘输入后清理
2021-10-23 00:19:46,043 - basepage.py - [line:152] - INFO - 键盘输入后清理
2021-10-23 00:19:57,737 - basepage.py - [line:152] - INFO - 键盘输入后清理
2021-10-23 00:20:09,304 - basepage.py - [line:130] - INFO - 元素文本信息为0
2021-10-23 00:20:09,471 - basepage.py - [line:152] - INFO - 键盘输入后清理
2021-10-23 00:20:10,599 - basepage.py - [line:116] - INFO - 元素文本信息为请输入突发值
2021-10-23 00:20:10,707 - basepage.py - [line:152] - INFO - 键盘输入后清理
2021-10-23 00:20:12,045 - basepage.py - [line:152] - INFO - 键盘输入后清理
2021-10-23 00:20:12,176 - basepage.py - [line:152] - INFO - 键盘输入后清理
2021-10-23 00:20:13,538 - basepage.py - [line:152] - INFO - 键盘输入后清理
2021-10-23 00:20:15,165 - basepage.py - [line:152] - INFO - 键盘输入后清理
2021-10-23 00:20:27,986 - basepage.py - [line:130] - INFO - 元素文本信息为0
2021-10-23 00:20:28,151 - basepage.py - [line:152] - INFO - 键盘输入后清理
2021-10-23 00:20:29,275 - basepage.py - [line:116] - INFO - 元素文本信息为请输入速率
2021-10-23 00:20:29,390 - basepage.py - [line:152] - INFO - 键盘输入后清理
2021-10-23 00:20:30,749 - basepage.py - [line:152] - INFO - 键盘输入后清理
2021-10-23 00:20:32,115 - basepage.py - [line:152] - INFO - 键盘输入后清理
2021-10-23 00:20:33,416 - basepage.py - [line:152] - INFO - 键盘输入后清理
2021-10-23 00:20:34,583 - basepage.py - [line:130] - INFO - 元素文本信息为-1
2021-10-23 00:20:34,746 - basepage.py - [line:152] - INFO - 键盘输入后清理
2021-10-23 00:20:35,874 - basepage.py - [line:116] - INFO - 元素文本信息为请输入速率
2021-10-23 00:20:35,985 - basepage.py - [line:152] - INFO - 键盘输入后清理
2021-10-23 00:20:47,663 - basepage.py - [line:152] - INFO - 键盘输入后清理
2021-10-23 00:20:59,318 - basepage.py - [line:152] - INFO - 键盘输入后清理
2021-10-23 00:21:10,901 - basepage.py - [line:130] - INFO - 元素文本信息为0
2021-10-23 00:21:11,070 - basepage.py - [line:152] - INFO - 键盘输入后清理
2021-10-23 00:21:12,193 - basepage.py - [line:116] - INFO - 元素文本信息为请输入突发值
2021-10-23 00:21:12,303 - basepage.py - [line:152] - INFO - 键盘输入后清理
2021-10-23 00:21:13,646 - basepage.py - [line:152] - INFO - 键盘输入后清理
2021-10-23 00:21:14,998 - basepage.py - [line:152] - INFO - 键盘输入后清理
2021-10-23 00:21:16,311 - basepage.py - [line:152] - INFO - 键盘输入后清理
2021-10-23 00:24:33,350 - basepage.py - [line:97] - INFO - 鼠标光标移动至navBar_item_计算_content元素
2021-10-23 00:24:33,852 - basepage.py - [line:103] - INFO - 鼠标光标移动至navBar_item_计算_content_云服务器元素并点击
2021-10-23 00:24:34,155 - basepage.py - [line:85] - INFO - 点击了//*[@id="tab-vmlist"]元素
2021-10-23 00:24:42,703 - basepage.py - [line:130] - INFO - 元素文本信息为0
2021-10-23 00:27:57,762 - basepage.py - [line:97] - INFO - 鼠标光标移动至navBar_item_计算_content元素
2021-10-23 00:27:58,350 - basepage.py - [line:103] - INFO - 鼠标光标移动至navBar_item_计算_content_云服务器元素并点击
2021-10-23 00:27:58,670 - basepage.py - [line:85] - INFO - 点击了//*[@id="tab-vmlist"]元素
2021-10-23 00:28:31,911 - basepage.py - [line:130] - INFO - 元素文本信息为virtio
2021-10-23 00:28:34,704 - basepage.py - [line:130] - INFO - 元素文本信息为rtl8139
2021-10-23 00:28:39,056 - basepage.py - [line:130] - INFO - 元素文本信息为1
2021-10-23 00:28:39,232 - basepage.py - [line:152] - INFO - 键盘输入后清理
2021-10-23 00:28:40,405 - basepage.py - [line:116] - INFO - 元素文本信息为请输入队列数
2021-10-23 00:28:40,528 - basepage.py - [line:152] - INFO - 键盘输入后清理
2021-10-23 00:28:42,693 - basepage.py - [line:152] - INFO - 键盘输入后清理
2021-10-23 00:28:45,096 - basepage.py - [line:152] - INFO - 键盘输入后清理
2021-10-23 00:28:47,348 - basepage.py - [line:130] - INFO - 元素文本信息为compute
2021-10-23 00:28:47,382 - basepage.py - [line:130] - INFO - 元素文本信息为计算97
2021-10-23 00:28:49,611 - basepage.py - [line:130] - INFO - 元素文本信息为storage
2021-10-23 00:28:49,656 - basepage.py - [line:130] - INFO - 元素文本信息为0
2021-10-23 00:28:49,894 - basepage.py - [line:152] - INFO - 键盘输入后清理
2021-10-23 00:28:51,516 - basepage.py - [line:116] - INFO - 元素文本信息为请输入速率
2021-10-23 00:28:51,954 - basepage.py - [line:152] - INFO - 键盘输入后清理
2021-10-23 00:28:53,639 - basepage.py - [line:152] - INFO - 键盘输入后清理
2021-10-23 00:28:55,516 - basepage.py - [line:152] - INFO - 键盘输入后清理
2021-10-23 00:28:57,340 - basepage.py - [line:152] - INFO - 键盘输入后清理
2021-10-23 00:28:58,481 - basepage.py - [line:130] - INFO - 元素文本信息为0
2021-10-23 00:28:58,640 - basepage.py - [line:152] - INFO - 键盘输入后清理
2021-10-23 00:28:59,764 - basepage.py - [line:116] - INFO - 元素文本信息为请输入速率
2021-10-23 00:28:59,886 - basepage.py - [line:152] - INFO - 键盘输入后清理
2021-10-23 00:29:01,741 - basepage.py - [line:152] - INFO - 键盘输入后清理
2021-10-23 00:29:01,884 - basepage.py - [line:152] - INFO - 键盘输入后清理
2021-10-23 00:29:03,773 - basepage.py - [line:152] - INFO - 键盘输入后清理
2021-10-23 00:29:05,105 - basepage.py - [line:152] - INFO - 键盘输入后清理
2021-10-23 00:29:06,257 - basepage.py - [line:130] - INFO - 元素文本信息为0
2021-10-23 00:29:06,416 - basepage.py - [line:152] - INFO - 键盘输入后清理
2021-10-23 00:29:07,539 - basepage.py - [line:116] - INFO - 元素文本信息为请输入突发值
2021-10-23 00:29:07,661 - basepage.py - [line:152] - INFO - 键盘输入后清理
2021-10-23 00:29:09,034 - basepage.py - [line:152] - INFO - 键盘输入后清理
2021-10-23 00:29:09,170 - basepage.py - [line:152] - INFO - 键盘输入后清理
2021-10-23 00:29:10,517 - basepage.py - [line:152] - INFO - 键盘输入后清理
2021-10-23 00:29:12,324 - basepage.py - [line:152] - INFO - 键盘输入后清理
2021-10-23 00:29:14,572 - basepage.py - [line:130] - INFO - 元素文本信息为0
2021-10-23 00:29:14,745 - basepage.py - [line:152] - INFO - 键盘输入后清理
2021-10-23 00:29:15,868 - basepage.py - [line:116] - INFO - 元素文本信息为请输入速率
2021-10-23 00:29:15,983 - basepage.py - [line:152] - INFO - 键盘输入后清理
2021-10-23 00:29:17,852 - basepage.py - [line:152] - INFO - 键盘输入后清理
2021-10-23 00:29:19,210 - basepage.py - [line:152] - INFO - 键盘输入后清理
2021-10-23 00:29:21,032 - basepage.py - [line:152] - INFO - 键盘输入后清理
2021-10-23 00:29:22,172 - basepage.py - [line:130] - INFO - 元素文本信息为0
2021-10-23 00:29:22,352 - basepage.py - [line:152] - INFO - 键盘输入后清理
2021-10-23 00:29:23,485 - basepage.py - [line:116] - INFO - 元素文本信息为请输入速率
2021-10-23 00:29:23,608 - basepage.py - [line:152] - INFO - 键盘输入后清理
2021-10-23 00:29:25,452 - basepage.py - [line:152] - INFO - 键盘输入后清理
2021-10-23 00:29:25,602 - basepage.py - [line:152] - INFO - 键盘输入后清理
2021-10-23 00:29:27,471 - basepage.py - [line:152] - INFO - 键盘输入后清理
2021-10-23 00:29:29,296 - basepage.py - [line:152] - INFO - 键盘输入后清理
2021-10-23 00:29:30,446 - basepage.py - [line:130] - INFO - 元素文本信息为0
2021-10-23 00:29:30,606 - basepage.py - [line:152] - INFO - 键盘输入后清理
2021-10-23 00:29:31,736 - basepage.py - [line:116] - INFO - 元素文本信息为请输入突发值
2021-10-23 00:29:31,855 - basepage.py - [line:152] - INFO - 键盘输入后清理
2021-10-23 00:29:33,719 - basepage.py - [line:152] - INFO - 键盘输入后清理
2021-10-23 00:29:35,321 - basepage.py - [line:152] - INFO - 键盘输入后清理
2021-10-23 00:29:36,632 - basepage.py - [line:152] - INFO - 键盘输入后清理
2021-10-23 09:51:18,711 - basepage.py - [line:97] - INFO - 鼠标光标移动至navBar_item_计算_content元素
2021-10-23 09:51:19,194 - basepage.py - [line:103] - INFO - 鼠标光标移动至navBar_item_计算_content_云服务器元素并点击
2021-10-23 09:51:19,872 - basepage.py - [line:85] - INFO - 点击了//*[@id="tab-vmlist"]元素
2021-10-23 09:51:29,634 - basepage.py - [line:152] - INFO - 键盘输入后清理
2021-10-23 09:51:31,427 - basepage.py - [line:152] - INFO - 键盘输入后清理
2021-10-23 09:53:26,707 - basepage.py - [line:97] - INFO - 鼠标光标移动至navBar_item_计算_content元素
2021-10-23 09:53:27,246 - basepage.py - [line:103] - INFO - 鼠标光标移动至navBar_item_计算_content_云服务器元素并点击
2021-10-23 09:53:28,037 - basepage.py - [line:85] - INFO - 点击了//*[@id="tab-vmlist"]元素
2021-10-23 09:53:37,989 - basepage.py - [line:152] - INFO - 键盘输入后清理
2021-10-23 09:53:39,289 - basepage.py - [line:152] - INFO - 键盘输入后清理
2021-10-23 11:09:41,443 - basepage.py - [line:97] - INFO - 鼠标光标移动至navBar_item_计算_content元素
2021-10-23 11:09:41,833 - basepage.py - [line:103] - INFO - 鼠标光标移动至navBar_item_计算_content_云服务器元素并点击
2021-10-23 11:09:42,534 - basepage.py - [line:85] - INFO - 点击了//*[@id="tab-vmlist"]元素
2021-10-23 11:21:07,572 - basepage.py - [line:97] - INFO - 鼠标光标移动至navBar_item_计算_content元素
2021-10-23 11:21:07,967 - basepage.py - [line:103] - INFO - 鼠标光标移动至navBar_item_计算_content_云服务器元素并点击
2021-10-23 11:21:08,687 - basepage.py - [line:85] - INFO - 点击了//*[@id="tab-vmlist"]元素
2021-10-23 11:21:17,214 - basepage.py - [line:116] - INFO - 元素文本信息为请选择网络类型
2021-10-23 11:21:17,246 - basepage.py - [line:116] - INFO - 元素文本信息为请选择类型
2021-10-23 14:14:52,177 - basepage.py - [line:97] - INFO - 鼠标光标移动至navBar_item_计算_content元素
2021-10-23 14:14:52,722 - basepage.py - [line:103] - INFO - 鼠标光标移动至navBar_item_计算_content_云服务器元素并点击
2021-10-23 14:14:52,998 - basepage.py - [line:85] - INFO - 点击了//*[@id="tab-vmlist"]元素
2021-10-23 14:34:32,962 - basepage.py - [line:97] - INFO - 鼠标光标移动至navBar_item_计算_content元素
2021-10-23 14:34:33,376 - basepage.py - [line:103] - INFO - 鼠标光标移动至navBar_item_计算_content_云服务器元素并点击
2021-10-23 14:34:34,019 - basepage.py - [line:85] - INFO - 点击了//*[@id="tab-vmlist"]元素
2021-10-23 15:04:54,521 - basepage.py - [line:97] - INFO - 鼠标光标移动至navBar_item_计算_content元素
2021-10-23 15:04:55,110 - basepage.py - [line:103] - INFO - 鼠标光标移动至navBar_item_计算_content_云服务器元素并点击
2021-10-23 15:04:55,399 - basepage.py - [line:85] - INFO - 点击了//*[@id="tab-vmlist"]元素
2021-10-23 15:09:59,817 - basepage.py - [line:97] - INFO - 鼠标光标移动至navBar_item_计算_content元素
2021-10-23 15:10:00,390 - basepage.py - [line:103] - INFO - 鼠标光标移动至navBar_item_计算_content_云服务器元素并点击
2021-10-23 15:10:00,687 - basepage.py - [line:85] - INFO - 点击了//*[@id="tab-vmlist"]元素
2021-10-23 15:10:09,172 - basepage.py - [line:116] - INFO - 元素文本信息为请选择网络类型
2021-10-23 15:10:09,204 - basepage.py - [line:116] - INFO - 元素文本信息为请选择类型
2021-10-23 15:18:30,665 - basepage.py - [line:97] - INFO - 鼠标光标移动至navBar_item_计算_content元素
2021-10-23 15:18:31,233 - basepage.py - [line:103] - INFO - 鼠标光标移动至navBar_item_计算_content_云服务器元素并点击
2021-10-23 15:18:31,519 - basepage.py - [line:85] - INFO - 点击了//*[@id="tab-vmlist"]元素
2021-10-23 15:18:39,874 - basepage.py - [line:116] - INFO - 元素文本信息为请选择网络类型
2021-10-23 15:18:39,905 - basepage.py - [line:116] - INFO - 元素文本信息为请选择类型
2021-10-23 16:30:53,829 - basepage.py - [line:97] - INFO - 鼠标光标移动至navBar_item_计算_content元素
2021-10-23 16:30:54,353 - basepage.py - [line:103] - INFO - 鼠标光标移动至navBar_item_计算_content_云服务器元素并点击
2021-10-23 16:30:54,712 - basepage.py - [line:85] - INFO - 点击了//*[@id="tab-vmlist"]元素
2021-10-23 16:32:05,223 - basepage.py - [line:97] - INFO - 鼠标光标移动至navBar_item_计算_content元素
2021-10-23 16:32:05,698 - basepage.py - [line:103] - INFO - 鼠标光标移动至navBar_item_计算_content_云服务器元素并点击
2021-10-23 16:32:06,077 - basepage.py - [line:85] - INFO - 点击了//*[@id="tab-vmlist"]元素
2021-10-23 16:34:43,765 - basepage.py - [line:97] - INFO - 鼠标光标移动至navBar_item_计算_content元素
2021-10-23 16:34:44,271 - basepage.py - [line:103] - INFO - 鼠标光标移动至navBar_item_计算_content_云服务器元素并点击
2021-10-23 16:34:44,905 - basepage.py - [line:85] - INFO - 点击了//*[@id="tab-vmlist"]元素
2021-10-23 16:34:54,614 - basepage.py - [line:116] - INFO - 元素文本信息为请选择仓库地址
2021-10-23 16:34:54,647 - basepage.py - [line:116] - INFO - 元素文本信息为请选择光驱
2021-10-23 16:35:00,215 - basepage.py - [line:130] - INFO - 元素文本信息为lakers
2021-10-23 16:35:00,258 - basepage.py - [line:130] - INFO - 元素文本信息为cn_windows_7_enterprise_x64_dvd_x15-70741.iso
2021-10-23 16:35:00,299 - basepage.py - [line:116] - INFO - 元素文本信息为请选择仓库地址
2021-10-23 16:35:00,340 - basepage.py - [line:116] - INFO - 元素文本信息为请选择软驱
2021-10-23 16:35:05,988 - basepage.py - [line:130] - INFO - 元素文本信息为lakers
2021-10-23 16:35:06,029 - basepage.py - [line:130] - INFO - 元素文本信息为virtio-win-0.1.141_amd64.vfd
2021-10-23 16:35:06,073 - basepage.py - [line:116] - INFO - 元素文本信息为0
2021-10-23 16:35:07,232 - basepage.py - [line:116] - INFO - 元素文本信息为0
2021-10-23 16:35:09,461 - basepage.py - [line:116] - INFO - 元素文本信息为0
2021-10-23 16:35:10,594 - basepage.py - [line:116] - INFO - 元素文本信息为0
2021-10-23 16:35:11,706 - basepage.py - [line:116] - INFO - 元素文本信息为0
2021-10-23 16:35:12,816 - basepage.py - [line:116] - INFO - 元素文本信息为0
2021-10-23 16:35:13,928 - basepage.py - [line:116] - INFO - 元素文本信息为0
2021-10-23 16:35:15,044 - basepage.py - [line:116] - INFO - 元素文本信息为0
2021-10-23 16:35:16,160 - basepage.py - [line:116] - INFO - 元素文本信息为0
2021-10-23 16:35:17,390 - basepage.py - [line:116] - INFO - 元素文本信息为0
2021-10-23 16:35:18,504 - basepage.py - [line:116] - INFO - 元素文本信息为0
2021-10-23 16:35:19,614 - basepage.py - [line:116] - INFO - 元素文本信息为0
2021-10-23 16:35:20,722 - basepage.py - [line:116] - INFO - 元素文本信息为0
2021-10-23 16:35:21,837 - basepage.py - [line:116] - INFO - 元素文本信息为0
2021-10-23 16:35:22,955 - basepage.py - [line:116] - INFO - 元素文本信息为0
2021-10-23 16:35:24,066 - basepage.py - [line:116] - INFO - 元素文本信息为0
2021-10-23 16:35:25,203 - basepage.py - [line:116] - INFO - 元素文本信息为0
2021-10-23 16:35:26,325 - basepage.py - [line:116] - INFO - 元素文本信息为0
2021-10-23 16:35:27,442 - basepage.py - [line:116] - INFO - 元素文本信息为0
2021-10-23 16:35:28,555 - basepage.py - [line:116] - INFO - 元素文本信息为0
2021-10-23 16:35:29,666 - basepage.py - [line:116] - INFO - 元素文本信息为0
2021-10-23 16:35:30,869 - basepage.py - [line:116] - INFO - 元素文本信息为-1
2021-10-23 16:35:33,042 - basepage.py - [line:116] - INFO - 元素文本信息为0
2021-10-23 16:35:45,858 - basepage.py - [line:157] - INFO - 键盘操作:向下翻页
2021-10-23 16:35:47,523 - basepage.py - [line:157] - INFO - 键盘操作:向下翻页
2021-10-23 16:35:48,772 - basepage.py - [line:157] - INFO - 键盘操作:向下翻页
2021-10-23 16:35:49,888 - basepage.py - [line:157] - INFO - 键盘操作:向下翻页
2021-10-23 16:40:31,667 - basepage.py - [line:97] - INFO - 鼠标光标移动至navBar_item_计算_content元素
2021-10-23 16:40:32,167 - basepage.py - [line:103] - INFO - 鼠标光标移动至navBar_item_计算_content_云服务器元素并点击
2021-10-23 16:40:33,080 - basepage.py - [line:85] - INFO - 点击了//*[@id="tab-vmlist"]元素
2021-10-23 16:40:42,681 - basepage.py - [line:116] - INFO - 元素文本信息为请选择仓库地址
2021-10-23 16:40:42,716 - basepage.py - [line:116] - INFO - 元素文本信息为请选择光驱
2021-10-23 16:40:48,230 - basepage.py - [line:130] - INFO - 元素文本信息为lakers
2021-10-23 16:40:48,273 - basepage.py - [line:130] - INFO - 元素文本信息为cn_windows_7_enterprise_x64_dvd_x15-70741.iso
2021-10-23 16:40:48,315 - basepage.py - [line:116] - INFO - 元素文本信息为请选择仓库地址
2021-10-23 16:40:48,357 - basepage.py - [line:116] - INFO - 元素文本信息为请选择软驱
2021-10-23 16:40:53,960 - basepage.py - [line:130] - INFO - 元素文本信息为lakers
2021-10-23 16:40:54,002 - basepage.py - [line:130] - INFO - 元素文本信息为virtio-win-0.1.141_amd64.vfd
2021-10-23 16:40:54,045 - basepage.py - [line:116] - INFO - 元素文本信息为0
2021-10-23 16:40:55,184 - basepage.py - [line:116] - INFO - 元素文本信息为0
2021-10-23 16:40:57,427 - basepage.py - [line:116] - INFO - 元素文本信息为0
2021-10-23 16:40:58,541 - basepage.py - [line:116] - INFO - 元素文本信息为0
2021-10-23 16:40:59,671 - basepage.py - [line:116] - INFO - 元素文本信息为0
2021-10-23 16:41:00,787 - basepage.py - [line:116] - INFO - 元素文本信息为0
2021-10-23 16:41:01,907 - basepage.py - [line:116] - INFO - 元素文本信息为0
2021-10-23 16:41:03,040 - basepage.py - [line:116] - INFO - 元素文本信息为0
2021-10-23 16:41:04,151 - basepage.py - [line:116] - INFO - 元素文本信息为0
2021-10-23 16:41:05,269 - basepage.py - [line:116] - INFO - 元素文本信息为0
2021-10-23 16:41:06,531 - basepage.py - [line:116] - INFO - 元素文本信息为0
2021-10-23 16:41:07,641 - basepage.py - [line:116] - INFO - 元素文本信息为0
2021-10-23 16:41:08,747 - basepage.py - [line:116] - INFO - 元素文本信息为0
2021-10-23 16:41:09,853 - basepage.py - [line:116] - INFO - 元素文本信息为0
2021-10-23 16:41:10,970 - basepage.py - [line:116] - INFO - 元素文本信息为0
2021-10-23 16:41:12,085 - basepage.py - [line:116] - INFO - 元素文本信息为0
2021-10-23 16:41:13,196 - basepage.py - [line:116] - INFO - 元素文本信息为0
2021-10-23 16:41:14,306 - basepage.py - [line:116] - INFO - 元素文本信息为0
2021-10-23 16:41:15,418 - basepage.py - [line:116] - INFO - 元素文本信息为0
2021-10-23 16:41:16,539 - basepage.py - [line:116] - INFO - 元素文本信息为0
2021-10-23 16:41:17,649 - basepage.py - [line:116] - INFO - 元素文本信息为0
2021-10-23 16:41:18,754 - basepage.py - [line:116] - INFO - 元素文本信息为-1
2021-10-23 16:41:20,934 - basepage.py - [line:116] - INFO - 元素文本信息为0
2021-10-23 16:41:33,437 - basepage.py - [line:157] - INFO - 键盘操作:向下翻页
2021-10-23 16:41:35,114 - basepage.py - [line:157] - INFO - 键盘操作:向下翻页
2021-10-23 16:41:36,350 - basepage.py - [line:157] - INFO - 键盘操作:向下翻页
2021-10-23 16:41:37,522 - basepage.py - [line:157] - INFO - 键盘操作:向下翻页
2021-10-23 17:22:49,920 - basepage.py - [line:97] - INFO - 鼠标光标移动至navBar_item_计算_content元素
2021-10-23 17:22:50,641 - basepage.py - [line:103] - INFO - 鼠标光标移动至navBar_item_计算_content_云服务器元素并点击
2021-10-23 17:22:51,147 - basepage.py - [line:85] - INFO - 点击了//*[@id="tab-vmlist"]元素
2021-10-23 17:23:06,204 - basepage.py - [line:116] - INFO - 元素文本信息为0
2021-10-23 17:34:25,768 - basepage.py - [line:97] - INFO - 鼠标光标移动至navBar_item_计算_content元素
2021-10-23 17:34:26,483 - basepage.py - [line:103] - INFO - 鼠标光标移动至navBar_item_计算_content_云服务器元素并点击
2021-10-23 17:34:27,455 - basepage.py - [line:85] - INFO - 点击了//*[@id="tab-vmlist"]元素
2021-10-23 17:34:38,060 - basepage.py - [line:157] - INFO - 键盘操作:向下翻页
2021-10-23 17:34:39,708 - basepage.py - [line:157] - INFO - 键盘操作:向下翻页
2021-10-23 17:35:27,368 - basepage.py - [line:97] - INFO - 鼠标光标移动至navBar_item_计算_content元素
2021-10-23 17:35:27,952 - basepage.py - [line:103] - INFO - 鼠标光标移动至navBar_item_计算_content_云服务器元素并点击
2021-10-23 17:35:28,499 - basepage.py - [line:85] - INFO - 点击了//*[@id="tab-vmlist"]元素
2021-10-23 17:35:39,097 - basepage.py - [line:157] - INFO - 键盘操作:向下翻页
2021-10-23 17:35:39,674 - basepage.py - [line:116] - INFO - 元素文本信息为0
2021-10-23 17:35:56,565 - basepage.py - [line:97] - INFO - 鼠标光标移动至navBar_item_计算_content元素
2021-10-23 17:35:57,148 - basepage.py - [line:103] - INFO - 鼠标光标移动至navBar_item_计算_content_云服务器元素并点击
2021-10-23 17:35:57,859 - basepage.py - [line:85] - INFO - 点击了//*[@id="tab-vmlist"]元素
2021-10-23 17:36:08,429 - basepage.py - [line:157] - INFO - 键盘操作:向下翻页
2021-10-23 17:36:08,995 - basepage.py - [line:116] - INFO - 元素文本信息为0
2021-10-23 17:37:15,807 - basepage.py - [line:97] - INFO - 鼠标光标移动至navBar_item_计算_content元素
2021-10-23 17:37:16,336 - basepage.py - [line:103] - INFO - 鼠标光标移动至navBar_item_计算_content_云服务器元素并点击
2021-10-23 17:37:16,975 - basepage.py - [line:85] - INFO - 点击了//*[@id="tab-vmlist"]元素
2021-10-23 17:37:26,507 - basepage.py - [line:116] - INFO - 元素文本信息为请选择仓库地址
2021-10-23 17:37:26,540 - basepage.py - [line:116] - INFO - 元素文本信息为请选择光驱
2021-10-23 17:37:32,090 - basepage.py - [line:130] - INFO - 元素文本信息为lakers
2021-10-23 17:37:32,124 - basepage.py - [line:130] - INFO - 元素文本信息为cn_windows_7_enterprise_x64_dvd_x15-70741.iso
2021-10-23 17:37:32,167 - basepage.py - [line:116] - INFO - 元素文本信息为请选择仓库地址
2021-10-23 17:37:32,202 - basepage.py - [line:116] - INFO - 元素文本信息为请选择软驱
2021-10-23 17:37:37,691 - basepage.py - [line:130] - INFO - 元素文本信息为lakers
2021-10-23 17:37:37,731 - basepage.py - [line:130] - INFO - 元素文本信息为virtio-win-0.1.141_amd64.vfd
2021-10-23 17:37:37,766 - basepage.py - [line:116] - INFO - 元素文本信息为0
2021-10-23 17:37:38,886 - basepage.py - [line:116] - INFO - 元素文本信息为0
2021-10-23 17:37:41,144 - basepage.py - [line:116] - INFO - 元素文本信息为0
2021-10-23 17:37:42,259 - basepage.py - [line:116] - INFO - 元素文本信息为0
2021-10-23 17:37:43,369 - basepage.py - [line:116] - INFO - 元素文本信息为0
2021-10-23 17:37:44,489 - basepage.py - [line:116] - INFO - 元素文本信息为0
2021-10-23 17:37:45,600 - basepage.py - [line:116] - INFO - 元素文本信息为0
2021-10-23 17:37:46,710 - basepage.py - [line:116] - INFO - 元素文本信息为0
2021-10-23 17:37:47,833 - basepage.py - [line:116] - INFO - 元素文本信息为0
2021-10-23 17:37:48,939 - basepage.py - [line:116] - INFO - 元素文本信息为0
2021-10-23 17:37:50,057 - basepage.py - [line:116] - INFO - 元素文本信息为0
2021-10-23 17:37:51,166 - basepage.py - [line:116] - INFO - 元素文本信息为0
2021-10-23 17:37:52,287 - basepage.py - [line:116] - INFO - 元素文本信息为0
2021-10-23 17:37:53,393 - basepage.py - [line:116] - INFO - 元素文本信息为0
2021-10-23 17:37:54,512 - basepage.py - [line:116] - INFO - 元素文本信息为0
2021-10-23 17:37:55,626 - basepage.py - [line:116] - INFO - 元素文本信息为0
2021-10-23 17:37:56,737 - basepage.py - [line:116] - INFO - 元素文本信息为0
2021-10-23 17:37:57,842 - basepage.py - [line:116] - INFO - 元素文本信息为0
2021-10-23 17:37:58,959 - basepage.py - [line:116] - INFO - 元素文本信息为0
2021-10-23 17:38:00,078 - basepage.py - [line:116] - INFO - 元素文本信息为0
2021-10-23 17:38:01,194 - basepage.py - [line:116] - INFO - 元素文本信息为0
2021-10-23 17:38:02,305 - basepage.py - [line:116] - INFO - 元素文本信息为-1
2021-10-23 17:38:04,496 - basepage.py - [line:116] - INFO - 元素文本信息为0
2021-10-23 17:38:06,640 - basepage.py - [line:157] - INFO - 键盘操作:向下翻页
2021-10-23 17:38:07,204 - basepage.py - [line:116] - INFO - 元素文本信息为0
2021-10-23 17:38:08,289 - basepage.py - [line:157] - INFO - 键盘操作:向下翻页
2021-10-23 17:38:09,617 - basepage.py - [line:157] - INFO - 键盘操作:向下翻页
2021-10-23 17:38:10,998 - basepage.py - [line:157] - INFO - 键盘操作:向下翻页
2021-10-23 17:38:12,142 - basepage.py - [line:157] - INFO - 键盘操作:向下翻页
2021-10-23 17:46:54,650 - basepage.py - [line:97] - INFO - 鼠标光标移动至navBar_item_计算_content元素
2021-10-23 17:46:55,214 - basepage.py - [line:103] - INFO - 鼠标光标移动至navBar_item_计算_content_云服务器元素并点击
2021-10-23 17:46:55,526 - basepage.py - [line:85] - INFO - 点击了//*[@id="tab-vmlist"]元素
2021-10-23 17:47:05,355 - basepage.py - [line:116] - INFO - 元素文本信息为请选择仓库地址
2021-10-23 17:47:05,387 - basepage.py - [line:116] - INFO - 元素文本信息为请选择光驱
2021-10-23 17:47:10,853 - basepage.py - [line:130] - INFO - 元素文本信息为lakers
2021-10-23 17:47:10,884 - basepage.py - [line:130] - INFO - 元素文本信息为cn_windows_7_enterprise_x64_dvd_x15-70741.iso
2021-10-23 17:47:10,917 - basepage.py - [line:116] - INFO - 元素文本信息为请选择仓库地址
2021-10-23 17:47:10,952 - basepage.py - [line:116] - INFO - 元素文本信息为请选择软驱
2021-10-23 17:47:16,431 - basepage.py - [line:130] - INFO - 元素文本信息为lakers
2021-10-23 17:47:16,464 - basepage.py - [line:130] - INFO - 元素文本信息为virtio-win-0.1.141_amd64.vfd
2021-10-23 17:47:16,498 - basepage.py - [line:116] - INFO - 元素文本信息为0
2021-10-23 17:47:17,641 - basepage.py - [line:116] - INFO - 元素文本信息为0
2021-10-23 17:47:19,914 - basepage.py - [line:116] - INFO - 元素文本信息为0
2021-10-23 17:47:21,036 - basepage.py - [line:116] - INFO - 元素文本信息为0
2021-10-23 17:47:22,159 - basepage.py - [line:116] - INFO - 元素文本信息为0
2021-10-23 17:47:23,281 - basepage.py - [line:116] - INFO - 元素文本信息为0
2021-10-23 17:47:24,394 - basepage.py - [line:116] - INFO - 元素文本信息为0
2021-10-23 17:47:25,503 - basepage.py - [line:116] - INFO - 元素文本信息为0
2021-10-23 17:47:26,606 - basepage.py - [line:116] - INFO - 元素文本信息为0
2021-10-23 17:47:27,721 - basepage.py - [line:116] - INFO - 元素文本信息为0
2021-10-23 17:47:28,830 - basepage.py - [line:116] - INFO - 元素文本信息为0
2021-10-23 17:47:29,980 - basepage.py - [line:116] - INFO - 元素文本信息为0
2021-10-23 17:47:31,090 - basepage.py - [line:116] - INFO - 元素文本信息为0
2021-10-23 17:47:32,206 - basepage.py - [line:116] - INFO - 元素文本信息为0
2021-10-23 17:47:33,318 - basepage.py - [line:116] - INFO - 元素文本信息为0
2021-10-23 17:47:34,430 - basepage.py - [line:116] - INFO - 元素文本信息为0
2021-10-23 17:47:35,549 - basepage.py - [line:116] - INFO - 元素文本信息为0
2021-10-23 17:47:36,665 - basepage.py - [line:116] - INFO - 元素文本信息为0
2021-10-23 17:47:37,774 - basepage.py - [line:116] - INFO - 元素文本信息为0
2021-10-23 17:47:38,887 - basepage.py - [line:116] - INFO - 元素文本信息为0
2021-10-23 17:47:40,010 - basepage.py - [line:116] - INFO - 元素文本信息为0
2021-10-23 17:47:41,124 - basepage.py - [line:116] - INFO - 元素文本信息为-1
2021-10-23 17:47:43,324 - basepage.py - [line:116] - INFO - 元素文本信息为0
2021-10-23 17:47:45,484 - basepage.py - [line:157] - INFO - 键盘操作:向下翻页
2021-10-23 17:47:46,047 - basepage.py - [line:116] - INFO - 元素文本信息为0
2021-10-23 17:47:47,121 - basepage.py - [line:157] - INFO - 键盘操作:向下翻页
2021-10-23 17:47:48,233 - basepage.py - [line:157] - INFO - 键盘操作:向下翻页
2021-10-23 17:47:49,362 - basepage.py - [line:157] - INFO - 键盘操作:向下翻页
2021-10-23 17:47:50,495 - basepage.py - [line:157] - INFO - 键盘操作:向下翻页
2021-10-23 17:49:30,550 - basepage.py - [line:97] - INFO - 鼠标光标移动至navBar_item_计算_content元素
2021-10-23 17:49:31,259 - basepage.py - [line:103] - INFO - 鼠标光标移动至navBar_item_计算_content_云服务器元素并点击
2021-10-23 17:49:31,634 - basepage.py - [line:85] - INFO - 点击了//*[@id="tab-vmlist"]元素
2021-10-23 17:49:32,035 - basepage.py - [line:97] - INFO - 鼠标光标移动至navBar_item_计算_content元素
2021-10-23 17:49:32,335 - basepage.py - [line:103] - INFO - 鼠标光标移动至navBar_item_计算_content_云服务器元素并点击
2021-10-23 17:49:32,416 - basepage.py - [line:85] - INFO - 点击了//*[@id="tab-vmlist"]元素
2021-10-23 17:49:36,137 - basepage.py - [line:116] - INFO - 元素文本信息为请输入云服务器名称
2021-10-23 17:49:39,611 - basepage.py - [line:152] - INFO - 键盘输入后清理
2021-10-23 17:49:41,506 - basepage.py - [line:152] - INFO - 键盘输入后清理
2021-10-23 17:49:46,476 - basepage.py - [line:130] - INFO - 元素文本信息为1
2021-10-23 17:49:46,658 - basepage.py - [line:152] - INFO - 键盘输入后清理
2021-10-23 17:49:47,821 - basepage.py - [line:116] - INFO - 元素文本信息为请输入自动创建云服务器个数（限制100）
2021-10-23 17:49:47,923 - basepage.py - [line:152] - INFO - 键盘输入后清理
2021-10-23 17:49:48,033 - basepage.py - [line:152] - INFO - 键盘输入后清理
2021-10-23 17:49:49,300 - basepage.py - [line:152] - INFO - 键盘输入后清理
2021-10-23 17:49:49,406 - basepage.py - [line:152] - INFO - 键盘输入后清理
2021-10-23 17:49:50,673 - basepage.py - [line:152] - INFO - 键盘输入后清理
2021-10-23 17:49:51,923 - basepage.py - [line:152] - INFO - 键盘输入后清理
2021-10-23 17:49:58,044 - basepage.py - [line:130] - INFO - 元素文本信息为2
2021-10-23 17:49:58,219 - basepage.py - [line:152] - INFO - 键盘输入后清理
2021-10-23 17:49:59,371 - basepage.py - [line:116] - INFO - 元素文本信息为请输入处理器
2021-10-23 17:50:00,639 - basepage.py - [line:152] - INFO - 键盘输入后清理
2021-10-23 17:50:01,889 - basepage.py - [line:152] - INFO - 键盘输入后清理
2021-10-23 17:50:03,120 - basepage.py - [line:152] - INFO - 键盘输入后清理
2021-10-23 17:50:04,257 - basepage.py - [line:130] - INFO - 元素文本信息为1
2021-10-23 17:50:04,404 - basepage.py - [line:152] - INFO - 键盘输入后清理
2021-10-23 17:50:05,589 - basepage.py - [line:116] - INFO - 元素文本信息为请输入处理器插槽数
2021-10-23 17:50:05,694 - basepage.py - [line:152] - INFO - 键盘输入后清理
2021-10-23 17:50:06,961 - basepage.py - [line:152] - INFO - 键盘输入后清理
2021-10-23 17:50:08,195 - basepage.py - [line:152] - INFO - 键盘输入后清理
2021-10-23 17:50:09,878 - basepage.py - [line:152] - INFO - 键盘输入后清理
2021-10-23 17:50:10,994 - basepage.py - [line:130] - INFO - 元素文本信息为2
2021-10-23 17:50:11,162 - basepage.py - [line:152] - INFO - 键盘输入后清理
2021-10-23 17:50:12,338 - basepage.py - [line:116] - INFO - 元素文本信息为请输入处理器插槽核数
2021-10-23 17:50:12,448 - basepage.py - [line:152] - INFO - 键盘输入后清理
2021-10-23 17:50:13,707 - basepage.py - [line:152] - INFO - 键盘输入后清理
2021-10-23 17:50:15,498 - basepage.py - [line:152] - INFO - 键盘输入后清理
2021-10-23 17:50:16,735 - basepage.py - [line:152] - INFO - 键盘输入后清理
2021-10-23 17:50:17,988 - basepage.py - [line:130] - INFO - 元素文本信息为4
2021-10-23 17:50:18,723 - basepage.py - [line:152] - INFO - 键盘输入后清理
2021-10-23 17:50:19,898 - basepage.py - [line:116] - INFO - 元素文本信息为请输入设置内存大小
2021-10-23 17:50:20,015 - basepage.py - [line:152] - INFO - 键盘输入后清理
2021-10-23 17:50:21,286 - basepage.py - [line:152] - INFO - 键盘输入后清理
2021-10-23 17:50:23,093 - basepage.py - [line:152] - INFO - 键盘输入后清理
2021-10-23 17:50:24,333 - basepage.py - [line:152] - INFO - 键盘输入后清理
2021-10-23 17:50:37,651 - basepage.py - [line:116] - INFO - 元素文本信息为请输入卷容量
2021-10-23 17:50:37,816 - basepage.py - [line:152] - INFO - 键盘输入后清理
2021-10-23 17:50:40,698 - basepage.py - [line:152] - INFO - 键盘输入后清理
2021-10-23 17:50:42,012 - basepage.py - [line:152] - INFO - 键盘输入后清理
2021-10-23 17:50:43,876 - basepage.py - [line:152] - INFO - 键盘输入后清理
2021-10-23 17:50:43,987 - basepage.py - [line:152] - INFO - 键盘输入后清理
2021-10-23 17:50:45,261 - basepage.py - [line:152] - INFO - 键盘输入后清理
2021-10-23 17:50:46,410 - basepage.py - [line:116] - INFO - 元素文本信息为0
2021-10-23 17:50:47,779 - basepage.py - [line:116] - INFO - 元素文本信息为0
2021-10-23 17:51:01,699 - basepage.py - [line:130] - INFO - 元素文本信息为test001-volume1
2021-10-23 17:51:01,857 - basepage.py - [line:152] - INFO - 键盘输入后清理
2021-10-23 17:51:03,125 - basepage.py - [line:152] - INFO - 键盘输入后清理
2021-10-23 17:51:04,419 - basepage.py - [line:152] - INFO - 键盘输入后清理
2021-10-23 17:51:05,583 - basepage.py - [line:130] - INFO - 元素文本信息为2
2021-10-23 17:51:07,807 - basepage.py - [line:130] - INFO - 元素文本信息为1
2021-10-23 17:51:07,841 - basepage.py - [line:130] - INFO - 元素文本信息为普通云盘1.0
2021-10-23 17:51:10,587 - basepage.py - [line:130] - INFO - 元素文本信息为高效云盘
2021-10-23 17:51:10,621 - basepage.py - [line:130] - INFO - 元素文本信息为机械硬盘
2021-10-23 17:51:13,347 - basepage.py - [line:130] - INFO - 元素文本信息为固态硬盘
2021-10-23 17:51:13,383 - basepage.py - [line:130] - INFO - 元素文本信息为1
2021-10-23 17:51:16,117 - basepage.py - [line:130] - INFO - 元素文本信息为3
2021-10-23 17:51:46,300 - basepage.py - [line:130] - INFO - 元素文本信息为virtio
2021-10-23 17:53:06,777 - basepage.py - [line:130] - INFO - 元素文本信息为compute
2021-10-23 17:53:06,806 - basepage.py - [line:130] - INFO - 元素文本信息为计算97
2021-10-23 17:53:09,047 - basepage.py - [line:130] - INFO - 元素文本信息为storage
2021-10-23 17:53:09,081 - basepage.py - [line:130] - INFO - 元素文本信息为0
2021-10-23 17:53:09,282 - basepage.py - [line:152] - INFO - 键盘输入后清理
2021-10-23 17:53:10,409 - basepage.py - [line:116] - INFO - 元素文本信息为请输入速率
2021-10-23 17:53:10,533 - basepage.py - [line:152] - INFO - 键盘输入后清理
2021-10-23 17:53:12,358 - basepage.py - [line:152] - INFO - 键盘输入后清理
2021-10-23 17:53:14,190 - basepage.py - [line:152] - INFO - 键盘输入后清理
2021-10-23 17:53:16,007 - basepage.py - [line:152] - INFO - 键盘输入后清理
2021-10-23 17:53:17,143 - basepage.py - [line:130] - INFO - 元素文本信息为0
2021-10-23 17:53:17,294 - basepage.py - [line:152] - INFO - 键盘输入后清理
2021-10-23 17:53:18,422 - basepage.py - [line:116] - INFO - 元素文本信息为请输入速率
2021-10-23 17:53:18,542 - basepage.py - [line:152] - INFO - 键盘输入后清理
2021-10-23 17:53:19,860 - basepage.py - [line:152] - INFO - 键盘输入后清理
2021-10-23 17:53:19,986 - basepage.py - [line:152] - INFO - 键盘输入后清理
2021-10-23 17:53:21,784 - basepage.py - [line:152] - INFO - 键盘输入后清理
2021-10-23 17:53:23,589 - basepage.py - [line:152] - INFO - 键盘输入后清理
2021-10-23 17:53:24,742 - basepage.py - [line:130] - INFO - 元素文本信息为0
2021-10-23 17:53:24,885 - basepage.py - [line:152] - INFO - 键盘输入后清理
2021-10-23 17:53:26,003 - basepage.py - [line:116] - INFO - 元素文本信息为请输入突发值
2021-10-23 17:53:26,140 - basepage.py - [line:152] - INFO - 键盘输入后清理
2021-10-23 17:53:27,993 - basepage.py - [line:152] - INFO - 键盘输入后清理
2021-10-23 17:53:28,122 - basepage.py - [line:152] - INFO - 键盘输入后清理
2021-10-23 17:53:29,939 - basepage.py - [line:152] - INFO - 键盘输入后清理
2021-10-23 17:53:31,745 - basepage.py - [line:152] - INFO - 键盘输入后清理
2021-10-23 17:53:34,000 - basepage.py - [line:130] - INFO - 元素文本信息为0
2021-10-23 17:53:34,195 - basepage.py - [line:152] - INFO - 键盘输入后清理
2021-10-23 17:53:35,329 - basepage.py - [line:116] - INFO - 元素文本信息为请输入速率
2021-10-23 17:53:35,443 - basepage.py - [line:152] - INFO - 键盘输入后清理
2021-10-23 17:53:37,288 - basepage.py - [line:152] - INFO - 键盘输入后清理
2021-10-23 17:53:39,120 - basepage.py - [line:152] - INFO - 键盘输入后清理
2021-10-23 17:53:40,962 - basepage.py - [line:152] - INFO - 键盘输入后清理
2021-10-23 17:53:42,112 - basepage.py - [line:130] - INFO - 元素文本信息为0
2021-10-23 17:53:42,259 - basepage.py - [line:152] - INFO - 键盘输入后清理
2021-10-23 17:53:43,373 - basepage.py - [line:116] - INFO - 元素文本信息为请输入速率
2021-10-23 17:53:43,494 - basepage.py - [line:152] - INFO - 键盘输入后清理
2021-10-23 17:53:45,328 - basepage.py - [line:152] - INFO - 键盘输入后清理
2021-10-23 17:53:45,459 - basepage.py - [line:152] - INFO - 键盘输入后清理
2021-10-23 17:53:47,291 - basepage.py - [line:152] - INFO - 键盘输入后清理
2021-10-23 17:53:49,109 - basepage.py - [line:152] - INFO - 键盘输入后清理
2021-10-23 17:53:50,243 - basepage.py - [line:130] - INFO - 元素文本信息为0
2021-10-23 17:53:50,392 - basepage.py - [line:152] - INFO - 键盘输入后清理
2021-10-23 17:53:51,507 - basepage.py - [line:116] - INFO - 元素文本信息为请输入突发值
2021-10-23 17:53:51,629 - basepage.py - [line:152] - INFO - 键盘输入后清理
2021-10-23 17:53:53,467 - basepage.py - [line:152] - INFO - 键盘输入后清理
2021-10-23 17:53:56,618 - basepage.py - [line:152] - INFO - 键盘输入后清理
2021-10-23 17:53:58,425 - basepage.py - [line:152] - INFO - 键盘输入后清理
2021-10-23 17:54:10,196 - basepage.py - [line:116] - INFO - 元素文本信息为请选择仓库地址
2021-10-23 17:54:10,227 - basepage.py - [line:116] - INFO - 元素文本信息为请选择光驱
2021-10-23 17:54:15,690 - basepage.py - [line:130] - INFO - 元素文本信息为lakers
2021-10-23 17:54:15,718 - basepage.py - [line:130] - INFO - 元素文本信息为cn_windows_7_enterprise_x64_dvd_x15-70741.iso
2021-10-23 17:54:15,753 - basepage.py - [line:116] - INFO - 元素文本信息为请选择仓库地址
2021-10-23 17:54:15,790 - basepage.py - [line:116] - INFO - 元素文本信息为请选择软驱
2021-10-23 17:54:21,292 - basepage.py - [line:130] - INFO - 元素文本信息为lakers
2021-10-23 17:54:21,324 - basepage.py - [line:130] - INFO - 元素文本信息为virtio-win-0.1.141_amd64.vfd
2021-10-23 17:54:21,359 - basepage.py - [line:116] - INFO - 元素文本信息为0
2021-10-23 17:54:22,488 - basepage.py - [line:116] - INFO - 元素文本信息为0
2021-10-23 17:54:24,723 - basepage.py - [line:116] - INFO - 元素文本信息为0
2021-10-23 17:54:25,838 - basepage.py - [line:116] - INFO - 元素文本信息为0
2021-10-23 17:54:26,945 - basepage.py - [line:116] - INFO - 元素文本信息为0
2021-10-23 17:54:28,052 - basepage.py - [line:116] - INFO - 元素文本信息为0
2021-10-23 17:54:29,167 - basepage.py - [line:116] - INFO - 元素文本信息为0
2021-10-23 17:54:30,275 - basepage.py - [line:116] - INFO - 元素文本信息为0
2021-10-23 17:54:31,388 - basepage.py - [line:116] - INFO - 元素文本信息为0
2021-10-23 17:54:32,492 - basepage.py - [line:116] - INFO - 元素文本信息为0
2021-10-23 17:54:33,594 - basepage.py - [line:116] - INFO - 元素文本信息为0
2021-10-23 17:54:34,711 - basepage.py - [line:116] - INFO - 元素文本信息为0
2021-10-23 17:54:35,822 - basepage.py - [line:116] - INFO - 元素文本信息为0
2021-10-23 17:54:36,939 - basepage.py - [line:116] - INFO - 元素文本信息为0
2021-10-23 17:54:38,058 - basepage.py - [line:116] - INFO - 元素文本信息为0
2021-10-23 17:54:39,542 - basepage.py - [line:116] - INFO - 元素文本信息为0
2021-10-23 17:54:40,813 - basepage.py - [line:116] - INFO - 元素文本信息为0
2021-10-23 17:54:41,921 - basepage.py - [line:116] - INFO - 元素文本信息为0
2021-10-23 17:54:43,036 - basepage.py - [line:116] - INFO - 元素文本信息为0
2021-10-23 17:54:44,140 - basepage.py - [line:116] - INFO - 元素文本信息为0
2021-10-23 17:54:45,259 - basepage.py - [line:116] - INFO - 元素文本信息为0
2021-10-23 17:54:46,366 - basepage.py - [line:116] - INFO - 元素文本信息为-1
2021-10-23 17:54:48,683 - basepage.py - [line:116] - INFO - 元素文本信息为0
2021-10-23 17:54:51,065 - basepage.py - [line:157] - INFO - 键盘操作:向下翻页
2021-10-23 17:54:51,633 - basepage.py - [line:116] - INFO - 元素文本信息为0
2021-10-23 17:54:52,699 - basepage.py - [line:157] - INFO - 键盘操作:向下翻页
2021-10-23 17:54:53,816 - basepage.py - [line:157] - INFO - 键盘操作:向下翻页
2021-10-23 17:54:54,988 - basepage.py - [line:157] - INFO - 键盘操作:向下翻页
2021-10-23 17:54:56,130 - basepage.py - [line:157] - INFO - 键盘操作:向下翻页
2021-10-23 22:18:59,876 - basepage.py - [line:97] - INFO - 鼠标光标移动至navBar_item_计算_content元素
2021-10-23 22:19:00,438 - basepage.py - [line:103] - INFO - 鼠标光标移动至navBar_item_计算_content_云服务器元素并点击
2021-10-23 22:19:00,796 - basepage.py - [line:85] - INFO - 点击了//*[@id="tab-vmlist"]元素
2021-10-23 22:19:45,577 - basepage.py - [line:97] - INFO - 鼠标光标移动至navBar_item_计算_content元素
2021-10-23 22:19:46,104 - basepage.py - [line:103] - INFO - 鼠标光标移动至navBar_item_计算_content_云服务器元素并点击
2021-10-23 22:19:46,493 - basepage.py - [line:85] - INFO - 点击了//*[@id="tab-vmlist"]元素
2021-10-23 22:20:42,676 - basepage.py - [line:97] - INFO - 鼠标光标移动至navBar_item_计算_content元素
2021-10-23 22:20:43,118 - basepage.py - [line:103] - INFO - 鼠标光标移动至navBar_item_计算_content_云服务器元素并点击
2021-10-23 22:20:43,616 - basepage.py - [line:85] - INFO - 点击了//*[@id="tab-vmlist"]元素
2021-10-23 22:21:30,032 - basepage.py - [line:97] - INFO - 鼠标光标移动至navBar_item_计算_content元素
2021-10-23 22:21:30,477 - basepage.py - [line:103] - INFO - 鼠标光标移动至navBar_item_计算_content_云服务器元素并点击
2021-10-23 22:21:31,408 - basepage.py - [line:85] - INFO - 点击了//*[@id="tab-vmlist"]元素
2021-10-23 22:22:08,908 - basepage.py - [line:97] - INFO - 鼠标光标移动至navBar_item_计算_content元素
2021-10-23 22:22:09,386 - basepage.py - [line:103] - INFO - 鼠标光标移动至navBar_item_计算_content_云服务器元素并点击
2021-10-23 22:22:09,910 - basepage.py - [line:85] - INFO - 点击了//*[@id="tab-vmlist"]元素
2021-10-23 22:26:32,726 - basepage.py - [line:97] - INFO - 鼠标光标移动至navBar_item_计算_content元素
2021-10-23 22:26:33,248 - basepage.py - [line:103] - INFO - 鼠标光标移动至navBar_item_计算_content_云服务器元素并点击
2021-10-23 22:26:34,143 - basepage.py - [line:85] - INFO - 点击了//*[@id="tab-vmlist"]元素
2021-10-23 22:27:03,286 - basepage.py - [line:97] - INFO - 鼠标光标移动至navBar_item_计算_content元素
2021-10-23 22:27:03,809 - basepage.py - [line:103] - INFO - 鼠标光标移动至navBar_item_计算_content_云服务器元素并点击
2021-10-23 22:27:04,351 - basepage.py - [line:85] - INFO - 点击了//*[@id="tab-vmlist"]元素
2021-10-23 22:40:24,580 - basepage.py - [line:97] - INFO - 鼠标光标移动至navBar_item_计算_content元素
2021-10-23 22:40:25,060 - basepage.py - [line:103] - INFO - 鼠标光标移动至navBar_item_计算_content_云服务器元素并点击
2021-10-23 22:40:25,687 - basepage.py - [line:85] - INFO - 点击了//*[@id="tab-vmlist"]元素
2021-10-23 22:40:34,460 - basepage.py - [line:130] - INFO - 元素文本信息为lakers1
2021-10-23 22:42:04,318 - basepage.py - [line:97] - INFO - 鼠标光标移动至navBar_item_计算_content元素
2021-10-23 22:42:04,829 - basepage.py - [line:103] - INFO - 鼠标光标移动至navBar_item_计算_content_云服务器元素并点击
2021-10-23 22:42:05,217 - basepage.py - [line:85] - INFO - 点击了//*[@id="tab-vmlist"]元素
2021-10-23 22:42:14,295 - basepage.py - [line:130] - INFO - 元素文本信息为lakers1
2021-10-23 22:42:35,061 - basepage.py - [line:97] - INFO - 鼠标光标移动至navBar_item_计算_content元素
2021-10-23 22:42:35,423 - basepage.py - [line:103] - INFO - 鼠标光标移动至navBar_item_计算_content_云服务器元素并点击
2021-10-23 22:42:36,272 - basepage.py - [line:85] - INFO - 点击了//*[@id="tab-vmlist"]元素
2021-10-23 22:42:45,356 - basepage.py - [line:130] - INFO - 元素文本信息为lakers1
2021-10-23 22:45:38,267 - basepage.py - [line:97] - INFO - 鼠标光标移动至navBar_item_计算_content元素
2021-10-23 22:45:38,709 - basepage.py - [line:103] - INFO - 鼠标光标移动至navBar_item_计算_content_云服务器元素并点击
2021-10-23 22:45:39,092 - basepage.py - [line:85] - INFO - 点击了//*[@id="tab-vmlist"]元素
2021-10-23 22:45:48,422 - basepage.py - [line:130] - INFO - 元素文本信息为lakers1
2021-10-23 22:48:15,553 - basepage.py - [line:97] - INFO - 鼠标光标移动至navBar_item_计算_content元素
2021-10-23 22:48:15,982 - basepage.py - [line:103] - INFO - 鼠标光标移动至navBar_item_计算_content_云服务器元素并点击
2021-10-23 22:48:16,307 - basepage.py - [line:85] - INFO - 点击了//*[@id="tab-vmlist"]元素
2021-10-23 22:48:16,673 - basepage.py - [line:97] - INFO - 鼠标光标移动至navBar_item_计算_content元素
2021-10-23 22:48:16,965 - basepage.py - [line:103] - INFO - 鼠标光标移动至navBar_item_计算_content_云服务器元素并点击
2021-10-23 22:48:17,041 - basepage.py - [line:85] - INFO - 点击了//*[@id="tab-vmlist"]元素
2021-10-23 22:48:19,929 - basepage.py - [line:116] - INFO - 元素文本信息为请输入云服务器名称
2021-10-23 22:48:23,976 - basepage.py - [line:152] - INFO - 键盘输入后清理
2021-10-23 22:48:25,864 - basepage.py - [line:152] - INFO - 键盘输入后清理
2021-10-23 22:48:30,832 - basepage.py - [line:130] - INFO - 元素文本信息为1
2021-10-23 22:48:31,033 - basepage.py - [line:152] - INFO - 键盘输入后清理
2021-10-23 22:48:32,250 - basepage.py - [line:116] - INFO - 元素文本信息为请输入自动创建云服务器个数（限制100）
2021-10-23 22:48:32,371 - basepage.py - [line:152] - INFO - 键盘输入后清理
2021-10-23 22:48:32,502 - basepage.py - [line:152] - INFO - 键盘输入后清理
2021-10-23 22:48:33,775 - basepage.py - [line:152] - INFO - 键盘输入后清理
2021-10-23 22:48:33,885 - basepage.py - [line:152] - INFO - 键盘输入后清理
2021-10-23 22:48:35,151 - basepage.py - [line:152] - INFO - 键盘输入后清理
2021-10-23 22:48:36,408 - basepage.py - [line:152] - INFO - 键盘输入后清理
2021-10-23 22:48:42,513 - basepage.py - [line:130] - INFO - 元素文本信息为2
2021-10-23 22:48:42,690 - basepage.py - [line:152] - INFO - 键盘输入后清理
2021-10-23 22:48:43,857 - basepage.py - [line:116] - INFO - 元素文本信息为请输入处理器
2021-10-23 22:48:45,124 - basepage.py - [line:152] - INFO - 键盘输入后清理
2021-10-23 22:48:46,369 - basepage.py - [line:152] - INFO - 键盘输入后清理
2021-10-23 22:48:47,610 - basepage.py - [line:152] - INFO - 键盘输入后清理
2021-10-23 22:48:48,745 - basepage.py - [line:130] - INFO - 元素文本信息为1
2021-10-23 22:48:49,354 - basepage.py - [line:152] - INFO - 键盘输入后清理
2021-10-23 22:48:50,509 - basepage.py - [line:116] - INFO - 元素文本信息为请输入处理器插槽数
2021-10-23 22:48:50,622 - basepage.py - [line:152] - INFO - 键盘输入后清理
2021-10-23 22:48:51,881 - basepage.py - [line:152] - INFO - 键盘输入后清理
2021-10-23 22:48:53,120 - basepage.py - [line:152] - INFO - 键盘输入后清理
2021-10-23 22:48:54,354 - basepage.py - [line:152] - INFO - 键盘输入后清理
2021-10-23 22:48:55,487 - basepage.py - [line:130] - INFO - 元素文本信息为2
2021-10-23 22:48:55,650 - basepage.py - [line:152] - INFO - 键盘输入后清理
2021-10-23 22:48:56,797 - basepage.py - [line:116] - INFO - 元素文本信息为请输入处理器插槽核数
2021-10-23 22:48:56,908 - basepage.py - [line:152] - INFO - 键盘输入后清理
2021-10-23 22:48:58,175 - basepage.py - [line:152] - INFO - 键盘输入后清理
2021-10-23 22:48:59,968 - basepage.py - [line:152] - INFO - 键盘输入后清理
2021-10-23 22:49:01,199 - basepage.py - [line:152] - INFO - 键盘输入后清理
2021-10-23 22:49:02,341 - basepage.py - [line:130] - INFO - 元素文本信息为4
2021-10-23 22:49:02,503 - basepage.py - [line:152] - INFO - 键盘输入后清理
2021-10-23 22:49:03,660 - basepage.py - [line:116] - INFO - 元素文本信息为请输入设置内存大小
2021-10-23 22:49:03,774 - basepage.py - [line:152] - INFO - 键盘输入后清理
2021-10-23 22:49:05,039 - basepage.py - [line:152] - INFO - 键盘输入后清理
2021-10-23 22:49:06,830 - basepage.py - [line:152] - INFO - 键盘输入后清理
2021-10-23 22:49:08,068 - basepage.py - [line:152] - INFO - 键盘输入后清理
2021-10-23 22:49:21,815 - basepage.py - [line:116] - INFO - 元素文本信息为请输入卷容量
2021-10-23 22:49:21,971 - basepage.py - [line:152] - INFO - 键盘输入后清理
2021-10-23 22:49:24,896 - basepage.py - [line:152] - INFO - 键盘输入后清理
2021-10-23 22:49:26,330 - basepage.py - [line:152] - INFO - 键盘输入后清理
2021-10-23 22:49:27,615 - basepage.py - [line:152] - INFO - 键盘输入后清理
2021-10-23 22:49:29,694 - basepage.py - [line:152] - INFO - 键盘输入后清理
2021-10-23 22:49:30,829 - basepage.py - [line:116] - INFO - 元素文本信息为0
2021-10-23 22:49:31,953 - basepage.py - [line:116] - INFO - 元素文本信息为0
2021-10-23 22:49:35,768 - basepage.py - [line:130] - INFO - 元素文本信息为lakers1
2021-10-23 22:49:35,829 - basepage.py - [line:130] - INFO - 元素文本信息为test001-volume1
2021-10-23 22:49:36,033 - basepage.py - [line:152] - INFO - 键盘输入后清理
2021-10-23 22:49:37,248 - basepage.py - [line:116] - INFO - 元素文本信息为请输入卷名称
2021-10-23 22:49:37,377 - basepage.py - [line:152] - INFO - 键盘输入后清理
2021-10-23 22:49:39,121 - basepage.py - [line:152] - INFO - 键盘输入后清理
2021-10-23 22:49:41,177 - basepage.py - [line:152] - INFO - 键盘输入后清理
2021-10-23 22:49:42,413 - basepage.py - [line:130] - INFO - 元素文本信息为2
2021-10-23 22:49:44,683 - basepage.py - [line:130] - INFO - 元素文本信息为1
2021-10-23 22:49:44,721 - basepage.py - [line:130] - INFO - 元素文本信息为普通云盘1.0
2021-10-23 22:49:47,461 - basepage.py - [line:130] - INFO - 元素文本信息为高效云盘
2021-10-23 22:49:47,494 - basepage.py - [line:130] - INFO - 元素文本信息为机械硬盘
2021-10-23 22:49:50,211 - basepage.py - [line:130] - INFO - 元素文本信息为固态硬盘
2021-10-23 22:49:50,250 - basepage.py - [line:130] - INFO - 元素文本信息为1
2021-10-23 22:49:52,994 - basepage.py - [line:130] - INFO - 元素文本信息为3
2021-10-23 22:50:16,150 - basepage.py - [line:130] - INFO - 元素文本信息为virtio
2021-10-23 22:50:18,920 - basepage.py - [line:130] - INFO - 元素文本信息为rtl8139
2021-10-23 22:50:23,271 - basepage.py - [line:130] - INFO - 元素文本信息为1
2021-10-23 22:50:23,449 - basepage.py - [line:152] - INFO - 键盘输入后清理
2021-10-23 22:50:24,614 - basepage.py - [line:116] - INFO - 元素文本信息为请输入队列数
2021-10-23 22:50:25,174 - basepage.py - [line:152] - INFO - 键盘输入后清理
2021-10-23 22:50:26,491 - basepage.py - [line:152] - INFO - 键盘输入后清理
2021-10-23 22:50:28,880 - basepage.py - [line:152] - INFO - 键盘输入后清理
2021-10-23 22:50:31,166 - basepage.py - [line:130] - INFO - 元素文本信息为compute
2021-10-23 22:50:31,199 - basepage.py - [line:130] - INFO - 元素文本信息为计算97
2021-10-23 22:50:34,279 - basepage.py - [line:130] - INFO - 元素文本信息为storage
2021-10-23 22:50:34,318 - basepage.py - [line:130] - INFO - 元素文本信息为0
2021-10-23 22:50:34,554 - basepage.py - [line:152] - INFO - 键盘输入后清理
2021-10-23 22:50:35,693 - basepage.py - [line:116] - INFO - 元素文本信息为请输入速率
2021-10-23 22:50:35,835 - basepage.py - [line:152] - INFO - 键盘输入后清理
2021-10-23 22:50:37,175 - basepage.py - [line:152] - INFO - 键盘输入后清理
2021-10-23 22:50:39,027 - basepage.py - [line:152] - INFO - 键盘输入后清理
2021-10-23 22:50:40,857 - basepage.py - [line:152] - INFO - 键盘输入后清理
2021-10-23 22:50:42,020 - basepage.py - [line:130] - INFO - 元素文本信息为0
2021-10-23 22:50:42,172 - basepage.py - [line:152] - INFO - 键盘输入后清理
2021-10-23 22:50:43,292 - basepage.py - [line:116] - INFO - 元素文本信息为请输入速率
2021-10-23 22:50:43,408 - basepage.py - [line:152] - INFO - 键盘输入后清理
2021-10-23 22:50:44,743 - basepage.py - [line:152] - INFO - 键盘输入后清理
2021-10-23 22:50:44,876 - basepage.py - [line:152] - INFO - 键盘输入后清理
2021-10-23 22:50:46,221 - basepage.py - [line:152] - INFO - 键盘输入后清理
2021-10-23 22:50:47,538 - basepage.py - [line:152] - INFO - 键盘输入后清理
2021-10-23 22:50:48,673 - basepage.py - [line:130] - INFO - 元素文本信息为0
2021-10-23 22:50:48,835 - basepage.py - [line:152] - INFO - 键盘输入后清理
2021-10-23 22:50:49,966 - basepage.py - [line:116] - INFO - 元素文本信息为请输入突发值
2021-10-23 22:50:50,086 - basepage.py - [line:152] - INFO - 键盘输入后清理
2021-10-23 22:50:51,930 - basepage.py - [line:152] - INFO - 键盘输入后清理
2021-10-23 22:50:52,070 - basepage.py - [line:152] - INFO - 键盘输入后清理
2021-10-23 22:50:53,923 - basepage.py - [line:152] - INFO - 键盘输入后清理
2021-10-23 22:50:55,732 - basepage.py - [line:152] - INFO - 键盘输入后清理
2021-10-23 22:50:57,964 - basepage.py - [line:130] - INFO - 元素文本信息为0
2021-10-23 22:50:58,146 - basepage.py - [line:152] - INFO - 键盘输入后清理
2021-10-23 22:50:59,279 - basepage.py - [line:116] - INFO - 元素文本信息为请输入速率
2021-10-23 22:50:59,398 - basepage.py - [line:152] - INFO - 键盘输入后清理
2021-10-23 22:51:00,784 - basepage.py - [line:152] - INFO - 键盘输入后清理
2021-10-23 22:51:02,630 - basepage.py - [line:152] - INFO - 键盘输入后清理
2021-10-23 22:51:04,449 - basepage.py - [line:152] - INFO - 键盘输入后清理
2021-10-23 22:51:05,589 - basepage.py - [line:130] - INFO - 元素文本信息为0
2021-10-23 22:51:05,740 - basepage.py - [line:152] - INFO - 键盘输入后清理
2021-10-23 22:51:06,869 - basepage.py - [line:116] - INFO - 元素文本信息为请输入速率
2021-10-23 22:51:06,988 - basepage.py - [line:152] - INFO - 键盘输入后清理
2021-10-23 22:51:08,800 - basepage.py - [line:152] - INFO - 键盘输入后清理
2021-10-23 22:51:08,934 - basepage.py - [line:152] - INFO - 键盘输入后清理
2021-10-23 22:51:10,787 - basepage.py - [line:152] - INFO - 键盘输入后清理
2021-10-23 22:51:12,627 - basepage.py - [line:152] - INFO - 键盘输入后清理
2021-10-23 22:51:13,774 - basepage.py - [line:130] - INFO - 元素文本信息为0
2021-10-23 22:51:13,957 - basepage.py - [line:152] - INFO - 键盘输入后清理
2021-10-23 22:51:15,088 - basepage.py - [line:116] - INFO - 元素文本信息为请输入突发值
2021-10-23 22:51:15,204 - basepage.py - [line:152] - INFO - 键盘输入后清理
2021-10-23 22:51:16,562 - basepage.py - [line:152] - INFO - 键盘输入后清理
2021-10-23 22:51:19,308 - basepage.py - [line:152] - INFO - 键盘输入后清理
2021-10-23 22:51:20,622 - basepage.py - [line:152] - INFO - 键盘输入后清理
2021-10-23 22:51:32,453 - basepage.py - [line:116] - INFO - 元素文本信息为请选择仓库地址
2021-10-23 22:51:32,493 - basepage.py - [line:116] - INFO - 元素文本信息为请选择光驱
2021-10-23 22:51:38,019 - basepage.py - [line:130] - INFO - 元素文本信息为lakers
2021-10-23 22:51:38,065 - basepage.py - [line:130] - INFO - 元素文本信息为cn_windows_7_enterprise_x64_dvd_x15-70741.iso
2021-10-23 22:51:38,108 - basepage.py - [line:116] - INFO - 元素文本信息为请选择仓库地址
2021-10-23 22:51:38,149 - basepage.py - [line:116] - INFO - 元素文本信息为请选择软驱
2021-10-23 22:51:43,673 - basepage.py - [line:130] - INFO - 元素文本信息为lakers
2021-10-23 22:51:43,714 - basepage.py - [line:130] - INFO - 元素文本信息为virtio-win-0.1.141_amd64.vfd
2021-10-23 22:51:43,761 - basepage.py - [line:116] - INFO - 元素文本信息为0
2021-10-23 22:51:44,908 - basepage.py - [line:116] - INFO - 元素文本信息为0
2021-10-23 22:51:47,148 - basepage.py - [line:116] - INFO - 元素文本信息为0
2021-10-23 22:51:48,260 - basepage.py - [line:116] - INFO - 元素文本信息为0
2021-10-23 22:51:49,375 - basepage.py - [line:116] - INFO - 元素文本信息为0
2021-10-23 22:51:50,722 - basepage.py - [line:116] - INFO - 元素文本信息为0
2021-10-23 22:51:52,088 - basepage.py - [line:116] - INFO - 元素文本信息为0
2021-10-23 22:51:53,204 - basepage.py - [line:116] - INFO - 元素文本信息为0
2021-10-23 22:51:54,319 - basepage.py - [line:116] - INFO - 元素文本信息为0
2021-10-23 22:51:55,425 - basepage.py - [line:116] - INFO - 元素文本信息为0
2021-10-23 22:51:56,537 - basepage.py - [line:116] - INFO - 元素文本信息为0
2021-10-23 22:51:57,651 - basepage.py - [line:116] - INFO - 元素文本信息为0
2021-10-23 22:51:58,753 - basepage.py - [line:116] - INFO - 元素文本信息为0
2021-10-23 22:51:59,865 - basepage.py - [line:116] - INFO - 元素文本信息为0
2021-10-23 22:52:00,972 - basepage.py - [line:116] - INFO - 元素文本信息为0
2021-10-23 22:52:02,084 - basepage.py - [line:116] - INFO - 元素文本信息为0
2021-10-23 22:52:03,208 - basepage.py - [line:116] - INFO - 元素文本信息为0
2021-10-23 22:52:04,310 - basepage.py - [line:116] - INFO - 元素文本信息为0
2021-10-23 22:52:05,414 - basepage.py - [line:116] - INFO - 元素文本信息为0
2021-10-23 22:52:06,527 - basepage.py - [line:116] - INFO - 元素文本信息为0
2021-10-23 22:52:07,641 - basepage.py - [line:116] - INFO - 元素文本信息为0
2021-10-23 22:52:08,752 - basepage.py - [line:116] - INFO - 元素文本信息为-1
2021-10-23 22:52:10,953 - basepage.py - [line:116] - INFO - 元素文本信息为0
2021-10-23 22:52:13,117 - basepage.py - [line:157] - INFO - 键盘操作:向下翻页
2021-10-23 22:52:13,682 - basepage.py - [line:116] - INFO - 元素文本信息为0
2021-10-23 22:52:14,773 - basepage.py - [line:157] - INFO - 键盘操作:向下翻页
2021-10-23 22:52:15,959 - basepage.py - [line:157] - INFO - 键盘操作:向下翻页
2021-10-23 22:52:17,167 - basepage.py - [line:157] - INFO - 键盘操作:向下翻页
2021-10-23 22:52:18,327 - basepage.py - [line:157] - INFO - 键盘操作:向下翻页
2021-10-23 22:57:23,763 - basepage.py - [line:97] - INFO - 鼠标光标移动至navBar_item_计算_content元素
2021-10-23 22:57:24,148 - basepage.py - [line:103] - INFO - 鼠标光标移动至navBar_item_计算_content_云服务器元素并点击
2021-10-23 22:57:24,497 - basepage.py - [line:85] - INFO - 点击了//*[@id="tab-vmlist"]元素
2021-10-23 22:57:31,431 - basepage.py - [line:152] - INFO - 键盘输入后清理
2021-10-23 23:01:24,000 - basepage.py - [line:97] - INFO - 鼠标光标移动至navBar_item_计算_content元素
2021-10-23 23:01:24,366 - basepage.py - [line:103] - INFO - 鼠标光标移动至navBar_item_计算_content_云服务器元素并点击
2021-10-23 23:01:24,716 - basepage.py - [line:85] - INFO - 点击了//*[@id="tab-vmlist"]元素
2021-10-23 23:01:31,473 - basepage.py - [line:152] - INFO - 键盘输入后清理
2021-10-23 23:02:28,280 - basepage.py - [line:97] - INFO - 鼠标光标移动至navBar_item_计算_content元素
2021-10-23 23:02:28,701 - basepage.py - [line:103] - INFO - 鼠标光标移动至navBar_item_计算_content_云服务器元素并点击
2021-10-23 23:02:29,111 - basepage.py - [line:85] - INFO - 点击了//*[@id="tab-vmlist"]元素
2021-10-23 23:02:35,424 - basepage.py - [line:152] - INFO - 键盘输入后清理
2021-10-23 23:02:37,294 - basepage.py - [line:152] - INFO - 键盘输入后清理
2021-10-23 23:03:06,697 - basepage.py - [line:97] - INFO - 鼠标光标移动至navBar_item_计算_content元素
2021-10-23 23:03:07,135 - basepage.py - [line:103] - INFO - 鼠标光标移动至navBar_item_计算_content_云服务器元素并点击
2021-10-23 23:03:08,343 - basepage.py - [line:85] - INFO - 点击了//*[@id="tab-vmlist"]元素
2021-10-23 23:03:14,687 - basepage.py - [line:152] - INFO - 键盘输入后清理
2021-10-23 23:03:16,487 - basepage.py - [line:152] - INFO - 键盘输入后清理
2021-10-23 23:03:39,242 - basepage.py - [line:97] - INFO - 鼠标光标移动至navBar_item_计算_content元素
2021-10-23 23:03:39,624 - basepage.py - [line:103] - INFO - 鼠标光标移动至navBar_item_计算_content_云服务器元素并点击
2021-10-23 23:03:39,932 - basepage.py - [line:85] - INFO - 点击了//*[@id="tab-vmlist"]元素
2021-10-23 23:03:40,348 - basepage.py - [line:97] - INFO - 鼠标光标移动至navBar_item_计算_content元素
2021-10-23 23:03:40,638 - basepage.py - [line:103] - INFO - 鼠标光标移动至navBar_item_计算_content_云服务器元素并点击
2021-10-23 23:03:40,708 - basepage.py - [line:85] - INFO - 点击了//*[@id="tab-vmlist"]元素
2021-10-23 23:03:43,577 - basepage.py - [line:116] - INFO - 元素文本信息为请输入云服务器名称
2021-10-23 23:03:47,609 - basepage.py - [line:152] - INFO - 键盘输入后清理
2021-10-23 23:03:49,480 - basepage.py - [line:152] - INFO - 键盘输入后清理
2021-10-23 23:03:54,726 - basepage.py - [line:130] - INFO - 元素文本信息为1
2021-10-23 23:03:54,909 - basepage.py - [line:152] - INFO - 键盘输入后清理
2021-10-23 23:03:56,106 - basepage.py - [line:116] - INFO - 元素文本信息为请输入自动创建云服务器个数（限制100）
2021-10-23 23:03:56,227 - basepage.py - [line:152] - INFO - 键盘输入后清理
2021-10-23 23:03:56,354 - basepage.py - [line:152] - INFO - 键盘输入后清理
2021-10-23 23:03:57,615 - basepage.py - [line:152] - INFO - 键盘输入后清理
2021-10-23 23:03:57,729 - basepage.py - [line:152] - INFO - 键盘输入后清理
2021-10-23 23:03:58,994 - basepage.py - [line:152] - INFO - 键盘输入后清理
2021-10-23 23:04:00,237 - basepage.py - [line:152] - INFO - 键盘输入后清理
2021-10-23 23:04:06,425 - basepage.py - [line:130] - INFO - 元素文本信息为2
2021-10-23 23:04:06,597 - basepage.py - [line:152] - INFO - 键盘输入后清理
2021-10-23 23:04:07,755 - basepage.py - [line:116] - INFO - 元素文本信息为请输入处理器
2021-10-23 23:04:09,016 - basepage.py - [line:152] - INFO - 键盘输入后清理
2021-10-23 23:04:10,255 - basepage.py - [line:152] - INFO - 键盘输入后清理
2021-10-23 23:04:11,505 - basepage.py - [line:152] - INFO - 键盘输入后清理
2021-10-23 23:04:12,630 - basepage.py - [line:130] - INFO - 元素文本信息为1
2021-10-23 23:04:12,770 - basepage.py - [line:152] - INFO - 键盘输入后清理
2021-10-23 23:04:13,932 - basepage.py - [line:116] - INFO - 元素文本信息为请输入处理器插槽数
2021-10-23 23:04:14,042 - basepage.py - [line:152] - INFO - 键盘输入后清理
2021-10-23 23:04:15,294 - basepage.py - [line:152] - INFO - 键盘输入后清理
2021-10-23 23:04:16,572 - basepage.py - [line:152] - INFO - 键盘输入后清理
2021-10-23 23:04:17,865 - basepage.py - [line:152] - INFO - 键盘输入后清理
2021-10-23 23:04:18,998 - basepage.py - [line:130] - INFO - 元素文本信息为2
2021-10-23 23:04:19,147 - basepage.py - [line:152] - INFO - 键盘输入后清理
2021-10-23 23:04:20,302 - basepage.py - [line:116] - INFO - 元素文本信息为请输入处理器插槽核数
2021-10-23 23:04:20,409 - basepage.py - [line:152] - INFO - 键盘输入后清理
2021-10-23 23:04:21,672 - basepage.py - [line:152] - INFO - 键盘输入后清理
2021-10-23 23:04:23,453 - basepage.py - [line:152] - INFO - 键盘输入后清理
2021-10-23 23:04:24,692 - basepage.py - [line:152] - INFO - 键盘输入后清理
2021-10-23 23:04:25,816 - basepage.py - [line:130] - INFO - 元素文本信息为4
2021-10-23 23:04:25,969 - basepage.py - [line:152] - INFO - 键盘输入后清理
2021-10-23 23:04:27,136 - basepage.py - [line:116] - INFO - 元素文本信息为请输入设置内存大小
2021-10-23 23:04:27,248 - basepage.py - [line:152] - INFO - 键盘输入后清理
2021-10-23 23:04:28,523 - basepage.py - [line:152] - INFO - 键盘输入后清理
2021-10-23 23:04:30,313 - basepage.py - [line:152] - INFO - 键盘输入后清理
2021-10-23 23:04:31,556 - basepage.py - [line:152] - INFO - 键盘输入后清理
2021-10-23 23:04:45,114 - basepage.py - [line:116] - INFO - 元素文本信息为请输入卷容量
2021-10-23 23:04:45,281 - basepage.py - [line:152] - INFO - 键盘输入后清理
2021-10-23 23:04:48,181 - basepage.py - [line:152] - INFO - 键盘输入后清理
2021-10-23 23:04:49,649 - basepage.py - [line:152] - INFO - 键盘输入后清理
2021-10-23 23:04:50,911 - basepage.py - [line:152] - INFO - 键盘输入后清理
2021-10-23 23:04:52,915 - basepage.py - [line:152] - INFO - 键盘输入后清理
2021-10-23 23:04:54,060 - basepage.py - [line:116] - INFO - 元素文本信息为0
2021-10-23 23:04:55,188 - basepage.py - [line:116] - INFO - 元素文本信息为0
2021-10-23 23:04:59,970 - basepage.py - [line:130] - INFO - 元素文本信息为lakers1
2021-10-23 23:05:00,029 - basepage.py - [line:130] - INFO - 元素文本信息为test001-volume1
2021-10-23 23:05:00,232 - basepage.py - [line:152] - INFO - 键盘输入后清理
2021-10-23 23:05:01,404 - basepage.py - [line:116] - INFO - 元素文本信息为请输入卷名称
2021-10-23 23:05:01,531 - basepage.py - [line:152] - INFO - 键盘输入后清理
2021-10-23 23:05:02,851 - basepage.py - [line:152] - INFO - 键盘输入后清理
2021-10-23 23:05:04,828 - basepage.py - [line:152] - INFO - 键盘输入后清理
2021-10-23 23:05:06,057 - basepage.py - [line:130] - INFO - 元素文本信息为2
2021-10-23 23:05:08,820 - basepage.py - [line:130] - INFO - 元素文本信息为1
2021-10-23 23:05:08,902 - basepage.py - [line:130] - INFO - 元素文本信息为普通云盘1.0
2021-10-23 23:05:11,621 - basepage.py - [line:130] - INFO - 元素文本信息为高效云盘
2021-10-23 23:05:11,655 - basepage.py - [line:130] - INFO - 元素文本信息为机械硬盘
2021-10-23 23:05:14,369 - basepage.py - [line:130] - INFO - 元素文本信息为固态硬盘
2021-10-23 23:05:14,413 - basepage.py - [line:130] - INFO - 元素文本信息为1
2021-10-23 23:05:17,169 - basepage.py - [line:130] - INFO - 元素文本信息为3
2021-10-23 23:05:40,376 - basepage.py - [line:130] - INFO - 元素文本信息为virtio
2021-10-23 23:05:43,133 - basepage.py - [line:130] - INFO - 元素文本信息为rtl8139
2021-10-23 23:05:47,479 - basepage.py - [line:130] - INFO - 元素文本信息为1
2021-10-23 23:05:47,658 - basepage.py - [line:152] - INFO - 键盘输入后清理
2021-10-23 23:05:48,827 - basepage.py - [line:116] - INFO - 元素文本信息为请输入队列数
2021-10-23 23:05:48,949 - basepage.py - [line:152] - INFO - 键盘输入后清理
2021-10-23 23:05:50,261 - basepage.py - [line:152] - INFO - 键盘输入后清理
2021-10-23 23:05:52,857 - basepage.py - [line:152] - INFO - 键盘输入后清理
2021-10-23 23:05:55,644 - basepage.py - [line:130] - INFO - 元素文本信息为compute
2021-10-23 23:05:55,675 - basepage.py - [line:130] - INFO - 元素文本信息为计算97
2021-10-23 23:05:58,414 - basepage.py - [line:130] - INFO - 元素文本信息为storage
2021-10-23 23:05:58,461 - basepage.py - [line:130] - INFO - 元素文本信息为0
2021-10-23 23:05:58,710 - basepage.py - [line:152] - INFO - 键盘输入后清理
2021-10-23 23:05:59,861 - basepage.py - [line:116] - INFO - 元素文本信息为请输入速率
2021-10-23 23:05:59,998 - basepage.py - [line:152] - INFO - 键盘输入后清理
2021-10-23 23:06:01,867 - basepage.py - [line:152] - INFO - 键盘输入后清理
2021-10-23 23:06:03,723 - basepage.py - [line:152] - INFO - 键盘输入后清理
2021-10-23 23:06:05,532 - basepage.py - [line:152] - INFO - 键盘输入后清理
2021-10-23 23:06:06,674 - basepage.py - [line:130] - INFO - 元素文本信息为0
2021-10-23 23:06:06,829 - basepage.py - [line:152] - INFO - 键盘输入后清理
2021-10-23 23:06:07,951 - basepage.py - [line:116] - INFO - 元素文本信息为请输入速率
2021-10-23 23:06:08,068 - basepage.py - [line:152] - INFO - 键盘输入后清理
2021-10-23 23:06:09,926 - basepage.py - [line:152] - INFO - 键盘输入后清理
2021-10-23 23:06:10,099 - basepage.py - [line:152] - INFO - 键盘输入后清理
2021-10-23 23:06:11,944 - basepage.py - [line:152] - INFO - 键盘输入后清理
2021-10-23 23:06:13,263 - basepage.py - [line:152] - INFO - 键盘输入后清理
2021-10-23 23:06:14,399 - basepage.py - [line:130] - INFO - 元素文本信息为0
2021-10-23 23:06:14,559 - basepage.py - [line:152] - INFO - 键盘输入后清理
2021-10-23 23:06:15,680 - basepage.py - [line:116] - INFO - 元素文本信息为请输入突发值
2021-10-23 23:06:15,804 - basepage.py - [line:152] - INFO - 键盘输入后清理
2021-10-23 23:06:17,118 - basepage.py - [line:152] - INFO - 键盘输入后清理
2021-10-23 23:06:17,245 - basepage.py - [line:152] - INFO - 键盘输入后清理
2021-10-23 23:06:19,102 - basepage.py - [line:152] - INFO - 键盘输入后清理
2021-10-23 23:06:20,424 - basepage.py - [line:152] - INFO - 键盘输入后清理
2021-10-23 23:06:22,637 - basepage.py - [line:130] - INFO - 元素文本信息为0
2021-10-23 23:06:22,812 - basepage.py - [line:152] - INFO - 键盘输入后清理
2021-10-23 23:06:23,945 - basepage.py - [line:116] - INFO - 元素文本信息为请输入速率
2021-10-23 23:06:24,063 - basepage.py - [line:152] - INFO - 键盘输入后清理
2021-10-23 23:06:25,909 - basepage.py - [line:152] - INFO - 键盘输入后清理
2021-10-23 23:06:27,765 - basepage.py - [line:152] - INFO - 键盘输入后清理
2021-10-23 23:06:29,573 - basepage.py - [line:152] - INFO - 键盘输入后清理
2021-10-23 23:06:30,724 - basepage.py - [line:130] - INFO - 元素文本信息为0
2021-10-23 23:06:30,878 - basepage.py - [line:152] - INFO - 键盘输入后清理
2021-10-23 23:06:32,004 - basepage.py - [line:116] - INFO - 元素文本信息为请输入速率
2021-10-23 23:06:32,129 - basepage.py - [line:152] - INFO - 键盘输入后清理
2021-10-23 23:06:33,970 - basepage.py - [line:152] - INFO - 键盘输入后清理
2021-10-23 23:06:34,111 - basepage.py - [line:152] - INFO - 键盘输入后清理
2021-10-23 23:06:35,463 - basepage.py - [line:152] - INFO - 键盘输入后清理
2021-10-23 23:06:36,776 - basepage.py - [line:152] - INFO - 键盘输入后清理
2021-10-23 23:06:37,927 - basepage.py - [line:130] - INFO - 元素文本信息为0
2021-10-23 23:06:38,079 - basepage.py - [line:152] - INFO - 键盘输入后清理
2021-10-23 23:06:39,208 - basepage.py - [line:116] - INFO - 元素文本信息为请输入突发值
2021-10-23 23:06:39,331 - basepage.py - [line:152] - INFO - 键盘输入后清理
2021-10-23 23:06:41,395 - basepage.py - [line:152] - INFO - 键盘输入后清理
2021-10-23 23:06:44,291 - basepage.py - [line:152] - INFO - 键盘输入后清理
2021-10-23 23:06:46,087 - basepage.py - [line:152] - INFO - 键盘输入后清理
2021-10-23 23:06:58,788 - basepage.py - [line:116] - INFO - 元素文本信息为请选择仓库地址
2021-10-23 23:06:58,820 - basepage.py - [line:116] - INFO - 元素文本信息为请选择光驱
2021-10-23 23:07:04,435 - basepage.py - [line:130] - INFO - 元素文本信息为lakers
2021-10-23 23:07:04,481 - basepage.py - [line:130] - INFO - 元素文本信息为cn_windows_7_enterprise_x64_dvd_x15-70741.iso
2021-10-23 23:07:04,531 - basepage.py - [line:116] - INFO - 元素文本信息为请选择仓库地址
2021-10-23 23:07:04,571 - basepage.py - [line:116] - INFO - 元素文本信息为请选择软驱
2021-10-23 23:07:11,032 - basepage.py - [line:130] - INFO - 元素文本信息为lakers
2021-10-23 23:07:11,079 - basepage.py - [line:130] - INFO - 元素文本信息为virtio-win-0.1.141_amd64.vfd
2021-10-23 23:07:11,123 - basepage.py - [line:116] - INFO - 元素文本信息为0
2021-10-23 23:07:12,259 - basepage.py - [line:116] - INFO - 元素文本信息为0
2021-10-23 23:07:14,536 - basepage.py - [line:116] - INFO - 元素文本信息为0
2021-10-23 23:07:15,657 - basepage.py - [line:116] - INFO - 元素文本信息为0
2021-10-23 23:07:16,771 - basepage.py - [line:116] - INFO - 元素文本信息为0
2021-10-23 23:07:17,899 - basepage.py - [line:116] - INFO - 元素文本信息为0
2021-10-23 23:07:19,005 - basepage.py - [line:116] - INFO - 元素文本信息为0
2021-10-23 23:07:20,125 - basepage.py - [line:116] - INFO - 元素文本信息为0
2021-10-23 23:07:21,239 - basepage.py - [line:116] - INFO - 元素文本信息为0
2021-10-23 23:07:22,341 - basepage.py - [line:116] - INFO - 元素文本信息为0
2021-10-23 23:07:23,477 - basepage.py - [line:116] - INFO - 元素文本信息为0
2021-10-23 23:07:24,589 - basepage.py - [line:116] - INFO - 元素文本信息为0
2021-10-23 23:07:25,707 - basepage.py - [line:116] - INFO - 元素文本信息为0
2021-10-23 23:07:26,816 - basepage.py - [line:116] - INFO - 元素文本信息为0
2021-10-23 23:07:27,937 - basepage.py - [line:116] - INFO - 元素文本信息为0
2021-10-23 23:07:29,053 - basepage.py - [line:116] - INFO - 元素文本信息为0
2021-10-23 23:07:30,172 - basepage.py - [line:116] - INFO - 元素文本信息为0
2021-10-23 23:07:31,281 - basepage.py - [line:116] - INFO - 元素文本信息为0
2021-10-23 23:07:32,395 - basepage.py - [line:116] - INFO - 元素文本信息为0
2021-10-23 23:07:33,507 - basepage.py - [line:116] - INFO - 元素文本信息为0
2021-10-23 23:07:34,635 - basepage.py - [line:116] - INFO - 元素文本信息为0
2021-10-23 23:07:35,751 - basepage.py - [line:116] - INFO - 元素文本信息为-1
2021-10-23 23:07:37,992 - basepage.py - [line:116] - INFO - 元素文本信息为0
2021-10-23 23:07:40,156 - basepage.py - [line:157] - INFO - 键盘操作:向下翻页
2021-10-23 23:07:40,718 - basepage.py - [line:116] - INFO - 元素文本信息为0
2021-10-23 23:07:41,794 - basepage.py - [line:157] - INFO - 键盘操作:向下翻页
2021-10-23 23:07:42,926 - basepage.py - [line:157] - INFO - 键盘操作:向下翻页
2021-10-23 23:07:44,115 - basepage.py - [line:157] - INFO - 键盘操作:向下翻页
2021-10-23 23:07:45,262 - basepage.py - [line:157] - INFO - 键盘操作:向下翻页
2021-10-23 23:18:41,717 - basepage.py - [line:97] - INFO - 鼠标光标移动至navBar_item_计算_content元素
2021-10-23 23:18:42,255 - basepage.py - [line:103] - INFO - 鼠标光标移动至navBar_item_计算_content_云服务器元素并点击
2021-10-23 23:18:42,611 - basepage.py - [line:85] - INFO - 点击了//*[@id="tab-vmlist"]元素
2021-10-23 23:18:48,810 - basepage.py - [line:116] - INFO - 元素文本信息为请输入卷容量
2021-10-23 23:18:48,971 - basepage.py - [line:152] - INFO - 键盘输入后清理
2021-10-23 23:18:51,861 - basepage.py - [line:152] - INFO - 键盘输入后清理
2021-10-23 23:18:53,302 - basepage.py - [line:152] - INFO - 键盘输入后清理
2021-10-23 23:18:54,586 - basepage.py - [line:152] - INFO - 键盘输入后清理
2021-10-23 23:18:56,655 - basepage.py - [line:152] - INFO - 键盘输入后清理
2021-10-23 23:18:57,804 - basepage.py - [line:116] - INFO - 元素文本信息为0
2021-10-23 23:18:58,917 - basepage.py - [line:116] - INFO - 元素文本信息为0
2021-10-23 23:19:02,735 - basepage.py - [line:130] - INFO - 元素文本信息为lakers1
2021-10-23 23:19:02,785 - basepage.py - [line:130] - INFO - 元素文本信息为test001-volume1
2021-10-23 23:19:02,983 - basepage.py - [line:152] - INFO - 键盘输入后清理
2021-10-23 23:19:04,166 - basepage.py - [line:116] - INFO - 元素文本信息为请输入卷名称
2021-10-23 23:19:04,296 - basepage.py - [line:152] - INFO - 键盘输入后清理
2021-10-23 23:19:05,624 - basepage.py - [line:152] - INFO - 键盘输入后清理
2021-10-23 23:19:08,706 - basepage.py - [line:152] - INFO - 键盘输入后清理
2021-10-23 23:19:09,945 - basepage.py - [line:130] - INFO - 元素文本信息为2
2021-10-23 23:19:12,686 - basepage.py - [line:130] - INFO - 元素文本信息为1
2021-10-23 23:19:12,727 - basepage.py - [line:130] - INFO - 元素文本信息为普通云盘1.0
2021-10-23 23:19:15,471 - basepage.py - [line:130] - INFO - 元素文本信息为高效云盘
2021-10-23 23:19:15,507 - basepage.py - [line:130] - INFO - 元素文本信息为机械硬盘
2021-10-23 23:19:18,241 - basepage.py - [line:130] - INFO - 元素文本信息为固态硬盘
2021-10-23 23:19:18,283 - basepage.py - [line:130] - INFO - 元素文本信息为1
2021-10-23 23:19:21,040 - basepage.py - [line:130] - INFO - 元素文本信息为3
2021-10-23 23:21:16,151 - basepage.py - [line:97] - INFO - 鼠标光标移动至navBar_item_计算_content元素
2021-10-23 23:21:16,573 - basepage.py - [line:103] - INFO - 鼠标光标移动至navBar_item_计算_content_云服务器元素并点击
2021-10-23 23:21:16,944 - basepage.py - [line:85] - INFO - 点击了//*[@id="tab-vmlist"]元素
2021-10-23 23:21:23,297 - basepage.py - [line:116] - INFO - 元素文本信息为请输入卷容量
2021-10-23 23:21:23,448 - basepage.py - [line:152] - INFO - 键盘输入后清理
2021-10-23 23:21:26,344 - basepage.py - [line:152] - INFO - 键盘输入后清理
2021-10-23 23:21:27,784 - basepage.py - [line:152] - INFO - 键盘输入后清理
2021-10-23 23:21:29,046 - basepage.py - [line:152] - INFO - 键盘输入后清理
2021-10-23 23:21:31,139 - basepage.py - [line:152] - INFO - 键盘输入后清理
2021-10-23 23:21:32,282 - basepage.py - [line:116] - INFO - 元素文本信息为0
2021-10-23 23:21:33,446 - basepage.py - [line:116] - INFO - 元素文本信息为0
2021-10-23 23:21:37,282 - basepage.py - [line:130] - INFO - 元素文本信息为lakers1
2021-10-23 23:21:37,340 - basepage.py - [line:130] - INFO - 元素文本信息为test001-volume1
2021-10-23 23:21:37,547 - basepage.py - [line:152] - INFO - 键盘输入后清理
2021-10-23 23:21:38,740 - basepage.py - [line:116] - INFO - 元素文本信息为请输入卷名称
2021-10-23 23:21:38,868 - basepage.py - [line:152] - INFO - 键盘输入后清理
2021-10-23 23:21:40,231 - basepage.py - [line:152] - INFO - 键盘输入后清理
2021-10-23 23:35:40,485 - basepage.py - [line:97] - INFO - 鼠标光标移动至navBar_item_计算_content元素
2021-10-23 23:35:40,848 - basepage.py - [line:103] - INFO - 鼠标光标移动至navBar_item_计算_content_云服务器元素并点击
2021-10-23 23:35:41,234 - basepage.py - [line:85] - INFO - 点击了//*[@id="tab-vmlist"]元素
2021-10-23 23:35:47,419 - basepage.py - [line:116] - INFO - 元素文本信息为请输入卷容量
2021-10-23 23:35:52,571 - basepage.py - [line:152] - INFO - 键盘输入后清理
2021-10-23 23:35:55,463 - basepage.py - [line:152] - INFO - 键盘输入后清理
2021-10-23 23:35:56,913 - basepage.py - [line:152] - INFO - 键盘输入后清理
2021-10-23 23:35:58,202 - basepage.py - [line:152] - INFO - 键盘输入后清理
2021-10-23 23:36:00,261 - basepage.py - [line:152] - INFO - 键盘输入后清理
2021-10-23 23:36:01,410 - basepage.py - [line:116] - INFO - 元素文本信息为0
2021-10-23 23:36:02,575 - basepage.py - [line:116] - INFO - 元素文本信息为0
2021-10-23 23:36:06,357 - basepage.py - [line:130] - INFO - 元素文本信息为lakers1
2021-10-23 23:36:06,403 - basepage.py - [line:130] - INFO - 元素文本信息为test001-volume1
2021-10-23 23:36:06,607 - basepage.py - [line:152] - INFO - 键盘输入后清理
2021-10-23 23:36:07,830 - basepage.py - [line:116] - INFO - 元素文本信息为请输入卷名称
2021-10-23 23:36:07,957 - basepage.py - [line:152] - INFO - 键盘输入后清理
2021-10-23 23:36:09,294 - basepage.py - [line:152] - INFO - 键盘输入后清理
2021-10-23 23:36:12,036 - basepage.py - [line:152] - INFO - 键盘输入后清理
2021-10-23 23:36:13,262 - basepage.py - [line:130] - INFO - 元素文本信息为2
2021-10-23 23:36:22,078 - basepage.py - [line:97] - INFO - 鼠标光标移动至navBar_item_计算_content元素
2021-10-23 23:36:22,495 - basepage.py - [line:103] - INFO - 鼠标光标移动至navBar_item_计算_content_云服务器元素并点击
2021-10-23 23:36:22,830 - basepage.py - [line:85] - INFO - 点击了//*[@id="tab-vmlist"]元素
2021-10-23 23:36:29,116 - basepage.py - [line:116] - INFO - 元素文本信息为请输入卷容量
2021-10-23 23:36:36,274 - basepage.py - [line:152] - INFO - 键盘输入后清理
2021-10-23 23:36:39,145 - basepage.py - [line:152] - INFO - 键盘输入后清理
2021-10-23 23:36:40,609 - basepage.py - [line:152] - INFO - 键盘输入后清理
2021-10-23 23:36:41,894 - basepage.py - [line:152] - INFO - 键盘输入后清理
2021-10-23 23:36:43,937 - basepage.py - [line:152] - INFO - 键盘输入后清理
2021-10-23 23:36:45,098 - basepage.py - [line:116] - INFO - 元素文本信息为0
2021-10-23 23:36:46,213 - basepage.py - [line:116] - INFO - 元素文本信息为0
2021-10-23 23:36:50,014 - basepage.py - [line:130] - INFO - 元素文本信息为lakers1
2021-10-23 23:36:50,063 - basepage.py - [line:130] - INFO - 元素文本信息为test001-volume1
2021-10-23 23:36:50,270 - basepage.py - [line:152] - INFO - 键盘输入后清理
2021-10-23 23:36:51,448 - basepage.py - [line:116] - INFO - 元素文本信息为请输入卷名称
2021-10-23 23:36:51,580 - basepage.py - [line:152] - INFO - 键盘输入后清理
2021-10-23 23:36:52,897 - basepage.py - [line:152] - INFO - 键盘输入后清理
2021-10-23 23:36:54,879 - basepage.py - [line:152] - INFO - 键盘输入后清理
2021-10-23 23:36:56,110 - basepage.py - [line:130] - INFO - 元素文本信息为2
2021-10-23 23:36:58,892 - basepage.py - [line:130] - INFO - 元素文本信息为1
2021-10-23 23:36:58,938 - basepage.py - [line:130] - INFO - 元素文本信息为普通云盘1.0
2021-10-23 23:37:01,676 - basepage.py - [line:130] - INFO - 元素文本信息为高效云盘
2021-10-23 23:37:01,714 - basepage.py - [line:130] - INFO - 元素文本信息为机械硬盘
2021-10-23 23:37:04,468 - basepage.py - [line:130] - INFO - 元素文本信息为固态硬盘
2021-10-23 23:37:04,507 - basepage.py - [line:130] - INFO - 元素文本信息为1
2021-10-23 23:37:07,281 - basepage.py - [line:130] - INFO - 元素文本信息为3
2021-10-23 23:37:40,187 - basepage.py - [line:97] - INFO - 鼠标光标移动至navBar_item_计算_content元素
2021-10-23 23:37:40,808 - basepage.py - [line:103] - INFO - 鼠标光标移动至navBar_item_计算_content_云服务器元素并点击
2021-10-23 23:37:42,385 - basepage.py - [line:85] - INFO - 点击了//*[@id="tab-vmlist"]元素
2021-10-23 23:37:48,663 - basepage.py - [line:116] - INFO - 元素文本信息为请输入卷容量
2021-10-23 23:37:55,803 - basepage.py - [line:152] - INFO - 键盘输入后清理
2021-10-23 23:37:59,639 - basepage.py - [line:152] - INFO - 键盘输入后清理
2021-10-23 23:38:01,211 - basepage.py - [line:152] - INFO - 键盘输入后清理
2021-10-23 23:38:04,192 - basepage.py - [line:152] - INFO - 键盘输入后清理
2021-10-23 23:38:04,311 - basepage.py - [line:152] - INFO - 键盘输入后清理
2021-10-23 23:38:05,591 - basepage.py - [line:152] - INFO - 键盘输入后清理
2021-10-23 23:38:06,741 - basepage.py - [line:116] - INFO - 元素文本信息为0
2021-10-23 23:38:07,849 - basepage.py - [line:116] - INFO - 元素文本信息为0
2021-10-23 23:38:11,640 - basepage.py - [line:130] - INFO - 元素文本信息为lakers1
2021-10-23 23:38:11,684 - basepage.py - [line:130] - INFO - 元素文本信息为test001-volume1
2021-10-23 23:38:11,888 - basepage.py - [line:152] - INFO - 键盘输入后清理
2021-10-23 23:38:13,079 - basepage.py - [line:116] - INFO - 元素文本信息为请输入卷名称
2021-10-23 23:38:13,205 - basepage.py - [line:152] - INFO - 键盘输入后清理
2021-10-23 23:38:14,529 - basepage.py - [line:152] - INFO - 键盘输入后清理
2021-10-23 23:38:16,545 - basepage.py - [line:152] - INFO - 键盘输入后清理
2021-10-23 23:38:17,785 - basepage.py - [line:130] - INFO - 元素文本信息为2
2021-10-23 23:38:20,540 - basepage.py - [line:130] - INFO - 元素文本信息为1
2021-10-23 23:38:20,582 - basepage.py - [line:130] - INFO - 元素文本信息为普通云盘1.0
2021-10-23 23:38:23,300 - basepage.py - [line:130] - INFO - 元素文本信息为高效云盘
2021-10-23 23:38:23,336 - basepage.py - [line:130] - INFO - 元素文本信息为机械硬盘
2021-10-23 23:38:26,068 - basepage.py - [line:130] - INFO - 元素文本信息为固态硬盘
2021-10-23 23:38:26,111 - basepage.py - [line:130] - INFO - 元素文本信息为1
2021-10-23 23:38:28,850 - basepage.py - [line:130] - INFO - 元素文本信息为3
2021-10-23 23:51:38,684 - basepage.py - [line:97] - INFO - 鼠标光标移动至navBar_item_计算_content元素
2021-10-23 23:51:39,147 - basepage.py - [line:103] - INFO - 鼠标光标移动至navBar_item_计算_content_云服务器元素并点击
2021-10-23 23:51:39,463 - basepage.py - [line:85] - INFO - 点击了//*[@id="tab-vmlist"]元素
2021-10-23 23:51:45,712 - basepage.py - [line:116] - INFO - 元素文本信息为请输入卷容量
2021-10-23 23:51:45,862 - basepage.py - [line:152] - INFO - 键盘输入后清理
2021-10-23 23:51:55,234 - basepage.py - [line:152] - INFO - 键盘输入后清理
2021-10-23 23:51:56,543 - basepage.py - [line:152] - INFO - 键盘输入后清理
2021-10-23 23:51:58,398 - basepage.py - [line:152] - INFO - 键盘输入后清理
2021-10-23 23:51:58,523 - basepage.py - [line:152] - INFO - 键盘输入后清理
2021-10-23 23:51:59,773 - basepage.py - [line:152] - INFO - 键盘输入后清理
2021-10-23 23:52:00,928 - basepage.py - [line:116] - INFO - 元素文本信息为0
2021-10-23 23:52:02,051 - basepage.py - [line:116] - INFO - 元素文本信息为0
2021-10-23 23:52:05,863 - basepage.py - [line:130] - INFO - 元素文本信息为lakers1
2021-10-23 23:52:05,903 - basepage.py - [line:130] - INFO - 元素文本信息为test001-volume1
2021-10-23 23:52:06,119 - basepage.py - [line:152] - INFO - 键盘输入后清理
2021-10-23 23:52:07,307 - basepage.py - [line:116] - INFO - 元素文本信息为请输入卷名称
2021-10-23 23:52:07,431 - basepage.py - [line:152] - INFO - 键盘输入后清理
2021-10-23 23:52:08,756 - basepage.py - [line:152] - INFO - 键盘输入后清理
2021-10-23 23:52:11,257 - basepage.py - [line:152] - INFO - 键盘输入后清理
2021-10-23 23:52:12,479 - basepage.py - [line:130] - INFO - 元素文本信息为2
2021-10-23 23:52:15,212 - basepage.py - [line:130] - INFO - 元素文本信息为1
2021-10-23 23:52:15,253 - basepage.py - [line:130] - INFO - 元素文本信息为普通云盘1.0
2021-10-23 23:52:17,988 - basepage.py - [line:130] - INFO - 元素文本信息为高效云盘
2021-10-23 23:52:18,024 - basepage.py - [line:130] - INFO - 元素文本信息为机械硬盘
2021-10-23 23:52:20,757 - basepage.py - [line:130] - INFO - 元素文本信息为固态硬盘
2021-10-23 23:52:20,794 - basepage.py - [line:130] - INFO - 元素文本信息为1
2021-10-23 23:52:23,557 - basepage.py - [line:130] - INFO - 元素文本信息为3
2021-10-23 23:57:13,089 - basepage.py - [line:97] - INFO - 鼠标光标移动至navBar_item_计算_content元素
2021-10-23 23:57:13,500 - basepage.py - [line:103] - INFO - 鼠标光标移动至navBar_item_计算_content_云服务器元素并点击
2021-10-23 23:57:13,816 - basepage.py - [line:85] - INFO - 点击了//*[@id="tab-vmlist"]元素
2021-10-23 23:57:14,216 - basepage.py - [line:97] - INFO - 鼠标光标移动至navBar_item_计算_content元素
2021-10-23 23:57:14,523 - basepage.py - [line:103] - INFO - 鼠标光标移动至navBar_item_计算_content_云服务器元素并点击
2021-10-23 23:57:14,603 - basepage.py - [line:85] - INFO - 点击了//*[@id="tab-vmlist"]元素
2021-10-23 23:57:17,450 - basepage.py - [line:116] - INFO - 元素文本信息为请输入云服务器名称
2021-10-23 23:57:21,517 - basepage.py - [line:152] - INFO - 键盘输入后清理
2021-10-23 23:57:23,395 - basepage.py - [line:152] - INFO - 键盘输入后清理
2021-10-23 23:57:28,412 - basepage.py - [line:130] - INFO - 元素文本信息为1
2021-10-23 23:57:28,658 - basepage.py - [line:152] - INFO - 键盘输入后清理
2021-10-23 23:57:29,845 - basepage.py - [line:116] - INFO - 元素文本信息为请输入自动创建云服务器个数（限制100）
2021-10-23 23:57:29,968 - basepage.py - [line:152] - INFO - 键盘输入后清理
2021-10-23 23:57:30,094 - basepage.py - [line:152] - INFO - 键盘输入后清理
2021-10-23 23:57:31,361 - basepage.py - [line:152] - INFO - 键盘输入后清理
2021-10-23 23:57:31,481 - basepage.py - [line:152] - INFO - 键盘输入后清理
2021-10-23 23:57:32,771 - basepage.py - [line:152] - INFO - 键盘输入后清理
2021-10-23 23:57:34,031 - basepage.py - [line:152] - INFO - 键盘输入后清理
2021-10-23 23:57:40,195 - basepage.py - [line:130] - INFO - 元素文本信息为2
2021-10-23 23:57:40,358 - basepage.py - [line:152] - INFO - 键盘输入后清理
2021-10-23 23:57:41,530 - basepage.py - [line:116] - INFO - 元素文本信息为请输入处理器
2021-10-23 23:57:42,802 - basepage.py - [line:152] - INFO - 键盘输入后清理
2021-10-23 23:57:44,054 - basepage.py - [line:152] - INFO - 键盘输入后清理
2021-10-23 23:57:45,305 - basepage.py - [line:152] - INFO - 键盘输入后清理
2021-10-23 23:57:46,424 - basepage.py - [line:130] - INFO - 元素文本信息为1
2021-10-23 23:57:46,577 - basepage.py - [line:152] - INFO - 键盘输入后清理
2021-10-23 23:57:47,737 - basepage.py - [line:116] - INFO - 元素文本信息为请输入处理器插槽数
2021-10-23 23:57:47,855 - basepage.py - [line:152] - INFO - 键盘输入后清理
2021-10-23 23:57:50,152 - basepage.py - [line:152] - INFO - 键盘输入后清理
2021-10-23 23:57:51,397 - basepage.py - [line:152] - INFO - 键盘输入后清理
2021-10-23 23:57:52,650 - basepage.py - [line:152] - INFO - 键盘输入后清理
2021-10-23 23:57:53,780 - basepage.py - [line:130] - INFO - 元素文本信息为2
2021-10-23 23:57:53,931 - basepage.py - [line:152] - INFO - 键盘输入后清理
2021-10-23 23:57:55,093 - basepage.py - [line:116] - INFO - 元素文本信息为请输入处理器插槽核数
2021-10-23 23:57:55,205 - basepage.py - [line:152] - INFO - 键盘输入后清理
2021-10-23 23:57:56,470 - basepage.py - [line:152] - INFO - 键盘输入后清理
2021-10-23 23:57:59,683 - basepage.py - [line:152] - INFO - 键盘输入后清理
2021-10-23 23:58:01,569 - basepage.py - [line:152] - INFO - 键盘输入后清理
2021-10-23 23:58:02,978 - basepage.py - [line:130] - INFO - 元素文本信息为4
2021-10-23 23:58:03,136 - basepage.py - [line:152] - INFO - 键盘输入后清理
2021-10-23 23:58:04,298 - basepage.py - [line:116] - INFO - 元素文本信息为请输入设置内存大小
2021-10-23 23:58:04,407 - basepage.py - [line:152] - INFO - 键盘输入后清理
2021-10-23 23:58:05,677 - basepage.py - [line:152] - INFO - 键盘输入后清理
2021-10-23 23:58:07,493 - basepage.py - [line:152] - INFO - 键盘输入后清理
2021-10-23 23:58:08,741 - basepage.py - [line:152] - INFO - 键盘输入后清理
2021-10-23 23:58:22,107 - basepage.py - [line:116] - INFO - 元素文本信息为请输入卷容量
2021-10-23 23:58:22,254 - basepage.py - [line:152] - INFO - 键盘输入后清理
2021-10-23 23:58:31,612 - basepage.py - [line:152] - INFO - 键盘输入后清理
2021-10-23 23:58:32,914 - basepage.py - [line:152] - INFO - 键盘输入后清理
2021-10-23 23:58:34,772 - basepage.py - [line:152] - INFO - 键盘输入后清理
2021-10-23 23:58:34,886 - basepage.py - [line:152] - INFO - 键盘输入后清理
2021-10-23 23:58:36,130 - basepage.py - [line:152] - INFO - 键盘输入后清理
2021-10-23 23:58:37,279 - basepage.py - [line:116] - INFO - 元素文本信息为0
2021-10-23 23:58:38,396 - basepage.py - [line:116] - INFO - 元素文本信息为0
2021-10-23 23:58:42,211 - basepage.py - [line:130] - INFO - 元素文本信息为lakers1
2021-10-23 23:58:42,251 - basepage.py - [line:130] - INFO - 元素文本信息为test001-volume1
2021-10-23 23:58:42,448 - basepage.py - [line:152] - INFO - 键盘输入后清理
2021-10-23 23:58:43,659 - basepage.py - [line:116] - INFO - 元素文本信息为请输入卷名称
2021-10-23 23:58:43,781 - basepage.py - [line:152] - INFO - 键盘输入后清理
2021-10-23 23:58:45,080 - basepage.py - [line:152] - INFO - 键盘输入后清理
2021-10-23 23:58:47,066 - basepage.py - [line:152] - INFO - 键盘输入后清理
2021-10-23 23:58:48,291 - basepage.py - [line:130] - INFO - 元素文本信息为2
2021-10-23 23:58:51,056 - basepage.py - [line:130] - INFO - 元素文本信息为1
2021-10-23 23:58:51,103 - basepage.py - [line:130] - INFO - 元素文本信息为普通云盘1.0
2021-10-23 23:58:53,850 - basepage.py - [line:130] - INFO - 元素文本信息为高效云盘
2021-10-23 23:58:53,884 - basepage.py - [line:130] - INFO - 元素文本信息为机械硬盘
2021-10-23 23:58:56,669 - basepage.py - [line:130] - INFO - 元素文本信息为固态硬盘
2021-10-23 23:58:56,709 - basepage.py - [line:130] - INFO - 元素文本信息为1
2021-10-23 23:58:59,448 - basepage.py - [line:130] - INFO - 元素文本信息为3
2021-10-23 23:59:22,608 - basepage.py - [line:130] - INFO - 元素文本信息为virtio
2021-10-23 23:59:25,372 - basepage.py - [line:130] - INFO - 元素文本信息为rtl8139
2021-10-23 23:59:29,726 - basepage.py - [line:130] - INFO - 元素文本信息为1
2021-10-23 23:59:29,897 - basepage.py - [line:152] - INFO - 键盘输入后清理
2021-10-23 23:59:31,061 - basepage.py - [line:116] - INFO - 元素文本信息为请输入队列数
2021-10-23 23:59:31,182 - basepage.py - [line:152] - INFO - 键盘输入后清理
2021-10-23 23:59:32,506 - basepage.py - [line:152] - INFO - 键盘输入后清理
2021-10-23 23:59:34,907 - basepage.py - [line:152] - INFO - 键盘输入后清理
2021-10-23 23:59:37,345 - basepage.py - [line:130] - INFO - 元素文本信息为compute
2021-10-23 23:59:37,377 - basepage.py - [line:130] - INFO - 元素文本信息为计算97
2021-10-23 23:59:39,605 - basepage.py - [line:130] - INFO - 元素文本信息为storage
2021-10-23 23:59:39,649 - basepage.py - [line:130] - INFO - 元素文本信息为0
2021-10-23 23:59:39,881 - basepage.py - [line:152] - INFO - 键盘输入后清理
2021-10-23 23:59:41,039 - basepage.py - [line:116] - INFO - 元素文本信息为请输入速率
2021-10-23 23:59:41,169 - basepage.py - [line:152] - INFO - 键盘输入后清理
2021-10-23 23:59:43,040 - basepage.py - [line:152] - INFO - 键盘输入后清理
2021-10-23 23:59:44,392 - basepage.py - [line:152] - INFO - 键盘输入后清理
2021-10-23 23:59:46,202 - basepage.py - [line:152] - INFO - 键盘输入后清理
2021-10-23 23:59:47,335 - basepage.py - [line:130] - INFO - 元素文本信息为0
2021-10-23 23:59:47,492 - basepage.py - [line:152] - INFO - 键盘输入后清理
2021-10-23 23:59:48,634 - basepage.py - [line:116] - INFO - 元素文本信息为请输入速率
2021-10-23 23:59:48,750 - basepage.py - [line:152] - INFO - 键盘输入后清理
2021-10-23 23:59:50,076 - basepage.py - [line:152] - INFO - 键盘输入后清理
2021-10-23 23:59:50,215 - basepage.py - [line:152] - INFO - 键盘输入后清理
2021-10-23 23:59:52,061 - basepage.py - [line:152] - INFO - 键盘输入后清理
2021-10-23 23:59:53,368 - basepage.py - [line:152] - INFO - 键盘输入后清理
2021-10-23 23:59:54,511 - basepage.py - [line:130] - INFO - 元素文本信息为0
2021-10-23 23:59:54,666 - basepage.py - [line:152] - INFO - 键盘输入后清理
2021-10-23 23:59:55,787 - basepage.py - [line:116] - INFO - 元素文本信息为请输入突发值
2021-10-23 23:59:55,906 - basepage.py - [line:152] - INFO - 键盘输入后清理
2021-10-23 23:59:57,747 - basepage.py - [line:152] - INFO - 键盘输入后清理
2021-10-23 23:59:57,873 - basepage.py - [line:152] - INFO - 键盘输入后清理
2021-10-23 23:59:59,704 - basepage.py - [line:152] - INFO - 键盘输入后清理
2021-10-24 00:00:01,506 - basepage.py - [line:152] - INFO - 键盘输入后清理
2021-10-24 00:00:03,734 - basepage.py - [line:130] - INFO - 元素文本信息为0
2021-10-24 00:00:03,901 - basepage.py - [line:152] - INFO - 键盘输入后清理
2021-10-24 00:00:05,015 - basepage.py - [line:116] - INFO - 元素文本信息为请输入速率
2021-10-24 00:00:05,134 - basepage.py - [line:152] - INFO - 键盘输入后清理
2021-10-24 00:00:06,994 - basepage.py - [line:152] - INFO - 键盘输入后清理
2021-10-24 00:00:08,342 - basepage.py - [line:152] - INFO - 键盘输入后清理
2021-10-24 00:00:09,662 - basepage.py - [line:152] - INFO - 键盘输入后清理
2021-10-24 00:00:10,810 - basepage.py - [line:130] - INFO - 元素文本信息为0
2021-10-24 00:00:10,970 - basepage.py - [line:152] - INFO - 键盘输入后清理
2021-10-24 00:00:12,095 - basepage.py - [line:116] - INFO - 元素文本信息为请输入速率
2021-10-24 00:00:12,222 - basepage.py - [line:152] - INFO - 键盘输入后清理
2021-10-24 00:00:14,060 - basepage.py - [line:152] - INFO - 键盘输入后清理
2021-10-24 00:00:14,199 - basepage.py - [line:152] - INFO - 键盘输入后清理
2021-10-24 00:00:16,056 - basepage.py - [line:152] - INFO - 键盘输入后清理
2021-10-24 00:00:17,870 - basepage.py - [line:152] - INFO - 键盘输入后清理
2021-10-24 00:00:19,020 - basepage.py - [line:130] - INFO - 元素文本信息为0
2021-10-24 00:00:19,172 - basepage.py - [line:152] - INFO - 键盘输入后清理
2021-10-24 00:00:20,304 - basepage.py - [line:116] - INFO - 元素文本信息为请输入突发值
2021-10-24 00:00:20,422 - basepage.py - [line:152] - INFO - 键盘输入后清理
2021-10-24 00:00:22,290 - basepage.py - [line:152] - INFO - 键盘输入后清理
2021-10-24 00:00:24,703 - basepage.py - [line:152] - INFO - 键盘输入后清理
2021-10-24 00:00:26,517 - basepage.py - [line:152] - INFO - 键盘输入后清理
2021-10-24 00:00:39,770 - basepage.py - [line:116] - INFO - 元素文本信息为请选择仓库地址
2021-10-24 00:00:39,802 - basepage.py - [line:116] - INFO - 元素文本信息为请选择光驱
2021-10-24 00:00:45,332 - basepage.py - [line:130] - INFO - 元素文本信息为lakers
2021-10-24 00:00:45,377 - basepage.py - [line:130] - INFO - 元素文本信息为cn_windows_7_enterprise_x64_dvd_x15-70741.iso
2021-10-24 00:00:45,417 - basepage.py - [line:116] - INFO - 元素文本信息为请选择仓库地址
2021-10-24 00:00:45,465 - basepage.py - [line:116] - INFO - 元素文本信息为请选择软驱
2021-10-24 00:00:53,228 - basepage.py - [line:130] - INFO - 元素文本信息为lakers
2021-10-24 00:00:53,269 - basepage.py - [line:130] - INFO - 元素文本信息为virtio-win-0.1.141_amd64.vfd
2021-10-24 00:00:53,312 - basepage.py - [line:116] - INFO - 元素文本信息为0
2021-10-24 00:00:54,461 - basepage.py - [line:116] - INFO - 元素文本信息为0
2021-10-24 00:00:56,691 - basepage.py - [line:116] - INFO - 元素文本信息为0
2021-10-24 00:00:57,809 - basepage.py - [line:116] - INFO - 元素文本信息为0
2021-10-24 00:00:58,923 - basepage.py - [line:116] - INFO - 元素文本信息为0
2021-10-24 00:01:00,052 - basepage.py - [line:116] - INFO - 元素文本信息为0
2021-10-24 00:01:01,173 - basepage.py - [line:116] - INFO - 元素文本信息为0
2021-10-24 00:01:02,287 - basepage.py - [line:116] - INFO - 元素文本信息为0
2021-10-24 00:01:03,402 - basepage.py - [line:116] - INFO - 元素文本信息为0
2021-10-24 00:01:04,510 - basepage.py - [line:116] - INFO - 元素文本信息为0
2021-10-24 00:01:05,620 - basepage.py - [line:116] - INFO - 元素文本信息为0
2021-10-24 00:01:06,734 - basepage.py - [line:116] - INFO - 元素文本信息为0
2021-10-24 00:01:07,848 - basepage.py - [line:116] - INFO - 元素文本信息为0
2021-10-24 00:01:08,971 - basepage.py - [line:116] - INFO - 元素文本信息为0
2021-10-24 00:01:10,089 - basepage.py - [line:116] - INFO - 元素文本信息为0
2021-10-24 00:01:11,202 - basepage.py - [line:116] - INFO - 元素文本信息为0
2021-10-24 00:01:12,313 - basepage.py - [line:116] - INFO - 元素文本信息为0
2021-10-24 00:01:13,426 - basepage.py - [line:116] - INFO - 元素文本信息为0
2021-10-24 00:01:14,558 - basepage.py - [line:116] - INFO - 元素文本信息为0
2021-10-24 00:01:15,671 - basepage.py - [line:116] - INFO - 元素文本信息为0
2021-10-24 00:01:16,786 - basepage.py - [line:116] - INFO - 元素文本信息为0
2021-10-24 00:01:17,886 - basepage.py - [line:116] - INFO - 元素文本信息为-1
2021-10-24 00:01:20,079 - basepage.py - [line:116] - INFO - 元素文本信息为0
2021-10-24 00:01:22,238 - basepage.py - [line:157] - INFO - 键盘操作:向下翻页
2021-10-24 00:01:22,801 - basepage.py - [line:116] - INFO - 元素文本信息为0
2021-10-24 00:01:23,891 - basepage.py - [line:157] - INFO - 键盘操作:向下翻页
2021-10-24 00:01:25,033 - basepage.py - [line:157] - INFO - 键盘操作:向下翻页
2021-10-24 00:01:26,263 - basepage.py - [line:157] - INFO - 键盘操作:向下翻页
2021-10-24 00:01:27,403 - basepage.py - [line:157] - INFO - 键盘操作:向下翻页
