2021-10-26 10:53:45,001 - basepage.py - [line:97] - INFO - 鼠标光标移动至navBar_item_计算_content元素
2021-10-26 10:54:31,115 - basepage.py - [line:97] - INFO - 鼠标光标移动至navBar_item_计算_content元素
2021-10-26 10:54:31,459 - basepage.py - [line:103] - INFO - 鼠标光标移动至navBar_item_计算_content_云服务器元素并点击
2021-10-26 10:54:32,089 - basepage.py - [line:85] - INFO - 点击了//*[@id="tab-vmlist"]元素
2021-10-26 10:56:32,697 - basepage.py - [line:97] - INFO - 鼠标光标移动至navBar_item_计算_content元素
2021-10-26 10:56:33,085 - basepage.py - [line:103] - INFO - 鼠标光标移动至navBar_item_计算_content_云服务器元素并点击
2021-10-26 10:56:33,303 - basepage.py - [line:85] - INFO - 点击了//*[@id="tab-vmlist"]元素
2021-10-26 10:56:44,019 - basepage.py - [line:97] - INFO - 鼠标光标移动至navBar_item_计算_content元素
2021-10-26 10:56:44,550 - basepage.py - [line:103] - INFO - 鼠标光标移动至navBar_item_计算_content_云服务器元素并点击
2021-10-26 10:56:44,812 - basepage.py - [line:85] - INFO - 点击了//*[@id="tab-vmlist"]元素
2021-10-26 10:57:20,057 - basepage.py - [line:97] - INFO - 鼠标光标移动至navBar_item_计算_content元素
2021-10-26 10:57:20,634 - basepage.py - [line:103] - INFO - 鼠标光标移动至navBar_item_计算_content_云服务器元素并点击
2021-10-26 10:57:20,844 - basepage.py - [line:85] - INFO - 点击了//*[@id="tab-vmlist"]元素
2021-10-26 10:57:46,728 - basepage.py - [line:97] - INFO - 鼠标光标移动至navBar_item_计算_content元素
2021-10-26 10:57:47,205 - basepage.py - [line:103] - INFO - 鼠标光标移动至navBar_item_计算_content_云服务器元素并点击
2021-10-26 10:57:47,578 - basepage.py - [line:85] - INFO - 点击了//*[@id="tab-vmlist"]元素
2021-10-26 11:00:20,730 - basepage.py - [line:97] - INFO - 鼠标光标移动至navBar_item_计算_content元素
2021-10-26 11:00:21,288 - basepage.py - [line:103] - INFO - 鼠标光标移动至navBar_item_计算_content_云服务器元素并点击
2021-10-26 11:00:21,596 - basepage.py - [line:85] - INFO - 点击了//*[@id="tab-vmlist"]元素
2021-10-26 11:03:26,259 - basepage.py - [line:97] - INFO - 鼠标光标移动至navBar_item_计算_content元素
2021-10-26 11:03:26,877 - basepage.py - [line:103] - INFO - 鼠标光标移动至navBar_item_计算_content_云服务器元素并点击
2021-10-26 11:03:27,303 - basepage.py - [line:85] - INFO - 点击了//*[@id="tab-vmlist"]元素
2021-10-26 11:04:37,791 - basepage.py - [line:97] - INFO - 鼠标光标移动至navBar_item_计算_content元素
2021-10-26 11:04:38,343 - basepage.py - [line:103] - INFO - 鼠标光标移动至navBar_item_计算_content_云服务器元素并点击
2021-10-26 11:04:38,829 - basepage.py - [line:85] - INFO - 点击了//*[@id="tab-vmlist"]元素
2021-10-26 11:05:08,746 - basepage.py - [line:97] - INFO - 鼠标光标移动至navBar_item_计算_content元素
2021-10-26 11:05:09,192 - basepage.py - [line:103] - INFO - 鼠标光标移动至navBar_item_计算_content_云服务器元素并点击
2021-10-26 11:05:09,775 - basepage.py - [line:85] - INFO - 点击了//*[@id="tab-vmlist"]元素
2021-10-26 11:06:17,176 - basepage.py - [line:97] - INFO - 鼠标光标移动至navBar_item_计算_content元素
2021-10-26 11:06:17,604 - basepage.py - [line:103] - INFO - 鼠标光标移动至navBar_item_计算_content_云服务器元素并点击
2021-10-26 11:06:17,907 - basepage.py - [line:85] - INFO - 点击了//*[@id="tab-vmlist"]元素
2021-10-26 11:06:54,972 - basepage.py - [line:97] - INFO - 鼠标光标移动至navBar_item_计算_content元素
2021-10-26 11:06:55,432 - basepage.py - [line:103] - INFO - 鼠标光标移动至navBar_item_计算_content_云服务器元素并点击
2021-10-26 11:06:55,750 - basepage.py - [line:85] - INFO - 点击了//*[@id="tab-vmlist"]元素
2021-10-26 11:07:54,023 - basepage.py - [line:97] - INFO - 鼠标光标移动至navBar_item_计算_content元素
2021-10-26 11:07:54,460 - basepage.py - [line:103] - INFO - 鼠标光标移动至navBar_item_计算_content_云服务器元素并点击
2021-10-26 11:07:54,753 - basepage.py - [line:85] - INFO - 点击了//*[@id="tab-vmlist"]元素
2021-10-26 11:09:02,707 - basepage.py - [line:97] - INFO - 鼠标光标移动至navBar_item_计算_content元素
2021-10-26 11:09:03,074 - basepage.py - [line:103] - INFO - 鼠标光标移动至navBar_item_计算_content_云服务器元素并点击
2021-10-26 11:09:03,320 - basepage.py - [line:85] - INFO - 点击了//*[@id="tab-vmlist"]元素
2021-10-26 11:10:07,634 - basepage.py - [line:97] - INFO - 鼠标光标移动至navBar_item_计算_content元素
2021-10-26 11:10:08,273 - basepage.py - [line:103] - INFO - 鼠标光标移动至navBar_item_计算_content_云服务器元素并点击
2021-10-26 11:10:09,018 - basepage.py - [line:85] - INFO - 点击了//*[@id="tab-vmlist"]元素
2021-10-26 11:12:33,370 - basepage.py - [line:97] - INFO - 鼠标光标移动至navBar_item_计算_content元素
2021-10-26 11:12:33,819 - basepage.py - [line:103] - INFO - 鼠标光标移动至navBar_item_计算_content_云服务器元素并点击
2021-10-26 11:12:34,067 - basepage.py - [line:85] - INFO - 点击了//*[@id="tab-vmlist"]元素
2021-10-26 11:20:21,428 - basepage.py - [line:97] - INFO - 鼠标光标移动至navBar_item_计算_content元素
2021-10-26 11:20:21,874 - basepage.py - [line:103] - INFO - 鼠标光标移动至navBar_item_计算_content_云服务器元素并点击
2021-10-26 11:20:22,095 - basepage.py - [line:85] - INFO - 点击了//*[@id="tab-vmlist"]元素
2021-10-26 13:57:48,130 - basepage.py - [line:97] - INFO - 鼠标光标移动至navBar_item_计算_content元素
2021-10-26 13:57:48,723 - basepage.py - [line:103] - INFO - 鼠标光标移动至navBar_item_计算_content_云服务器元素并点击
2021-10-26 13:57:48,999 - basepage.py - [line:85] - INFO - 点击了//*[@id="tab-vmlist"]元素
2021-10-26 15:26:48,852 - basepage.py - [line:97] - INFO - 鼠标光标移动至navBar_item_计算_content元素
2021-10-26 15:26:49,248 - basepage.py - [line:103] - INFO - 鼠标光标移动至navBar_item_计算_content_云服务器元素并点击
2021-10-26 15:26:49,916 - basepage.py - [line:85] - INFO - 点击了//*[@id="tab-vmlist"]元素
2021-10-26 15:28:16,042 - basepage.py - [line:97] - INFO - 鼠标光标移动至navBar_item_计算_content元素
2021-10-26 15:28:16,573 - basepage.py - [line:103] - INFO - 鼠标光标移动至navBar_item_计算_content_云服务器元素并点击
2021-10-26 15:28:16,642 - basepage.py - [line:85] - INFO - 点击了//*[@id="tab-vmlist"]元素
2021-10-26 17:30:43,395 - basepage.py - [line:97] - INFO - 鼠标光标移动至navBar_item_计算_content元素
2021-10-26 17:30:43,909 - basepage.py - [line:103] - INFO - 鼠标光标移动至navBar_item_计算_content_云服务器元素并点击
2021-10-26 17:30:44,180 - basepage.py - [line:85] - INFO - 点击了//*[@id="tab-vmlist"]元素
2021-10-26 17:30:45,654 - basepage.py - [line:97] - INFO - 鼠标光标移动至//tbody/tr/td[16]/div/div/button/i[3]元素
2021-10-26 17:30:46,502 - basepage.py - [line:103] - INFO - 鼠标光标移动至//body[@class="theme-white"]/ul/li[9]元素并点击
2021-10-26 17:30:46,646 - basepage.py - [line:152] - INFO - 键盘输入后清理
2021-10-26 17:31:41,738 - basepage.py - [line:97] - INFO - 鼠标光标移动至navBar_item_计算_content元素
2021-10-26 17:31:42,171 - basepage.py - [line:103] - INFO - 鼠标光标移动至navBar_item_计算_content_云服务器元素并点击
2021-10-26 17:31:42,314 - basepage.py - [line:85] - INFO - 点击了//*[@id="tab-vmlist"]元素
2021-10-26 17:31:43,884 - basepage.py - [line:97] - INFO - 鼠标光标移动至//tbody/tr/td[16]/div/div/button/i[3]元素
2021-10-26 17:31:44,744 - basepage.py - [line:103] - INFO - 鼠标光标移动至//body[@class="theme-white"]/ul/li[9]元素并点击
2021-10-26 17:31:44,898 - basepage.py - [line:152] - INFO - 键盘输入后清理
2021-10-26 17:35:26,879 - basepage.py - [line:97] - INFO - 鼠标光标移动至navBar_item_计算_content元素
2021-10-26 17:35:27,313 - basepage.py - [line:103] - INFO - 鼠标光标移动至navBar_item_计算_content_云服务器元素并点击
2021-10-26 17:35:27,484 - basepage.py - [line:85] - INFO - 点击了//*[@id="tab-vmlist"]元素
2021-10-26 17:35:29,036 - basepage.py - [line:97] - INFO - 鼠标光标移动至//tbody/tr/td[16]/div/div/button/i[3]元素
2021-10-26 17:35:29,887 - basepage.py - [line:103] - INFO - 鼠标光标移动至//body[@class="theme-white"]/ul/li[9]元素并点击
2021-10-26 17:35:30,030 - basepage.py - [line:152] - INFO - 键盘输入后清理
2021-10-26 17:36:59,464 - basepage.py - [line:97] - INFO - 鼠标光标移动至navBar_item_计算_content元素
2021-10-26 17:36:59,913 - basepage.py - [line:103] - INFO - 鼠标光标移动至navBar_item_计算_content_云服务器元素并点击
2021-10-26 17:37:00,099 - basepage.py - [line:85] - INFO - 点击了//*[@id="tab-vmlist"]元素
2021-10-26 17:37:01,710 - basepage.py - [line:97] - INFO - 鼠标光标移动至//tbody/tr/td[16]/div/div/button/i[3]元素
2021-10-26 17:37:02,556 - basepage.py - [line:103] - INFO - 鼠标光标移动至//body[@class="theme-white"]/ul/li[9]元素并点击
2021-10-26 17:37:02,703 - basepage.py - [line:152] - INFO - 键盘输入后清理
2021-10-26 17:39:33,972 - basepage.py - [line:97] - INFO - 鼠标光标移动至navBar_item_计算_content元素
2021-10-26 17:39:34,378 - basepage.py - [line:103] - INFO - 鼠标光标移动至navBar_item_计算_content_云服务器元素并点击
2021-10-26 17:39:34,520 - basepage.py - [line:85] - INFO - 点击了//*[@id="tab-vmlist"]元素
2021-10-26 17:39:35,953 - basepage.py - [line:97] - INFO - 鼠标光标移动至//tbody/tr/td[16]/div/div/button/i[3]元素
2021-10-26 17:39:36,796 - basepage.py - [line:103] - INFO - 鼠标光标移动至//body[@class="theme-white"]/ul/li[9]元素并点击
2021-10-26 17:39:36,943 - basepage.py - [line:152] - INFO - 键盘输入后清理
2021-10-26 17:39:38,036 - basepage.py - [line:190] - INFO - 输入:0
2021-10-26 17:41:44,023 - basepage.py - [line:97] - INFO - 鼠标光标移动至navBar_item_计算_content元素
2021-10-26 17:41:44,839 - basepage.py - [line:103] - INFO - 鼠标光标移动至navBar_item_计算_content_云服务器元素并点击
2021-10-26 17:41:44,991 - basepage.py - [line:85] - INFO - 点击了//*[@id="tab-vmlist"]元素
2021-10-26 17:41:46,433 - basepage.py - [line:97] - INFO - 鼠标光标移动至//tbody/tr/td[16]/div/div/button/i[3]元素
2021-10-26 17:41:47,281 - basepage.py - [line:103] - INFO - 鼠标光标移动至//body[@class="theme-white"]/ul/li[9]元素并点击
2021-10-26 17:41:47,424 - basepage.py - [line:152] - INFO - 键盘输入后清理
2021-10-26 17:41:48,520 - basepage.py - [line:190] - INFO - 输入:0
2021-10-26 17:42:35,315 - basepage.py - [line:97] - INFO - 鼠标光标移动至navBar_item_计算_content元素
2021-10-26 17:42:35,969 - basepage.py - [line:103] - INFO - 鼠标光标移动至navBar_item_计算_content_云服务器元素并点击
2021-10-26 17:42:36,229 - basepage.py - [line:85] - INFO - 点击了//*[@id="tab-vmlist"]元素
2021-10-26 17:42:37,656 - basepage.py - [line:97] - INFO - 鼠标光标移动至//tbody/tr/td[16]/div/div/button/i[3]元素
2021-10-26 17:42:38,502 - basepage.py - [line:103] - INFO - 鼠标光标移动至//body[@class="theme-white"]/ul/li[9]元素并点击
2021-10-26 17:42:38,649 - basepage.py - [line:152] - INFO - 键盘输入后清理
2021-10-26 17:42:39,743 - basepage.py - [line:190] - INFO - 输入:0000
2021-10-26 17:53:58,446 - basepage.py - [line:97] - INFO - 鼠标光标移动至navBar_item_计算_content元素
2021-10-26 17:53:58,893 - basepage.py - [line:103] - INFO - 鼠标光标移动至navBar_item_计算_content_云服务器元素并点击
2021-10-26 17:53:59,027 - basepage.py - [line:85] - INFO - 点击了//*[@id="tab-vmlist"]元素
2021-10-26 17:54:07,075 - basepage.py - [line:190] - INFO - 输入:0000
2021-10-26 18:36:30,998 - basepage.py - [line:97] - INFO - 鼠标光标移动至navBar_item_计算_content元素
2021-10-26 18:36:31,612 - basepage.py - [line:103] - INFO - 鼠标光标移动至navBar_item_计算_content_云服务器元素并点击
2021-10-26 18:36:31,777 - basepage.py - [line:85] - INFO - 点击了//*[@id="tab-vmlist"]元素
2021-10-26 18:36:32,942 - basepage.py - [line:190] - INFO - 输入:0000
2021-10-26 18:36:34,346 - basepage.py - [line:97] - INFO - 鼠标光标移动至//tbody/tr/td[16]/div/div/button/i[3]元素
2021-10-26 18:36:35,194 - basepage.py - [line:103] - INFO - 鼠标光标移动至//body[@class="theme-white"]/ul/li[9]元素并点击
2021-10-26 18:36:35,333 - basepage.py - [line:152] - INFO - 键盘输入后清理
2021-10-26 18:36:36,430 - basepage.py - [line:190] - INFO - 输入:0000
2021-10-26 18:37:21,336 - basepage.py - [line:97] - INFO - 鼠标光标移动至navBar_item_计算_content元素
2021-10-26 18:37:21,868 - basepage.py - [line:103] - INFO - 鼠标光标移动至navBar_item_计算_content_云服务器元素并点击
2021-10-26 18:37:22,021 - basepage.py - [line:85] - INFO - 点击了//*[@id="tab-vmlist"]元素
2021-10-26 18:37:29,830 - basepage.py - [line:190] - INFO - 输入:0000
2021-10-26 21:21:47,518 - basepage.py - [line:97] - INFO - 鼠标光标移动至navBar_item_计算_content元素
2021-10-26 21:21:49,082 - basepage.py - [line:103] - INFO - 鼠标光标移动至navBar_item_计算_content_云服务器元素并点击
2021-10-26 21:21:49,301 - basepage.py - [line:85] - INFO - 点击了//*[@id="tab-vmlist"]元素
2021-10-26 21:21:50,775 - basepage.py - [line:184] - INFO - 点击操作
2021-10-26 21:21:52,353 - basepage.py - [line:184] - INFO - 点击操作
2021-10-26 21:21:53,546 - basepage.py - [line:184] - INFO - 点击操作
2021-10-26 21:21:54,626 - basepage.py - [line:184] - INFO - 点击操作
2021-10-26 21:21:56,245 - basepage.py - [line:184] - INFO - 点击操作
2021-10-26 21:21:57,477 - basepage.py - [line:191] - INFO - 输入:0003
2021-10-26 21:21:58,582 - basepage.py - [line:184] - INFO - 点击操作
2021-10-26 21:21:59,772 - basepage.py - [line:184] - INFO - 点击操作
2021-10-26 21:22:00,863 - basepage.py - [line:184] - INFO - 点击操作
2021-10-26 21:22:01,953 - basepage.py - [line:184] - INFO - 点击操作
2021-10-26 21:22:03,053 - basepage.py - [line:184] - INFO - 点击操作
2021-10-26 21:22:04,168 - basepage.py - [line:184] - INFO - 点击操作
2021-10-26 21:22:05,495 - basepage.py - [line:198] - INFO - 获取文本信息:text
