2021-10-19 12:14:59,321 - basepage.py - [line:97] - INFO - 鼠标光标移动至navBar_item_计算_content元素
2021-10-19 12:14:59,795 - basepage.py - [line:103] - INFO - 鼠标光标移动至navBar_item_计算_content_云服务器元素并点击
2021-10-19 12:15:00,485 - basepage.py - [line:85] - INFO - 点击了//*[@id="tab-vmlist"]元素
2021-10-19 12:16:02,338 - basepage.py - [line:97] - INFO - 鼠标光标移动至navBar_item_计算_content元素
2021-10-19 12:16:02,873 - basepage.py - [line:103] - INFO - 鼠标光标移动至navBar_item_计算_content_云服务器元素并点击
2021-10-19 12:16:03,104 - basepage.py - [line:85] - INFO - 点击了//*[@id="tab-vmlist"]元素
2021-10-19 12:16:40,499 - basepage.py - [line:97] - INFO - 鼠标光标移动至navBar_item_计算_content元素
2021-10-19 12:16:41,000 - basepage.py - [line:103] - INFO - 鼠标光标移动至navBar_item_计算_content_云服务器元素并点击
2021-10-19 12:16:41,223 - basepage.py - [line:85] - INFO - 点击了//*[@id="tab-vmlist"]元素
2021-10-19 12:19:51,998 - basepage.py - [line:97] - INFO - 鼠标光标移动至navBar_item_计算_content元素
2021-10-19 12:19:52,507 - basepage.py - [line:103] - INFO - 鼠标光标移动至navBar_item_计算_content_云服务器元素并点击
2021-10-19 12:19:52,757 - basepage.py - [line:85] - INFO - 点击了//*[@id="tab-vmlist"]元素
2021-10-19 12:21:25,833 - basepage.py - [line:97] - INFO - 鼠标光标移动至navBar_item_计算_content元素
2021-10-19 12:21:26,253 - basepage.py - [line:103] - INFO - 鼠标光标移动至navBar_item_计算_content_云服务器元素并点击
2021-10-19 12:21:26,616 - basepage.py - [line:85] - INFO - 点击了//*[@id="tab-vmlist"]元素
2021-10-19 12:22:21,610 - basepage.py - [line:97] - INFO - 鼠标光标移动至navBar_item_计算_content元素
2021-10-19 12:22:22,107 - basepage.py - [line:103] - INFO - 鼠标光标移动至navBar_item_计算_content_云服务器元素并点击
2021-10-19 12:22:22,975 - basepage.py - [line:85] - INFO - 点击了//*[@id="tab-vmlist"]元素
2021-10-19 12:26:36,745 - basepage.py - [line:97] - INFO - 鼠标光标移动至navBar_item_计算_content元素
2021-10-19 12:26:37,235 - basepage.py - [line:103] - INFO - 鼠标光标移动至navBar_item_计算_content_云服务器元素并点击
2021-10-19 12:26:37,626 - basepage.py - [line:85] - INFO - 点击了//*[@id="tab-vmlist"]元素
2021-10-19 18:45:16,603 - basepage.py - [line:97] - INFO - 鼠标光标移动至navBar_item_计算_content元素
2021-10-19 18:45:17,063 - basepage.py - [line:103] - INFO - 鼠标光标移动至navBar_item_计算_content_云服务器元素并点击
2021-10-19 18:45:17,245 - basepage.py - [line:85] - INFO - 点击了//*[@id="tab-vmlist"]元素
2021-10-19 18:46:36,912 - basepage.py - [line:97] - INFO - 鼠标光标移动至navBar_item_计算_content元素
2021-10-19 18:47:12,988 - basepage.py - [line:97] - INFO - 鼠标光标移动至navBar_item_计算_content元素
2021-10-19 18:47:13,346 - basepage.py - [line:103] - INFO - 鼠标光标移动至navBar_item_计算_content_云服务器元素并点击
2021-10-19 18:47:13,964 - basepage.py - [line:85] - INFO - 点击了//*[@id="tab-vmlist"]元素
2021-10-19 18:53:03,909 - basepage.py - [line:97] - INFO - 鼠标光标移动至navBar_item_计算_content元素
2021-10-19 18:53:04,318 - basepage.py - [line:103] - INFO - 鼠标光标移动至navBar_item_计算_content_云服务器元素并点击
2021-10-19 18:53:04,492 - basepage.py - [line:85] - INFO - 点击了//*[@id="tab-vmlist"]元素
2021-10-19 18:53:59,233 - basepage.py - [line:97] - INFO - 鼠标光标移动至navBar_item_计算_content元素
2021-10-19 18:53:59,695 - basepage.py - [line:103] - INFO - 鼠标光标移动至navBar_item_计算_content_云服务器元素并点击
2021-10-19 18:54:00,392 - basepage.py - [line:85] - INFO - 点击了//*[@id="tab-vmlist"]元素
2021-10-19 18:54:09,633 - basepage.py - [line:130] - INFO - 元素文本信息为1
2021-10-19 18:57:11,812 - basepage.py - [line:97] - INFO - 鼠标光标移动至navBar_item_计算_content元素
2021-10-19 18:57:12,216 - basepage.py - [line:103] - INFO - 鼠标光标移动至navBar_item_计算_content_云服务器元素并点击
2021-10-19 18:57:12,891 - basepage.py - [line:85] - INFO - 点击了//*[@id="tab-vmlist"]元素
2021-10-19 18:57:22,109 - basepage.py - [line:130] - INFO - 元素文本信息为1
2021-10-19 18:57:30,728 - basepage.py - [line:97] - INFO - 鼠标光标移动至navBar_item_计算_content元素
2021-10-19 18:57:31,079 - basepage.py - [line:103] - INFO - 鼠标光标移动至navBar_item_计算_content_云服务器元素并点击
2021-10-19 18:57:31,757 - basepage.py - [line:85] - INFO - 点击了//*[@id="tab-vmlist"]元素
2021-10-19 18:58:25,293 - basepage.py - [line:97] - INFO - 鼠标光标移动至navBar_item_计算_content元素
2021-10-19 18:58:25,648 - basepage.py - [line:103] - INFO - 鼠标光标移动至navBar_item_计算_content_云服务器元素并点击
2021-10-19 18:58:26,337 - basepage.py - [line:85] - INFO - 点击了//*[@id="tab-vmlist"]元素
2021-10-19 18:58:35,582 - basepage.py - [line:152] - INFO - 键盘输入后清理
2021-10-19 18:58:36,716 - basepage.py - [line:116] - INFO - 元素文本信息为请输入队列数
2021-10-19 19:00:11,900 - basepage.py - [line:97] - INFO - 鼠标光标移动至navBar_item_计算_content元素
2021-10-19 19:00:12,230 - basepage.py - [line:103] - INFO - 鼠标光标移动至navBar_item_计算_content_云服务器元素并点击
2021-10-19 19:00:12,900 - basepage.py - [line:85] - INFO - 点击了//*[@id="tab-vmlist"]元素
2021-10-19 19:00:22,221 - basepage.py - [line:152] - INFO - 键盘输入后清理
2021-10-19 19:00:40,563 - basepage.py - [line:97] - INFO - 鼠标光标移动至navBar_item_计算_content元素
2021-10-19 19:00:40,932 - basepage.py - [line:103] - INFO - 鼠标光标移动至navBar_item_计算_content_云服务器元素并点击
2021-10-19 19:00:41,607 - basepage.py - [line:85] - INFO - 点击了//*[@id="tab-vmlist"]元素
2021-10-19 19:00:50,798 - basepage.py - [line:152] - INFO - 键盘输入后清理
2021-10-19 19:01:11,101 - basepage.py - [line:97] - INFO - 鼠标光标移动至navBar_item_计算_content元素
2021-10-19 19:01:11,546 - basepage.py - [line:103] - INFO - 鼠标光标移动至navBar_item_计算_content_云服务器元素并点击
2021-10-19 19:01:11,786 - basepage.py - [line:85] - INFO - 点击了//*[@id="tab-vmlist"]元素
2021-10-19 19:01:21,057 - basepage.py - [line:152] - INFO - 键盘输入后清理
2021-10-19 19:01:42,411 - basepage.py - [line:97] - INFO - 鼠标光标移动至navBar_item_计算_content元素
2021-10-19 19:01:42,838 - basepage.py - [line:103] - INFO - 鼠标光标移动至navBar_item_计算_content_云服务器元素并点击
2021-10-19 19:01:43,494 - basepage.py - [line:85] - INFO - 点击了//*[@id="tab-vmlist"]元素
2021-10-19 19:01:54,552 - basepage.py - [line:152] - INFO - 键盘输入后清理
2021-10-19 19:04:17,306 - basepage.py - [line:97] - INFO - 鼠标光标移动至navBar_item_计算_content元素
2021-10-19 19:04:17,677 - basepage.py - [line:103] - INFO - 鼠标光标移动至navBar_item_计算_content_云服务器元素并点击
2021-10-19 19:04:18,362 - basepage.py - [line:85] - INFO - 点击了//*[@id="tab-vmlist"]元素
2021-10-19 19:04:29,481 - basepage.py - [line:152] - INFO - 键盘输入后清理
