2021-10-31 13:37:25,385 - basepage.py - [line:97] - INFO - 鼠标光标移动至navBar_item_计算_content元素
2021-10-31 13:37:25,811 - basepage.py - [line:103] - INFO - 鼠标光标移动至navBar_item_计算_content_云服务器元素并点击
2021-10-31 13:37:26,149 - basepage.py - [line:85] - INFO - 点击了//*[@id="tab-vmlist"]元素
2021-10-31 13:37:26,344 - basepage.py - [line:85] - INFO - 点击了tab-template元素
2021-10-31 13:37:27,519 - basepage.py - [line:229] - INFO - 输入:0000成功
2021-10-31 13:37:28,867 - basepage.py - [line:222] - INFO - 点击操作成功
2021-10-31 13:37:30,217 - basepage.py - [line:183] - INFO - 键盘输入后清理
2021-10-31 13:37:30,218 - basepage.py - [line:241] - INFO - 清理操作成功
2021-10-31 13:37:31,327 - basepage.py - [line:222] - INFO - 点击操作成功
2021-10-31 13:37:32,505 - basepage.py - [line:229] - INFO - 输入:mould成功
2021-10-31 13:37:33,579 - basepage.py - [line:222] - INFO - 点击操作成功
2021-10-31 13:37:34,155 - basepage.py - [line:251] - INFO - 获取文本信息:text成功
2021-10-31 15:58:03,375 - basepage.py - [line:97] - INFO - 鼠标光标移动至navBar_item_计算_content元素
2021-10-31 15:58:03,958 - basepage.py - [line:103] - INFO - 鼠标光标移动至navBar_item_计算_content_云服务器元素并点击
2021-10-31 15:58:04,849 - basepage.py - [line:85] - INFO - 点击了//*[@id="tab-vmlist"]元素
2021-10-31 15:58:05,017 - basepage.py - [line:85] - INFO - 点击了tab-specife元素
2021-10-31 15:58:06,224 - basepage.py - [line:222] - INFO - 点击操作成功
2021-10-31 15:58:07,652 - basepage.py - [line:229] - INFO - 输入:specs成功
2021-10-31 15:58:09,042 - basepage.py - [line:229] - INFO - 输入:specs01成功
2021-10-31 15:58:10,179 - basepage.py - [line:222] - INFO - 点击操作成功
2021-10-31 16:00:43,261 - basepage.py - [line:97] - INFO - 鼠标光标移动至navBar_item_计算_content元素
2021-10-31 16:00:43,823 - basepage.py - [line:103] - INFO - 鼠标光标移动至navBar_item_计算_content_云服务器元素并点击
2021-10-31 16:00:44,177 - basepage.py - [line:85] - INFO - 点击了//*[@id="tab-vmlist"]元素
2021-10-31 16:00:44,394 - basepage.py - [line:85] - INFO - 点击了tab-specife元素
2021-10-31 16:00:45,591 - basepage.py - [line:222] - INFO - 点击操作成功
2021-10-31 16:00:46,884 - basepage.py - [line:229] - INFO - 输入:specs成功
2021-10-31 16:00:48,141 - basepage.py - [line:229] - INFO - 输入:specs01成功
2021-10-31 16:00:49,270 - basepage.py - [line:222] - INFO - 点击操作成功
2021-10-31 16:00:50,436 - basepage.py - [line:229] - INFO - 输入:1成功
2021-10-31 16:00:51,552 - basepage.py - [line:222] - INFO - 点击操作成功
2021-10-31 16:00:52,158 - basepage.py - [line:251] - INFO - 获取文本信息:text成功
2021-10-31 16:02:10,477 - basepage.py - [line:97] - INFO - 鼠标光标移动至navBar_item_计算_content元素
2021-10-31 16:02:11,058 - basepage.py - [line:103] - INFO - 鼠标光标移动至navBar_item_计算_content_云服务器元素并点击
2021-10-31 16:02:11,430 - basepage.py - [line:85] - INFO - 点击了//*[@id="tab-vmlist"]元素
2021-10-31 16:02:11,627 - basepage.py - [line:85] - INFO - 点击了tab-specife元素
2021-10-31 16:02:12,823 - basepage.py - [line:222] - INFO - 点击操作成功
2021-10-31 16:02:14,135 - basepage.py - [line:229] - INFO - 输入:specs成功
2021-10-31 16:02:15,394 - basepage.py - [line:229] - INFO - 输入:specs01成功
2021-10-31 16:02:16,514 - basepage.py - [line:222] - INFO - 点击操作成功
2021-10-31 16:02:17,680 - basepage.py - [line:229] - INFO - 输入:1成功
2021-10-31 16:02:18,791 - basepage.py - [line:222] - INFO - 点击操作成功
2021-10-31 16:02:19,349 - basepage.py - [line:251] - INFO - 获取文本信息:text成功
2021-10-31 16:36:13,637 - basepage.py - [line:97] - INFO - 鼠标光标移动至navBar_item_计算_content元素
2021-10-31 16:36:14,192 - basepage.py - [line:103] - INFO - 鼠标光标移动至navBar_item_计算_content_云服务器元素并点击
2021-10-31 16:36:15,052 - basepage.py - [line:85] - INFO - 点击了//*[@id="tab-vmlist"]元素
2021-10-31 16:36:15,286 - basepage.py - [line:85] - INFO - 点击了tab-specife元素
2021-10-31 16:36:43,282 - basepage.py - [line:97] - INFO - 鼠标光标移动至navBar_item_计算_content元素
2021-10-31 16:36:43,729 - basepage.py - [line:103] - INFO - 鼠标光标移动至navBar_item_计算_content_云服务器元素并点击
2021-10-31 16:36:44,177 - basepage.py - [line:85] - INFO - 点击了//*[@id="tab-vmlist"]元素
2021-10-31 16:36:44,399 - basepage.py - [line:85] - INFO - 点击了tab-specife元素
2021-10-31 16:36:45,547 - basepage.py - [line:229] - INFO - 输入:0000成功
2021-10-31 16:36:46,628 - basepage.py - [line:222] - INFO - 点击操作成功
2021-10-31 16:36:47,777 - basepage.py - [line:183] - INFO - 键盘输入后清理
2021-10-31 16:36:47,777 - basepage.py - [line:241] - INFO - 清理操作成功
2021-10-31 16:37:46,665 - basepage.py - [line:97] - INFO - 鼠标光标移动至navBar_item_计算_content元素
2021-10-31 16:37:47,189 - basepage.py - [line:103] - INFO - 鼠标光标移动至navBar_item_计算_content_云服务器元素并点击
2021-10-31 16:37:48,086 - basepage.py - [line:85] - INFO - 点击了//*[@id="tab-vmlist"]元素
2021-10-31 16:37:48,296 - basepage.py - [line:85] - INFO - 点击了tab-specife元素
2021-10-31 16:37:49,492 - basepage.py - [line:229] - INFO - 输入:specs成功
2021-10-31 16:37:50,558 - basepage.py - [line:222] - INFO - 点击操作成功
2021-10-31 16:37:51,728 - basepage.py - [line:183] - INFO - 键盘输入后清理
2021-10-31 16:37:51,729 - basepage.py - [line:241] - INFO - 清理操作成功
2021-10-31 16:37:52,812 - basepage.py - [line:222] - INFO - 点击操作成功
2021-10-31 16:41:09,319 - basepage.py - [line:97] - INFO - 鼠标光标移动至navBar_item_计算_content元素
2021-10-31 16:41:09,853 - basepage.py - [line:103] - INFO - 鼠标光标移动至navBar_item_计算_content_云服务器元素并点击
2021-10-31 16:41:10,664 - basepage.py - [line:85] - INFO - 点击了//*[@id="tab-vmlist"]元素
2021-10-31 16:41:10,880 - basepage.py - [line:85] - INFO - 点击了tab-specife元素
2021-10-31 16:41:12,038 - basepage.py - [line:229] - INFO - 输入:specs成功
2021-10-31 16:41:13,115 - basepage.py - [line:222] - INFO - 点击操作成功
2021-10-31 16:41:14,281 - basepage.py - [line:183] - INFO - 键盘输入后清理
2021-10-31 16:41:14,281 - basepage.py - [line:241] - INFO - 清理操作成功
2021-10-31 16:41:15,371 - basepage.py - [line:222] - INFO - 点击操作成功
2021-10-31 16:41:16,444 - basepage.py - [line:222] - INFO - 点击操作成功
2021-10-31 16:41:17,015 - basepage.py - [line:251] - INFO - 获取文本信息:text成功
