2021-10-20 11:50:14,327 - basepage.py - [line:97] - INFO - 鼠标光标移动至navBar_item_计算_content元素
2021-10-20 11:50:14,805 - basepage.py - [line:103] - INFO - 鼠标光标移动至navBar_item_计算_content_云服务器元素并点击
2021-10-20 11:50:15,026 - basepage.py - [line:85] - INFO - 点击了//*[@id="tab-vmlist"]元素
2021-10-20 11:50:26,343 - basepage.py - [line:152] - INFO - 键盘输入后清理
2021-10-20 15:34:24,642 - basepage.py - [line:97] - INFO - 鼠标光标移动至navBar_item_计算_content元素
2021-10-20 15:34:25,113 - basepage.py - [line:103] - INFO - 鼠标光标移动至navBar_item_计算_content_云服务器元素并点击
2021-10-20 15:34:25,356 - basepage.py - [line:85] - INFO - 点击了//*[@id="tab-vmlist"]元素
2021-10-20 15:34:33,690 - basepage.py - [line:130] - INFO - 元素文本信息为compute
2021-10-20 15:34:33,717 - basepage.py - [line:130] - INFO - 元素文本信息为计算97
2021-10-20 15:35:13,175 - basepage.py - [line:97] - INFO - 鼠标光标移动至navBar_item_计算_content元素
2021-10-20 15:35:13,590 - basepage.py - [line:103] - INFO - 鼠标光标移动至navBar_item_计算_content_云服务器元素并点击
2021-10-20 15:35:13,792 - basepage.py - [line:85] - INFO - 点击了//*[@id="tab-vmlist"]元素
2021-10-20 15:39:34,014 - basepage.py - [line:97] - INFO - 鼠标光标移动至navBar_item_计算_content元素
2021-10-20 15:39:57,932 - basepage.py - [line:97] - INFO - 鼠标光标移动至navBar_item_计算_content元素
2021-10-20 15:39:58,330 - basepage.py - [line:103] - INFO - 鼠标光标移动至navBar_item_计算_content_云服务器元素并点击
2021-10-20 15:39:58,999 - basepage.py - [line:85] - INFO - 点击了//*[@id="tab-vmlist"]元素
2021-10-20 15:40:20,939 - basepage.py - [line:97] - INFO - 鼠标光标移动至navBar_item_计算_content元素
2021-10-20 15:40:21,354 - basepage.py - [line:103] - INFO - 鼠标光标移动至navBar_item_计算_content_云服务器元素并点击
2021-10-20 15:40:22,043 - basepage.py - [line:85] - INFO - 点击了//*[@id="tab-vmlist"]元素
2021-10-20 15:44:59,372 - basepage.py - [line:97] - INFO - 鼠标光标移动至navBar_item_计算_content元素
2021-10-20 15:44:59,869 - basepage.py - [line:103] - INFO - 鼠标光标移动至navBar_item_计算_content_云服务器元素并点击
2021-10-20 15:45:00,135 - basepage.py - [line:85] - INFO - 点击了//*[@id="tab-vmlist"]元素
2021-10-20 15:45:11,294 - basepage.py - [line:130] - INFO - 元素文本信息为storage
2021-10-20 15:46:12,527 - basepage.py - [line:97] - INFO - 鼠标光标移动至navBar_item_计算_content元素
2021-10-20 15:46:12,954 - basepage.py - [line:103] - INFO - 鼠标光标移动至navBar_item_计算_content_云服务器元素并点击
2021-10-20 15:46:13,269 - basepage.py - [line:85] - INFO - 点击了//*[@id="tab-vmlist"]元素
2021-10-20 15:46:23,920 - basepage.py - [line:130] - INFO - 元素文本信息为storage
2021-10-20 15:52:06,407 - basepage.py - [line:97] - INFO - 鼠标光标移动至navBar_item_计算_content元素
2021-10-20 15:52:06,878 - basepage.py - [line:103] - INFO - 鼠标光标移动至navBar_item_计算_content_云服务器元素并点击
2021-10-20 15:52:07,708 - basepage.py - [line:85] - INFO - 点击了//*[@id="tab-vmlist"]元素
2021-10-20 15:52:15,985 - basepage.py - [line:130] - INFO - 元素文本信息为0
2021-10-20 15:52:58,293 - basepage.py - [line:97] - INFO - 鼠标光标移动至navBar_item_计算_content元素
2021-10-20 15:52:58,702 - basepage.py - [line:103] - INFO - 鼠标光标移动至navBar_item_计算_content_云服务器元素并点击
2021-10-20 15:53:13,233 - basepage.py - [line:97] - INFO - 鼠标光标移动至navBar_item_计算_content元素
2021-10-20 15:53:13,600 - basepage.py - [line:103] - INFO - 鼠标光标移动至navBar_item_计算_content_云服务器元素并点击
2021-10-20 15:53:14,361 - basepage.py - [line:85] - INFO - 点击了//*[@id="tab-vmlist"]元素
2021-10-20 15:53:22,676 - basepage.py - [line:130] - INFO - 元素文本信息为0
2021-10-20 16:31:02,263 - basepage.py - [line:97] - INFO - 鼠标光标移动至navBar_item_计算_content元素
2021-10-20 16:45:12,882 - basepage.py - [line:97] - INFO - 鼠标光标移动至navBar_item_计算_content元素
2021-10-20 16:45:13,448 - basepage.py - [line:103] - INFO - 鼠标光标移动至navBar_item_计算_content_云服务器元素并点击
2021-10-20 16:45:13,746 - basepage.py - [line:85] - INFO - 点击了//*[@id="tab-vmlist"]元素
2021-10-20 16:45:24,729 - basepage.py - [line:130] - INFO - 元素文本信息为storage
2021-10-20 16:48:12,130 - basepage.py - [line:97] - INFO - 鼠标光标移动至navBar_item_计算_content元素
2021-10-20 16:48:12,505 - basepage.py - [line:103] - INFO - 鼠标光标移动至navBar_item_计算_content_云服务器元素并点击
2021-10-20 16:48:13,171 - basepage.py - [line:85] - INFO - 点击了//*[@id="tab-vmlist"]元素
2021-10-20 16:48:23,947 - basepage.py - [line:130] - INFO - 元素文本信息为storage
2021-10-20 16:48:38,777 - basepage.py - [line:97] - INFO - 鼠标光标移动至navBar_item_计算_content元素
2021-10-20 16:48:39,108 - basepage.py - [line:103] - INFO - 鼠标光标移动至navBar_item_计算_content_云服务器元素并点击
2021-10-20 16:48:39,778 - basepage.py - [line:85] - INFO - 点击了//*[@id="tab-vmlist"]元素
2021-10-20 16:48:47,832 - basepage.py - [line:130] - INFO - 元素文本信息为0
2021-10-20 16:52:44,034 - basepage.py - [line:97] - INFO - 鼠标光标移动至navBar_item_计算_content元素
2021-10-20 16:52:44,406 - basepage.py - [line:103] - INFO - 鼠标光标移动至navBar_item_计算_content_云服务器元素并点击
2021-10-20 16:52:45,073 - basepage.py - [line:85] - INFO - 点击了//*[@id="tab-vmlist"]元素
2021-10-20 16:52:53,197 - basepage.py - [line:152] - INFO - 键盘输入后清理
2021-10-20 16:52:54,309 - basepage.py - [line:116] - INFO - 元素文本信息为请输入速率
2021-10-20 16:53:11,680 - basepage.py - [line:97] - INFO - 鼠标光标移动至navBar_item_计算_content元素
2021-10-20 16:53:12,608 - basepage.py - [line:103] - INFO - 鼠标光标移动至navBar_item_计算_content_云服务器元素并点击
2021-10-20 16:53:13,180 - basepage.py - [line:85] - INFO - 点击了//*[@id="tab-vmlist"]元素
2021-10-20 16:53:21,369 - basepage.py - [line:152] - INFO - 键盘输入后清理
2021-10-20 16:53:22,452 - basepage.py - [line:116] - INFO - 元素文本信息为请输入速率
2021-10-20 16:54:29,683 - basepage.py - [line:97] - INFO - 鼠标光标移动至navBar_item_计算_content元素
2021-10-20 16:54:30,024 - basepage.py - [line:103] - INFO - 鼠标光标移动至navBar_item_计算_content_云服务器元素并点击
2021-10-20 16:54:30,704 - basepage.py - [line:85] - INFO - 点击了//*[@id="tab-vmlist"]元素
2021-10-20 16:54:39,120 - basepage.py - [line:152] - INFO - 键盘输入后清理
2021-10-20 16:54:40,212 - basepage.py - [line:116] - INFO - 元素文本信息为请输入速率
2021-10-20 17:03:05,751 - basepage.py - [line:97] - INFO - 鼠标光标移动至navBar_item_计算_content元素
2021-10-20 17:03:06,140 - basepage.py - [line:103] - INFO - 鼠标光标移动至navBar_item_计算_content_云服务器元素并点击
2021-10-20 17:03:06,823 - basepage.py - [line:85] - INFO - 点击了//*[@id="tab-vmlist"]元素
2021-10-20 17:03:16,121 - basepage.py - [line:152] - INFO - 键盘输入后清理
2021-10-20 17:04:39,759 - basepage.py - [line:97] - INFO - 鼠标光标移动至navBar_item_计算_content元素
2021-10-20 17:04:40,605 - basepage.py - [line:103] - INFO - 鼠标光标移动至navBar_item_计算_content_云服务器元素并点击
2021-10-20 17:04:41,263 - basepage.py - [line:85] - INFO - 点击了//*[@id="tab-vmlist"]元素
2021-10-20 17:04:49,796 - basepage.py - [line:152] - INFO - 键盘输入后清理
2021-10-20 17:06:44,629 - basepage.py - [line:97] - INFO - 鼠标光标移动至navBar_item_计算_content元素
2021-10-20 17:06:45,068 - basepage.py - [line:103] - INFO - 鼠标光标移动至navBar_item_计算_content_云服务器元素并点击
2021-10-20 17:06:45,324 - basepage.py - [line:85] - INFO - 点击了//*[@id="tab-vmlist"]元素
2021-10-20 17:06:53,878 - basepage.py - [line:152] - INFO - 键盘输入后清理
2021-10-20 17:07:34,062 - basepage.py - [line:97] - INFO - 鼠标光标移动至navBar_item_计算_content元素
2021-10-20 17:07:34,548 - basepage.py - [line:103] - INFO - 鼠标光标移动至navBar_item_计算_content_云服务器元素并点击
2021-10-20 17:07:35,246 - basepage.py - [line:85] - INFO - 点击了//*[@id="tab-vmlist"]元素
2021-10-20 17:07:43,634 - basepage.py - [line:152] - INFO - 键盘输入后清理
2021-10-20 17:12:42,691 - basepage.py - [line:97] - INFO - 鼠标光标移动至navBar_item_计算_content元素
2021-10-20 17:12:43,097 - basepage.py - [line:103] - INFO - 鼠标光标移动至navBar_item_计算_content_云服务器元素并点击
2021-10-20 17:12:43,356 - basepage.py - [line:85] - INFO - 点击了//*[@id="tab-vmlist"]元素
2021-10-20 17:12:52,375 - basepage.py - [line:152] - INFO - 键盘输入后清理
2021-10-20 17:14:03,944 - basepage.py - [line:97] - INFO - 鼠标光标移动至navBar_item_计算_content元素
2021-10-20 17:14:04,366 - basepage.py - [line:103] - INFO - 鼠标光标移动至navBar_item_计算_content_云服务器元素并点击
2021-10-20 17:14:04,616 - basepage.py - [line:85] - INFO - 点击了//*[@id="tab-vmlist"]元素
2021-10-20 17:14:13,481 - basepage.py - [line:152] - INFO - 键盘输入后清理
2021-10-20 17:27:22,507 - basepage.py - [line:97] - INFO - 鼠标光标移动至navBar_item_计算_content元素
2021-10-20 17:27:22,949 - basepage.py - [line:103] - INFO - 鼠标光标移动至navBar_item_计算_content_云服务器元素并点击
2021-10-20 17:27:23,207 - basepage.py - [line:85] - INFO - 点击了//*[@id="tab-vmlist"]元素
2021-10-20 17:27:31,740 - basepage.py - [line:152] - INFO - 键盘输入后清理
2021-10-20 17:27:33,533 - basepage.py - [line:152] - INFO - 键盘输入后清理
2021-10-20 17:49:10,709 - basepage.py - [line:97] - INFO - 鼠标光标移动至navBar_item_计算_content元素
2021-10-20 17:49:11,159 - basepage.py - [line:103] - INFO - 鼠标光标移动至navBar_item_计算_content_云服务器元素并点击
2021-10-20 17:49:11,409 - basepage.py - [line:85] - INFO - 点击了//*[@id="tab-vmlist"]元素
2021-10-20 17:49:19,953 - basepage.py - [line:130] - INFO - 元素文本信息为0
2021-10-20 17:49:34,294 - basepage.py - [line:97] - INFO - 鼠标光标移动至navBar_item_计算_content元素
2021-10-20 17:49:34,720 - basepage.py - [line:103] - INFO - 鼠标光标移动至navBar_item_计算_content_云服务器元素并点击
2021-10-20 17:49:35,435 - basepage.py - [line:85] - INFO - 点击了//*[@id="tab-vmlist"]元素
2021-10-20 17:49:44,423 - basepage.py - [line:152] - INFO - 键盘输入后清理
2021-10-20 17:49:45,550 - basepage.py - [line:116] - INFO - 元素文本信息为请输入速率
2021-10-20 17:49:49,083 - basepage.py - [line:97] - INFO - 鼠标光标移动至navBar_item_计算_content元素
2021-10-20 17:49:49,526 - basepage.py - [line:103] - INFO - 鼠标光标移动至navBar_item_计算_content_云服务器元素并点击
2021-10-20 17:49:49,794 - basepage.py - [line:85] - INFO - 点击了//*[@id="tab-vmlist"]元素
2021-10-20 17:49:58,594 - basepage.py - [line:130] - INFO - 元素文本信息为0
2021-10-20 17:50:20,967 - basepage.py - [line:97] - INFO - 鼠标光标移动至navBar_item_计算_content元素
2021-10-20 17:50:21,374 - basepage.py - [line:103] - INFO - 鼠标光标移动至navBar_item_计算_content_云服务器元素并点击
2021-10-20 17:50:21,685 - basepage.py - [line:85] - INFO - 点击了//*[@id="tab-vmlist"]元素
2021-10-20 17:50:30,243 - basepage.py - [line:130] - INFO - 元素文本信息为0
2021-10-20 17:50:46,420 - basepage.py - [line:97] - INFO - 鼠标光标移动至navBar_item_计算_content元素
2021-10-20 17:50:46,829 - basepage.py - [line:103] - INFO - 鼠标光标移动至navBar_item_计算_content_云服务器元素并点击
2021-10-20 17:50:47,092 - basepage.py - [line:85] - INFO - 点击了//*[@id="tab-vmlist"]元素
2021-10-20 17:50:55,545 - basepage.py - [line:152] - INFO - 键盘输入后清理
2021-10-20 17:50:56,668 - basepage.py - [line:116] - INFO - 元素文本信息为请输入速率
2021-10-20 17:51:37,557 - basepage.py - [line:97] - INFO - 鼠标光标移动至navBar_item_计算_content元素
2021-10-20 17:51:38,009 - basepage.py - [line:103] - INFO - 鼠标光标移动至navBar_item_计算_content_云服务器元素并点击
2021-10-20 17:51:39,105 - basepage.py - [line:85] - INFO - 点击了//*[@id="tab-vmlist"]元素
2021-10-20 17:51:47,430 - basepage.py - [line:130] - INFO - 元素文本信息为0
2021-10-20 17:52:32,262 - basepage.py - [line:97] - INFO - 鼠标光标移动至navBar_item_计算_content元素
2021-10-20 17:52:32,707 - basepage.py - [line:103] - INFO - 鼠标光标移动至navBar_item_计算_content_云服务器元素并点击
2021-10-20 17:52:32,964 - basepage.py - [line:85] - INFO - 点击了//*[@id="tab-vmlist"]元素
2021-10-20 17:52:41,441 - basepage.py - [line:152] - INFO - 键盘输入后清理
2021-10-20 17:52:42,562 - basepage.py - [line:116] - INFO - 元素文本信息为请输入速率
2021-10-20 17:54:27,634 - basepage.py - [line:97] - INFO - 鼠标光标移动至navBar_item_计算_content元素
2021-10-20 17:54:28,023 - basepage.py - [line:103] - INFO - 鼠标光标移动至navBar_item_计算_content_云服务器元素并点击
2021-10-20 17:54:28,319 - basepage.py - [line:85] - INFO - 点击了//*[@id="tab-vmlist"]元素
2021-10-20 17:54:36,788 - basepage.py - [line:152] - INFO - 键盘输入后清理
2021-10-20 17:54:37,909 - basepage.py - [line:116] - INFO - 元素文本信息为请输入速率
2021-10-20 17:54:50,251 - basepage.py - [line:97] - INFO - 鼠标光标移动至navBar_item_计算_content元素
2021-10-20 17:54:50,767 - basepage.py - [line:103] - INFO - 鼠标光标移动至navBar_item_计算_content_云服务器元素并点击
2021-10-20 17:54:52,038 - basepage.py - [line:85] - INFO - 点击了//*[@id="tab-vmlist"]元素
2021-10-20 17:55:00,532 - basepage.py - [line:152] - INFO - 键盘输入后清理
2021-10-20 18:39:20,560 - basepage.py - [line:97] - INFO - 鼠标光标移动至navBar_item_计算_content元素
2021-10-20 18:39:21,004 - basepage.py - [line:103] - INFO - 鼠标光标移动至navBar_item_计算_content_云服务器元素并点击
2021-10-20 18:39:21,245 - basepage.py - [line:85] - INFO - 点击了//*[@id="tab-vmlist"]元素
2021-10-20 18:39:29,750 - basepage.py - [line:152] - INFO - 键盘输入后清理
2021-10-20 18:39:31,603 - basepage.py - [line:152] - INFO - 键盘输入后清理
2021-10-20 18:41:32,647 - basepage.py - [line:97] - INFO - 鼠标光标移动至navBar_item_计算_content元素
2021-10-20 18:41:33,039 - basepage.py - [line:103] - INFO - 鼠标光标移动至navBar_item_计算_content_云服务器元素并点击
2021-10-20 18:41:33,326 - basepage.py - [line:85] - INFO - 点击了//*[@id="tab-vmlist"]元素
2021-10-20 18:41:41,848 - basepage.py - [line:152] - INFO - 键盘输入后清理
2021-10-20 18:41:42,974 - basepage.py - [line:116] - INFO - 元素文本信息为请输入速率
2021-10-20 18:42:00,240 - basepage.py - [line:97] - INFO - 鼠标光标移动至navBar_item_计算_content元素
2021-10-20 18:42:00,717 - basepage.py - [line:103] - INFO - 鼠标光标移动至navBar_item_计算_content_云服务器元素并点击
2021-10-20 18:42:01,140 - basepage.py - [line:85] - INFO - 点击了//*[@id="tab-vmlist"]元素
2021-10-20 18:42:09,433 - basepage.py - [line:152] - INFO - 键盘输入后清理
2021-10-20 18:42:11,423 - basepage.py - [line:152] - INFO - 键盘输入后清理
2021-10-20 18:42:37,322 - basepage.py - [line:97] - INFO - 鼠标光标移动至navBar_item_计算_content元素
2021-10-20 18:42:37,789 - basepage.py - [line:103] - INFO - 鼠标光标移动至navBar_item_计算_content_云服务器元素并点击
2021-10-20 18:42:38,107 - basepage.py - [line:85] - INFO - 点击了//*[@id="tab-vmlist"]元素
2021-10-20 18:42:54,473 - basepage.py - [line:97] - INFO - 鼠标光标移动至navBar_item_计算_content元素
2021-10-20 18:42:54,907 - basepage.py - [line:103] - INFO - 鼠标光标移动至navBar_item_计算_content_云服务器元素并点击
2021-10-20 18:42:55,172 - basepage.py - [line:85] - INFO - 点击了//*[@id="tab-vmlist"]元素
2021-10-20 18:43:03,740 - basepage.py - [line:152] - INFO - 键盘输入后清理
2021-10-20 18:43:22,383 - basepage.py - [line:97] - INFO - 鼠标光标移动至navBar_item_计算_content元素
2021-10-20 18:43:22,847 - basepage.py - [line:103] - INFO - 鼠标光标移动至navBar_item_计算_content_云服务器元素并点击
2021-10-20 18:43:23,207 - basepage.py - [line:85] - INFO - 点击了//*[@id="tab-vmlist"]元素
2021-10-20 18:43:31,761 - basepage.py - [line:152] - INFO - 键盘输入后清理
2021-10-20 18:43:33,598 - basepage.py - [line:152] - INFO - 键盘输入后清理
2021-10-20 19:03:38,053 - basepage.py - [line:97] - INFO - 鼠标光标移动至navBar_item_计算_content元素
2021-10-20 19:03:38,578 - basepage.py - [line:103] - INFO - 鼠标光标移动至navBar_item_计算_content_云服务器元素并点击
2021-10-20 19:03:39,474 - basepage.py - [line:85] - INFO - 点击了//*[@id="tab-vmlist"]元素
2021-10-20 19:03:47,808 - basepage.py - [line:130] - INFO - 元素文本信息为0
2021-10-20 19:03:59,194 - basepage.py - [line:97] - INFO - 鼠标光标移动至navBar_item_计算_content元素
2021-10-20 19:03:59,674 - basepage.py - [line:103] - INFO - 鼠标光标移动至navBar_item_计算_content_云服务器元素并点击
2021-10-20 19:04:00,166 - basepage.py - [line:85] - INFO - 点击了//*[@id="tab-vmlist"]元素
2021-10-20 19:04:08,611 - basepage.py - [line:152] - INFO - 键盘输入后清理
2021-10-20 19:04:09,725 - basepage.py - [line:116] - INFO - 元素文本信息为请输入突发值
2021-10-20 19:05:14,743 - basepage.py - [line:97] - INFO - 鼠标光标移动至navBar_item_计算_content元素
2021-10-20 19:05:15,245 - basepage.py - [line:103] - INFO - 鼠标光标移动至navBar_item_计算_content_云服务器元素并点击
2021-10-20 19:05:15,793 - basepage.py - [line:85] - INFO - 点击了//*[@id="tab-vmlist"]元素
2021-10-20 19:05:24,511 - basepage.py - [line:152] - INFO - 键盘输入后清理
2021-10-20 19:05:25,653 - basepage.py - [line:116] - INFO - 元素文本信息为请输入突发值
2021-10-20 19:05:38,859 - basepage.py - [line:97] - INFO - 鼠标光标移动至navBar_item_计算_content元素
2021-10-20 19:05:39,352 - basepage.py - [line:103] - INFO - 鼠标光标移动至navBar_item_计算_content_云服务器元素并点击
2021-10-20 19:05:40,094 - basepage.py - [line:85] - INFO - 点击了//*[@id="tab-vmlist"]元素
2021-10-20 19:05:48,884 - basepage.py - [line:152] - INFO - 键盘输入后清理
2021-10-20 19:05:50,480 - basepage.py - [line:152] - INFO - 键盘输入后清理
2021-10-20 19:06:02,733 - basepage.py - [line:97] - INFO - 鼠标光标移动至navBar_item_计算_content元素
2021-10-20 19:06:03,155 - basepage.py - [line:103] - INFO - 鼠标光标移动至navBar_item_计算_content_云服务器元素并点击
2021-10-20 19:06:03,859 - basepage.py - [line:85] - INFO - 点击了//*[@id="tab-vmlist"]元素
2021-10-20 19:06:12,304 - basepage.py - [line:152] - INFO - 键盘输入后清理
2021-10-20 19:06:25,723 - basepage.py - [line:97] - INFO - 鼠标光标移动至navBar_item_计算_content元素
2021-10-20 19:06:26,104 - basepage.py - [line:103] - INFO - 鼠标光标移动至navBar_item_计算_content_云服务器元素并点击
2021-10-20 19:06:26,830 - basepage.py - [line:85] - INFO - 点击了//*[@id="tab-vmlist"]元素
2021-10-20 19:06:35,658 - basepage.py - [line:152] - INFO - 键盘输入后清理
2021-10-20 19:06:38,159 - basepage.py - [line:152] - INFO - 键盘输入后清理
2021-10-20 19:31:03,921 - basepage.py - [line:97] - INFO - 鼠标光标移动至navBar_item_计算_content元素
2021-10-20 19:31:04,474 - basepage.py - [line:103] - INFO - 鼠标光标移动至navBar_item_计算_content_云服务器元素并点击
2021-10-20 19:31:05,158 - basepage.py - [line:85] - INFO - 点击了//*[@id="tab-vmlist"]元素
2021-10-20 19:46:55,804 - basepage.py - [line:97] - INFO - 鼠标光标移动至navBar_item_计算_content元素
2021-10-20 19:46:56,274 - basepage.py - [line:103] - INFO - 鼠标光标移动至navBar_item_计算_content_云服务器元素并点击
2021-10-20 19:46:57,018 - basepage.py - [line:85] - INFO - 点击了//*[@id="tab-vmlist"]元素
2021-10-20 19:52:47,940 - basepage.py - [line:97] - INFO - 鼠标光标移动至navBar_item_计算_content元素
2021-10-20 19:52:48,392 - basepage.py - [line:103] - INFO - 鼠标光标移动至navBar_item_计算_content_云服务器元素并点击
2021-10-20 19:52:48,670 - basepage.py - [line:85] - INFO - 点击了//*[@id="tab-vmlist"]元素
2021-10-20 19:52:58,286 - basepage.py - [line:130] - INFO - 元素文本信息为0
2021-10-20 19:53:11,936 - basepage.py - [line:97] - INFO - 鼠标光标移动至navBar_item_计算_content元素
2021-10-20 19:53:12,364 - basepage.py - [line:103] - INFO - 鼠标光标移动至navBar_item_计算_content_云服务器元素并点击
2021-10-20 19:53:12,611 - basepage.py - [line:85] - INFO - 点击了//*[@id="tab-vmlist"]元素
2021-10-20 19:53:22,322 - basepage.py - [line:152] - INFO - 键盘输入后清理
2021-10-20 19:53:23,454 - basepage.py - [line:116] - INFO - 元素文本信息为请输入速率
2021-10-20 19:53:34,460 - basepage.py - [line:97] - INFO - 鼠标光标移动至navBar_item_计算_content元素
2021-10-20 19:53:34,903 - basepage.py - [line:103] - INFO - 鼠标光标移动至navBar_item_计算_content_云服务器元素并点击
2021-10-20 19:53:35,154 - basepage.py - [line:85] - INFO - 点击了//*[@id="tab-vmlist"]元素
2021-10-20 19:54:45,938 - basepage.py - [line:97] - INFO - 鼠标光标移动至navBar_item_计算_content元素
2021-10-20 19:54:46,389 - basepage.py - [line:103] - INFO - 鼠标光标移动至navBar_item_计算_content_云服务器元素并点击
2021-10-20 19:54:46,671 - basepage.py - [line:85] - INFO - 点击了//*[@id="tab-vmlist"]元素
2021-10-20 19:54:56,311 - basepage.py - [line:152] - INFO - 键盘输入后清理
2021-10-20 19:55:14,247 - basepage.py - [line:97] - INFO - 鼠标光标移动至navBar_item_计算_content元素
2021-10-20 19:55:14,635 - basepage.py - [line:103] - INFO - 鼠标光标移动至navBar_item_计算_content_云服务器元素并点击
2021-10-20 19:55:15,352 - basepage.py - [line:85] - INFO - 点击了//*[@id="tab-vmlist"]元素
2021-10-20 19:55:25,454 - basepage.py - [line:152] - INFO - 键盘输入后清理
2021-10-20 19:55:37,989 - basepage.py - [line:97] - INFO - 鼠标光标移动至navBar_item_计算_content元素
2021-10-20 19:55:38,376 - basepage.py - [line:103] - INFO - 鼠标光标移动至navBar_item_计算_content_云服务器元素并点击
2021-10-20 19:55:38,611 - basepage.py - [line:85] - INFO - 点击了//*[@id="tab-vmlist"]元素
2021-10-20 19:55:48,637 - basepage.py - [line:152] - INFO - 键盘输入后清理
2021-10-20 19:55:50,434 - basepage.py - [line:152] - INFO - 键盘输入后清理
2021-10-20 19:56:03,543 - basepage.py - [line:97] - INFO - 鼠标光标移动至navBar_item_计算_content元素
2021-10-20 19:56:03,966 - basepage.py - [line:103] - INFO - 鼠标光标移动至navBar_item_计算_content_云服务器元素并点击
2021-10-20 19:56:04,217 - basepage.py - [line:85] - INFO - 点击了//*[@id="tab-vmlist"]元素
2021-10-20 19:56:13,525 - basepage.py - [line:130] - INFO - 元素文本信息为0
2021-10-20 19:56:27,673 - basepage.py - [line:97] - INFO - 鼠标光标移动至navBar_item_计算_content元素
2021-10-20 19:56:28,114 - basepage.py - [line:103] - INFO - 鼠标光标移动至navBar_item_计算_content_云服务器元素并点击
2021-10-20 19:56:29,156 - basepage.py - [line:85] - INFO - 点击了//*[@id="tab-vmlist"]元素
2021-10-20 19:56:38,648 - basepage.py - [line:152] - INFO - 键盘输入后清理
2021-10-20 19:56:39,788 - basepage.py - [line:116] - INFO - 元素文本信息为请输入速率
2021-10-20 19:56:59,558 - basepage.py - [line:97] - INFO - 鼠标光标移动至navBar_item_计算_content元素
2021-10-20 19:56:59,975 - basepage.py - [line:103] - INFO - 鼠标光标移动至navBar_item_计算_content_云服务器元素并点击
2021-10-20 19:57:00,235 - basepage.py - [line:85] - INFO - 点击了//*[@id="tab-vmlist"]元素
2021-10-20 19:57:09,792 - basepage.py - [line:152] - INFO - 键盘输入后清理
2021-10-20 19:57:11,643 - basepage.py - [line:152] - INFO - 键盘输入后清理
2021-10-20 19:57:21,431 - basepage.py - [line:97] - INFO - 鼠标光标移动至navBar_item_计算_content元素
2021-10-20 19:57:21,942 - basepage.py - [line:103] - INFO - 鼠标光标移动至navBar_item_计算_content_云服务器元素并点击
2021-10-20 19:57:23,153 - basepage.py - [line:85] - INFO - 点击了//*[@id="tab-vmlist"]元素
2021-10-20 19:57:32,657 - basepage.py - [line:152] - INFO - 键盘输入后清理
2021-10-20 19:59:12,738 - basepage.py - [line:97] - INFO - 鼠标光标移动至navBar_item_计算_content元素
2021-10-20 19:59:13,191 - basepage.py - [line:103] - INFO - 鼠标光标移动至navBar_item_计算_content_云服务器元素并点击
2021-10-20 19:59:13,439 - basepage.py - [line:85] - INFO - 点击了//*[@id="tab-vmlist"]元素
2021-10-20 19:59:22,813 - basepage.py - [line:130] - INFO - 元素文本信息为0
2021-10-20 19:59:31,380 - basepage.py - [line:97] - INFO - 鼠标光标移动至navBar_item_计算_content元素
2021-10-20 19:59:31,838 - basepage.py - [line:103] - INFO - 鼠标光标移动至navBar_item_计算_content_云服务器元素并点击
2021-10-20 19:59:33,142 - basepage.py - [line:85] - INFO - 点击了//*[@id="tab-vmlist"]元素
2021-10-20 19:59:42,665 - basepage.py - [line:152] - INFO - 键盘输入后清理
2021-10-20 19:59:43,781 - basepage.py - [line:116] - INFO - 元素文本信息为请输入速率
2021-10-20 19:59:52,886 - basepage.py - [line:97] - INFO - 鼠标光标移动至navBar_item_计算_content元素
2021-10-20 19:59:53,304 - basepage.py - [line:103] - INFO - 鼠标光标移动至navBar_item_计算_content_云服务器元素并点击
2021-10-20 19:59:53,580 - basepage.py - [line:85] - INFO - 点击了//*[@id="tab-vmlist"]元素
2021-10-20 20:00:03,107 - basepage.py - [line:152] - INFO - 键盘输入后清理
2021-10-20 20:00:17,254 - basepage.py - [line:97] - INFO - 鼠标光标移动至navBar_item_计算_content元素
2021-10-20 20:00:17,658 - basepage.py - [line:103] - INFO - 鼠标光标移动至navBar_item_计算_content_云服务器元素并点击
2021-10-20 20:00:17,907 - basepage.py - [line:85] - INFO - 点击了//*[@id="tab-vmlist"]元素
2021-10-20 20:00:27,430 - basepage.py - [line:152] - INFO - 键盘输入后清理
2021-10-20 20:00:48,608 - basepage.py - [line:97] - INFO - 鼠标光标移动至navBar_item_计算_content元素
2021-10-20 20:00:49,015 - basepage.py - [line:103] - INFO - 鼠标光标移动至navBar_item_计算_content_云服务器元素并点击
2021-10-20 20:00:49,434 - basepage.py - [line:85] - INFO - 点击了//*[@id="tab-vmlist"]元素
2021-10-20 20:00:59,298 - basepage.py - [line:152] - INFO - 键盘输入后清理
2021-10-20 20:01:01,101 - basepage.py - [line:152] - INFO - 键盘输入后清理
2021-10-20 20:01:12,872 - basepage.py - [line:97] - INFO - 鼠标光标移动至navBar_item_计算_content元素
2021-10-20 20:01:13,268 - basepage.py - [line:103] - INFO - 鼠标光标移动至navBar_item_计算_content_云服务器元素并点击
2021-10-20 20:01:13,513 - basepage.py - [line:85] - INFO - 点击了//*[@id="tab-vmlist"]元素
2021-10-20 20:01:22,897 - basepage.py - [line:130] - INFO - 元素文本信息为0
2021-10-20 20:01:32,913 - basepage.py - [line:97] - INFO - 鼠标光标移动至navBar_item_计算_content元素
2021-10-20 20:01:33,303 - basepage.py - [line:103] - INFO - 鼠标光标移动至navBar_item_计算_content_云服务器元素并点击
2021-10-20 20:01:34,007 - basepage.py - [line:85] - INFO - 点击了//*[@id="tab-vmlist"]元素
2021-10-20 20:01:58,590 - basepage.py - [line:97] - INFO - 鼠标光标移动至navBar_item_计算_content元素
2021-10-20 20:01:59,008 - basepage.py - [line:103] - INFO - 鼠标光标移动至navBar_item_计算_content_云服务器元素并点击
2021-10-20 20:01:59,235 - basepage.py - [line:85] - INFO - 点击了//*[@id="tab-vmlist"]元素
2021-10-20 20:02:08,772 - basepage.py - [line:152] - INFO - 键盘输入后清理
2021-10-20 20:02:09,913 - basepage.py - [line:116] - INFO - 元素文本信息为请输入速率
2021-10-20 20:02:20,775 - basepage.py - [line:97] - INFO - 鼠标光标移动至navBar_item_计算_content元素
2021-10-20 20:02:21,196 - basepage.py - [line:103] - INFO - 鼠标光标移动至navBar_item_计算_content_云服务器元素并点击
2021-10-20 20:02:21,440 - basepage.py - [line:85] - INFO - 点击了//*[@id="tab-vmlist"]元素
2021-10-20 20:02:31,353 - basepage.py - [line:152] - INFO - 键盘输入后清理
2021-10-20 20:02:32,668 - basepage.py - [line:152] - INFO - 键盘输入后清理
2021-10-20 20:02:42,739 - basepage.py - [line:97] - INFO - 鼠标光标移动至navBar_item_计算_content元素
2021-10-20 20:02:43,196 - basepage.py - [line:103] - INFO - 鼠标光标移动至navBar_item_计算_content_云服务器元素并点击
2021-10-20 20:02:43,442 - basepage.py - [line:85] - INFO - 点击了//*[@id="tab-vmlist"]元素
2021-10-20 20:02:52,994 - basepage.py - [line:152] - INFO - 键盘输入后清理
2021-10-20 20:03:05,464 - basepage.py - [line:97] - INFO - 鼠标光标移动至navBar_item_计算_content元素
2021-10-20 20:03:05,822 - basepage.py - [line:103] - INFO - 鼠标光标移动至navBar_item_计算_content_云服务器元素并点击
2021-10-20 20:03:06,063 - basepage.py - [line:85] - INFO - 点击了//*[@id="tab-vmlist"]元素
2021-10-20 20:03:16,065 - basepage.py - [line:152] - INFO - 键盘输入后清理
2021-10-20 20:03:17,341 - basepage.py - [line:152] - INFO - 键盘输入后清理
2021-10-20 20:03:34,538 - basepage.py - [line:97] - INFO - 鼠标光标移动至navBar_item_计算_content元素
2021-10-20 20:03:34,948 - basepage.py - [line:103] - INFO - 鼠标光标移动至navBar_item_计算_content_云服务器元素并点击
2021-10-20 20:03:35,202 - basepage.py - [line:85] - INFO - 点击了//*[@id="tab-vmlist"]元素
2021-10-20 20:05:25,707 - basepage.py - [line:97] - INFO - 鼠标光标移动至navBar_item_计算_content元素
2021-10-20 20:05:26,091 - basepage.py - [line:103] - INFO - 鼠标光标移动至navBar_item_计算_content_云服务器元素并点击
2021-10-20 20:05:26,354 - basepage.py - [line:85] - INFO - 点击了//*[@id="tab-vmlist"]元素
2021-10-20 20:05:36,338 - basepage.py - [line:130] - INFO - 元素文本信息为0
2021-10-20 20:05:53,029 - basepage.py - [line:97] - INFO - 鼠标光标移动至navBar_item_计算_content元素
2021-10-20 20:05:53,481 - basepage.py - [line:103] - INFO - 鼠标光标移动至navBar_item_计算_content_云服务器元素并点击
2021-10-20 20:05:53,732 - basepage.py - [line:85] - INFO - 点击了//*[@id="tab-vmlist"]元素
2021-10-20 20:06:03,299 - basepage.py - [line:152] - INFO - 键盘输入后清理
2021-10-20 20:06:04,419 - basepage.py - [line:116] - INFO - 元素文本信息为请输入突发值
2021-10-20 20:06:19,357 - basepage.py - [line:97] - INFO - 鼠标光标移动至navBar_item_计算_content元素
2021-10-20 20:06:19,726 - basepage.py - [line:103] - INFO - 鼠标光标移动至navBar_item_计算_content_云服务器元素并点击
2021-10-20 20:06:20,444 - basepage.py - [line:85] - INFO - 点击了//*[@id="tab-vmlist"]元素
2021-10-20 20:06:30,648 - basepage.py - [line:152] - INFO - 键盘输入后清理
2021-10-20 20:06:32,468 - basepage.py - [line:152] - INFO - 键盘输入后清理
2021-10-20 20:06:59,036 - basepage.py - [line:97] - INFO - 鼠标光标移动至navBar_item_计算_content元素
2021-10-20 20:06:59,426 - basepage.py - [line:103] - INFO - 鼠标光标移动至navBar_item_计算_content_云服务器元素并点击
2021-10-20 20:06:59,673 - basepage.py - [line:85] - INFO - 点击了//*[@id="tab-vmlist"]元素
2021-10-20 20:07:09,207 - basepage.py - [line:152] - INFO - 键盘输入后清理
2021-10-20 20:07:11,050 - basepage.py - [line:152] - INFO - 键盘输入后清理
2021-10-20 20:08:38,772 - basepage.py - [line:97] - INFO - 鼠标光标移动至navBar_item_计算_content元素
2021-10-20 20:08:39,167 - basepage.py - [line:103] - INFO - 鼠标光标移动至navBar_item_计算_content_云服务器元素并点击
2021-10-20 20:08:39,410 - basepage.py - [line:85] - INFO - 点击了//*[@id="tab-vmlist"]元素
2021-10-20 20:08:49,497 - basepage.py - [line:152] - INFO - 键盘输入后清理
2021-10-20 20:09:05,854 - basepage.py - [line:97] - INFO - 鼠标光标移动至navBar_item_计算_content元素
2021-10-20 20:09:06,303 - basepage.py - [line:103] - INFO - 鼠标光标移动至navBar_item_计算_content_云服务器元素并点击
2021-10-20 20:09:06,545 - basepage.py - [line:85] - INFO - 点击了//*[@id="tab-vmlist"]元素
2021-10-20 20:09:16,122 - basepage.py - [line:152] - INFO - 键盘输入后清理
2021-10-20 20:09:36,240 - basepage.py - [line:97] - INFO - 鼠标光标移动至navBar_item_计算_content元素
2021-10-20 20:09:36,650 - basepage.py - [line:103] - INFO - 鼠标光标移动至navBar_item_计算_content_云服务器元素并点击
2021-10-20 20:09:36,929 - basepage.py - [line:85] - INFO - 点击了//*[@id="tab-vmlist"]元素
2021-10-20 20:09:46,573 - basepage.py - [line:152] - INFO - 键盘输入后清理
2021-10-20 20:09:48,368 - basepage.py - [line:152] - INFO - 键盘输入后清理
2021-10-20 20:13:47,182 - basepage.py - [line:97] - INFO - 鼠标光标移动至navBar_item_计算_content元素
2021-10-20 20:13:47,665 - basepage.py - [line:103] - INFO - 鼠标光标移动至navBar_item_计算_content_云服务器元素并点击
2021-10-20 20:13:47,950 - basepage.py - [line:85] - INFO - 点击了//*[@id="tab-vmlist"]元素
2021-10-20 20:13:57,534 - basepage.py - [line:152] - INFO - 键盘输入后清理
2021-10-20 20:13:59,361 - basepage.py - [line:152] - INFO - 键盘输入后清理
2021-10-20 20:14:14,842 - basepage.py - [line:97] - INFO - 鼠标光标移动至navBar_item_计算_content元素
2021-10-20 20:14:15,265 - basepage.py - [line:103] - INFO - 鼠标光标移动至navBar_item_计算_content_云服务器元素并点击
2021-10-20 20:14:15,504 - basepage.py - [line:85] - INFO - 点击了//*[@id="tab-vmlist"]元素
2021-10-20 20:14:25,089 - basepage.py - [line:152] - INFO - 键盘输入后清理
2021-10-20 20:14:26,901 - basepage.py - [line:152] - INFO - 键盘输入后清理
