2021-10-22 10:50:54,673 - basepage.py - [line:97] - INFO - 鼠标光标移动至navBar_item_计算_content元素
2021-10-22 10:50:55,031 - basepage.py - [line:103] - INFO - 鼠标光标移动至navBar_item_计算_content_云服务器元素并点击
2021-10-22 10:50:55,636 - basepage.py - [line:85] - INFO - 点击了//*[@id="tab-vmlist"]元素
2021-10-22 10:51:04,969 - basepage.py - [line:152] - INFO - 键盘输入后清理
2021-10-22 10:51:06,157 - basepage.py - [line:152] - INFO - 键盘输入后清理
2021-10-22 10:51:32,977 - basepage.py - [line:97] - INFO - 鼠标光标移动至navBar_item_计算_content元素
2021-10-22 10:51:33,345 - basepage.py - [line:103] - INFO - 鼠标光标移动至navBar_item_计算_content_云服务器元素并点击
2021-10-22 10:51:33,544 - basepage.py - [line:85] - INFO - 点击了//*[@id="tab-vmlist"]元素
2021-10-22 10:51:42,921 - basepage.py - [line:152] - INFO - 键盘输入后清理
2021-10-22 10:51:44,629 - basepage.py - [line:152] - INFO - 键盘输入后清理
2021-10-22 10:51:56,964 - basepage.py - [line:97] - INFO - 鼠标光标移动至navBar_item_计算_content元素
2021-10-22 10:51:57,369 - basepage.py - [line:103] - INFO - 鼠标光标移动至navBar_item_计算_content_云服务器元素并点击
2021-10-22 10:51:58,039 - basepage.py - [line:85] - INFO - 点击了//*[@id="tab-vmlist"]元素
2021-10-22 10:52:19,949 - basepage.py - [line:97] - INFO - 鼠标光标移动至navBar_item_计算_content元素
2021-10-22 10:52:20,335 - basepage.py - [line:103] - INFO - 鼠标光标移动至navBar_item_计算_content_云服务器元素并点击
2021-10-22 10:52:20,915 - basepage.py - [line:85] - INFO - 点击了//*[@id="tab-vmlist"]元素
2021-10-22 10:52:30,112 - basepage.py - [line:116] - INFO - 元素文本信息为请选择仓库地址
2021-10-22 10:52:30,139 - basepage.py - [line:116] - INFO - 元素文本信息为请选择光驱
2021-10-22 10:53:07,326 - basepage.py - [line:97] - INFO - 鼠标光标移动至navBar_item_计算_content元素
2021-10-22 10:53:07,796 - basepage.py - [line:103] - INFO - 鼠标光标移动至navBar_item_计算_content_云服务器元素并点击
2021-10-22 10:53:08,487 - basepage.py - [line:85] - INFO - 点击了//*[@id="tab-vmlist"]元素
2021-10-22 10:53:22,962 - basepage.py - [line:130] - INFO - 元素文本信息为lakers
2021-10-22 10:53:22,983 - basepage.py - [line:130] - INFO - 元素文本信息为lakers
2021-10-22 10:54:04,841 - basepage.py - [line:97] - INFO - 鼠标光标移动至navBar_item_计算_content元素
2021-10-22 10:54:05,202 - basepage.py - [line:103] - INFO - 鼠标光标移动至navBar_item_计算_content_云服务器元素并点击
2021-10-22 10:54:05,878 - basepage.py - [line:85] - INFO - 点击了//*[@id="tab-vmlist"]元素
2021-10-22 10:54:20,398 - basepage.py - [line:130] - INFO - 元素文本信息为lakers
2021-10-22 10:54:20,416 - basepage.py - [line:130] - INFO - 元素文本信息为lakers
2021-10-22 10:56:18,102 - basepage.py - [line:97] - INFO - 鼠标光标移动至navBar_item_计算_content元素
2021-10-22 10:56:18,465 - basepage.py - [line:103] - INFO - 鼠标光标移动至navBar_item_计算_content_云服务器元素并点击
2021-10-22 10:56:19,138 - basepage.py - [line:85] - INFO - 点击了//*[@id="tab-vmlist"]元素
2021-10-22 10:56:33,657 - basepage.py - [line:130] - INFO - 元素文本信息为lakers
2021-10-22 10:56:33,677 - basepage.py - [line:130] - INFO - 元素文本信息为cn_windows_7_enterprise_x64_dvd_x15-70741.iso
2021-10-22 10:57:58,672 - basepage.py - [line:97] - INFO - 鼠标光标移动至navBar_item_计算_content元素
2021-10-22 10:57:59,071 - basepage.py - [line:103] - INFO - 鼠标光标移动至navBar_item_计算_content_云服务器元素并点击
2021-10-22 10:57:59,752 - basepage.py - [line:85] - INFO - 点击了//*[@id="tab-vmlist"]元素
2021-10-22 10:58:14,270 - basepage.py - [line:130] - INFO - 元素文本信息为lakers
2021-10-22 10:58:14,291 - basepage.py - [line:130] - INFO - 元素文本信息为cn_windows_7_enterprise_x64_dvd_x15-70741.iso
2021-10-22 10:58:34,436 - basepage.py - [line:97] - INFO - 鼠标光标移动至navBar_item_计算_content元素
2021-10-22 10:58:35,309 - basepage.py - [line:103] - INFO - 鼠标光标移动至navBar_item_计算_content_云服务器元素并点击
2021-10-22 10:58:35,885 - basepage.py - [line:85] - INFO - 点击了//*[@id="tab-vmlist"]元素
2021-10-22 10:58:50,347 - basepage.py - [line:130] - INFO - 元素文本信息为lakers
2021-10-22 10:58:50,367 - basepage.py - [line:130] - INFO - 元素文本信息为cn_windows_7_enterprise_x64_dvd_x15-70741.iso
2021-10-22 10:59:37,424 - basepage.py - [line:97] - INFO - 鼠标光标移动至navBar_item_计算_content元素
2021-10-22 10:59:37,875 - basepage.py - [line:103] - INFO - 鼠标光标移动至navBar_item_计算_content_云服务器元素并点击
2021-10-22 10:59:38,600 - basepage.py - [line:85] - INFO - 点击了//*[@id="tab-vmlist"]元素
2021-10-22 10:59:47,752 - basepage.py - [line:116] - INFO - 元素文本信息为请选择仓库地址
2021-10-22 10:59:47,775 - basepage.py - [line:116] - INFO - 元素文本信息为请选择光驱
2021-10-22 11:01:13,029 - basepage.py - [line:97] - INFO - 鼠标光标移动至navBar_item_计算_content元素
2021-10-22 11:01:13,394 - basepage.py - [line:103] - INFO - 鼠标光标移动至navBar_item_计算_content_云服务器元素并点击
2021-10-22 11:01:14,055 - basepage.py - [line:85] - INFO - 点击了//*[@id="tab-vmlist"]元素
2021-10-22 11:01:23,439 - basepage.py - [line:116] - INFO - 元素文本信息为请选择仓库地址
2021-10-22 11:01:23,460 - basepage.py - [line:116] - INFO - 元素文本信息为请选择软驱
2021-10-22 11:02:20,697 - basepage.py - [line:97] - INFO - 鼠标光标移动至navBar_item_计算_content元素
2021-10-22 11:02:21,114 - basepage.py - [line:103] - INFO - 鼠标光标移动至navBar_item_计算_content_云服务器元素并点击
2021-10-22 11:02:21,302 - basepage.py - [line:85] - INFO - 点击了//*[@id="tab-vmlist"]元素
2021-10-22 11:03:20,618 - basepage.py - [line:97] - INFO - 鼠标光标移动至navBar_item_计算_content元素
2021-10-22 11:03:21,050 - basepage.py - [line:103] - INFO - 鼠标光标移动至navBar_item_计算_content_云服务器元素并点击
2021-10-22 11:03:21,235 - basepage.py - [line:85] - INFO - 点击了//*[@id="tab-vmlist"]元素
2021-10-22 11:03:36,051 - basepage.py - [line:130] - INFO - 元素文本信息为lakers
2021-10-22 11:03:36,072 - basepage.py - [line:130] - INFO - 元素文本信息为lakers
2021-10-22 11:06:35,508 - basepage.py - [line:97] - INFO - 鼠标光标移动至navBar_item_计算_content元素
2021-10-22 11:06:35,868 - basepage.py - [line:103] - INFO - 鼠标光标移动至navBar_item_计算_content_云服务器元素并点击
2021-10-22 11:06:36,039 - basepage.py - [line:85] - INFO - 点击了//*[@id="tab-vmlist"]元素
2021-10-22 11:06:50,591 - basepage.py - [line:130] - INFO - 元素文本信息为lakers
2021-10-22 11:06:50,608 - basepage.py - [line:130] - INFO - 元素文本信息为lakers
2021-10-22 11:07:52,627 - basepage.py - [line:97] - INFO - 鼠标光标移动至navBar_item_计算_content元素
2021-10-22 11:07:53,016 - basepage.py - [line:103] - INFO - 鼠标光标移动至navBar_item_计算_content_云服务器元素并点击
2021-10-22 11:07:53,700 - basepage.py - [line:85] - INFO - 点击了//*[@id="tab-vmlist"]元素
2021-10-22 11:08:08,547 - basepage.py - [line:130] - INFO - 元素文本信息为lakers
2021-10-22 11:08:08,566 - basepage.py - [line:130] - INFO - 元素文本信息为lakers
2021-10-22 11:17:58,126 - basepage.py - [line:97] - INFO - 鼠标光标移动至navBar_item_计算_content元素
2021-10-22 11:17:58,573 - basepage.py - [line:103] - INFO - 鼠标光标移动至navBar_item_计算_content_云服务器元素并点击
2021-10-22 11:17:58,795 - basepage.py - [line:85] - INFO - 点击了//*[@id="tab-vmlist"]元素
2021-10-22 11:18:14,380 - basepage.py - [line:130] - INFO - 元素文本信息为lakers
2021-10-22 11:18:14,412 - basepage.py - [line:130] - INFO - 元素文本信息为lakers
2021-10-22 11:19:08,938 - basepage.py - [line:97] - INFO - 鼠标光标移动至navBar_item_计算_content元素
2021-10-22 11:19:09,333 - basepage.py - [line:103] - INFO - 鼠标光标移动至navBar_item_计算_content_云服务器元素并点击
2021-10-22 11:19:09,577 - basepage.py - [line:85] - INFO - 点击了//*[@id="tab-vmlist"]元素
2021-10-22 11:19:24,796 - basepage.py - [line:130] - INFO - 元素文本信息为lakers
2021-10-22 11:19:24,839 - basepage.py - [line:130] - INFO - 元素文本信息为lakers
2021-10-22 11:19:54,601 - basepage.py - [line:97] - INFO - 鼠标光标移动至navBar_item_计算_content元素
2021-10-22 11:19:55,018 - basepage.py - [line:103] - INFO - 鼠标光标移动至navBar_item_计算_content_云服务器元素并点击
2021-10-22 11:19:55,735 - basepage.py - [line:85] - INFO - 点击了//*[@id="tab-vmlist"]元素
2021-10-22 11:20:10,889 - basepage.py - [line:130] - INFO - 元素文本信息为lakers
2021-10-22 11:20:10,922 - basepage.py - [line:130] - INFO - 元素文本信息为virtio-win-0.1.141_amd64.vfd
2021-10-22 11:20:34,435 - basepage.py - [line:97] - INFO - 鼠标光标移动至navBar_item_计算_content元素
2021-10-22 11:20:34,868 - basepage.py - [line:103] - INFO - 鼠标光标移动至navBar_item_计算_content_云服务器元素并点击
2021-10-22 11:20:35,614 - basepage.py - [line:85] - INFO - 点击了//*[@id="tab-vmlist"]元素
2021-10-22 11:20:50,740 - basepage.py - [line:130] - INFO - 元素文本信息为lakers
2021-10-22 11:20:50,775 - basepage.py - [line:130] - INFO - 元素文本信息为virtio-win-0.1.141_amd64.vfd
2021-10-22 11:49:07,052 - basepage.py - [line:97] - INFO - 鼠标光标移动至navBar_item_计算_content元素
2021-10-22 11:49:07,515 - basepage.py - [line:103] - INFO - 鼠标光标移动至navBar_item_计算_content_云服务器元素并点击
2021-10-22 11:49:07,763 - basepage.py - [line:85] - INFO - 点击了//*[@id="tab-vmlist"]元素
2021-10-22 11:49:17,189 - basepage.py - [line:116] - INFO - 元素文本信息为0
2021-10-22 11:51:01,251 - basepage.py - [line:97] - INFO - 鼠标光标移动至navBar_item_计算_content元素
2021-10-22 11:51:01,695 - basepage.py - [line:103] - INFO - 鼠标光标移动至navBar_item_计算_content_云服务器元素并点击
2021-10-22 11:51:02,006 - basepage.py - [line:85] - INFO - 点击了//*[@id="tab-vmlist"]元素
2021-10-22 11:51:11,403 - basepage.py - [line:116] - INFO - 元素文本信息为0
2021-10-22 11:51:36,406 - basepage.py - [line:97] - INFO - 鼠标光标移动至navBar_item_计算_content元素
2021-10-22 11:51:36,855 - basepage.py - [line:103] - INFO - 鼠标光标移动至navBar_item_计算_content_云服务器元素并点击
2021-10-22 11:51:37,916 - basepage.py - [line:85] - INFO - 点击了//*[@id="tab-vmlist"]元素
2021-10-22 11:51:47,365 - basepage.py - [line:116] - INFO - 元素文本信息为0
2021-10-22 11:54:01,525 - basepage.py - [line:97] - INFO - 鼠标光标移动至navBar_item_计算_content元素
2021-10-22 11:54:01,969 - basepage.py - [line:103] - INFO - 鼠标光标移动至navBar_item_计算_content_云服务器元素并点击
2021-10-22 11:54:02,204 - basepage.py - [line:85] - INFO - 点击了//*[@id="tab-vmlist"]元素
2021-10-22 11:54:12,808 - basepage.py - [line:116] - INFO - 元素文本信息为0
2021-10-22 11:54:57,625 - basepage.py - [line:97] - INFO - 鼠标光标移动至navBar_item_计算_content元素
2021-10-22 11:54:58,074 - basepage.py - [line:103] - INFO - 鼠标光标移动至navBar_item_计算_content_云服务器元素并点击
2021-10-22 11:54:58,798 - basepage.py - [line:85] - INFO - 点击了//*[@id="tab-vmlist"]元素
2021-10-22 11:55:09,333 - basepage.py - [line:116] - INFO - 元素文本信息为0
2021-10-22 12:24:18,442 - basepage.py - [line:97] - INFO - 鼠标光标移动至navBar_item_计算_content元素
2021-10-22 12:24:18,933 - basepage.py - [line:103] - INFO - 鼠标光标移动至navBar_item_计算_content_云服务器元素并点击
2021-10-22 12:24:19,654 - basepage.py - [line:85] - INFO - 点击了//*[@id="tab-vmlist"]元素
2021-10-22 12:24:29,295 - basepage.py - [line:116] - INFO - 元素文本信息为-1
2021-10-22 12:33:45,016 - basepage.py - [line:97] - INFO - 鼠标光标移动至navBar_item_计算_content元素
2021-10-22 12:33:45,493 - basepage.py - [line:103] - INFO - 鼠标光标移动至navBar_item_计算_content_云服务器元素并点击
2021-10-22 12:33:46,243 - basepage.py - [line:85] - INFO - 点击了//*[@id="tab-vmlist"]元素
2021-10-22 12:34:54,627 - basepage.py - [line:97] - INFO - 鼠标光标移动至navBar_item_计算_content元素
2021-10-22 12:34:55,092 - basepage.py - [line:103] - INFO - 鼠标光标移动至navBar_item_计算_content_云服务器元素并点击
2021-10-22 12:34:55,847 - basepage.py - [line:85] - INFO - 点击了//*[@id="tab-vmlist"]元素
2021-10-22 12:35:34,202 - basepage.py - [line:97] - INFO - 鼠标光标移动至navBar_item_计算_content元素
2021-10-22 12:35:34,601 - basepage.py - [line:103] - INFO - 鼠标光标移动至navBar_item_计算_content_云服务器元素并点击
2021-10-22 12:35:35,333 - basepage.py - [line:85] - INFO - 点击了//*[@id="tab-vmlist"]元素
2021-10-22 12:36:44,059 - basepage.py - [line:97] - INFO - 鼠标光标移动至navBar_item_计算_content元素
2021-10-22 12:36:44,475 - basepage.py - [line:103] - INFO - 鼠标光标移动至navBar_item_计算_content_云服务器元素并点击
2021-10-22 12:36:44,741 - basepage.py - [line:85] - INFO - 点击了//*[@id="tab-vmlist"]元素
2021-10-22 12:37:41,272 - basepage.py - [line:97] - INFO - 鼠标光标移动至navBar_item_计算_content元素
2021-10-22 12:37:41,697 - basepage.py - [line:103] - INFO - 鼠标光标移动至navBar_item_计算_content_云服务器元素并点击
2021-10-22 12:37:41,968 - basepage.py - [line:85] - INFO - 点击了//*[@id="tab-vmlist"]元素
2021-10-22 12:38:23,681 - basepage.py - [line:97] - INFO - 鼠标光标移动至navBar_item_计算_content元素
2021-10-22 12:38:24,181 - basepage.py - [line:103] - INFO - 鼠标光标移动至navBar_item_计算_content_云服务器元素并点击
2021-10-22 12:38:25,550 - basepage.py - [line:85] - INFO - 点击了//*[@id="tab-vmlist"]元素
2021-10-22 13:42:06,860 - basepage.py - [line:97] - INFO - 鼠标光标移动至navBar_item_计算_content元素
2021-10-22 13:42:07,232 - basepage.py - [line:103] - INFO - 鼠标光标移动至navBar_item_计算_content_云服务器元素并点击
2021-10-22 13:42:07,480 - basepage.py - [line:85] - INFO - 点击了//*[@id="tab-vmlist"]元素
2021-10-22 13:42:18,064 - basepage.py - [line:116] - INFO - 元素文本信息为-1
2021-10-22 13:42:47,366 - basepage.py - [line:97] - INFO - 鼠标光标移动至navBar_item_计算_content元素
2021-10-22 13:42:47,743 - basepage.py - [line:103] - INFO - 鼠标光标移动至navBar_item_计算_content_云服务器元素并点击
2021-10-22 13:42:48,460 - basepage.py - [line:85] - INFO - 点击了//*[@id="tab-vmlist"]元素
2021-10-22 13:42:58,913 - basepage.py - [line:116] - INFO - 元素文本信息为0
2021-10-22 13:43:28,745 - basepage.py - [line:97] - INFO - 鼠标光标移动至navBar_item_计算_content元素
2021-10-22 13:43:29,172 - basepage.py - [line:103] - INFO - 鼠标光标移动至navBar_item_计算_content_云服务器元素并点击
2021-10-22 13:43:29,878 - basepage.py - [line:85] - INFO - 点击了//*[@id="tab-vmlist"]元素
2021-10-22 13:43:40,372 - basepage.py - [line:116] - INFO - 元素文本信息为0
2021-10-22 13:46:08,431 - basepage.py - [line:97] - INFO - 鼠标光标移动至navBar_item_计算_content元素
2021-10-22 13:46:08,801 - basepage.py - [line:103] - INFO - 鼠标光标移动至navBar_item_计算_content_云服务器元素并点击
2021-10-22 13:46:09,028 - basepage.py - [line:85] - INFO - 点击了//*[@id="tab-vmlist"]元素
2021-10-22 13:47:40,959 - basepage.py - [line:97] - INFO - 鼠标光标移动至navBar_item_计算_content元素
2021-10-22 13:47:41,364 - basepage.py - [line:103] - INFO - 鼠标光标移动至navBar_item_计算_content_云服务器元素并点击
2021-10-22 13:47:41,986 - basepage.py - [line:85] - INFO - 点击了//*[@id="tab-vmlist"]元素
2021-10-22 13:47:51,286 - basepage.py - [line:116] - INFO - 元素文本信息为0
2021-10-22 13:48:39,066 - basepage.py - [line:97] - INFO - 鼠标光标移动至navBar_item_计算_content元素
2021-10-22 13:48:39,467 - basepage.py - [line:103] - INFO - 鼠标光标移动至navBar_item_计算_content_云服务器元素并点击
2021-10-22 13:48:40,193 - basepage.py - [line:85] - INFO - 点击了//*[@id="tab-vmlist"]元素
2021-10-22 13:48:49,526 - basepage.py - [line:116] - INFO - 元素文本信息为0
2021-10-22 13:51:19,961 - basepage.py - [line:97] - INFO - 鼠标光标移动至navBar_item_计算_content元素
2021-10-22 13:51:20,537 - basepage.py - [line:103] - INFO - 鼠标光标移动至navBar_item_计算_content_云服务器元素并点击
2021-10-22 13:51:20,739 - basepage.py - [line:85] - INFO - 点击了//*[@id="tab-vmlist"]元素
2021-10-22 13:51:31,071 - basepage.py - [line:116] - INFO - 元素文本信息为0
2021-10-22 13:53:38,568 - basepage.py - [line:97] - INFO - 鼠标光标移动至navBar_item_计算_content元素
2021-10-22 13:53:39,056 - basepage.py - [line:103] - INFO - 鼠标光标移动至navBar_item_计算_content_云服务器元素并点击
2021-10-22 13:53:39,491 - basepage.py - [line:85] - INFO - 点击了//*[@id="tab-vmlist"]元素
2021-10-22 13:53:50,022 - basepage.py - [line:116] - INFO - 元素文本信息为0
2021-10-22 13:54:33,281 - basepage.py - [line:97] - INFO - 鼠标光标移动至navBar_item_计算_content元素
2021-10-22 13:54:33,663 - basepage.py - [line:103] - INFO - 鼠标光标移动至navBar_item_计算_content_云服务器元素并点击
2021-10-22 13:54:34,416 - basepage.py - [line:85] - INFO - 点击了//*[@id="tab-vmlist"]元素
2021-10-22 13:54:45,233 - basepage.py - [line:116] - INFO - 元素文本信息为0
2021-10-22 13:55:17,701 - basepage.py - [line:97] - INFO - 鼠标光标移动至navBar_item_计算_content元素
2021-10-22 13:55:18,214 - basepage.py - [line:103] - INFO - 鼠标光标移动至navBar_item_计算_content_云服务器元素并点击
2021-10-22 13:55:18,773 - basepage.py - [line:85] - INFO - 点击了//*[@id="tab-vmlist"]元素
2021-10-22 13:55:28,195 - basepage.py - [line:116] - INFO - 元素文本信息为0
2021-10-22 13:56:47,961 - basepage.py - [line:97] - INFO - 鼠标光标移动至navBar_item_计算_content元素
2021-10-22 13:56:48,383 - basepage.py - [line:103] - INFO - 鼠标光标移动至navBar_item_计算_content_云服务器元素并点击
2021-10-22 13:56:49,093 - basepage.py - [line:85] - INFO - 点击了//*[@id="tab-vmlist"]元素
2021-10-22 13:56:59,870 - basepage.py - [line:116] - INFO - 元素文本信息为0
2021-10-22 13:58:12,388 - basepage.py - [line:97] - INFO - 鼠标光标移动至navBar_item_计算_content元素
2021-10-22 13:58:12,890 - basepage.py - [line:103] - INFO - 鼠标光标移动至navBar_item_计算_content_云服务器元素并点击
2021-10-22 13:58:13,464 - basepage.py - [line:85] - INFO - 点击了//*[@id="tab-vmlist"]元素
2021-10-22 13:58:22,880 - basepage.py - [line:116] - INFO - 元素文本信息为0
2021-10-22 13:58:49,302 - basepage.py - [line:97] - INFO - 鼠标光标移动至navBar_item_计算_content元素
2021-10-22 13:58:49,694 - basepage.py - [line:103] - INFO - 鼠标光标移动至navBar_item_计算_content_云服务器元素并点击
2021-10-22 13:58:49,917 - basepage.py - [line:85] - INFO - 点击了//*[@id="tab-vmlist"]元素
2021-10-22 13:58:59,669 - basepage.py - [line:116] - INFO - 元素文本信息为0
2021-10-22 13:59:48,628 - basepage.py - [line:97] - INFO - 鼠标光标移动至navBar_item_计算_content元素
2021-10-22 13:59:49,067 - basepage.py - [line:103] - INFO - 鼠标光标移动至navBar_item_计算_content_云服务器元素并点击
2021-10-22 13:59:49,295 - basepage.py - [line:85] - INFO - 点击了//*[@id="tab-vmlist"]元素
2021-10-22 14:00:00,209 - basepage.py - [line:116] - INFO - 元素文本信息为0
2021-10-22 14:01:29,307 - basepage.py - [line:97] - INFO - 鼠标光标移动至navBar_item_计算_content元素
2021-10-22 14:01:30,209 - basepage.py - [line:103] - INFO - 鼠标光标移动至navBar_item_计算_content_云服务器元素并点击
2021-10-22 14:01:30,902 - basepage.py - [line:85] - INFO - 点击了//*[@id="tab-vmlist"]元素
2021-10-22 14:01:40,259 - basepage.py - [line:116] - INFO - 元素文本信息为0
2021-10-22 14:01:53,841 - basepage.py - [line:97] - INFO - 鼠标光标移动至navBar_item_计算_content元素
2021-10-22 14:01:54,267 - basepage.py - [line:103] - INFO - 鼠标光标移动至navBar_item_计算_content_云服务器元素并点击
2021-10-22 14:01:54,962 - basepage.py - [line:85] - INFO - 点击了//*[@id="tab-vmlist"]元素
2021-10-22 14:02:05,678 - basepage.py - [line:116] - INFO - 元素文本信息为0
2021-10-22 14:04:04,686 - basepage.py - [line:97] - INFO - 鼠标光标移动至navBar_item_计算_content元素
2021-10-22 14:04:05,585 - basepage.py - [line:103] - INFO - 鼠标光标移动至navBar_item_计算_content_云服务器元素并点击
2021-10-22 14:04:06,294 - basepage.py - [line:85] - INFO - 点击了//*[@id="tab-vmlist"]元素
2021-10-22 14:04:15,682 - basepage.py - [line:116] - INFO - 元素文本信息为0
2021-10-22 14:05:26,158 - basepage.py - [line:97] - INFO - 鼠标光标移动至navBar_item_计算_content元素
2021-10-22 14:05:26,599 - basepage.py - [line:103] - INFO - 鼠标光标移动至navBar_item_计算_content_云服务器元素并点击
2021-10-22 14:05:26,840 - basepage.py - [line:85] - INFO - 点击了//*[@id="tab-vmlist"]元素
2021-10-22 14:05:37,477 - basepage.py - [line:116] - INFO - 元素文本信息为0
2021-10-22 14:07:22,909 - basepage.py - [line:97] - INFO - 鼠标光标移动至navBar_item_计算_content元素
2021-10-22 14:07:23,341 - basepage.py - [line:103] - INFO - 鼠标光标移动至navBar_item_计算_content_云服务器元素并点击
2021-10-22 14:07:24,043 - basepage.py - [line:85] - INFO - 点击了//*[@id="tab-vmlist"]元素
2021-10-22 14:07:33,916 - basepage.py - [line:116] - INFO - 元素文本信息为0
2021-10-22 14:08:39,316 - basepage.py - [line:97] - INFO - 鼠标光标移动至navBar_item_计算_content元素
2021-10-22 14:08:39,735 - basepage.py - [line:103] - INFO - 鼠标光标移动至navBar_item_计算_content_云服务器元素并点击
2021-10-22 14:09:00,622 - basepage.py - [line:97] - INFO - 鼠标光标移动至navBar_item_计算_content元素
2021-10-22 14:09:01,013 - basepage.py - [line:103] - INFO - 鼠标光标移动至navBar_item_计算_content_云服务器元素并点击
2021-10-22 14:09:01,667 - basepage.py - [line:85] - INFO - 点击了//*[@id="tab-vmlist"]元素
2021-10-22 14:09:12,354 - basepage.py - [line:116] - INFO - 元素文本信息为0
2021-10-22 14:10:23,331 - basepage.py - [line:97] - INFO - 鼠标光标移动至navBar_item_计算_content元素
2021-10-22 14:10:23,782 - basepage.py - [line:103] - INFO - 鼠标光标移动至navBar_item_计算_content_云服务器元素并点击
2021-10-22 14:10:24,049 - basepage.py - [line:85] - INFO - 点击了//*[@id="tab-vmlist"]元素
2021-10-22 14:11:22,302 - basepage.py - [line:97] - INFO - 鼠标光标移动至navBar_item_计算_content元素
2021-10-22 14:11:22,874 - basepage.py - [line:103] - INFO - 鼠标光标移动至navBar_item_计算_content_云服务器元素并点击
2021-10-22 14:11:23,160 - basepage.py - [line:85] - INFO - 点击了//*[@id="tab-vmlist"]元素
2021-10-22 14:11:32,731 - basepage.py - [line:116] - INFO - 元素文本信息为0
2021-10-22 14:11:55,688 - basepage.py - [line:97] - INFO - 鼠标光标移动至navBar_item_计算_content元素
2021-10-22 14:11:56,175 - basepage.py - [line:103] - INFO - 鼠标光标移动至navBar_item_计算_content_云服务器元素并点击
2021-10-22 14:11:56,525 - basepage.py - [line:85] - INFO - 点击了//*[@id="tab-vmlist"]元素
2021-10-22 14:12:06,071 - basepage.py - [line:116] - INFO - 元素文本信息为0
2021-10-22 14:12:53,035 - basepage.py - [line:97] - INFO - 鼠标光标移动至navBar_item_计算_content元素
2021-10-22 14:12:53,599 - basepage.py - [line:103] - INFO - 鼠标光标移动至navBar_item_计算_content_云服务器元素并点击
2021-10-22 14:12:53,941 - basepage.py - [line:85] - INFO - 点击了//*[@id="tab-vmlist"]元素
2021-10-22 14:13:04,478 - basepage.py - [line:116] - INFO - 元素文本信息为0
2021-10-22 14:14:37,407 - basepage.py - [line:97] - INFO - 鼠标光标移动至navBar_item_计算_content元素
2021-10-22 14:14:37,883 - basepage.py - [line:103] - INFO - 鼠标光标移动至navBar_item_计算_content_云服务器元素并点击
2021-10-22 14:14:38,742 - basepage.py - [line:85] - INFO - 点击了//*[@id="tab-vmlist"]元素
2021-10-22 14:14:48,155 - basepage.py - [line:116] - INFO - 元素文本信息为0
2021-10-22 14:15:10,955 - basepage.py - [line:97] - INFO - 鼠标光标移动至navBar_item_计算_content元素
2021-10-22 14:15:11,436 - basepage.py - [line:103] - INFO - 鼠标光标移动至navBar_item_计算_content_云服务器元素并点击
2021-10-22 14:15:12,348 - basepage.py - [line:85] - INFO - 点击了//*[@id="tab-vmlist"]元素
2021-10-22 14:15:21,796 - basepage.py - [line:116] - INFO - 元素文本信息为0
2021-10-22 14:16:11,741 - basepage.py - [line:97] - INFO - 鼠标光标移动至navBar_item_计算_content元素
2021-10-22 14:16:12,154 - basepage.py - [line:103] - INFO - 鼠标光标移动至navBar_item_计算_content_云服务器元素并点击
2021-10-22 14:16:12,430 - basepage.py - [line:85] - INFO - 点击了//*[@id="tab-vmlist"]元素
2021-10-22 14:16:23,173 - basepage.py - [line:116] - INFO - 元素文本信息为0
2021-10-22 14:17:38,471 - basepage.py - [line:97] - INFO - 鼠标光标移动至navBar_item_计算_content元素
2021-10-22 14:17:38,996 - basepage.py - [line:103] - INFO - 鼠标光标移动至navBar_item_计算_content_云服务器元素并点击
2021-10-22 14:17:39,873 - basepage.py - [line:85] - INFO - 点击了//*[@id="tab-vmlist"]元素
2021-10-22 14:17:49,314 - basepage.py - [line:116] - INFO - 元素文本信息为0
2021-10-22 14:17:59,786 - basepage.py - [line:97] - INFO - 鼠标光标移动至navBar_item_计算_content元素
2021-10-22 14:18:00,210 - basepage.py - [line:103] - INFO - 鼠标光标移动至navBar_item_计算_content_云服务器元素并点击
2021-10-22 14:18:00,948 - basepage.py - [line:85] - INFO - 点击了//*[@id="tab-vmlist"]元素
2021-10-22 14:18:10,767 - basepage.py - [line:116] - INFO - 元素文本信息为0
2021-10-22 14:18:45,092 - basepage.py - [line:97] - INFO - 鼠标光标移动至navBar_item_计算_content元素
2021-10-22 14:18:45,594 - basepage.py - [line:103] - INFO - 鼠标光标移动至navBar_item_计算_content_云服务器元素并点击
2021-10-22 14:18:46,305 - basepage.py - [line:85] - INFO - 点击了//*[@id="tab-vmlist"]元素
2021-10-22 14:18:57,422 - basepage.py - [line:116] - INFO - 元素文本信息为0
2021-10-22 14:21:57,712 - basepage.py - [line:97] - INFO - 鼠标光标移动至navBar_item_计算_content元素
2021-10-22 14:21:58,321 - basepage.py - [line:103] - INFO - 鼠标光标移动至navBar_item_计算_content_云服务器元素并点击
2021-10-22 14:21:58,859 - basepage.py - [line:85] - INFO - 点击了//*[@id="tab-vmlist"]元素
2021-10-22 14:22:08,270 - basepage.py - [line:116] - INFO - 元素文本信息为0
2021-10-22 14:22:19,948 - basepage.py - [line:97] - INFO - 鼠标光标移动至navBar_item_计算_content元素
2021-10-22 14:22:20,315 - basepage.py - [line:103] - INFO - 鼠标光标移动至navBar_item_计算_content_云服务器元素并点击
2021-10-22 14:22:21,010 - basepage.py - [line:85] - INFO - 点击了//*[@id="tab-vmlist"]元素
2021-10-22 14:22:31,848 - basepage.py - [line:116] - INFO - 元素文本信息为0
2021-10-22 14:29:02,195 - basepage.py - [line:97] - INFO - 鼠标光标移动至navBar_item_计算_content元素
2021-10-22 14:29:02,644 - basepage.py - [line:103] - INFO - 鼠标光标移动至navBar_item_计算_content_云服务器元素并点击
2021-10-22 14:29:02,875 - basepage.py - [line:85] - INFO - 点击了//*[@id="tab-vmlist"]元素
2021-10-22 14:29:12,560 - basepage.py - [line:116] - INFO - 元素文本信息为-1
2021-10-22 14:30:45,528 - basepage.py - [line:97] - INFO - 鼠标光标移动至navBar_item_计算_content元素
2021-10-22 14:30:45,924 - basepage.py - [line:103] - INFO - 鼠标光标移动至navBar_item_计算_content_云服务器元素并点击
2021-10-22 14:30:46,632 - basepage.py - [line:85] - INFO - 点击了//*[@id="tab-vmlist"]元素
2021-10-22 14:30:56,632 - basepage.py - [line:116] - INFO - 元素文本信息为-1
2021-10-22 14:31:55,474 - basepage.py - [line:97] - INFO - 鼠标光标移动至navBar_item_计算_content元素
2021-10-22 14:31:55,926 - basepage.py - [line:103] - INFO - 鼠标光标移动至navBar_item_计算_content_云服务器元素并点击
2021-10-22 14:31:56,643 - basepage.py - [line:85] - INFO - 点击了//*[@id="tab-vmlist"]元素
2021-10-22 14:32:08,485 - basepage.py - [line:116] - INFO - 元素文本信息为0
2021-10-22 14:33:24,132 - basepage.py - [line:97] - INFO - 鼠标光标移动至navBar_item_计算_content元素
2021-10-22 14:33:24,570 - basepage.py - [line:103] - INFO - 鼠标光标移动至navBar_item_计算_content_云服务器元素并点击
2021-10-22 14:33:24,808 - basepage.py - [line:85] - INFO - 点击了//*[@id="tab-vmlist"]元素
2021-10-22 14:36:35,070 - basepage.py - [line:97] - INFO - 鼠标光标移动至navBar_item_计算_content元素
2021-10-22 14:36:35,523 - basepage.py - [line:103] - INFO - 鼠标光标移动至navBar_item_计算_content_云服务器元素并点击
2021-10-22 14:36:35,767 - basepage.py - [line:85] - INFO - 点击了//*[@id="tab-vmlist"]元素
2021-10-22 14:38:17,361 - basepage.py - [line:97] - INFO - 鼠标光标移动至navBar_item_计算_content元素
2021-10-22 14:38:17,803 - basepage.py - [line:103] - INFO - 鼠标光标移动至navBar_item_计算_content_云服务器元素并点击
2021-10-22 14:38:18,531 - basepage.py - [line:85] - INFO - 点击了//*[@id="tab-vmlist"]元素
2021-10-22 14:43:30,219 - basepage.py - [line:97] - INFO - 鼠标光标移动至navBar_item_计算_content元素
2021-10-22 14:43:30,681 - basepage.py - [line:103] - INFO - 鼠标光标移动至navBar_item_计算_content_云服务器元素并点击
2021-10-22 14:43:30,929 - basepage.py - [line:85] - INFO - 点击了//*[@id="tab-vmlist"]元素
2021-10-22 14:43:47,034 - basepage.py - [line:116] - INFO - 元素文本信息为0
2021-10-22 14:44:07,963 - basepage.py - [line:97] - INFO - 鼠标光标移动至navBar_item_计算_content元素
2021-10-22 14:44:08,350 - basepage.py - [line:103] - INFO - 鼠标光标移动至navBar_item_计算_content_云服务器元素并点击
2021-10-22 14:44:08,617 - basepage.py - [line:85] - INFO - 点击了//*[@id="tab-vmlist"]元素
2021-10-22 14:45:20,045 - basepage.py - [line:97] - INFO - 鼠标光标移动至navBar_item_计算_content元素
2021-10-22 14:45:20,468 - basepage.py - [line:103] - INFO - 鼠标光标移动至navBar_item_计算_content_云服务器元素并点击
2021-10-22 14:45:20,748 - basepage.py - [line:85] - INFO - 点击了//*[@id="tab-vmlist"]元素
2021-10-22 14:45:34,477 - basepage.py - [line:116] - INFO - 元素文本信息为0
2021-10-22 14:47:15,273 - basepage.py - [line:97] - INFO - 鼠标光标移动至navBar_item_计算_content元素
2021-10-22 14:47:15,757 - basepage.py - [line:103] - INFO - 鼠标光标移动至navBar_item_计算_content_云服务器元素并点击
2021-10-22 14:47:16,021 - basepage.py - [line:85] - INFO - 点击了//*[@id="tab-vmlist"]元素
2021-10-22 14:47:55,588 - basepage.py - [line:97] - INFO - 鼠标光标移动至navBar_item_计算_content元素
2021-10-22 14:47:55,975 - basepage.py - [line:103] - INFO - 鼠标光标移动至navBar_item_计算_content_云服务器元素并点击
2021-10-22 14:47:56,237 - basepage.py - [line:85] - INFO - 点击了//*[@id="tab-vmlist"]元素
2021-10-22 14:48:35,796 - basepage.py - [line:97] - INFO - 鼠标光标移动至navBar_item_计算_content元素
2021-10-22 14:48:36,252 - basepage.py - [line:103] - INFO - 鼠标光标移动至navBar_item_计算_content_云服务器元素并点击
2021-10-22 14:48:36,507 - basepage.py - [line:85] - INFO - 点击了//*[@id="tab-vmlist"]元素
2021-10-22 14:49:55,520 - basepage.py - [line:97] - INFO - 鼠标光标移动至navBar_item_计算_content元素
2021-10-22 14:49:55,927 - basepage.py - [line:103] - INFO - 鼠标光标移动至navBar_item_计算_content_云服务器元素并点击
2021-10-22 14:49:56,175 - basepage.py - [line:85] - INFO - 点击了//*[@id="tab-vmlist"]元素
2021-10-22 15:03:30,664 - basepage.py - [line:97] - INFO - 鼠标光标移动至navBar_item_计算_content元素
2021-10-22 15:03:31,152 - basepage.py - [line:103] - INFO - 鼠标光标移动至navBar_item_计算_content_云服务器元素并点击
2021-10-22 15:03:31,403 - basepage.py - [line:85] - INFO - 点击了//*[@id="tab-vmlist"]元素
2021-10-22 15:04:15,362 - basepage.py - [line:97] - INFO - 鼠标光标移动至navBar_item_计算_content元素
2021-10-22 15:04:15,764 - basepage.py - [line:103] - INFO - 鼠标光标移动至navBar_item_计算_content_云服务器元素并点击
2021-10-22 15:04:16,030 - basepage.py - [line:85] - INFO - 点击了//*[@id="tab-vmlist"]元素
2021-10-22 15:04:49,146 - basepage.py - [line:97] - INFO - 鼠标光标移动至navBar_item_计算_content元素
2021-10-22 15:04:49,628 - basepage.py - [line:103] - INFO - 鼠标光标移动至navBar_item_计算_content_云服务器元素并点击
2021-10-22 15:04:49,889 - basepage.py - [line:85] - INFO - 点击了//*[@id="tab-vmlist"]元素
2021-10-22 15:06:31,109 - basepage.py - [line:97] - INFO - 鼠标光标移动至navBar_item_计算_content元素
2021-10-22 15:06:31,559 - basepage.py - [line:103] - INFO - 鼠标光标移动至navBar_item_计算_content_云服务器元素并点击
2021-10-22 15:06:31,831 - basepage.py - [line:85] - INFO - 点击了//*[@id="tab-vmlist"]元素
2021-10-22 15:19:44,795 - basepage.py - [line:97] - INFO - 鼠标光标移动至navBar_item_计算_content元素
2021-10-22 15:19:45,226 - basepage.py - [line:103] - INFO - 鼠标光标移动至navBar_item_计算_content_云服务器元素并点击
2021-10-22 15:19:45,505 - basepage.py - [line:85] - INFO - 点击了//*[@id="tab-vmlist"]元素
2021-10-22 15:20:03,543 - basepage.py - [line:157] - INFO - 键盘操作:向下翻页
2021-10-22 15:20:31,223 - basepage.py - [line:97] - INFO - 鼠标光标移动至navBar_item_计算_content元素
2021-10-22 15:20:31,687 - basepage.py - [line:103] - INFO - 鼠标光标移动至navBar_item_计算_content_云服务器元素并点击
2021-10-22 15:20:33,382 - basepage.py - [line:85] - INFO - 点击了//*[@id="tab-vmlist"]元素
2021-10-22 15:20:42,872 - basepage.py - [line:157] - INFO - 键盘操作:向下翻页
2021-10-22 15:20:53,005 - basepage.py - [line:157] - INFO - 键盘操作:向下翻页
2021-10-22 15:21:18,832 - basepage.py - [line:97] - INFO - 鼠标光标移动至navBar_item_计算_content元素
2021-10-22 15:21:19,231 - basepage.py - [line:103] - INFO - 鼠标光标移动至navBar_item_计算_content_云服务器元素并点击
2021-10-22 15:21:19,482 - basepage.py - [line:85] - INFO - 点击了//*[@id="tab-vmlist"]元素
2021-10-22 15:21:28,927 - basepage.py - [line:157] - INFO - 键盘操作:向下翻页
2021-10-22 15:31:30,980 - basepage.py - [line:97] - INFO - 鼠标光标移动至navBar_item_计算_content元素
2021-10-22 15:31:31,404 - basepage.py - [line:103] - INFO - 鼠标光标移动至navBar_item_计算_content_云服务器元素并点击
2021-10-22 15:31:31,675 - basepage.py - [line:85] - INFO - 点击了//*[@id="tab-vmlist"]元素
2021-10-22 15:34:12,055 - basepage.py - [line:97] - INFO - 鼠标光标移动至navBar_item_计算_content元素
2021-10-22 15:34:12,468 - basepage.py - [line:103] - INFO - 鼠标光标移动至navBar_item_计算_content_云服务器元素并点击
2021-10-22 15:34:12,738 - basepage.py - [line:85] - INFO - 点击了//*[@id="tab-vmlist"]元素
2021-10-22 15:34:23,290 - basepage.py - [line:157] - INFO - 键盘操作:向下翻页
2021-10-22 15:34:24,926 - basepage.py - [line:157] - INFO - 键盘操作:向下翻页
2021-10-22 15:37:18,018 - basepage.py - [line:97] - INFO - 鼠标光标移动至navBar_item_计算_content元素
2021-10-22 15:37:18,435 - basepage.py - [line:103] - INFO - 鼠标光标移动至navBar_item_计算_content_云服务器元素并点击
2021-10-22 15:37:18,711 - basepage.py - [line:85] - INFO - 点击了//*[@id="tab-vmlist"]元素
2021-10-22 15:37:29,244 - basepage.py - [line:157] - INFO - 键盘操作:向下翻页
2021-10-22 15:37:30,902 - basepage.py - [line:157] - INFO - 键盘操作:向下翻页
2021-10-22 15:38:51,651 - basepage.py - [line:97] - INFO - 鼠标光标移动至navBar_item_计算_content元素
2021-10-22 15:38:52,105 - basepage.py - [line:103] - INFO - 鼠标光标移动至navBar_item_计算_content_云服务器元素并点击
2021-10-22 15:38:52,377 - basepage.py - [line:85] - INFO - 点击了//*[@id="tab-vmlist"]元素
2021-10-22 15:39:03,031 - basepage.py - [line:157] - INFO - 键盘操作:向下翻页
2021-10-22 15:39:04,665 - basepage.py - [line:157] - INFO - 键盘操作:向下翻页
2021-10-22 15:43:58,925 - basepage.py - [line:97] - INFO - 鼠标光标移动至navBar_item_计算_content元素
2021-10-22 15:43:59,372 - basepage.py - [line:103] - INFO - 鼠标光标移动至navBar_item_计算_content_云服务器元素并点击
2021-10-22 15:43:59,643 - basepage.py - [line:85] - INFO - 点击了//*[@id="tab-vmlist"]元素
2021-10-22 15:44:10,200 - basepage.py - [line:157] - INFO - 键盘操作:向下翻页
2021-10-22 15:44:11,898 - basepage.py - [line:157] - INFO - 键盘操作:向下翻页
2021-10-22 15:54:52,026 - basepage.py - [line:97] - INFO - 鼠标光标移动至navBar_item_计算_content元素
2021-10-22 15:54:52,418 - basepage.py - [line:103] - INFO - 鼠标光标移动至navBar_item_计算_content_云服务器元素并点击
2021-10-22 15:54:52,717 - basepage.py - [line:85] - INFO - 点击了//*[@id="tab-vmlist"]元素
2021-10-22 15:55:03,278 - basepage.py - [line:157] - INFO - 键盘操作:向下翻页
2021-10-22 15:55:04,989 - basepage.py - [line:157] - INFO - 键盘操作:向下翻页
2021-10-22 15:55:28,816 - basepage.py - [line:97] - INFO - 鼠标光标移动至navBar_item_计算_content元素
2021-10-22 15:55:29,205 - basepage.py - [line:103] - INFO - 鼠标光标移动至navBar_item_计算_content_云服务器元素并点击
2021-10-22 15:55:29,921 - basepage.py - [line:85] - INFO - 点击了//*[@id="tab-vmlist"]元素
2021-10-22 15:55:40,477 - basepage.py - [line:157] - INFO - 键盘操作:向下翻页
2021-10-22 15:55:42,195 - basepage.py - [line:157] - INFO - 键盘操作:向下翻页
2021-10-22 16:15:29,492 - basepage.py - [line:97] - INFO - 鼠标光标移动至navBar_item_计算_content元素
2021-10-22 16:15:29,935 - basepage.py - [line:103] - INFO - 鼠标光标移动至navBar_item_计算_content_云服务器元素并点击
2021-10-22 16:15:30,219 - basepage.py - [line:85] - INFO - 点击了//*[@id="tab-vmlist"]元素
2021-10-22 16:24:31,106 - basepage.py - [line:97] - INFO - 鼠标光标移动至navBar_item_计算_content元素
2021-10-22 16:24:31,535 - basepage.py - [line:103] - INFO - 鼠标光标移动至navBar_item_计算_content_云服务器元素并点击
2021-10-22 16:24:31,786 - basepage.py - [line:85] - INFO - 点击了//*[@id="tab-vmlist"]元素
2021-10-22 16:38:39,772 - basepage.py - [line:97] - INFO - 鼠标光标移动至navBar_item_计算_content元素
2021-10-22 16:38:40,172 - basepage.py - [line:103] - INFO - 鼠标光标移动至navBar_item_计算_content_云服务器元素并点击
2021-10-22 16:38:40,435 - basepage.py - [line:85] - INFO - 点击了//*[@id="tab-vmlist"]元素
2021-10-22 16:39:37,908 - basepage.py - [line:116] - INFO - 元素文本信息为请输入名称、IP、Mac地址、uuid
2021-10-22 16:39:56,346 - basepage.py - [line:97] - INFO - 鼠标光标移动至navBar_item_计算_content元素
2021-10-22 16:39:56,636 - basepage.py - [line:103] - INFO - 鼠标光标移动至navBar_item_计算_content_云服务器元素并点击
2021-10-22 16:39:56,710 - basepage.py - [line:85] - INFO - 点击了//*[@id="tab-vmlist"]元素
2021-10-22 16:39:59,502 - basepage.py - [line:116] - INFO - 元素文本信息为请输入云服务器名称
2021-10-22 16:40:03,574 - basepage.py - [line:152] - INFO - 键盘输入后清理
2021-10-22 16:40:04,920 - basepage.py - [line:152] - INFO - 键盘输入后清理
2021-10-22 16:40:09,863 - basepage.py - [line:130] - INFO - 元素文本信息为1
2021-10-22 16:40:10,014 - basepage.py - [line:152] - INFO - 键盘输入后清理
2021-10-22 16:40:11,192 - basepage.py - [line:116] - INFO - 元素文本信息为请输入自动创建云服务器个数（限制100）
2021-10-22 16:40:11,302 - basepage.py - [line:152] - INFO - 键盘输入后清理
2021-10-22 16:40:11,416 - basepage.py - [line:152] - INFO - 键盘输入后清理
2021-10-22 16:40:12,689 - basepage.py - [line:152] - INFO - 键盘输入后清理
2021-10-22 16:40:12,799 - basepage.py - [line:152] - INFO - 键盘输入后清理
2021-10-22 16:40:14,070 - basepage.py - [line:152] - INFO - 键盘输入后清理
2021-10-22 16:40:15,315 - basepage.py - [line:152] - INFO - 键盘输入后清理
2021-10-22 16:40:16,723 - basepage.py - [line:97] - INFO - 鼠标光标移动至navBar_item_计算_content元素
2021-10-22 16:40:17,024 - basepage.py - [line:103] - INFO - 鼠标光标移动至navBar_item_计算_content_云服务器元素并点击
2021-10-22 16:40:17,107 - basepage.py - [line:85] - INFO - 点击了//*[@id="tab-vmlist"]元素
2021-10-22 16:40:22,122 - basepage.py - [line:130] - INFO - 元素文本信息为2
2021-10-22 16:40:22,263 - basepage.py - [line:152] - INFO - 键盘输入后清理
2021-10-22 16:40:23,414 - basepage.py - [line:116] - INFO - 元素文本信息为请输入处理器
2021-10-22 16:40:24,686 - basepage.py - [line:152] - INFO - 键盘输入后清理
2021-10-22 16:40:27,536 - basepage.py - [line:152] - INFO - 键盘输入后清理
2021-10-22 16:40:28,766 - basepage.py - [line:152] - INFO - 键盘输入后清理
2021-10-22 16:40:29,887 - basepage.py - [line:130] - INFO - 元素文本信息为1
2021-10-22 16:40:30,017 - basepage.py - [line:152] - INFO - 键盘输入后清理
2021-10-22 16:40:31,165 - basepage.py - [line:116] - INFO - 元素文本信息为请输入处理器插槽数
2021-10-22 16:40:31,274 - basepage.py - [line:152] - INFO - 键盘输入后清理
2021-10-22 16:40:32,528 - basepage.py - [line:152] - INFO - 键盘输入后清理
2021-10-22 16:40:33,778 - basepage.py - [line:152] - INFO - 键盘输入后清理
2021-10-22 16:40:35,007 - basepage.py - [line:152] - INFO - 键盘输入后清理
2021-10-22 16:40:36,129 - basepage.py - [line:130] - INFO - 元素文本信息为2
2021-10-22 16:40:36,265 - basepage.py - [line:152] - INFO - 键盘输入后清理
2021-10-22 16:40:37,410 - basepage.py - [line:116] - INFO - 元素文本信息为请输入处理器插槽核数
2021-10-22 16:40:37,517 - basepage.py - [line:152] - INFO - 键盘输入后清理
2021-10-22 16:40:38,776 - basepage.py - [line:152] - INFO - 键盘输入后清理
2021-10-22 16:40:40,547 - basepage.py - [line:152] - INFO - 键盘输入后清理
2021-10-22 16:40:41,785 - basepage.py - [line:152] - INFO - 键盘输入后清理
2021-10-22 16:40:42,908 - basepage.py - [line:130] - INFO - 元素文本信息为4
2021-10-22 16:40:43,051 - basepage.py - [line:152] - INFO - 键盘输入后清理
2021-10-22 16:40:44,201 - basepage.py - [line:116] - INFO - 元素文本信息为请输入设置内存大小
2021-10-22 16:40:44,308 - basepage.py - [line:152] - INFO - 键盘输入后清理
2021-10-22 16:40:45,563 - basepage.py - [line:152] - INFO - 键盘输入后清理
2021-10-22 16:40:47,329 - basepage.py - [line:152] - INFO - 键盘输入后清理
2021-10-22 16:40:48,565 - basepage.py - [line:152] - INFO - 键盘输入后清理
2021-10-22 16:40:55,944 - basepage.py - [line:97] - INFO - 鼠标光标移动至navBar_item_计算_content元素
2021-10-22 16:40:56,240 - basepage.py - [line:103] - INFO - 鼠标光标移动至navBar_item_计算_content_云服务器元素并点击
2021-10-22 16:40:56,326 - basepage.py - [line:85] - INFO - 点击了//*[@id="tab-vmlist"]元素
2021-10-22 16:41:02,453 - basepage.py - [line:116] - INFO - 元素文本信息为请输入卷容量
2021-10-22 16:41:02,599 - basepage.py - [line:152] - INFO - 键盘输入后清理
2021-10-22 16:41:05,437 - basepage.py - [line:152] - INFO - 键盘输入后清理
2021-10-22 16:41:06,778 - basepage.py - [line:152] - INFO - 键盘输入后清理
2021-10-22 16:41:08,026 - basepage.py - [line:152] - INFO - 键盘输入后清理
2021-10-22 16:41:10,103 - basepage.py - [line:152] - INFO - 键盘输入后清理
2021-10-22 16:41:11,242 - basepage.py - [line:116] - INFO - 元素文本信息为0
2021-10-22 16:41:12,358 - basepage.py - [line:116] - INFO - 元素文本信息为0
2021-10-22 16:41:16,270 - basepage.py - [line:130] - INFO - 元素文本信息为test001-volume1
2021-10-22 16:41:16,431 - basepage.py - [line:152] - INFO - 键盘输入后清理
2021-10-22 16:41:17,599 - basepage.py - [line:116] - INFO - 元素文本信息为请输入卷名称
2021-10-22 16:41:17,710 - basepage.py - [line:152] - INFO - 键盘输入后清理
2021-10-22 16:41:19,018 - basepage.py - [line:152] - INFO - 键盘输入后清理
2021-10-22 16:41:21,034 - basepage.py - [line:152] - INFO - 键盘输入后清理
2021-10-22 16:41:22,268 - basepage.py - [line:130] - INFO - 元素文本信息为2
2021-10-22 16:41:34,564 - basepage.py - [line:130] - INFO - 元素文本信息为普通云盘1.0
2021-10-22 16:41:36,743 - basepage.py - [line:130] - INFO - 元素文本信息为机械硬盘
2021-10-22 16:41:38,969 - basepage.py - [line:130] - INFO - 元素文本信息为1
2021-10-22 16:41:51,856 - basepage.py - [line:97] - INFO - 鼠标光标移动至navBar_item_计算_content元素
2021-10-22 16:42:42,523 - basepage.py - [line:130] - INFO - 元素文本信息为2
2021-10-22 16:44:26,357 - basepage.py - [line:130] - INFO - 元素文本信息为2
2021-10-22 16:44:26,527 - basepage.py - [line:152] - INFO - 键盘输入后清理
2021-10-22 16:44:38,148 - basepage.py - [line:152] - INFO - 键盘输入后清理
2021-10-22 16:44:39,499 - basepage.py - [line:152] - INFO - 键盘输入后清理
2021-10-22 16:44:40,849 - basepage.py - [line:152] - INFO - 键盘输入后清理
2021-10-22 16:44:42,121 - basepage.py - [line:152] - INFO - 键盘输入后清理
2021-10-22 16:47:57,049 - basepage.py - [line:130] - INFO - 元素文本信息为0
2021-10-22 16:47:57,183 - basepage.py - [line:152] - INFO - 键盘输入后清理
2021-10-22 16:48:08,823 - basepage.py - [line:152] - INFO - 键盘输入后清理
2021-10-22 16:48:10,189 - basepage.py - [line:152] - INFO - 键盘输入后清理
2021-10-22 16:48:11,538 - basepage.py - [line:152] - INFO - 键盘输入后清理
2021-10-22 16:48:12,821 - basepage.py - [line:152] - INFO - 键盘输入后清理
2021-10-22 16:48:29,897 - basepage.py - [line:97] - INFO - 鼠标光标移动至navBar_item_计算_content元素
2021-10-22 16:48:30,217 - basepage.py - [line:103] - INFO - 鼠标光标移动至navBar_item_计算_content_云服务器元素并点击
2021-10-22 16:48:30,486 - basepage.py - [line:85] - INFO - 点击了//*[@id="tab-vmlist"]元素
2021-10-22 16:49:27,825 - basepage.py - [line:116] - INFO - 元素文本信息为请输入名称、IP、Mac地址、uuid
2021-10-22 16:49:46,343 - basepage.py - [line:97] - INFO - 鼠标光标移动至navBar_item_计算_content元素
2021-10-22 16:49:46,654 - basepage.py - [line:103] - INFO - 鼠标光标移动至navBar_item_计算_content_云服务器元素并点击
2021-10-22 16:49:46,729 - basepage.py - [line:85] - INFO - 点击了//*[@id="tab-vmlist"]元素
2021-10-22 16:49:49,567 - basepage.py - [line:116] - INFO - 元素文本信息为请输入云服务器名称
2021-10-22 16:49:53,608 - basepage.py - [line:152] - INFO - 键盘输入后清理
2021-10-22 16:49:54,968 - basepage.py - [line:152] - INFO - 键盘输入后清理
2021-10-22 16:49:59,906 - basepage.py - [line:130] - INFO - 元素文本信息为1
2021-10-22 16:50:00,075 - basepage.py - [line:152] - INFO - 键盘输入后清理
2021-10-22 16:50:01,245 - basepage.py - [line:116] - INFO - 元素文本信息为请输入自动创建云服务器个数（限制100）
2021-10-22 16:50:01,356 - basepage.py - [line:152] - INFO - 键盘输入后清理
2021-10-22 16:50:01,479 - basepage.py - [line:152] - INFO - 键盘输入后清理
2021-10-22 16:50:02,741 - basepage.py - [line:152] - INFO - 键盘输入后清理
2021-10-22 16:50:02,854 - basepage.py - [line:152] - INFO - 键盘输入后清理
2021-10-22 16:50:04,666 - basepage.py - [line:152] - INFO - 键盘输入后清理
2021-10-22 16:50:05,939 - basepage.py - [line:152] - INFO - 键盘输入后清理
2021-10-22 16:50:12,064 - basepage.py - [line:130] - INFO - 元素文本信息为2
2021-10-22 16:50:12,209 - basepage.py - [line:152] - INFO - 键盘输入后清理
2021-10-22 16:50:13,364 - basepage.py - [line:116] - INFO - 元素文本信息为请输入处理器
2021-10-22 16:50:14,635 - basepage.py - [line:152] - INFO - 键盘输入后清理
2021-10-22 16:50:15,897 - basepage.py - [line:152] - INFO - 键盘输入后清理
2021-10-22 16:50:17,146 - basepage.py - [line:152] - INFO - 键盘输入后清理
2021-10-22 16:50:18,260 - basepage.py - [line:130] - INFO - 元素文本信息为1
2021-10-22 16:50:18,393 - basepage.py - [line:152] - INFO - 键盘输入后清理
2021-10-22 16:50:19,539 - basepage.py - [line:116] - INFO - 元素文本信息为请输入处理器插槽数
2021-10-22 16:50:19,647 - basepage.py - [line:152] - INFO - 键盘输入后清理
2021-10-22 16:50:20,909 - basepage.py - [line:152] - INFO - 键盘输入后清理
2021-10-22 16:50:22,144 - basepage.py - [line:152] - INFO - 键盘输入后清理
2021-10-22 16:50:23,386 - basepage.py - [line:152] - INFO - 键盘输入后清理
2021-10-22 16:50:24,504 - basepage.py - [line:130] - INFO - 元素文本信息为2
2021-10-22 16:50:24,649 - basepage.py - [line:152] - INFO - 键盘输入后清理
2021-10-22 16:50:25,819 - basepage.py - [line:116] - INFO - 元素文本信息为请输入处理器插槽核数
2021-10-22 16:50:25,927 - basepage.py - [line:152] - INFO - 键盘输入后清理
2021-10-22 16:50:27,184 - basepage.py - [line:152] - INFO - 键盘输入后清理
2021-10-22 16:50:28,429 - basepage.py - [line:152] - INFO - 键盘输入后清理
2021-10-22 16:50:29,670 - basepage.py - [line:152] - INFO - 键盘输入后清理
2021-10-22 16:50:30,783 - basepage.py - [line:130] - INFO - 元素文本信息为4
2021-10-22 16:50:30,925 - basepage.py - [line:152] - INFO - 键盘输入后清理
2021-10-22 16:50:32,082 - basepage.py - [line:116] - INFO - 元素文本信息为请输入设置内存大小
2021-10-22 16:50:32,955 - basepage.py - [line:152] - INFO - 键盘输入后清理
2021-10-22 16:50:36,859 - basepage.py - [line:152] - INFO - 键盘输入后清理
2021-10-22 16:50:38,650 - basepage.py - [line:152] - INFO - 键盘输入后清理
2021-10-22 16:50:39,886 - basepage.py - [line:152] - INFO - 键盘输入后清理
2021-10-22 16:50:53,073 - basepage.py - [line:116] - INFO - 元素文本信息为请输入卷容量
2021-10-22 16:50:53,211 - basepage.py - [line:152] - INFO - 键盘输入后清理
2021-10-22 16:50:56,087 - basepage.py - [line:152] - INFO - 键盘输入后清理
2021-10-22 16:50:57,353 - basepage.py - [line:152] - INFO - 键盘输入后清理
2021-10-22 16:50:58,587 - basepage.py - [line:152] - INFO - 键盘输入后清理
2021-10-22 16:51:00,748 - basepage.py - [line:152] - INFO - 键盘输入后清理
2021-10-22 16:51:01,911 - basepage.py - [line:116] - INFO - 元素文本信息为0
2021-10-22 16:51:03,025 - basepage.py - [line:116] - INFO - 元素文本信息为0
2021-10-22 16:51:06,908 - basepage.py - [line:130] - INFO - 元素文本信息为test001-volume1
2021-10-22 16:51:07,061 - basepage.py - [line:152] - INFO - 键盘输入后清理
2021-10-22 16:51:08,248 - basepage.py - [line:116] - INFO - 元素文本信息为请输入卷名称
2021-10-22 16:51:08,359 - basepage.py - [line:152] - INFO - 键盘输入后清理
2021-10-22 16:51:09,667 - basepage.py - [line:152] - INFO - 键盘输入后清理
2021-10-22 16:51:11,663 - basepage.py - [line:152] - INFO - 键盘输入后清理
2021-10-22 16:51:12,890 - basepage.py - [line:130] - INFO - 元素文本信息为2
2021-10-22 16:51:25,174 - basepage.py - [line:130] - INFO - 元素文本信息为普通云盘1.0
2021-10-22 16:51:27,407 - basepage.py - [line:130] - INFO - 元素文本信息为机械硬盘
2021-10-22 16:51:29,638 - basepage.py - [line:130] - INFO - 元素文本信息为1
2021-10-22 16:52:24,805 - basepage.py - [line:130] - INFO - 元素文本信息为2
2021-10-22 16:54:08,568 - basepage.py - [line:130] - INFO - 元素文本信息为2
2021-10-22 16:54:08,747 - basepage.py - [line:152] - INFO - 键盘输入后清理
2021-10-22 16:54:20,401 - basepage.py - [line:152] - INFO - 键盘输入后清理
2021-10-22 16:54:21,755 - basepage.py - [line:152] - INFO - 键盘输入后清理
2021-10-22 16:54:23,103 - basepage.py - [line:152] - INFO - 键盘输入后清理
2021-10-22 16:54:24,377 - basepage.py - [line:152] - INFO - 键盘输入后清理
2021-10-22 16:57:34,250 - basepage.py - [line:97] - INFO - 鼠标光标移动至navBar_item_计算_content元素
2021-10-22 16:57:34,826 - basepage.py - [line:103] - INFO - 鼠标光标移动至navBar_item_计算_content_云服务器元素并点击
2021-10-22 16:57:35,311 - basepage.py - [line:85] - INFO - 点击了//*[@id="tab-vmlist"]元素
2021-10-22 16:58:32,385 - basepage.py - [line:116] - INFO - 元素文本信息为请输入名称、IP、Mac地址、uuid
2021-10-22 16:58:50,593 - basepage.py - [line:97] - INFO - 鼠标光标移动至navBar_item_计算_content元素
2021-10-22 16:58:50,943 - basepage.py - [line:103] - INFO - 鼠标光标移动至navBar_item_计算_content_云服务器元素并点击
2021-10-22 16:58:51,024 - basepage.py - [line:85] - INFO - 点击了//*[@id="tab-vmlist"]元素
2021-10-22 16:58:58,297 - basepage.py - [line:116] - INFO - 元素文本信息为请输入云服务器名称
2021-10-22 16:59:02,335 - basepage.py - [line:152] - INFO - 键盘输入后清理
2021-10-22 16:59:04,239 - basepage.py - [line:152] - INFO - 键盘输入后清理
2021-10-22 16:59:09,199 - basepage.py - [line:130] - INFO - 元素文本信息为1
2021-10-22 16:59:09,483 - basepage.py - [line:152] - INFO - 键盘输入后清理
2021-10-22 16:59:10,699 - basepage.py - [line:116] - INFO - 元素文本信息为请输入自动创建云服务器个数（限制100）
2021-10-22 16:59:10,821 - basepage.py - [line:152] - INFO - 键盘输入后清理
2021-10-22 16:59:10,946 - basepage.py - [line:152] - INFO - 键盘输入后清理
2021-10-22 16:59:12,218 - basepage.py - [line:152] - INFO - 键盘输入后清理
2021-10-22 16:59:12,334 - basepage.py - [line:152] - INFO - 键盘输入后清理
2021-10-22 16:59:14,134 - basepage.py - [line:152] - INFO - 键盘输入后清理
2021-10-22 16:59:15,378 - basepage.py - [line:152] - INFO - 键盘输入后清理
2021-10-22 16:59:21,680 - basepage.py - [line:130] - INFO - 元素文本信息为2
2021-10-22 16:59:21,863 - basepage.py - [line:152] - INFO - 键盘输入后清理
2021-10-22 16:59:23,025 - basepage.py - [line:116] - INFO - 元素文本信息为请输入处理器
2021-10-22 16:59:24,296 - basepage.py - [line:152] - INFO - 键盘输入后清理
2021-10-22 16:59:25,562 - basepage.py - [line:152] - INFO - 键盘输入后清理
2021-10-22 16:59:26,807 - basepage.py - [line:152] - INFO - 键盘输入后清理
2021-10-22 16:59:27,946 - basepage.py - [line:130] - INFO - 元素文本信息为1
2021-10-22 16:59:28,093 - basepage.py - [line:152] - INFO - 键盘输入后清理
2021-10-22 16:59:29,255 - basepage.py - [line:116] - INFO - 元素文本信息为请输入处理器插槽数
2021-10-22 16:59:29,373 - basepage.py - [line:152] - INFO - 键盘输入后清理
2021-10-22 17:00:05,896 - basepage.py - [line:97] - INFO - 鼠标光标移动至navBar_item_计算_content元素
2021-10-22 17:00:06,646 - basepage.py - [line:103] - INFO - 鼠标光标移动至navBar_item_计算_content_云服务器元素并点击
2021-10-22 17:00:07,045 - basepage.py - [line:85] - INFO - 点击了//*[@id="tab-vmlist"]元素
2021-10-22 17:01:04,166 - basepage.py - [line:116] - INFO - 元素文本信息为请输入名称、IP、Mac地址、uuid
2021-10-22 17:01:22,923 - basepage.py - [line:97] - INFO - 鼠标光标移动至navBar_item_计算_content元素
2021-10-22 17:01:23,239 - basepage.py - [line:103] - INFO - 鼠标光标移动至navBar_item_计算_content_云服务器元素并点击
2021-10-22 17:01:23,312 - basepage.py - [line:85] - INFO - 点击了//*[@id="tab-vmlist"]元素
2021-10-22 17:01:26,357 - basepage.py - [line:116] - INFO - 元素文本信息为请输入云服务器名称
2021-10-22 17:01:30,400 - basepage.py - [line:152] - INFO - 键盘输入后清理
2021-10-22 17:01:31,779 - basepage.py - [line:152] - INFO - 键盘输入后清理
2021-10-22 17:01:36,784 - basepage.py - [line:130] - INFO - 元素文本信息为1
2021-10-22 17:01:36,977 - basepage.py - [line:152] - INFO - 键盘输入后清理
2021-10-22 17:01:38,127 - basepage.py - [line:116] - INFO - 元素文本信息为请输入自动创建云服务器个数（限制100）
2021-10-22 17:01:38,244 - basepage.py - [line:152] - INFO - 键盘输入后清理
2021-10-22 17:01:38,366 - basepage.py - [line:152] - INFO - 键盘输入后清理
2021-10-22 17:01:39,629 - basepage.py - [line:152] - INFO - 键盘输入后清理
2021-10-22 17:01:39,797 - basepage.py - [line:152] - INFO - 键盘输入后清理
2021-10-22 17:01:41,582 - basepage.py - [line:152] - INFO - 键盘输入后清理
2021-10-22 17:01:42,820 - basepage.py - [line:152] - INFO - 键盘输入后清理
2021-10-22 17:01:49,121 - basepage.py - [line:130] - INFO - 元素文本信息为2
2021-10-22 17:01:49,285 - basepage.py - [line:152] - INFO - 键盘输入后清理
2021-10-22 17:01:50,472 - basepage.py - [line:116] - INFO - 元素文本信息为请输入处理器
2021-10-22 17:01:51,744 - basepage.py - [line:152] - INFO - 键盘输入后清理
2021-10-22 17:01:53,050 - basepage.py - [line:152] - INFO - 键盘输入后清理
2021-10-22 17:01:54,296 - basepage.py - [line:152] - INFO - 键盘输入后清理
2021-10-22 17:01:55,418 - basepage.py - [line:130] - INFO - 元素文本信息为1
2021-10-22 17:01:55,578 - basepage.py - [line:152] - INFO - 键盘输入后清理
2021-10-22 17:01:56,729 - basepage.py - [line:116] - INFO - 元素文本信息为请输入处理器插槽数
2021-10-22 17:01:56,850 - basepage.py - [line:152] - INFO - 键盘输入后清理
2021-10-22 17:01:58,111 - basepage.py - [line:152] - INFO - 键盘输入后清理
2021-10-22 17:01:59,368 - basepage.py - [line:152] - INFO - 键盘输入后清理
2021-10-22 17:02:00,676 - basepage.py - [line:152] - INFO - 键盘输入后清理
2021-10-22 17:02:01,826 - basepage.py - [line:130] - INFO - 元素文本信息为2
2021-10-22 17:02:02,019 - basepage.py - [line:152] - INFO - 键盘输入后清理
2021-10-22 17:02:03,220 - basepage.py - [line:116] - INFO - 元素文本信息为请输入处理器插槽核数
2021-10-22 17:02:03,352 - basepage.py - [line:152] - INFO - 键盘输入后清理
2021-10-22 17:02:04,638 - basepage.py - [line:152] - INFO - 键盘输入后清理
2021-10-22 17:02:05,902 - basepage.py - [line:152] - INFO - 键盘输入后清理
2021-10-22 17:02:07,143 - basepage.py - [line:152] - INFO - 键盘输入后清理
2021-10-22 17:02:08,262 - basepage.py - [line:130] - INFO - 元素文本信息为4
2021-10-22 17:02:08,486 - basepage.py - [line:152] - INFO - 键盘输入后清理
2021-10-22 17:02:09,642 - basepage.py - [line:116] - INFO - 元素文本信息为请输入设置内存大小
2021-10-22 17:02:09,781 - basepage.py - [line:152] - INFO - 键盘输入后清理
2021-10-22 17:02:11,081 - basepage.py - [line:152] - INFO - 键盘输入后清理
2021-10-22 17:02:12,411 - basepage.py - [line:152] - INFO - 键盘输入后清理
2021-10-22 17:02:13,700 - basepage.py - [line:152] - INFO - 键盘输入后清理
2021-10-22 17:02:27,284 - basepage.py - [line:116] - INFO - 元素文本信息为请输入卷容量
2021-10-22 17:02:27,443 - basepage.py - [line:152] - INFO - 键盘输入后清理
2021-10-22 17:02:30,333 - basepage.py - [line:152] - INFO - 键盘输入后清理
2021-10-22 17:02:31,658 - basepage.py - [line:152] - INFO - 键盘输入后清理
2021-10-22 17:02:32,906 - basepage.py - [line:152] - INFO - 键盘输入后清理
2021-10-22 17:02:35,004 - basepage.py - [line:152] - INFO - 键盘输入后清理
2021-10-22 17:02:36,167 - basepage.py - [line:116] - INFO - 元素文本信息为0
2021-10-22 17:02:37,291 - basepage.py - [line:116] - INFO - 元素文本信息为0
2021-10-22 17:02:41,202 - basepage.py - [line:130] - INFO - 元素文本信息为test001-volume1
2021-10-22 17:02:41,510 - basepage.py - [line:152] - INFO - 键盘输入后清理
2021-10-22 17:02:42,717 - basepage.py - [line:116] - INFO - 元素文本信息为请输入卷名称
2021-10-22 17:02:42,850 - basepage.py - [line:152] - INFO - 键盘输入后清理
2021-10-22 17:02:44,200 - basepage.py - [line:152] - INFO - 键盘输入后清理
2021-10-22 17:02:46,210 - basepage.py - [line:152] - INFO - 键盘输入后清理
2021-10-22 17:02:47,473 - basepage.py - [line:130] - INFO - 元素文本信息为2
2021-10-22 17:02:59,757 - basepage.py - [line:130] - INFO - 元素文本信息为普通云盘1.0
2021-10-22 17:03:01,982 - basepage.py - [line:130] - INFO - 元素文本信息为机械硬盘
2021-10-22 17:03:04,215 - basepage.py - [line:130] - INFO - 元素文本信息为1
2021-10-22 17:03:58,864 - basepage.py - [line:97] - INFO - 鼠标光标移动至navBar_item_计算_content元素
2021-10-22 17:03:59,417 - basepage.py - [line:103] - INFO - 鼠标光标移动至navBar_item_计算_content_云服务器元素并点击
2021-10-22 17:03:59,872 - basepage.py - [line:85] - INFO - 点击了//*[@id="tab-vmlist"]元素
2021-10-22 17:04:06,367 - basepage.py - [line:130] - INFO - 元素文本信息为2
2021-10-22 17:04:06,444 - basepage.py - [line:130] - INFO - 元素文本信息为
2021-10-22 17:04:31,579 - basepage.py - [line:97] - INFO - 鼠标光标移动至navBar_item_计算_content元素
2021-10-22 17:04:31,915 - basepage.py - [line:103] - INFO - 鼠标光标移动至navBar_item_计算_content_云服务器元素并点击
2021-10-22 17:04:32,797 - basepage.py - [line:85] - INFO - 点击了//*[@id="tab-vmlist"]元素
2021-10-22 17:04:41,746 - basepage.py - [line:130] - INFO - 元素文本信息为1
2021-10-22 17:05:49,814 - basepage.py - [line:130] - INFO - 元素文本信息为
2021-10-22 17:05:49,985 - basepage.py - [line:152] - INFO - 键盘输入后清理
2021-10-22 17:06:01,741 - basepage.py - [line:152] - INFO - 键盘输入后清理
2021-10-22 17:06:03,169 - basepage.py - [line:152] - INFO - 键盘输入后清理
2021-10-22 17:06:04,536 - basepage.py - [line:152] - INFO - 键盘输入后清理
2021-10-22 17:06:05,803 - basepage.py - [line:152] - INFO - 键盘输入后清理
2021-10-22 17:09:21,770 - basepage.py - [line:130] - INFO - 元素文本信息为0
2021-10-22 17:09:21,926 - basepage.py - [line:152] - INFO - 键盘输入后清理
2021-10-22 17:09:33,614 - basepage.py - [line:152] - INFO - 键盘输入后清理
2021-10-22 17:09:35,132 - basepage.py - [line:152] - INFO - 键盘输入后清理
2021-10-22 17:09:36,473 - basepage.py - [line:152] - INFO - 键盘输入后清理
2021-10-22 17:09:37,859 - basepage.py - [line:152] - INFO - 键盘输入后清理
2021-10-22 17:12:41,291 - basepage.py - [line:97] - INFO - 鼠标光标移动至navBar_item_计算_content元素
2021-10-22 17:12:41,837 - basepage.py - [line:103] - INFO - 鼠标光标移动至navBar_item_计算_content_云服务器元素并点击
2021-10-22 17:12:42,709 - basepage.py - [line:85] - INFO - 点击了//*[@id="tab-vmlist"]元素
2021-10-22 17:12:49,175 - basepage.py - [line:116] - INFO - 元素文本信息为请选择
2021-10-22 17:12:49,204 - basepage.py - [line:116] - INFO - 元素文本信息为请选择
2021-10-22 17:12:51,487 - basepage.py - [line:130] - INFO - 元素文本信息为2
2021-10-22 17:13:01,609 - basepage.py - [line:116] - INFO - 元素文本信息为请选择
2021-10-22 17:13:01,639 - basepage.py - [line:116] - INFO - 元素文本信息为请选择
2021-10-22 17:13:46,774 - basepage.py - [line:116] - INFO - 元素文本信息为0
2021-10-22 17:14:23,063 - basepage.py - [line:97] - INFO - 鼠标光标移动至navBar_item_计算_content元素
2021-10-22 17:14:23,468 - basepage.py - [line:103] - INFO - 鼠标光标移动至navBar_item_计算_content_云服务器元素并点击
2021-10-22 17:14:24,391 - basepage.py - [line:85] - INFO - 点击了//*[@id="tab-vmlist"]元素
2021-10-22 17:14:33,208 - basepage.py - [line:130] - INFO - 元素文本信息为1
2021-10-22 17:25:56,228 - basepage.py - [line:97] - INFO - 鼠标光标移动至navBar_item_计算_content元素
2021-10-22 17:25:56,611 - basepage.py - [line:103] - INFO - 鼠标光标移动至navBar_item_计算_content_云服务器元素并点击
2021-10-22 17:25:56,923 - basepage.py - [line:85] - INFO - 点击了//*[@id="tab-vmlist"]元素
2021-10-22 17:26:03,331 - basepage.py - [line:130] - INFO - 元素文本信息为普通云盘1.0
2021-10-22 17:26:29,825 - basepage.py - [line:97] - INFO - 鼠标光标移动至navBar_item_计算_content元素
2021-10-22 17:26:30,262 - basepage.py - [line:103] - INFO - 鼠标光标移动至navBar_item_计算_content_云服务器元素并点击
2021-10-22 17:26:30,998 - basepage.py - [line:85] - INFO - 点击了//*[@id="tab-vmlist"]元素
2021-10-22 17:26:37,315 - basepage.py - [line:130] - INFO - 元素文本信息为普通云盘1.0
2021-10-22 17:30:57,463 - basepage.py - [line:97] - INFO - 鼠标光标移动至navBar_item_计算_content元素
2021-10-22 17:30:57,875 - basepage.py - [line:103] - INFO - 鼠标光标移动至navBar_item_计算_content_云服务器元素并点击
2021-10-22 17:30:58,567 - basepage.py - [line:85] - INFO - 点击了//*[@id="tab-vmlist"]元素
2021-10-22 17:33:40,742 - basepage.py - [line:97] - INFO - 鼠标光标移动至navBar_item_计算_content元素
2021-10-22 17:33:41,233 - basepage.py - [line:103] - INFO - 鼠标光标移动至navBar_item_计算_content_云服务器元素并点击
2021-10-22 17:33:42,009 - basepage.py - [line:85] - INFO - 点击了//*[@id="tab-vmlist"]元素
2021-10-22 17:33:50,315 - basepage.py - [line:130] - INFO - 元素文本信息为高效云盘
2021-10-22 17:34:20,857 - basepage.py - [line:97] - INFO - 鼠标光标移动至navBar_item_计算_content元素
2021-10-22 17:34:21,277 - basepage.py - [line:103] - INFO - 鼠标光标移动至navBar_item_计算_content_云服务器元素并点击
2021-10-22 17:34:21,630 - basepage.py - [line:85] - INFO - 点击了//*[@id="tab-vmlist"]元素
2021-10-22 17:34:27,751 - basepage.py - [line:130] - INFO - 元素文本信息为机械硬盘
2021-10-22 17:34:51,956 - basepage.py - [line:97] - INFO - 鼠标光标移动至navBar_item_计算_content元素
2021-10-22 17:34:52,446 - basepage.py - [line:103] - INFO - 鼠标光标移动至navBar_item_计算_content_云服务器元素并点击
2021-10-22 17:34:52,792 - basepage.py - [line:85] - INFO - 点击了//*[@id="tab-vmlist"]元素
2021-10-22 17:34:58,909 - basepage.py - [line:130] - INFO - 元素文本信息为机械硬盘
2021-10-22 17:36:22,159 - basepage.py - [line:97] - INFO - 鼠标光标移动至navBar_item_计算_content元素
2021-10-22 17:36:22,588 - basepage.py - [line:103] - INFO - 鼠标光标移动至navBar_item_计算_content_云服务器元素并点击
2021-10-22 17:36:22,889 - basepage.py - [line:85] - INFO - 点击了//*[@id="tab-vmlist"]元素
2021-10-22 17:36:31,853 - basepage.py - [line:130] - INFO - 元素文本信息为固态硬盘
2021-10-22 17:36:54,951 - basepage.py - [line:97] - INFO - 鼠标光标移动至navBar_item_计算_content元素
2021-10-22 17:36:55,367 - basepage.py - [line:103] - INFO - 鼠标光标移动至navBar_item_计算_content_云服务器元素并点击
2021-10-22 17:36:55,694 - basepage.py - [line:85] - INFO - 点击了//*[@id="tab-vmlist"]元素
2021-10-22 17:37:01,952 - basepage.py - [line:130] - INFO - 元素文本信息为1
2021-10-22 17:37:21,409 - basepage.py - [line:97] - INFO - 鼠标光标移动至navBar_item_计算_content元素
2021-10-22 17:37:21,822 - basepage.py - [line:103] - INFO - 鼠标光标移动至navBar_item_计算_content_云服务器元素并点击
2021-10-22 17:37:22,082 - basepage.py - [line:85] - INFO - 点击了//*[@id="tab-vmlist"]元素
2021-10-22 17:38:06,943 - basepage.py - [line:97] - INFO - 鼠标光标移动至navBar_item_计算_content元素
2021-10-22 17:38:07,318 - basepage.py - [line:103] - INFO - 鼠标光标移动至navBar_item_计算_content_云服务器元素并点击
2021-10-22 17:38:07,570 - basepage.py - [line:85] - INFO - 点击了//*[@id="tab-vmlist"]元素
2021-10-22 17:38:15,875 - basepage.py - [line:130] - INFO - 元素文本信息为3
2021-10-22 17:38:46,658 - basepage.py - [line:97] - INFO - 鼠标光标移动至navBar_item_计算_content元素
2021-10-22 17:38:47,051 - basepage.py - [line:103] - INFO - 鼠标光标移动至navBar_item_计算_content_云服务器元素并点击
2021-10-22 17:38:47,278 - basepage.py - [line:85] - INFO - 点击了//*[@id="tab-vmlist"]元素
2021-10-22 17:39:44,616 - basepage.py - [line:116] - INFO - 元素文本信息为请输入名称、IP、Mac地址、uuid
2021-10-22 17:40:02,968 - basepage.py - [line:97] - INFO - 鼠标光标移动至navBar_item_计算_content元素
2021-10-22 17:40:03,257 - basepage.py - [line:103] - INFO - 鼠标光标移动至navBar_item_计算_content_云服务器元素并点击
2021-10-22 17:40:03,332 - basepage.py - [line:85] - INFO - 点击了//*[@id="tab-vmlist"]元素
2021-10-22 17:40:06,125 - basepage.py - [line:116] - INFO - 元素文本信息为请输入云服务器名称
2021-10-22 17:40:10,141 - basepage.py - [line:152] - INFO - 键盘输入后清理
2021-10-22 17:40:11,764 - basepage.py - [line:152] - INFO - 键盘输入后清理
2021-10-22 17:40:16,701 - basepage.py - [line:130] - INFO - 元素文本信息为1
2021-10-22 17:40:16,863 - basepage.py - [line:152] - INFO - 键盘输入后清理
2021-10-22 17:40:18,024 - basepage.py - [line:116] - INFO - 元素文本信息为请输入自动创建云服务器个数（限制100）
2021-10-22 17:40:18,129 - basepage.py - [line:152] - INFO - 键盘输入后清理
2021-10-22 17:40:18,239 - basepage.py - [line:152] - INFO - 键盘输入后清理
2021-10-22 17:40:19,491 - basepage.py - [line:152] - INFO - 键盘输入后清理
2021-10-22 17:40:19,600 - basepage.py - [line:152] - INFO - 键盘输入后清理
2021-10-22 17:40:21,373 - basepage.py - [line:152] - INFO - 键盘输入后清理
2021-10-22 17:40:22,602 - basepage.py - [line:152] - INFO - 键盘输入后清理
2021-10-22 17:40:28,674 - basepage.py - [line:130] - INFO - 元素文本信息为2
2021-10-22 17:40:28,814 - basepage.py - [line:152] - INFO - 键盘输入后清理
2021-10-22 17:40:29,951 - basepage.py - [line:116] - INFO - 元素文本信息为请输入处理器
2021-10-22 17:40:31,199 - basepage.py - [line:152] - INFO - 键盘输入后清理
2021-10-22 17:40:32,765 - basepage.py - [line:152] - INFO - 键盘输入后清理
2021-10-22 17:40:34,011 - basepage.py - [line:152] - INFO - 键盘输入后清理
2021-10-22 17:40:35,133 - basepage.py - [line:130] - INFO - 元素文本信息为1
2021-10-22 17:40:35,261 - basepage.py - [line:152] - INFO - 键盘输入后清理
2021-10-22 17:40:36,407 - basepage.py - [line:116] - INFO - 元素文本信息为请输入处理器插槽数
2021-10-22 17:40:36,516 - basepage.py - [line:152] - INFO - 键盘输入后清理
2021-10-22 17:40:37,770 - basepage.py - [line:152] - INFO - 键盘输入后清理
2021-10-22 17:40:39,011 - basepage.py - [line:152] - INFO - 键盘输入后清理
2021-10-22 17:40:40,245 - basepage.py - [line:152] - INFO - 键盘输入后清理
2021-10-22 17:40:41,484 - basepage.py - [line:130] - INFO - 元素文本信息为2
2021-10-22 17:40:41,617 - basepage.py - [line:152] - INFO - 键盘输入后清理
2021-10-22 17:40:42,770 - basepage.py - [line:116] - INFO - 元素文本信息为请输入处理器插槽核数
2021-10-22 17:40:42,879 - basepage.py - [line:152] - INFO - 键盘输入后清理
2021-10-22 17:40:44,137 - basepage.py - [line:152] - INFO - 键盘输入后清理
2021-10-22 17:40:45,920 - basepage.py - [line:152] - INFO - 键盘输入后清理
2021-10-22 17:40:47,154 - basepage.py - [line:152] - INFO - 键盘输入后清理
2021-10-22 17:40:48,289 - basepage.py - [line:130] - INFO - 元素文本信息为4
2021-10-22 17:40:48,423 - basepage.py - [line:152] - INFO - 键盘输入后清理
2021-10-22 17:40:49,567 - basepage.py - [line:116] - INFO - 元素文本信息为请输入设置内存大小
2021-10-22 17:40:49,673 - basepage.py - [line:152] - INFO - 键盘输入后清理
2021-10-22 17:40:50,939 - basepage.py - [line:152] - INFO - 键盘输入后清理
2021-10-22 17:40:52,738 - basepage.py - [line:152] - INFO - 键盘输入后清理
2021-10-22 17:40:53,973 - basepage.py - [line:152] - INFO - 键盘输入后清理
2021-10-22 17:41:07,132 - basepage.py - [line:116] - INFO - 元素文本信息为请输入卷容量
2021-10-22 17:41:07,267 - basepage.py - [line:152] - INFO - 键盘输入后清理
2021-10-22 17:41:10,150 - basepage.py - [line:152] - INFO - 键盘输入后清理
2021-10-22 17:41:11,472 - basepage.py - [line:152] - INFO - 键盘输入后清理
2021-10-22 17:41:12,732 - basepage.py - [line:152] - INFO - 键盘输入后清理
2021-10-22 17:41:15,134 - basepage.py - [line:152] - INFO - 键盘输入后清理
2021-10-22 17:41:16,273 - basepage.py - [line:116] - INFO - 元素文本信息为0
2021-10-22 17:41:17,392 - basepage.py - [line:116] - INFO - 元素文本信息为0
2021-10-22 17:41:21,270 - basepage.py - [line:130] - INFO - 元素文本信息为test001-volume1
2021-10-22 17:41:21,431 - basepage.py - [line:152] - INFO - 键盘输入后清理
2021-10-22 17:41:22,581 - basepage.py - [line:116] - INFO - 元素文本信息为请输入卷名称
2021-10-22 17:41:22,699 - basepage.py - [line:152] - INFO - 键盘输入后清理
2021-10-22 17:41:24,001 - basepage.py - [line:152] - INFO - 键盘输入后清理
2021-10-22 17:41:25,984 - basepage.py - [line:152] - INFO - 键盘输入后清理
2021-10-22 17:41:27,207 - basepage.py - [line:130] - INFO - 元素文本信息为2
2021-10-22 17:41:29,935 - basepage.py - [line:130] - INFO - 元素文本信息为1
2021-10-22 17:41:30,245 - basepage.py - [line:97] - INFO - 鼠标光标移动至navBar_item_计算_content元素
2021-10-22 17:41:52,629 - basepage.py - [line:130] - INFO - 元素文本信息为机械硬盘
2021-10-22 17:41:54,825 - basepage.py - [line:130] - INFO - 元素文本信息为1
2021-10-22 17:42:39,663 - basepage.py - [line:130] - INFO - 元素文本信息为2
2021-10-22 17:43:04,071 - basepage.py - [line:97] - INFO - 鼠标光标移动至navBar_item_计算_content元素
2021-10-22 17:43:04,585 - basepage.py - [line:103] - INFO - 鼠标光标移动至navBar_item_计算_content_云服务器元素并点击
2021-10-22 17:43:05,247 - basepage.py - [line:85] - INFO - 点击了//*[@id="tab-vmlist"]元素
2021-10-22 17:43:11,380 - basepage.py - [line:130] - INFO - 元素文本信息为2
2021-10-22 17:43:52,693 - basepage.py - [line:97] - INFO - 鼠标光标移动至navBar_item_计算_content元素
2021-10-22 17:43:53,083 - basepage.py - [line:103] - INFO - 鼠标光标移动至navBar_item_计算_content_云服务器元素并点击
2021-10-22 17:43:53,348 - basepage.py - [line:85] - INFO - 点击了//*[@id="tab-vmlist"]元素
2021-10-22 17:44:02,074 - basepage.py - [line:130] - INFO - 元素文本信息为1
2021-10-22 17:44:23,282 - basepage.py - [line:130] - INFO - 元素文本信息为
2021-10-22 17:44:23,435 - basepage.py - [line:152] - INFO - 键盘输入后清理
2021-10-22 17:44:35,110 - basepage.py - [line:152] - INFO - 键盘输入后清理
2021-10-22 17:44:36,458 - basepage.py - [line:152] - INFO - 键盘输入后清理
2021-10-22 17:44:44,494 - basepage.py - [line:97] - INFO - 鼠标光标移动至navBar_item_计算_content元素
2021-10-22 17:44:44,906 - basepage.py - [line:103] - INFO - 鼠标光标移动至navBar_item_计算_content_云服务器元素并点击
2021-10-22 17:44:45,156 - basepage.py - [line:85] - INFO - 点击了//*[@id="tab-vmlist"]元素
2021-10-22 17:46:03,612 - basepage.py - [line:97] - INFO - 鼠标光标移动至navBar_item_计算_content元素
2021-10-22 17:46:03,984 - basepage.py - [line:103] - INFO - 鼠标光标移动至navBar_item_计算_content_云服务器元素并点击
2021-10-22 17:46:04,229 - basepage.py - [line:85] - INFO - 点击了//*[@id="tab-vmlist"]元素
2021-10-22 17:46:04,568 - basepage.py - [line:97] - INFO - 鼠标光标移动至navBar_item_计算_content元素
2021-10-22 17:46:04,873 - basepage.py - [line:103] - INFO - 鼠标光标移动至navBar_item_计算_content_云服务器元素并点击
2021-10-22 17:46:04,946 - basepage.py - [line:85] - INFO - 点击了//*[@id="tab-vmlist"]元素
2021-10-22 17:46:07,694 - basepage.py - [line:116] - INFO - 元素文本信息为请输入云服务器名称
2021-10-22 17:46:11,699 - basepage.py - [line:152] - INFO - 键盘输入后清理
2021-10-22 17:46:13,768 - basepage.py - [line:152] - INFO - 键盘输入后清理
2021-10-22 17:46:18,902 - basepage.py - [line:130] - INFO - 元素文本信息为1
2021-10-22 17:46:19,063 - basepage.py - [line:152] - INFO - 键盘输入后清理
2021-10-22 17:46:20,213 - basepage.py - [line:116] - INFO - 元素文本信息为请输入自动创建云服务器个数（限制100）
2021-10-22 17:46:20,324 - basepage.py - [line:152] - INFO - 键盘输入后清理
2021-10-22 17:46:20,434 - basepage.py - [line:152] - INFO - 键盘输入后清理
2021-10-22 17:46:21,699 - basepage.py - [line:152] - INFO - 键盘输入后清理
2021-10-22 17:46:21,805 - basepage.py - [line:152] - INFO - 键盘输入后清理
2021-10-22 17:46:23,052 - basepage.py - [line:152] - INFO - 键盘输入后清理
2021-10-22 17:46:24,294 - basepage.py - [line:152] - INFO - 键盘输入后清理
2021-10-22 17:46:30,336 - basepage.py - [line:130] - INFO - 元素文本信息为2
2021-10-22 17:46:30,488 - basepage.py - [line:152] - INFO - 键盘输入后清理
2021-10-22 17:46:31,645 - basepage.py - [line:116] - INFO - 元素文本信息为请输入处理器
2021-10-22 17:46:32,900 - basepage.py - [line:152] - INFO - 键盘输入后清理
2021-10-22 17:46:34,147 - basepage.py - [line:152] - INFO - 键盘输入后清理
2021-10-22 17:46:35,380 - basepage.py - [line:152] - INFO - 键盘输入后清理
2021-10-22 17:46:36,500 - basepage.py - [line:130] - INFO - 元素文本信息为1
2021-10-22 17:46:36,629 - basepage.py - [line:152] - INFO - 键盘输入后清理
2021-10-22 17:46:37,780 - basepage.py - [line:116] - INFO - 元素文本信息为请输入处理器插槽数
2021-10-22 17:46:37,890 - basepage.py - [line:152] - INFO - 键盘输入后清理
2021-10-22 17:46:39,153 - basepage.py - [line:152] - INFO - 键盘输入后清理
2021-10-22 17:46:40,392 - basepage.py - [line:152] - INFO - 键盘输入后清理
2021-10-22 17:46:41,632 - basepage.py - [line:152] - INFO - 键盘输入后清理
2021-10-22 17:46:42,758 - basepage.py - [line:130] - INFO - 元素文本信息为2
2021-10-22 17:46:42,898 - basepage.py - [line:152] - INFO - 键盘输入后清理
2021-10-22 17:46:44,125 - basepage.py - [line:116] - INFO - 元素文本信息为请输入处理器插槽核数
2021-10-22 17:46:44,231 - basepage.py - [line:152] - INFO - 键盘输入后清理
2021-10-22 17:46:45,968 - basepage.py - [line:152] - INFO - 键盘输入后清理
2021-10-22 17:46:47,730 - basepage.py - [line:152] - INFO - 键盘输入后清理
2021-10-22 17:46:48,965 - basepage.py - [line:152] - INFO - 键盘输入后清理
2021-10-22 17:46:50,088 - basepage.py - [line:130] - INFO - 元素文本信息为4
2021-10-22 17:46:50,228 - basepage.py - [line:152] - INFO - 键盘输入后清理
2021-10-22 17:46:51,375 - basepage.py - [line:116] - INFO - 元素文本信息为请输入设置内存大小
2021-10-22 17:46:51,480 - basepage.py - [line:152] - INFO - 键盘输入后清理
2021-10-22 17:46:52,743 - basepage.py - [line:152] - INFO - 键盘输入后清理
2021-10-22 17:46:54,805 - basepage.py - [line:152] - INFO - 键盘输入后清理
2021-10-22 17:46:56,052 - basepage.py - [line:152] - INFO - 键盘输入后清理
2021-10-22 17:47:09,275 - basepage.py - [line:116] - INFO - 元素文本信息为请输入卷容量
2021-10-22 17:47:09,411 - basepage.py - [line:152] - INFO - 键盘输入后清理
2021-10-22 17:47:12,260 - basepage.py - [line:152] - INFO - 键盘输入后清理
2021-10-22 17:47:13,717 - basepage.py - [line:152] - INFO - 键盘输入后清理
2021-10-22 17:47:14,992 - basepage.py - [line:152] - INFO - 键盘输入后清理
2021-10-22 17:47:17,018 - basepage.py - [line:152] - INFO - 键盘输入后清理
2021-10-22 17:47:18,174 - basepage.py - [line:116] - INFO - 元素文本信息为0
2021-10-22 17:47:19,285 - basepage.py - [line:116] - INFO - 元素文本信息为0
2021-10-22 17:47:23,232 - basepage.py - [line:130] - INFO - 元素文本信息为test001-volume1
2021-10-22 17:47:23,401 - basepage.py - [line:152] - INFO - 键盘输入后清理
2021-10-22 17:47:24,560 - basepage.py - [line:116] - INFO - 元素文本信息为请输入卷名称
2021-10-22 17:47:24,673 - basepage.py - [line:152] - INFO - 键盘输入后清理
2021-10-22 17:47:25,960 - basepage.py - [line:152] - INFO - 键盘输入后清理
2021-10-22 17:47:27,974 - basepage.py - [line:152] - INFO - 键盘输入后清理
2021-10-22 17:47:29,195 - basepage.py - [line:130] - INFO - 元素文本信息为2
2021-10-22 17:47:31,929 - basepage.py - [line:130] - INFO - 元素文本信息为1
2021-10-22 17:47:32,251 - basepage.py - [line:97] - INFO - 鼠标光标移动至navBar_item_计算_content元素
2021-10-22 17:47:54,690 - basepage.py - [line:130] - INFO - 元素文本信息为机械硬盘
2021-10-22 17:47:56,853 - basepage.py - [line:130] - INFO - 元素文本信息为1
2021-10-22 17:48:41,524 - basepage.py - [line:130] - INFO - 元素文本信息为2
2021-10-22 17:49:06,727 - basepage.py - [line:97] - INFO - 鼠标光标移动至navBar_item_计算_content元素
2021-10-22 17:49:07,250 - basepage.py - [line:103] - INFO - 鼠标光标移动至navBar_item_计算_content_云服务器元素并点击
2021-10-22 17:49:08,314 - basepage.py - [line:85] - INFO - 点击了//*[@id="tab-vmlist"]元素
2021-10-22 17:49:14,439 - basepage.py - [line:116] - INFO - 元素文本信息为请输入卷容量
2021-10-22 17:49:14,589 - basepage.py - [line:152] - INFO - 键盘输入后清理
2021-10-22 17:49:17,478 - basepage.py - [line:152] - INFO - 键盘输入后清理
2021-10-22 17:49:18,897 - basepage.py - [line:152] - INFO - 键盘输入后清理
2021-10-22 17:49:20,174 - basepage.py - [line:152] - INFO - 键盘输入后清理
2021-10-22 17:49:22,172 - basepage.py - [line:152] - INFO - 键盘输入后清理
2021-10-22 17:49:23,310 - basepage.py - [line:116] - INFO - 元素文本信息为0
2021-10-22 17:49:24,419 - basepage.py - [line:116] - INFO - 元素文本信息为0
2021-10-22 17:49:28,264 - basepage.py - [line:130] - INFO - 元素文本信息为test001-volume1
2021-10-22 17:49:28,429 - basepage.py - [line:152] - INFO - 键盘输入后清理
2021-10-22 17:49:29,590 - basepage.py - [line:116] - INFO - 元素文本信息为请输入卷名称
2021-10-22 17:49:29,703 - basepage.py - [line:152] - INFO - 键盘输入后清理
2021-10-22 17:49:31,001 - basepage.py - [line:152] - INFO - 键盘输入后清理
2021-10-22 17:49:32,995 - basepage.py - [line:152] - INFO - 键盘输入后清理
2021-10-22 17:49:34,212 - basepage.py - [line:130] - INFO - 元素文本信息为2
2021-10-22 17:49:36,933 - basepage.py - [line:130] - INFO - 元素文本信息为1
2021-10-22 17:49:37,236 - basepage.py - [line:97] - INFO - 鼠标光标移动至navBar_item_计算_content元素
2021-10-22 17:49:59,660 - basepage.py - [line:130] - INFO - 元素文本信息为机械硬盘
2021-10-22 17:50:01,857 - basepage.py - [line:130] - INFO - 元素文本信息为1
2021-10-22 17:50:46,679 - basepage.py - [line:130] - INFO - 元素文本信息为2
2021-10-22 17:51:08,599 - basepage.py - [line:97] - INFO - 鼠标光标移动至navBar_item_计算_content元素
2021-10-22 17:51:09,051 - basepage.py - [line:103] - INFO - 鼠标光标移动至navBar_item_计算_content_云服务器元素并点击
2021-10-22 17:51:09,308 - basepage.py - [line:85] - INFO - 点击了//*[@id="tab-vmlist"]元素
2021-10-22 17:51:16,007 - basepage.py - [line:116] - INFO - 元素文本信息为请输入卷容量
2021-10-22 17:51:16,141 - basepage.py - [line:152] - INFO - 键盘输入后清理
2021-10-22 17:51:18,987 - basepage.py - [line:152] - INFO - 键盘输入后清理
2021-10-22 17:51:20,413 - basepage.py - [line:152] - INFO - 键盘输入后清理
2021-10-22 17:51:21,656 - basepage.py - [line:152] - INFO - 键盘输入后清理
2021-10-22 17:51:23,682 - basepage.py - [line:152] - INFO - 键盘输入后清理
2021-10-22 17:51:24,831 - basepage.py - [line:116] - INFO - 元素文本信息为0
2021-10-22 17:51:25,944 - basepage.py - [line:116] - INFO - 元素文本信息为0
2021-10-22 17:51:30,816 - basepage.py - [line:130] - INFO - 元素文本信息为test001-volume1
2021-10-22 17:51:30,985 - basepage.py - [line:152] - INFO - 键盘输入后清理
2021-10-22 17:51:32,138 - basepage.py - [line:116] - INFO - 元素文本信息为请输入卷名称
2021-10-22 17:51:32,253 - basepage.py - [line:152] - INFO - 键盘输入后清理
2021-10-22 17:51:33,561 - basepage.py - [line:152] - INFO - 键盘输入后清理
2021-10-22 17:51:35,543 - basepage.py - [line:152] - INFO - 键盘输入后清理
2021-10-22 17:51:36,761 - basepage.py - [line:130] - INFO - 元素文本信息为2
2021-10-22 17:51:39,492 - basepage.py - [line:130] - INFO - 元素文本信息为1
2021-10-22 17:51:39,525 - basepage.py - [line:130] - INFO - 元素文本信息为普通云盘1.0
2021-10-22 17:51:51,760 - basepage.py - [line:130] - INFO - 元素文本信息为机械硬盘
2021-10-22 17:51:53,938 - basepage.py - [line:130] - INFO - 元素文本信息为1
2021-10-22 17:52:13,858 - basepage.py - [line:97] - INFO - 鼠标光标移动至navBar_item_计算_content元素
2021-10-22 17:52:14,307 - basepage.py - [line:103] - INFO - 鼠标光标移动至navBar_item_计算_content_云服务器元素并点击
2021-10-22 17:52:14,597 - basepage.py - [line:85] - INFO - 点击了//*[@id="tab-vmlist"]元素
2021-10-22 17:52:24,133 - basepage.py - [line:130] - INFO - 元素文本信息为高效云盘
2021-10-22 17:52:48,646 - basepage.py - [line:130] - INFO - 元素文本信息为
2021-10-22 17:54:02,999 - basepage.py - [line:97] - INFO - 鼠标光标移动至navBar_item_计算_content元素
2021-10-22 17:54:03,389 - basepage.py - [line:103] - INFO - 鼠标光标移动至navBar_item_计算_content_云服务器元素并点击
2021-10-22 17:54:03,629 - basepage.py - [line:85] - INFO - 点击了//*[@id="tab-vmlist"]元素
2021-10-22 17:54:10,037 - basepage.py - [line:116] - INFO - 元素文本信息为请输入卷容量
2021-10-22 17:54:10,180 - basepage.py - [line:152] - INFO - 键盘输入后清理
2021-10-22 17:54:13,075 - basepage.py - [line:152] - INFO - 键盘输入后清理
2021-10-22 17:54:14,522 - basepage.py - [line:152] - INFO - 键盘输入后清理
2021-10-22 17:54:15,820 - basepage.py - [line:152] - INFO - 键盘输入后清理
2021-10-22 17:54:17,741 - basepage.py - [line:152] - INFO - 键盘输入后清理
2021-10-22 17:54:18,896 - basepage.py - [line:116] - INFO - 元素文本信息为0
2021-10-22 17:54:20,031 - basepage.py - [line:116] - INFO - 元素文本信息为0
2021-10-22 17:54:24,891 - basepage.py - [line:130] - INFO - 元素文本信息为test001-volume1
2021-10-22 17:54:25,068 - basepage.py - [line:152] - INFO - 键盘输入后清理
2021-10-22 17:54:26,491 - basepage.py - [line:116] - INFO - 元素文本信息为请输入卷名称
2021-10-22 17:54:26,620 - basepage.py - [line:152] - INFO - 键盘输入后清理
2021-10-22 17:54:27,936 - basepage.py - [line:152] - INFO - 键盘输入后清理
2021-10-22 17:54:29,940 - basepage.py - [line:152] - INFO - 键盘输入后清理
2021-10-22 17:54:31,169 - basepage.py - [line:130] - INFO - 元素文本信息为2
2021-10-22 17:54:33,890 - basepage.py - [line:130] - INFO - 元素文本信息为1
2021-10-22 17:54:33,923 - basepage.py - [line:130] - INFO - 元素文本信息为普通云盘1.0
2021-10-22 17:54:46,144 - basepage.py - [line:130] - INFO - 元素文本信息为机械硬盘
2021-10-22 17:54:48,362 - basepage.py - [line:130] - INFO - 元素文本信息为1
2021-10-22 17:55:33,259 - basepage.py - [line:130] - INFO - 元素文本信息为2
2021-10-22 17:57:16,782 - basepage.py - [line:130] - INFO - 元素文本信息为2
2021-10-22 17:57:16,977 - basepage.py - [line:152] - INFO - 键盘输入后清理
2021-10-22 17:57:28,636 - basepage.py - [line:152] - INFO - 键盘输入后清理
2021-10-22 17:57:30,027 - basepage.py - [line:152] - INFO - 键盘输入后清理
2021-10-22 17:57:31,503 - basepage.py - [line:152] - INFO - 键盘输入后清理
2021-10-22 17:57:32,835 - basepage.py - [line:152] - INFO - 键盘输入后清理
2021-10-22 18:00:51,138 - basepage.py - [line:130] - INFO - 元素文本信息为0
2021-10-22 18:00:51,288 - basepage.py - [line:152] - INFO - 键盘输入后清理
2021-10-22 18:01:02,710 - basepage.py - [line:152] - INFO - 键盘输入后清理
2021-10-22 18:01:04,123 - basepage.py - [line:152] - INFO - 键盘输入后清理
2021-10-22 18:01:05,615 - basepage.py - [line:152] - INFO - 键盘输入后清理
2021-10-22 18:01:07,042 - basepage.py - [line:152] - INFO - 键盘输入后清理
2021-10-22 18:02:48,082 - basepage.py - [line:97] - INFO - 鼠标光标移动至navBar_item_计算_content元素
2021-10-22 18:02:48,528 - basepage.py - [line:103] - INFO - 鼠标光标移动至navBar_item_计算_content_云服务器元素并点击
2021-10-22 18:02:48,817 - basepage.py - [line:85] - INFO - 点击了//*[@id="tab-vmlist"]元素
2021-10-22 18:02:54,942 - basepage.py - [line:116] - INFO - 元素文本信息为请输入卷容量
2021-10-22 18:02:55,082 - basepage.py - [line:152] - INFO - 键盘输入后清理
2021-10-22 18:02:57,949 - basepage.py - [line:152] - INFO - 键盘输入后清理
2021-10-22 18:02:59,393 - basepage.py - [line:152] - INFO - 键盘输入后清理
2021-10-22 18:03:00,649 - basepage.py - [line:152] - INFO - 键盘输入后清理
2021-10-22 18:03:02,634 - basepage.py - [line:152] - INFO - 键盘输入后清理
2021-10-22 18:03:03,760 - basepage.py - [line:116] - INFO - 元素文本信息为0
2021-10-22 18:03:04,885 - basepage.py - [line:116] - INFO - 元素文本信息为0
2021-10-22 18:03:08,199 - basepage.py - [line:130] - INFO - 元素文本信息为test001-volume1
2021-10-22 18:03:08,364 - basepage.py - [line:152] - INFO - 键盘输入后清理
2021-10-22 18:03:10,350 - basepage.py - [line:116] - INFO - 元素文本信息为请输入卷名称
2021-10-22 18:03:10,478 - basepage.py - [line:152] - INFO - 键盘输入后清理
2021-10-22 18:03:12,024 - basepage.py - [line:152] - INFO - 键盘输入后清理
2021-10-22 18:03:14,038 - basepage.py - [line:152] - INFO - 键盘输入后清理
2021-10-22 18:03:15,266 - basepage.py - [line:130] - INFO - 元素文本信息为2
2021-10-22 18:03:18,072 - basepage.py - [line:130] - INFO - 元素文本信息为1
2021-10-22 18:03:18,107 - basepage.py - [line:130] - INFO - 元素文本信息为普通云盘1.0
2021-10-22 18:03:20,861 - basepage.py - [line:130] - INFO - 元素文本信息为高效云盘
2021-10-22 18:03:20,891 - basepage.py - [line:130] - INFO - 元素文本信息为机械硬盘
2021-10-22 18:03:23,608 - basepage.py - [line:130] - INFO - 元素文本信息为固态硬盘
2021-10-22 18:03:23,640 - basepage.py - [line:130] - INFO - 元素文本信息为1
2021-10-22 18:04:55,925 - basepage.py - [line:97] - INFO - 鼠标光标移动至navBar_item_计算_content元素
2021-10-22 18:04:56,501 - basepage.py - [line:103] - INFO - 鼠标光标移动至navBar_item_计算_content_云服务器元素并点击
2021-10-22 18:04:56,769 - basepage.py - [line:85] - INFO - 点击了//*[@id="tab-vmlist"]元素
2021-10-22 18:05:02,884 - basepage.py - [line:116] - INFO - 元素文本信息为请输入卷容量
2021-10-22 18:05:03,020 - basepage.py - [line:152] - INFO - 键盘输入后清理
2021-10-22 18:05:05,919 - basepage.py - [line:152] - INFO - 键盘输入后清理
2021-10-22 18:05:07,325 - basepage.py - [line:152] - INFO - 键盘输入后清理
2021-10-22 18:05:08,559 - basepage.py - [line:152] - INFO - 键盘输入后清理
2021-10-22 18:05:10,602 - basepage.py - [line:152] - INFO - 键盘输入后清理
2021-10-22 18:05:11,737 - basepage.py - [line:116] - INFO - 元素文本信息为0
2021-10-22 18:05:12,853 - basepage.py - [line:116] - INFO - 元素文本信息为0
2021-10-22 18:05:16,688 - basepage.py - [line:130] - INFO - 元素文本信息为test001-volume1
2021-10-22 18:05:16,865 - basepage.py - [line:152] - INFO - 键盘输入后清理
2021-10-22 18:05:18,035 - basepage.py - [line:116] - INFO - 元素文本信息为请输入卷名称
2021-10-22 18:05:18,146 - basepage.py - [line:152] - INFO - 键盘输入后清理
2021-10-22 18:05:19,450 - basepage.py - [line:152] - INFO - 键盘输入后清理
2021-10-22 18:05:21,429 - basepage.py - [line:152] - INFO - 键盘输入后清理
2021-10-22 18:05:22,657 - basepage.py - [line:130] - INFO - 元素文本信息为2
2021-10-22 18:05:25,413 - basepage.py - [line:130] - INFO - 元素文本信息为1
2021-10-22 18:05:25,446 - basepage.py - [line:130] - INFO - 元素文本信息为普通云盘1.0
2021-10-22 18:05:28,154 - basepage.py - [line:130] - INFO - 元素文本信息为高效云盘
2021-10-22 18:05:28,184 - basepage.py - [line:130] - INFO - 元素文本信息为机械硬盘
2021-10-22 18:05:30,879 - basepage.py - [line:130] - INFO - 元素文本信息为固态硬盘
2021-10-22 18:05:30,911 - basepage.py - [line:130] - INFO - 元素文本信息为1
2021-10-22 18:05:33,630 - basepage.py - [line:130] - INFO - 元素文本信息为3
2021-10-22 18:05:53,930 - basepage.py - [line:130] - INFO - 元素文本信息为virtio
2021-10-22 18:07:42,815 - basepage.py - [line:97] - INFO - 鼠标光标移动至navBar_item_计算_content元素
2021-10-22 18:07:43,220 - basepage.py - [line:103] - INFO - 鼠标光标移动至navBar_item_计算_content_云服务器元素并点击
2021-10-22 18:07:43,470 - basepage.py - [line:85] - INFO - 点击了//*[@id="tab-vmlist"]元素
2021-10-22 18:08:02,551 - basepage.py - [line:130] - INFO - 元素文本信息为virtio
2021-10-22 18:10:35,305 - basepage.py - [line:97] - INFO - 鼠标光标移动至navBar_item_计算_content元素
2021-10-22 18:10:36,464 - basepage.py - [line:103] - INFO - 鼠标光标移动至navBar_item_计算_content_云服务器元素并点击
2021-10-22 18:10:36,717 - basepage.py - [line:85] - INFO - 点击了//*[@id="tab-vmlist"]元素
2021-10-22 18:10:58,593 - basepage.py - [line:130] - INFO - 元素文本信息为virtio
2021-10-22 22:05:49,583 - basepage.py - [line:97] - INFO - 鼠标光标移动至navBar_item_计算_content元素
2021-10-22 22:06:39,161 - basepage.py - [line:97] - INFO - 鼠标光标移动至navBar_item_计算_content元素
2021-10-22 22:07:07,415 - basepage.py - [line:97] - INFO - 鼠标光标移动至navBar_item_计算_content元素
2021-10-22 22:08:00,439 - basepage.py - [line:97] - INFO - 鼠标光标移动至navBar_item_计算_content元素
2021-10-22 22:10:08,718 - basepage.py - [line:97] - INFO - 鼠标光标移动至navBar_item_计算_content元素
2021-10-22 22:10:50,032 - basepage.py - [line:97] - INFO - 鼠标光标移动至navBar_item_计算_content元素
2021-10-22 22:12:46,532 - basepage.py - [line:97] - INFO - 鼠标光标移动至navBar_item_计算_content元素
2021-10-22 22:41:26,005 - basepage.py - [line:97] - INFO - 鼠标光标移动至navBar_item_计算_content元素
2021-10-22 22:46:09,201 - basepage.py - [line:97] - INFO - 鼠标光标移动至navBar_item_计算_content元素
2021-10-22 22:48:07,874 - basepage.py - [line:97] - INFO - 鼠标光标移动至navBar_item_计算_content元素
2021-10-22 22:48:47,442 - basepage.py - [line:97] - INFO - 鼠标光标移动至navBar_item_计算_content元素
2021-10-22 22:49:54,436 - basepage.py - [line:97] - INFO - 鼠标光标移动至navBar_item_计算_content元素
2021-10-22 22:56:04,309 - basepage.py - [line:97] - INFO - 鼠标光标移动至navBar_item_计算_content元素
2021-10-22 22:57:11,045 - basepage.py - [line:97] - INFO - 鼠标光标移动至navBar_item_计算_content元素
2021-10-22 23:25:12,350 - basepage.py - [line:97] - INFO - 鼠标光标移动至navBar_item_计算_content元素
2021-10-22 23:30:14,026 - basepage.py - [line:97] - INFO - 鼠标光标移动至navBar_item_计算_content元素
2021-10-22 23:30:14,488 - basepage.py - [line:103] - INFO - 鼠标光标移动至navBar_item_计算_content_云服务器元素并点击
2021-10-22 23:30:15,107 - basepage.py - [line:85] - INFO - 点击了//*[@id="tab-vmlist"]元素
2021-10-22 23:31:02,197 - basepage.py - [line:97] - INFO - 鼠标光标移动至navBar_item_计算_content元素
2021-10-22 23:31:02,776 - basepage.py - [line:103] - INFO - 鼠标光标移动至navBar_item_计算_content_云服务器元素并点击
2021-10-22 23:31:03,486 - basepage.py - [line:85] - INFO - 点击了//*[@id="tab-vmlist"]元素
2021-10-22 23:31:35,835 - basepage.py - [line:97] - INFO - 鼠标光标移动至navBar_item_计算_content元素
2021-10-22 23:31:36,259 - basepage.py - [line:103] - INFO - 鼠标光标移动至navBar_item_计算_content_云服务器元素并点击
2021-10-22 23:31:36,973 - basepage.py - [line:85] - INFO - 点击了//*[@id="tab-vmlist"]元素
2021-10-22 23:32:12,305 - basepage.py - [line:97] - INFO - 鼠标光标移动至navBar_item_计算_content元素
2021-10-22 23:32:12,799 - basepage.py - [line:103] - INFO - 鼠标光标移动至navBar_item_计算_content_云服务器元素并点击
2021-10-22 23:32:13,034 - basepage.py - [line:85] - INFO - 点击了//*[@id="tab-vmlist"]元素
2021-10-22 23:32:52,184 - basepage.py - [line:97] - INFO - 鼠标光标移动至navBar_item_计算_content元素
2021-10-22 23:32:52,676 - basepage.py - [line:103] - INFO - 鼠标光标移动至navBar_item_计算_content_云服务器元素并点击
2021-10-22 23:32:53,386 - basepage.py - [line:85] - INFO - 点击了//*[@id="tab-vmlist"]元素
2021-10-22 23:33:01,569 - basepage.py - [line:130] - INFO - 元素文本信息为virtio
2021-10-22 23:40:51,102 - basepage.py - [line:97] - INFO - 鼠标光标移动至navBar_item_计算_content元素
2021-10-22 23:40:51,691 - basepage.py - [line:103] - INFO - 鼠标光标移动至navBar_item_计算_content_云服务器元素并点击
2021-10-22 23:40:52,242 - basepage.py - [line:85] - INFO - 点击了//*[@id="tab-vmlist"]元素
2021-10-22 23:41:00,806 - basepage.py - [line:130] - INFO - 元素文本信息为virtio
2021-10-22 23:42:57,046 - basepage.py - [line:97] - INFO - 鼠标光标移动至navBar_item_计算_content元素
2021-10-22 23:42:57,535 - basepage.py - [line:103] - INFO - 鼠标光标移动至navBar_item_计算_content_云服务器元素并点击
2021-10-22 23:42:58,177 - basepage.py - [line:85] - INFO - 点击了//*[@id="tab-vmlist"]元素
2021-10-22 23:43:06,735 - basepage.py - [line:130] - INFO - 元素文本信息为virtio
2021-10-22 23:44:24,866 - basepage.py - [line:97] - INFO - 鼠标光标移动至navBar_item_计算_content元素
2021-10-22 23:44:25,499 - basepage.py - [line:103] - INFO - 鼠标光标移动至navBar_item_计算_content_云服务器元素并点击
2021-10-22 23:44:26,166 - basepage.py - [line:85] - INFO - 点击了//*[@id="tab-vmlist"]元素
2021-10-22 23:47:26,755 - basepage.py - [line:97] - INFO - 鼠标光标移动至navBar_item_计算_content元素
2021-10-22 23:47:27,196 - basepage.py - [line:103] - INFO - 鼠标光标移动至navBar_item_计算_content_云服务器元素并点击
2021-10-22 23:47:27,947 - basepage.py - [line:85] - INFO - 点击了//*[@id="tab-vmlist"]元素
2021-10-22 23:47:39,576 - basepage.py - [line:130] - INFO - 元素文本信息为rtl8139
2021-10-22 23:48:42,261 - basepage.py - [line:97] - INFO - 鼠标光标移动至navBar_item_计算_content元素
2021-10-22 23:48:42,729 - basepage.py - [line:103] - INFO - 鼠标光标移动至navBar_item_计算_content_云服务器元素并点击
2021-10-22 23:48:43,077 - basepage.py - [line:85] - INFO - 点击了//*[@id="tab-vmlist"]元素
2021-10-22 23:48:54,805 - basepage.py - [line:130] - INFO - 元素文本信息为rtl8139
2021-10-22 23:55:58,198 - basepage.py - [line:97] - INFO - 鼠标光标移动至navBar_item_计算_content元素
2021-10-22 23:55:58,633 - basepage.py - [line:103] - INFO - 鼠标光标移动至navBar_item_计算_content_云服务器元素并点击
2021-10-22 23:55:59,378 - basepage.py - [line:85] - INFO - 点击了//*[@id="tab-vmlist"]元素
2021-10-22 23:57:46,181 - basepage.py - [line:97] - INFO - 鼠标光标移动至navBar_item_计算_content元素
2021-10-22 23:57:46,664 - basepage.py - [line:103] - INFO - 鼠标光标移动至navBar_item_计算_content_云服务器元素并点击
2021-10-22 23:57:47,481 - basepage.py - [line:85] - INFO - 点击了//*[@id="tab-vmlist"]元素
