2021-10-25 10:59:49,705 - basepage.py - [line:97] - INFO - 鼠标光标移动至navBar_item_计算_content元素
2021-10-25 10:59:50,261 - basepage.py - [line:103] - INFO - 鼠标光标移动至navBar_item_计算_content_云服务器元素并点击
2021-10-25 10:59:50,575 - basepage.py - [line:85] - INFO - 点击了//*[@id="tab-vmlist"]元素
2021-10-25 10:59:50,907 - basepage.py - [line:97] - INFO - 鼠标光标移动至navBar_item_计算_content元素
2021-10-25 10:59:51,193 - basepage.py - [line:103] - INFO - 鼠标光标移动至navBar_item_计算_content_云服务器元素并点击
2021-10-25 10:59:51,266 - basepage.py - [line:85] - INFO - 点击了//*[@id="tab-vmlist"]元素
2021-10-25 10:59:54,017 - basepage.py - [line:116] - INFO - 元素文本信息为请输入云服务器名称
2021-10-25 10:59:57,474 - basepage.py - [line:152] - INFO - 键盘输入后清理
2021-10-25 10:59:59,719 - basepage.py - [line:152] - INFO - 键盘输入后清理
2021-10-25 11:00:04,646 - basepage.py - [line:130] - INFO - 元素文本信息为1
2021-10-25 11:00:04,793 - basepage.py - [line:152] - INFO - 键盘输入后清理
2021-10-25 11:00:05,949 - basepage.py - [line:116] - INFO - 元素文本信息为请输入自动创建云服务器个数（限制100）
2021-10-25 11:00:06,055 - basepage.py - [line:152] - INFO - 键盘输入后清理
2021-10-25 11:00:06,168 - basepage.py - [line:152] - INFO - 键盘输入后清理
2021-10-25 11:00:07,432 - basepage.py - [line:152] - INFO - 键盘输入后清理
2021-10-25 11:00:07,545 - basepage.py - [line:152] - INFO - 键盘输入后清理
2021-10-25 11:00:09,321 - basepage.py - [line:152] - INFO - 键盘输入后清理
2021-10-25 11:00:10,561 - basepage.py - [line:152] - INFO - 键盘输入后清理
2021-10-25 11:00:16,797 - basepage.py - [line:130] - INFO - 元素文本信息为2
2021-10-25 11:00:16,936 - basepage.py - [line:152] - INFO - 键盘输入后清理
2021-10-25 11:00:18,080 - basepage.py - [line:116] - INFO - 元素文本信息为请输入处理器
2021-10-25 11:00:19,343 - basepage.py - [line:152] - INFO - 键盘输入后清理
2021-10-25 11:00:20,610 - basepage.py - [line:152] - INFO - 键盘输入后清理
2021-10-25 11:00:21,848 - basepage.py - [line:152] - INFO - 键盘输入后清理
2021-10-25 11:00:22,963 - basepage.py - [line:130] - INFO - 元素文本信息为1
2021-10-25 11:00:23,102 - basepage.py - [line:152] - INFO - 键盘输入后清理
2021-10-25 11:00:24,247 - basepage.py - [line:116] - INFO - 元素文本信息为请输入处理器插槽数
2021-10-25 11:00:24,357 - basepage.py - [line:152] - INFO - 键盘输入后清理
2021-10-25 11:00:25,613 - basepage.py - [line:152] - INFO - 键盘输入后清理
2021-10-25 11:00:26,851 - basepage.py - [line:152] - INFO - 键盘输入后清理
2021-10-25 11:00:28,088 - basepage.py - [line:152] - INFO - 键盘输入后清理
2021-10-25 11:00:29,223 - basepage.py - [line:130] - INFO - 元素文本信息为2
2021-10-25 11:00:29,366 - basepage.py - [line:152] - INFO - 键盘输入后清理
2021-10-25 11:00:30,526 - basepage.py - [line:116] - INFO - 元素文本信息为请输入处理器插槽核数
2021-10-25 11:00:30,641 - basepage.py - [line:152] - INFO - 键盘输入后清理
2021-10-25 11:00:31,888 - basepage.py - [line:152] - INFO - 键盘输入后清理
2021-10-25 11:00:33,679 - basepage.py - [line:152] - INFO - 键盘输入后清理
2021-10-25 11:00:34,906 - basepage.py - [line:152] - INFO - 键盘输入后清理
2021-10-25 11:00:36,027 - basepage.py - [line:130] - INFO - 元素文本信息为4
2021-10-25 11:00:36,387 - basepage.py - [line:152] - INFO - 键盘输入后清理
2021-10-25 11:00:37,527 - basepage.py - [line:116] - INFO - 元素文本信息为请输入设置内存大小
2021-10-25 11:00:37,637 - basepage.py - [line:152] - INFO - 键盘输入后清理
2021-10-25 11:00:38,888 - basepage.py - [line:152] - INFO - 键盘输入后清理
2021-10-25 11:00:40,665 - basepage.py - [line:152] - INFO - 键盘输入后清理
2021-10-25 11:00:41,897 - basepage.py - [line:152] - INFO - 键盘输入后清理
2021-10-25 11:00:55,130 - basepage.py - [line:116] - INFO - 元素文本信息为请输入卷容量
2021-10-25 11:00:55,267 - basepage.py - [line:152] - INFO - 键盘输入后清理
2021-10-25 11:01:04,611 - basepage.py - [line:152] - INFO - 键盘输入后清理
2021-10-25 11:01:05,921 - basepage.py - [line:152] - INFO - 键盘输入后清理
2021-10-25 11:01:07,771 - basepage.py - [line:152] - INFO - 键盘输入后清理
2021-10-25 11:01:07,885 - basepage.py - [line:152] - INFO - 键盘输入后清理
2021-10-25 11:01:09,140 - basepage.py - [line:152] - INFO - 键盘输入后清理
2021-10-25 11:01:10,289 - basepage.py - [line:116] - INFO - 元素文本信息为0
2021-10-25 11:01:11,385 - basepage.py - [line:116] - INFO - 元素文本信息为0
2021-10-25 11:01:25,281 - basepage.py - [line:130] - INFO - 元素文本信息为test001-volume1
2021-10-25 11:01:25,428 - basepage.py - [line:152] - INFO - 键盘输入后清理
2021-10-25 11:01:37,118 - basepage.py - [line:152] - INFO - 键盘输入后清理
2021-10-25 11:01:49,015 - basepage.py - [line:152] - INFO - 键盘输入后清理
2021-10-25 11:02:00,743 - basepage.py - [line:130] - INFO - 元素文本信息为2
2021-10-25 11:02:13,001 - basepage.py - [line:130] - INFO - 元素文本信息为普通云盘1.0
2021-10-25 11:02:25,592 - basepage.py - [line:130] - INFO - 元素文本信息为机械硬盘
2021-10-25 11:02:38,126 - basepage.py - [line:130] - INFO - 元素文本信息为1
2021-10-25 11:03:33,483 - basepage.py - [line:130] - INFO - 元素文本信息为2
2021-10-25 11:05:34,219 - basepage.py - [line:130] - INFO - 元素文本信息为2
2021-10-25 11:05:34,372 - basepage.py - [line:152] - INFO - 键盘输入后清理
2021-10-25 11:05:45,984 - basepage.py - [line:152] - INFO - 键盘输入后清理
2021-10-25 11:05:47,333 - basepage.py - [line:152] - INFO - 键盘输入后清理
2021-10-25 11:05:48,813 - basepage.py - [line:152] - INFO - 键盘输入后清理
2021-10-25 11:05:50,072 - basepage.py - [line:152] - INFO - 键盘输入后清理
2021-10-25 11:09:05,547 - basepage.py - [line:130] - INFO - 元素文本信息为0
2021-10-25 11:09:05,694 - basepage.py - [line:152] - INFO - 键盘输入后清理
2021-10-25 11:09:17,458 - basepage.py - [line:152] - INFO - 键盘输入后清理
2021-10-25 11:09:18,837 - basepage.py - [line:152] - INFO - 键盘输入后清理
2021-10-25 11:09:20,222 - basepage.py - [line:152] - INFO - 键盘输入后清理
2021-10-25 11:09:21,516 - basepage.py - [line:152] - INFO - 键盘输入后清理
2021-10-25 11:12:19,248 - basepage.py - [line:116] - INFO - 元素文本信息为请选择
2021-10-25 11:12:19,278 - basepage.py - [line:116] - INFO - 元素文本信息为请选择
2021-10-25 11:12:31,617 - basepage.py - [line:116] - INFO - 元素文本信息为请选择
2021-10-25 11:12:31,652 - basepage.py - [line:116] - INFO - 元素文本信息为请选择
2021-10-25 11:13:16,723 - basepage.py - [line:116] - INFO - 元素文本信息为0
2021-10-25 11:40:40,472 - basepage.py - [line:97] - INFO - 鼠标光标移动至navBar_item_计算_content元素
2021-10-25 11:40:40,977 - basepage.py - [line:103] - INFO - 鼠标光标移动至navBar_item_计算_content_云服务器元素并点击
2021-10-25 11:40:41,603 - basepage.py - [line:85] - INFO - 点击了//*[@id="tab-vmlist"]元素
2021-10-25 11:40:42,006 - basepage.py - [line:97] - INFO - 鼠标光标移动至navBar_item_计算_content元素
2021-10-25 11:40:42,297 - basepage.py - [line:103] - INFO - 鼠标光标移动至navBar_item_计算_content_云服务器元素并点击
2021-10-25 11:40:42,350 - basepage.py - [line:85] - INFO - 点击了//*[@id="tab-vmlist"]元素
2021-10-25 11:40:45,179 - basepage.py - [line:116] - INFO - 元素文本信息为请输入云服务器名称
2021-10-25 11:40:49,060 - basepage.py - [line:152] - INFO - 键盘输入后清理
2021-10-25 11:40:50,838 - basepage.py - [line:152] - INFO - 键盘输入后清理
2021-10-25 11:40:55,719 - basepage.py - [line:130] - INFO - 元素文本信息为1
2021-10-25 11:40:55,831 - basepage.py - [line:152] - INFO - 键盘输入后清理
2021-10-25 11:40:56,943 - basepage.py - [line:116] - INFO - 元素文本信息为请输入自动创建云服务器个数（限制100）
2021-10-25 11:40:56,999 - basepage.py - [line:152] - INFO - 键盘输入后清理
2021-10-25 11:40:57,058 - basepage.py - [line:152] - INFO - 键盘输入后清理
2021-10-25 11:40:58,224 - basepage.py - [line:152] - INFO - 键盘输入后清理
2021-10-25 11:40:58,290 - basepage.py - [line:152] - INFO - 键盘输入后清理
2021-10-25 11:40:59,990 - basepage.py - [line:152] - INFO - 键盘输入后清理
2021-10-25 11:41:01,147 - basepage.py - [line:152] - INFO - 键盘输入后清理
2021-10-25 11:41:07,263 - basepage.py - [line:130] - INFO - 元素文本信息为2
2021-10-25 11:41:07,398 - basepage.py - [line:152] - INFO - 键盘输入后清理
2021-10-25 11:41:08,523 - basepage.py - [line:116] - INFO - 元素文本信息为请输入处理器
2021-10-25 11:41:09,690 - basepage.py - [line:152] - INFO - 键盘输入后清理
2021-10-25 11:41:10,834 - basepage.py - [line:152] - INFO - 键盘输入后清理
2021-10-25 11:41:11,974 - basepage.py - [line:152] - INFO - 键盘输入后清理
2021-10-25 11:41:13,048 - basepage.py - [line:130] - INFO - 元素文本信息为1
2021-10-25 11:41:13,149 - basepage.py - [line:152] - INFO - 键盘输入后清理
2021-10-25 11:41:14,261 - basepage.py - [line:116] - INFO - 元素文本信息为请输入处理器插槽数
2021-10-25 11:41:14,322 - basepage.py - [line:152] - INFO - 键盘输入后清理
2021-10-25 11:41:15,486 - basepage.py - [line:152] - INFO - 键盘输入后清理
2021-10-25 11:41:16,634 - basepage.py - [line:152] - INFO - 键盘输入后清理
2021-10-25 11:41:17,817 - basepage.py - [line:152] - INFO - 键盘输入后清理
2021-10-25 11:41:18,905 - basepage.py - [line:130] - INFO - 元素文本信息为2
2021-10-25 11:41:19,022 - basepage.py - [line:152] - INFO - 键盘输入后清理
2021-10-25 11:41:20,132 - basepage.py - [line:116] - INFO - 元素文本信息为请输入处理器插槽核数
2021-10-25 11:41:20,194 - basepage.py - [line:152] - INFO - 键盘输入后清理
2021-10-25 11:41:21,351 - basepage.py - [line:152] - INFO - 键盘输入后清理
2021-10-25 11:41:23,029 - basepage.py - [line:152] - INFO - 键盘输入后清理
2021-10-25 11:41:24,192 - basepage.py - [line:152] - INFO - 键盘输入后清理
2021-10-25 11:41:25,283 - basepage.py - [line:130] - INFO - 元素文本信息为4
2021-10-25 11:41:25,397 - basepage.py - [line:152] - INFO - 键盘输入后清理
2021-10-25 11:41:26,508 - basepage.py - [line:116] - INFO - 元素文本信息为请输入设置内存大小
2021-10-25 11:41:26,618 - basepage.py - [line:152] - INFO - 键盘输入后清理
2021-10-25 11:41:27,807 - basepage.py - [line:152] - INFO - 键盘输入后清理
2021-10-25 11:41:29,477 - basepage.py - [line:152] - INFO - 键盘输入后清理
2021-10-25 11:41:30,622 - basepage.py - [line:152] - INFO - 键盘输入后清理
2021-10-25 11:41:43,743 - basepage.py - [line:116] - INFO - 元素文本信息为请输入卷容量
2021-10-25 11:41:43,863 - basepage.py - [line:152] - INFO - 键盘输入后清理
2021-10-25 11:41:53,108 - basepage.py - [line:152] - INFO - 键盘输入后清理
2021-10-25 11:41:54,335 - basepage.py - [line:152] - INFO - 键盘输入后清理
2021-10-25 11:41:56,100 - basepage.py - [line:152] - INFO - 键盘输入后清理
2021-10-25 11:41:56,169 - basepage.py - [line:152] - INFO - 键盘输入后清理
2021-10-25 11:41:57,321 - basepage.py - [line:152] - INFO - 键盘输入后清理
2021-10-25 11:41:58,434 - basepage.py - [line:116] - INFO - 元素文本信息为0
2021-10-25 11:41:59,536 - basepage.py - [line:116] - INFO - 元素文本信息为0
2021-10-25 11:42:03,348 - basepage.py - [line:130] - INFO - 元素文本信息为lakers1
2021-10-25 11:42:03,376 - basepage.py - [line:130] - INFO - 元素文本信息为test001-volume1
2021-10-25 11:42:03,503 - basepage.py - [line:152] - INFO - 键盘输入后清理
2021-10-25 11:42:04,615 - basepage.py - [line:116] - INFO - 元素文本信息为请输入卷名称
2021-10-25 11:42:04,682 - basepage.py - [line:152] - INFO - 键盘输入后清理
2021-10-25 11:42:05,892 - basepage.py - [line:152] - INFO - 键盘输入后清理
2021-10-25 11:42:07,832 - basepage.py - [line:152] - INFO - 键盘输入后清理
2021-10-25 11:42:09,032 - basepage.py - [line:130] - INFO - 元素文本信息为2
2021-10-25 11:42:11,725 - basepage.py - [line:130] - INFO - 元素文本信息为1
2021-10-25 11:42:11,754 - basepage.py - [line:130] - INFO - 元素文本信息为普通云盘1.0
2021-10-25 11:42:14,442 - basepage.py - [line:130] - INFO - 元素文本信息为高效云盘
2021-10-25 11:42:14,471 - basepage.py - [line:130] - INFO - 元素文本信息为机械硬盘
2021-10-25 11:42:17,155 - basepage.py - [line:130] - INFO - 元素文本信息为固态硬盘
2021-10-25 11:42:17,186 - basepage.py - [line:130] - INFO - 元素文本信息为1
2021-10-25 11:42:19,874 - basepage.py - [line:130] - INFO - 元素文本信息为3
2021-10-25 11:42:42,284 - basepage.py - [line:130] - INFO - 元素文本信息为virtio
2021-10-25 11:42:45,199 - basepage.py - [line:130] - INFO - 元素文本信息为rtl8139
2021-10-25 11:42:49,475 - basepage.py - [line:130] - INFO - 元素文本信息为1
2021-10-25 11:42:49,614 - basepage.py - [line:152] - INFO - 键盘输入后清理
2021-10-25 11:42:50,751 - basepage.py - [line:116] - INFO - 元素文本信息为请输入队列数
2021-10-25 11:42:50,817 - basepage.py - [line:152] - INFO - 键盘输入后清理
2021-10-25 11:42:52,023 - basepage.py - [line:152] - INFO - 键盘输入后清理
2021-10-25 11:42:53,187 - basepage.py - [line:152] - INFO - 键盘输入后清理
2021-10-25 11:42:54,338 - basepage.py - [line:152] - INFO - 键盘输入后清理
2021-10-25 11:42:56,785 - basepage.py - [line:130] - INFO - 元素文本信息为compute
2021-10-25 11:42:56,804 - basepage.py - [line:130] - INFO - 元素文本信息为计算97
2021-10-25 11:42:59,489 - basepage.py - [line:130] - INFO - 元素文本信息为storage
2021-10-25 11:42:59,523 - basepage.py - [line:130] - INFO - 元素文本信息为0
2021-10-25 11:42:59,657 - basepage.py - [line:152] - INFO - 键盘输入后清理
2021-10-25 11:43:00,742 - basepage.py - [line:116] - INFO - 元素文本信息为请输入速率
2021-10-25 11:43:00,819 - basepage.py - [line:152] - INFO - 键盘输入后清理
2021-10-25 11:43:02,564 - basepage.py - [line:152] - INFO - 键盘输入后清理
2021-10-25 11:43:03,899 - basepage.py - [line:152] - INFO - 键盘输入后清理
2021-10-25 11:43:05,592 - basepage.py - [line:152] - INFO - 键盘输入后清理
2021-10-25 11:43:06,692 - basepage.py - [line:130] - INFO - 元素文本信息为0
2021-10-25 11:43:06,804 - basepage.py - [line:152] - INFO - 键盘输入后清理
2021-10-25 11:43:07,884 - basepage.py - [line:116] - INFO - 元素文本信息为请输入速率
2021-10-25 11:43:07,950 - basepage.py - [line:152] - INFO - 键盘输入后清理
2021-10-25 11:43:09,185 - basepage.py - [line:152] - INFO - 键盘输入后清理
2021-10-25 11:43:09,269 - basepage.py - [line:152] - INFO - 键盘输入后清理
2021-10-25 11:43:11,033 - basepage.py - [line:152] - INFO - 键盘输入后清理
2021-10-25 11:43:12,249 - basepage.py - [line:152] - INFO - 键盘输入后清理
2021-10-25 11:43:13,386 - basepage.py - [line:130] - INFO - 元素文本信息为0
2021-10-25 11:43:13,497 - basepage.py - [line:152] - INFO - 键盘输入后清理
2021-10-25 11:43:14,621 - basepage.py - [line:116] - INFO - 元素文本信息为请输入突发值
2021-10-25 11:43:14,686 - basepage.py - [line:152] - INFO - 键盘输入后清理
2021-10-25 11:43:16,441 - basepage.py - [line:152] - INFO - 键盘输入后清理
2021-10-25 11:43:16,531 - basepage.py - [line:152] - INFO - 键盘输入后清理
2021-10-25 11:43:18,294 - basepage.py - [line:152] - INFO - 键盘输入后清理
2021-10-25 11:43:20,016 - basepage.py - [line:152] - INFO - 键盘输入后清理
2021-10-25 11:43:22,206 - basepage.py - [line:130] - INFO - 元素文本信息为0
2021-10-25 11:43:22,326 - basepage.py - [line:152] - INFO - 键盘输入后清理
2021-10-25 11:43:23,417 - basepage.py - [line:116] - INFO - 元素文本信息为请输入速率
2021-10-25 11:43:23,485 - basepage.py - [line:152] - INFO - 键盘输入后清理
2021-10-25 11:43:25,309 - basepage.py - [line:152] - INFO - 键盘输入后清理
2021-10-25 11:43:27,062 - basepage.py - [line:152] - INFO - 键盘输入后清理
2021-10-25 11:43:28,767 - basepage.py - [line:152] - INFO - 键盘输入后清理
2021-10-25 11:43:29,869 - basepage.py - [line:130] - INFO - 元素文本信息为0
2021-10-25 11:43:29,970 - basepage.py - [line:152] - INFO - 键盘输入后清理
2021-10-25 11:43:31,045 - basepage.py - [line:116] - INFO - 元素文本信息为请输入速率
2021-10-25 11:43:31,148 - basepage.py - [line:152] - INFO - 键盘输入后清理
2021-10-25 11:43:32,407 - basepage.py - [line:152] - INFO - 键盘输入后清理
2021-10-25 11:43:32,501 - basepage.py - [line:152] - INFO - 键盘输入后清理
2021-10-25 11:43:34,276 - basepage.py - [line:152] - INFO - 键盘输入后清理
2021-10-25 11:43:36,002 - basepage.py - [line:152] - INFO - 键盘输入后清理
2021-10-25 11:43:37,100 - basepage.py - [line:130] - INFO - 元素文本信息为0
2021-10-25 11:43:37,204 - basepage.py - [line:152] - INFO - 键盘输入后清理
2021-10-25 11:43:38,286 - basepage.py - [line:116] - INFO - 元素文本信息为请输入突发值
2021-10-25 11:43:38,426 - basepage.py - [line:152] - INFO - 键盘输入后清理
2021-10-25 11:43:40,166 - basepage.py - [line:152] - INFO - 键盘输入后清理
2021-10-25 11:43:42,991 - basepage.py - [line:152] - INFO - 键盘输入后清理
2021-10-25 11:43:44,715 - basepage.py - [line:152] - INFO - 键盘输入后清理
2021-10-25 11:43:56,578 - basepage.py - [line:116] - INFO - 元素文本信息为请选择仓库地址
2021-10-25 11:43:56,603 - basepage.py - [line:116] - INFO - 元素文本信息为请选择光驱
2021-10-25 11:44:02,023 - basepage.py - [line:130] - INFO - 元素文本信息为lakers
2021-10-25 11:44:02,044 - basepage.py - [line:130] - INFO - 元素文本信息为cn_windows_7_enterprise_x64_dvd_x15-70741.iso
2021-10-25 11:44:02,075 - basepage.py - [line:116] - INFO - 元素文本信息为请选择仓库地址
2021-10-25 11:44:02,101 - basepage.py - [line:116] - INFO - 元素文本信息为请选择软驱
2021-10-25 11:44:07,541 - basepage.py - [line:130] - INFO - 元素文本信息为lakers
2021-10-25 11:44:07,566 - basepage.py - [line:130] - INFO - 元素文本信息为virtio-win-0.1.141_amd64.vfd
2021-10-25 11:44:07,598 - basepage.py - [line:116] - INFO - 元素文本信息为0
2021-10-25 11:44:08,703 - basepage.py - [line:116] - INFO - 元素文本信息为0
2021-10-25 11:44:10,894 - basepage.py - [line:116] - INFO - 元素文本信息为0
2021-10-25 11:44:12,001 - basepage.py - [line:116] - INFO - 元素文本信息为0
2021-10-25 11:44:13,173 - basepage.py - [line:116] - INFO - 元素文本信息为0
2021-10-25 11:44:14,269 - basepage.py - [line:116] - INFO - 元素文本信息为0
2021-10-25 11:44:15,372 - basepage.py - [line:116] - INFO - 元素文本信息为0
2021-10-25 11:44:16,476 - basepage.py - [line:116] - INFO - 元素文本信息为0
2021-10-25 11:44:17,582 - basepage.py - [line:116] - INFO - 元素文本信息为0
2021-10-25 11:44:18,682 - basepage.py - [line:116] - INFO - 元素文本信息为0
2021-10-25 11:44:19,786 - basepage.py - [line:116] - INFO - 元素文本信息为0
2021-10-25 11:44:20,884 - basepage.py - [line:116] - INFO - 元素文本信息为0
2021-10-25 11:44:22,014 - basepage.py - [line:116] - INFO - 元素文本信息为0
2021-10-25 11:44:23,111 - basepage.py - [line:116] - INFO - 元素文本信息为0
2021-10-25 11:44:24,312 - basepage.py - [line:116] - INFO - 元素文本信息为0
2021-10-25 11:44:25,410 - basepage.py - [line:116] - INFO - 元素文本信息为0
2021-10-25 11:44:26,516 - basepage.py - [line:116] - INFO - 元素文本信息为0
2021-10-25 11:44:27,618 - basepage.py - [line:116] - INFO - 元素文本信息为0
2021-10-25 11:44:28,722 - basepage.py - [line:116] - INFO - 元素文本信息为0
2021-10-25 11:44:29,827 - basepage.py - [line:116] - INFO - 元素文本信息为0
2021-10-25 11:44:30,928 - basepage.py - [line:116] - INFO - 元素文本信息为0
2021-10-25 11:44:32,027 - basepage.py - [line:116] - INFO - 元素文本信息为-1
2021-10-25 11:44:34,182 - basepage.py - [line:116] - INFO - 元素文本信息为0
2021-10-25 11:44:36,333 - basepage.py - [line:157] - INFO - 键盘操作:向下翻页
2021-10-25 11:44:36,878 - basepage.py - [line:116] - INFO - 元素文本信息为0
2021-10-25 11:44:37,928 - basepage.py - [line:157] - INFO - 键盘操作:向下翻页
2021-10-25 11:44:39,217 - basepage.py - [line:157] - INFO - 键盘操作:向下翻页
2021-10-25 11:44:40,357 - basepage.py - [line:157] - INFO - 键盘操作:向下翻页
2021-10-25 11:44:41,492 - basepage.py - [line:157] - INFO - 键盘操作:向下翻页
