2021-10-17 14:01:23,449 - basepage.py - [line:97] - INFO - 鼠标光标移动至navBar_item_计算_content元素
2021-10-17 14:01:23,869 - basepage.py - [line:103] - INFO - 鼠标光标移动至navBar_item_计算_content_云服务器元素并点击
2021-10-17 14:01:24,219 - basepage.py - [line:85] - INFO - 点击了//*[@id="tab-vmlist"]元素
2021-10-17 14:01:28,228 - basepage.py - [line:116] - INFO - 元素文本信息为请输入云服务器名称
2021-10-17 14:01:55,591 - basepage.py - [line:97] - INFO - 鼠标光标移动至navBar_item_计算_content元素
2021-10-17 14:01:55,971 - basepage.py - [line:103] - INFO - 鼠标光标移动至navBar_item_计算_content_云服务器元素并点击
2021-10-17 14:01:56,359 - basepage.py - [line:85] - INFO - 点击了//*[@id="tab-vmlist"]元素
2021-10-17 14:02:01,680 - basepage.py - [line:116] - INFO - 元素文本信息为请输入云服务器名称
2021-10-17 14:02:59,652 - basepage.py - [line:97] - INFO - 鼠标光标移动至navBar_item_计算_content元素
2021-10-17 14:03:00,061 - basepage.py - [line:103] - INFO - 鼠标光标移动至navBar_item_计算_content_云服务器元素并点击
2021-10-17 14:03:00,521 - basepage.py - [line:85] - INFO - 点击了//*[@id="tab-vmlist"]元素
2021-10-17 14:03:35,261 - basepage.py - [line:97] - INFO - 鼠标光标移动至navBar_item_计算_content元素
2021-10-17 14:03:35,675 - basepage.py - [line:103] - INFO - 鼠标光标移动至navBar_item_计算_content_云服务器元素并点击
2021-10-17 14:03:36,184 - basepage.py - [line:85] - INFO - 点击了//*[@id="tab-vmlist"]元素
2021-10-17 14:13:28,069 - basepage.py - [line:97] - INFO - 鼠标光标移动至navBar_item_计算_content元素
2021-10-17 14:13:28,421 - basepage.py - [line:103] - INFO - 鼠标光标移动至navBar_item_计算_content_云服务器元素并点击
2021-10-17 14:13:29,216 - basepage.py - [line:85] - INFO - 点击了//*[@id="tab-vmlist"]元素
2021-10-17 14:13:33,974 - basepage.py - [line:152] - INFO - 键盘输入后清理
2021-10-17 14:15:11,288 - basepage.py - [line:97] - INFO - 鼠标光标移动至navBar_item_计算_content元素
2021-10-17 14:15:11,649 - basepage.py - [line:103] - INFO - 鼠标光标移动至navBar_item_计算_content_云服务器元素并点击
2021-10-17 14:15:11,985 - basepage.py - [line:85] - INFO - 点击了//*[@id="tab-vmlist"]元素
2021-10-17 14:15:17,695 - basepage.py - [line:152] - INFO - 键盘输入后清理
2021-10-17 14:16:01,110 - basepage.py - [line:97] - INFO - 鼠标光标移动至navBar_item_计算_content元素
2021-10-17 14:16:01,636 - basepage.py - [line:103] - INFO - 鼠标光标移动至navBar_item_计算_content_云服务器元素并点击
2021-10-17 14:16:02,011 - basepage.py - [line:85] - INFO - 点击了//*[@id="tab-vmlist"]元素
2021-10-17 14:16:06,382 - basepage.py - [line:152] - INFO - 键盘输入后清理
2021-10-17 14:17:18,843 - basepage.py - [line:97] - INFO - 鼠标光标移动至navBar_item_计算_content元素
2021-10-17 14:17:19,237 - basepage.py - [line:103] - INFO - 鼠标光标移动至navBar_item_计算_content_云服务器元素并点击
2021-10-17 14:17:19,621 - basepage.py - [line:85] - INFO - 点击了//*[@id="tab-vmlist"]元素
2021-10-17 14:17:25,161 - basepage.py - [line:152] - INFO - 键盘输入后清理
2021-10-17 14:18:05,286 - basepage.py - [line:97] - INFO - 鼠标光标移动至navBar_item_计算_content元素
2021-10-17 14:18:05,774 - basepage.py - [line:103] - INFO - 鼠标光标移动至navBar_item_计算_content_云服务器元素并点击
2021-10-17 14:18:06,167 - basepage.py - [line:85] - INFO - 点击了//*[@id="tab-vmlist"]元素
2021-10-17 14:18:10,663 - basepage.py - [line:152] - INFO - 键盘输入后清理
2021-10-17 14:19:41,805 - basepage.py - [line:97] - INFO - 鼠标光标移动至navBar_item_计算_content元素
2021-10-17 14:19:42,240 - basepage.py - [line:103] - INFO - 鼠标光标移动至navBar_item_计算_content_云服务器元素并点击
2021-10-17 14:19:42,600 - basepage.py - [line:85] - INFO - 点击了//*[@id="tab-vmlist"]元素
2021-10-17 14:19:46,937 - basepage.py - [line:152] - INFO - 键盘输入后清理
2021-10-17 14:20:52,286 - basepage.py - [line:97] - INFO - 鼠标光标移动至navBar_item_计算_content元素
2021-10-17 14:20:52,775 - basepage.py - [line:103] - INFO - 鼠标光标移动至navBar_item_计算_content_云服务器元素并点击
2021-10-17 14:20:54,078 - basepage.py - [line:85] - INFO - 点击了//*[@id="tab-vmlist"]元素
2021-10-17 14:20:58,824 - basepage.py - [line:152] - INFO - 键盘输入后清理
2021-10-17 14:31:30,154 - basepage.py - [line:97] - INFO - 鼠标光标移动至navBar_item_计算_content元素
2021-10-17 14:31:30,672 - basepage.py - [line:103] - INFO - 鼠标光标移动至navBar_item_计算_content_云服务器元素并点击
2021-10-17 14:31:31,091 - basepage.py - [line:85] - INFO - 点击了//*[@id="tab-vmlist"]元素
2021-10-17 14:31:35,734 - basepage.py - [line:152] - INFO - 键盘输入后清理
2021-10-17 14:39:08,133 - basepage.py - [line:97] - INFO - 鼠标光标移动至navBar_item_计算_content元素
2021-10-17 14:39:08,505 - basepage.py - [line:103] - INFO - 鼠标光标移动至navBar_item_计算_content_云服务器元素并点击
2021-10-17 14:39:08,947 - basepage.py - [line:85] - INFO - 点击了//*[@id="tab-vmlist"]元素
2021-10-17 14:40:00,827 - basepage.py - [line:97] - INFO - 鼠标光标移动至navBar_item_计算_content元素
2021-10-17 14:40:01,310 - basepage.py - [line:103] - INFO - 鼠标光标移动至navBar_item_计算_content_云服务器元素并点击
2021-10-17 14:40:03,376 - basepage.py - [line:85] - INFO - 点击了//*[@id="tab-vmlist"]元素
2021-10-17 14:43:38,554 - basepage.py - [line:97] - INFO - 鼠标光标移动至navBar_item_计算_content元素
2021-10-17 14:43:38,947 - basepage.py - [line:103] - INFO - 鼠标光标移动至navBar_item_计算_content_云服务器元素并点击
2021-10-17 14:43:39,314 - basepage.py - [line:85] - INFO - 点击了//*[@id="tab-vmlist"]元素
2021-10-17 14:43:42,409 - basepage.py - [line:130] - INFO - 元素文本信息为1
2021-10-17 14:43:42,565 - basepage.py - [line:152] - INFO - 键盘输入后清理
2021-10-17 14:45:46,152 - basepage.py - [line:97] - INFO - 鼠标光标移动至navBar_item_计算_content元素
2021-10-17 14:45:46,556 - basepage.py - [line:103] - INFO - 鼠标光标移动至navBar_item_计算_content_云服务器元素并点击
2021-10-17 14:45:46,930 - basepage.py - [line:85] - INFO - 点击了//*[@id="tab-vmlist"]元素
2021-10-17 14:45:50,067 - basepage.py - [line:130] - INFO - 元素文本信息为1
2021-10-17 14:45:50,270 - basepage.py - [line:152] - INFO - 键盘输入后清理
2021-10-17 14:47:04,005 - basepage.py - [line:97] - INFO - 鼠标光标移动至navBar_item_计算_content元素
2021-10-17 14:47:04,503 - basepage.py - [line:103] - INFO - 鼠标光标移动至navBar_item_计算_content_云服务器元素并点击
2021-10-17 14:47:04,852 - basepage.py - [line:85] - INFO - 点击了//*[@id="tab-vmlist"]元素
2021-10-17 14:47:09,934 - basepage.py - [line:130] - INFO - 元素文本信息为1
2021-10-17 14:47:10,105 - basepage.py - [line:152] - INFO - 键盘输入后清理
2021-10-17 14:47:53,418 - basepage.py - [line:97] - INFO - 鼠标光标移动至navBar_item_计算_content元素
2021-10-17 14:47:53,825 - basepage.py - [line:103] - INFO - 鼠标光标移动至navBar_item_计算_content_云服务器元素并点击
2021-10-17 14:47:54,195 - basepage.py - [line:85] - INFO - 点击了//*[@id="tab-vmlist"]元素
2021-10-17 14:47:57,253 - basepage.py - [line:130] - INFO - 元素文本信息为1
2021-10-17 14:47:57,431 - basepage.py - [line:152] - INFO - 键盘输入后清理
2021-10-17 14:48:48,991 - basepage.py - [line:97] - INFO - 鼠标光标移动至navBar_item_计算_content元素
2021-10-17 14:48:49,380 - basepage.py - [line:103] - INFO - 鼠标光标移动至navBar_item_计算_content_云服务器元素并点击
2021-10-17 14:48:49,750 - basepage.py - [line:85] - INFO - 点击了//*[@id="tab-vmlist"]元素
2021-10-17 14:48:52,785 - basepage.py - [line:130] - INFO - 元素文本信息为1
2021-10-17 14:48:52,950 - basepage.py - [line:152] - INFO - 键盘输入后清理
2021-10-17 14:58:58,032 - basepage.py - [line:97] - INFO - 鼠标光标移动至navBar_item_计算_content元素
2021-10-17 15:00:06,184 - basepage.py - [line:97] - INFO - 鼠标光标移动至navBar_item_计算_content元素
2021-10-17 15:03:56,011 - basepage.py - [line:97] - INFO - 鼠标光标移动至navBar_item_计算_content元素
2021-10-17 15:03:56,556 - basepage.py - [line:103] - INFO - 鼠标光标移动至navBar_item_计算_content_云服务器元素并点击
2021-10-17 15:03:57,189 - basepage.py - [line:85] - INFO - 点击了//*[@id="tab-vmlist"]元素
2021-10-17 15:09:45,153 - basepage.py - [line:97] - INFO - 鼠标光标移动至navBar_item_计算_content元素
2021-10-17 15:09:45,706 - basepage.py - [line:103] - INFO - 鼠标光标移动至navBar_item_计算_content_云服务器元素并点击
2021-10-17 15:09:45,951 - basepage.py - [line:85] - INFO - 点击了//*[@id="tab-vmlist"]元素
2021-10-17 15:47:02,442 - basepage.py - [line:97] - INFO - 鼠标光标移动至navBar_item_计算_content元素
2021-10-17 15:47:03,047 - basepage.py - [line:103] - INFO - 鼠标光标移动至navBar_item_计算_content_云服务器元素并点击
2021-10-17 15:47:03,270 - basepage.py - [line:85] - INFO - 点击了//*[@id="tab-vmlist"]元素
2021-10-17 15:51:28,814 - basepage.py - [line:97] - INFO - 鼠标光标移动至navBar_item_计算_content元素
2021-10-17 15:51:29,256 - basepage.py - [line:103] - INFO - 鼠标光标移动至navBar_item_计算_content_云服务器元素并点击
2021-10-17 15:51:29,671 - basepage.py - [line:85] - INFO - 点击了//*[@id="tab-vmlist"]元素
2021-10-17 15:51:33,701 - basepage.py - [line:116] - INFO - 元素文本信息为请输入自动创建云服务器个数（限制100）
2021-10-17 15:53:55,533 - basepage.py - [line:97] - INFO - 鼠标光标移动至navBar_item_计算_content元素
2021-10-17 15:53:56,054 - basepage.py - [line:103] - INFO - 鼠标光标移动至navBar_item_计算_content_云服务器元素并点击
2021-10-17 15:53:56,500 - basepage.py - [line:85] - INFO - 点击了//*[@id="tab-vmlist"]元素
2021-10-17 15:54:00,472 - basepage.py - [line:116] - INFO - 元素文本信息为请输入自动创建云服务器个数（限制100）
2021-10-17 15:55:20,491 - basepage.py - [line:97] - INFO - 鼠标光标移动至navBar_item_计算_content元素
2021-10-17 15:56:09,680 - basepage.py - [line:97] - INFO - 鼠标光标移动至navBar_item_计算_content元素
2021-10-17 15:56:10,299 - basepage.py - [line:103] - INFO - 鼠标光标移动至navBar_item_计算_content_云服务器元素并点击
2021-10-17 15:56:11,103 - basepage.py - [line:85] - INFO - 点击了//*[@id="tab-vmlist"]元素
2021-10-17 15:56:14,175 - basepage.py - [line:152] - INFO - 键盘输入后清理
2021-10-17 15:56:15,347 - basepage.py - [line:116] - INFO - 元素文本信息为请输入自动创建云服务器个数（限制100）
2021-10-17 16:09:58,722 - basepage.py - [line:97] - INFO - 鼠标光标移动至navBar_item_计算_content元素
2021-10-17 16:09:59,384 - basepage.py - [line:103] - INFO - 鼠标光标移动至navBar_item_计算_content_云服务器元素并点击
2021-10-17 16:09:59,711 - basepage.py - [line:85] - INFO - 点击了//*[@id="tab-vmlist"]元素
2021-10-17 16:10:02,922 - basepage.py - [line:152] - INFO - 键盘输入后清理
2021-10-17 16:10:04,102 - basepage.py - [line:116] - INFO - 元素文本信息为请输入自动创建云服务器个数（限制100）
2021-10-17 16:10:35,766 - basepage.py - [line:97] - INFO - 鼠标光标移动至navBar_item_计算_content元素
2021-10-17 16:10:36,283 - basepage.py - [line:103] - INFO - 鼠标光标移动至navBar_item_计算_content_云服务器元素并点击
2021-10-17 16:10:36,631 - basepage.py - [line:85] - INFO - 点击了//*[@id="tab-vmlist"]元素
2021-10-17 16:10:39,585 - basepage.py - [line:152] - INFO - 键盘输入后清理
2021-10-17 16:10:40,751 - basepage.py - [line:116] - INFO - 元素文本信息为请输入自动创建云服务器个数（限制100）
2021-10-17 16:11:27,514 - basepage.py - [line:97] - INFO - 鼠标光标移动至navBar_item_计算_content元素
2021-10-17 16:11:28,122 - basepage.py - [line:103] - INFO - 鼠标光标移动至navBar_item_计算_content_云服务器元素并点击
2021-10-17 16:11:28,470 - basepage.py - [line:85] - INFO - 点击了//*[@id="tab-vmlist"]元素
2021-10-17 16:11:31,426 - basepage.py - [line:152] - INFO - 键盘输入后清理
2021-10-17 16:11:32,579 - basepage.py - [line:116] - INFO - 元素文本信息为请输入自动创建云服务器个数（限制100）
2021-10-17 16:13:53,911 - basepage.py - [line:97] - INFO - 鼠标光标移动至navBar_item_计算_content元素
2021-10-17 16:13:54,639 - basepage.py - [line:103] - INFO - 鼠标光标移动至navBar_item_计算_content_云服务器元素并点击
2021-10-17 16:13:55,061 - basepage.py - [line:85] - INFO - 点击了//*[@id="tab-vmlist"]元素
2021-10-17 16:13:58,345 - basepage.py - [line:152] - INFO - 键盘输入后清理
2021-10-17 16:13:59,508 - basepage.py - [line:116] - INFO - 元素文本信息为请输入自动创建云服务器个数（限制100）
2021-10-17 16:17:46,043 - basepage.py - [line:97] - INFO - 鼠标光标移动至navBar_item_计算_content元素
2021-10-17 16:17:46,654 - basepage.py - [line:103] - INFO - 鼠标光标移动至navBar_item_计算_content_云服务器元素并点击
2021-10-17 16:17:47,084 - basepage.py - [line:85] - INFO - 点击了//*[@id="tab-vmlist"]元素
2021-10-17 16:17:50,151 - basepage.py - [line:152] - INFO - 键盘输入后清理
2021-10-17 16:17:51,317 - basepage.py - [line:116] - INFO - 元素文本信息为请输入自动创建云服务器个数（限制100）
2021-10-17 16:21:54,033 - basepage.py - [line:97] - INFO - 鼠标光标移动至navBar_item_计算_content元素
2021-10-17 16:21:54,478 - basepage.py - [line:103] - INFO - 鼠标光标移动至navBar_item_计算_content_云服务器元素并点击
2021-10-17 16:21:55,018 - basepage.py - [line:85] - INFO - 点击了//*[@id="tab-vmlist"]元素
2021-10-17 16:21:58,050 - basepage.py - [line:152] - INFO - 键盘输入后清理
2021-10-17 16:23:35,585 - basepage.py - [line:97] - INFO - 鼠标光标移动至navBar_item_计算_content元素
2021-10-17 16:23:36,137 - basepage.py - [line:103] - INFO - 鼠标光标移动至navBar_item_计算_content_云服务器元素并点击
2021-10-17 16:23:36,725 - basepage.py - [line:85] - INFO - 点击了//*[@id="tab-vmlist"]元素
2021-10-17 16:23:39,780 - basepage.py - [line:152] - INFO - 键盘输入后清理
2021-10-17 16:23:56,770 - basepage.py - [line:97] - INFO - 鼠标光标移动至navBar_item_计算_content元素
2021-10-17 16:23:57,193 - basepage.py - [line:103] - INFO - 鼠标光标移动至navBar_item_计算_content_云服务器元素并点击
2021-10-17 16:23:57,824 - basepage.py - [line:85] - INFO - 点击了//*[@id="tab-vmlist"]元素
2021-10-17 16:24:00,969 - basepage.py - [line:152] - INFO - 键盘输入后清理
2021-10-17 16:26:00,450 - basepage.py - [line:97] - INFO - 鼠标光标移动至navBar_item_计算_content元素
2021-10-17 16:26:00,815 - basepage.py - [line:103] - INFO - 鼠标光标移动至navBar_item_计算_content_云服务器元素并点击
2021-10-17 16:26:01,121 - basepage.py - [line:85] - INFO - 点击了//*[@id="tab-vmlist"]元素
2021-10-17 16:26:04,190 - basepage.py - [line:152] - INFO - 键盘输入后清理
2021-10-17 16:29:34,076 - basepage.py - [line:97] - INFO - 鼠标光标移动至navBar_item_计算_content元素
2021-10-17 16:29:34,591 - basepage.py - [line:103] - INFO - 鼠标光标移动至navBar_item_计算_content_云服务器元素并点击
2021-10-17 16:29:35,073 - basepage.py - [line:85] - INFO - 点击了//*[@id="tab-vmlist"]元素
2021-10-17 16:29:38,401 - basepage.py - [line:152] - INFO - 键盘输入后清理
2021-10-17 16:30:16,275 - basepage.py - [line:97] - INFO - 鼠标光标移动至navBar_item_计算_content元素
2021-10-17 16:30:16,639 - basepage.py - [line:103] - INFO - 鼠标光标移动至navBar_item_计算_content_云服务器元素并点击
2021-10-17 16:30:17,402 - basepage.py - [line:85] - INFO - 点击了//*[@id="tab-vmlist"]元素
2021-10-17 16:30:20,946 - basepage.py - [line:152] - INFO - 键盘输入后清理
2021-10-17 16:30:57,940 - basepage.py - [line:97] - INFO - 鼠标光标移动至navBar_item_计算_content元素
2021-10-17 16:30:58,285 - basepage.py - [line:103] - INFO - 鼠标光标移动至navBar_item_计算_content_云服务器元素并点击
2021-10-17 16:30:59,023 - basepage.py - [line:85] - INFO - 点击了//*[@id="tab-vmlist"]元素
2021-10-17 16:31:02,107 - basepage.py - [line:152] - INFO - 键盘输入后清理
2021-10-17 16:31:03,862 - basepage.py - [line:116] - INFO - 元素文本信息为请输入自动创建云服务器个数（限制100）
2021-10-17 16:31:42,409 - basepage.py - [line:97] - INFO - 鼠标光标移动至navBar_item_计算_content元素
2021-10-17 16:31:42,823 - basepage.py - [line:103] - INFO - 鼠标光标移动至navBar_item_计算_content_云服务器元素并点击
2021-10-17 16:31:43,707 - basepage.py - [line:85] - INFO - 点击了//*[@id="tab-vmlist"]元素
2021-10-17 16:34:55,020 - basepage.py - [line:97] - INFO - 鼠标光标移动至navBar_item_计算_content元素
2021-10-17 16:34:55,472 - basepage.py - [line:103] - INFO - 鼠标光标移动至navBar_item_计算_content_云服务器元素并点击
2021-10-17 16:34:55,869 - basepage.py - [line:85] - INFO - 点击了//*[@id="tab-vmlist"]元素
2021-10-17 16:34:59,613 - basepage.py - [line:152] - INFO - 键盘输入后清理
2021-10-17 16:35:58,117 - basepage.py - [line:97] - INFO - 鼠标光标移动至navBar_item_计算_content元素
2021-10-17 16:35:58,488 - basepage.py - [line:103] - INFO - 鼠标光标移动至navBar_item_计算_content_云服务器元素并点击
2021-10-17 16:35:58,883 - basepage.py - [line:85] - INFO - 点击了//*[@id="tab-vmlist"]元素
2021-10-17 16:36:01,950 - basepage.py - [line:152] - INFO - 键盘输入后清理
2021-10-17 16:37:25,500 - basepage.py - [line:97] - INFO - 鼠标光标移动至navBar_item_计算_content元素
2021-10-17 16:37:25,919 - basepage.py - [line:103] - INFO - 鼠标光标移动至navBar_item_计算_content_云服务器元素并点击
2021-10-17 16:37:26,247 - basepage.py - [line:85] - INFO - 点击了//*[@id="tab-vmlist"]元素
2021-10-17 16:37:29,983 - basepage.py - [line:152] - INFO - 键盘输入后清理
2021-10-17 16:46:45,636 - basepage.py - [line:97] - INFO - 鼠标光标移动至navBar_item_计算_content元素
2021-10-17 16:46:46,005 - basepage.py - [line:103] - INFO - 鼠标光标移动至navBar_item_计算_content_云服务器元素并点击
2021-10-17 16:46:46,334 - basepage.py - [line:85] - INFO - 点击了//*[@id="tab-vmlist"]元素
2021-10-17 16:46:49,661 - basepage.py - [line:152] - INFO - 键盘输入后清理
2021-10-17 16:49:54,944 - basepage.py - [line:97] - INFO - 鼠标光标移动至navBar_item_计算_content元素
2021-10-17 16:49:55,310 - basepage.py - [line:103] - INFO - 鼠标光标移动至navBar_item_计算_content_云服务器元素并点击
2021-10-17 16:49:55,625 - basepage.py - [line:85] - INFO - 点击了//*[@id="tab-vmlist"]元素
2021-10-17 16:49:58,959 - basepage.py - [line:152] - INFO - 键盘输入后清理
2021-10-17 16:50:15,285 - basepage.py - [line:97] - INFO - 鼠标光标移动至navBar_item_计算_content元素
2021-10-17 16:50:15,634 - basepage.py - [line:103] - INFO - 鼠标光标移动至navBar_item_计算_content_云服务器元素并点击
2021-10-17 16:50:15,946 - basepage.py - [line:85] - INFO - 点击了//*[@id="tab-vmlist"]元素
2021-10-17 16:50:19,030 - basepage.py - [line:152] - INFO - 键盘输入后清理
2021-10-17 19:39:09,437 - basepage.py - [line:97] - INFO - 鼠标光标移动至navBar_item_计算_content元素
2021-10-17 19:39:09,847 - basepage.py - [line:103] - INFO - 鼠标光标移动至navBar_item_计算_content_云服务器元素并点击
2021-10-17 19:39:10,146 - basepage.py - [line:85] - INFO - 点击了//*[@id="tab-vmlist"]元素
2021-10-17 19:39:13,168 - basepage.py - [line:152] - INFO - 键盘输入后清理
2021-10-17 20:52:06,078 - basepage.py - [line:97] - INFO - 鼠标光标移动至navBar_item_计算_content元素
2021-10-17 20:52:06,461 - basepage.py - [line:103] - INFO - 鼠标光标移动至navBar_item_计算_content_云服务器元素并点击
2021-10-17 20:52:06,886 - basepage.py - [line:85] - INFO - 点击了//*[@id="tab-vmlist"]元素
2021-10-17 20:52:10,117 - basepage.py - [line:152] - INFO - 键盘输入后清理
2021-10-17 20:56:06,579 - basepage.py - [line:97] - INFO - 鼠标光标移动至navBar_item_计算_content元素
2021-10-17 20:56:06,959 - basepage.py - [line:103] - INFO - 鼠标光标移动至navBar_item_计算_content_云服务器元素并点击
2021-10-17 20:56:07,288 - basepage.py - [line:85] - INFO - 点击了//*[@id="tab-vmlist"]元素
2021-10-17 20:56:10,466 - basepage.py - [line:152] - INFO - 键盘输入后清理
2021-10-17 20:56:11,595 - basepage.py - [line:116] - INFO - 元素文本信息为请输入自动创建云服务器个数（限制100）
2021-10-17 21:01:09,808 - basepage.py - [line:97] - INFO - 鼠标光标移动至navBar_item_计算_content元素
2021-10-17 21:01:10,226 - basepage.py - [line:103] - INFO - 鼠标光标移动至navBar_item_计算_content_云服务器元素并点击
2021-10-17 21:01:11,000 - basepage.py - [line:85] - INFO - 点击了//*[@id="tab-vmlist"]元素
2021-10-17 21:01:14,131 - basepage.py - [line:152] - INFO - 键盘输入后清理
2021-10-17 21:01:15,278 - basepage.py - [line:116] - INFO - 元素文本信息为请输入自动创建云服务器个数（限制100）
2021-10-17 21:07:16,795 - basepage.py - [line:97] - INFO - 鼠标光标移动至navBar_item_计算_content元素
2021-10-17 21:07:17,183 - basepage.py - [line:103] - INFO - 鼠标光标移动至navBar_item_计算_content_云服务器元素并点击
2021-10-17 21:07:17,515 - basepage.py - [line:85] - INFO - 点击了//*[@id="tab-vmlist"]元素
2021-10-17 21:07:20,771 - basepage.py - [line:152] - INFO - 键盘输入后清理
2021-10-17 21:07:46,019 - basepage.py - [line:97] - INFO - 鼠标光标移动至navBar_item_计算_content元素
2021-10-17 21:07:46,350 - basepage.py - [line:103] - INFO - 鼠标光标移动至navBar_item_计算_content_云服务器元素并点击
2021-10-17 21:07:46,627 - basepage.py - [line:85] - INFO - 点击了//*[@id="tab-vmlist"]元素
2021-10-17 21:07:49,803 - basepage.py - [line:152] - INFO - 键盘输入后清理
2021-10-17 21:14:44,313 - basepage.py - [line:97] - INFO - 鼠标光标移动至navBar_item_计算_content元素
2021-10-17 21:14:44,793 - basepage.py - [line:103] - INFO - 鼠标光标移动至navBar_item_计算_content_云服务器元素并点击
2021-10-17 21:14:45,121 - basepage.py - [line:85] - INFO - 点击了//*[@id="tab-vmlist"]元素
2021-10-17 21:14:48,185 - basepage.py - [line:152] - INFO - 键盘输入后清理
2021-10-17 21:16:30,857 - basepage.py - [line:97] - INFO - 鼠标光标移动至navBar_item_计算_content元素
2021-10-17 21:16:31,225 - basepage.py - [line:103] - INFO - 鼠标光标移动至navBar_item_计算_content_云服务器元素并点击
2021-10-17 21:16:31,577 - basepage.py - [line:85] - INFO - 点击了//*[@id="tab-vmlist"]元素
2021-10-17 21:16:34,864 - basepage.py - [line:152] - INFO - 键盘输入后清理
2021-10-17 21:56:40,523 - basepage.py - [line:97] - INFO - 鼠标光标移动至navBar_item_计算_content元素
2021-10-17 21:56:41,079 - basepage.py - [line:103] - INFO - 鼠标光标移动至navBar_item_计算_content_云服务器元素并点击
2021-10-17 21:56:41,430 - basepage.py - [line:85] - INFO - 点击了//*[@id="tab-vmlist"]元素
2021-10-17 21:56:44,607 - basepage.py - [line:152] - INFO - 键盘输入后清理
2021-10-17 22:11:55,733 - basepage.py - [line:97] - INFO - 鼠标光标移动至navBar_item_计算_content元素
2021-10-17 22:11:56,317 - basepage.py - [line:103] - INFO - 鼠标光标移动至navBar_item_计算_content_云服务器元素并点击
2021-10-17 22:11:57,635 - basepage.py - [line:85] - INFO - 点击了//*[@id="tab-vmlist"]元素
2021-10-17 22:12:00,997 - basepage.py - [line:152] - INFO - 键盘输入后清理
2021-10-17 22:14:16,453 - basepage.py - [line:97] - INFO - 鼠标光标移动至navBar_item_计算_content元素
2021-10-17 22:14:16,850 - basepage.py - [line:103] - INFO - 鼠标光标移动至navBar_item_计算_content_云服务器元素并点击
2021-10-17 22:14:17,270 - basepage.py - [line:85] - INFO - 点击了//*[@id="tab-vmlist"]元素
2021-10-17 22:14:20,594 - basepage.py - [line:152] - INFO - 键盘输入后清理
2021-10-17 22:14:21,023 - basepage.py - [line:152] - INFO - 键盘输入后清理
2021-10-17 22:15:48,551 - basepage.py - [line:97] - INFO - 鼠标光标移动至navBar_item_计算_content元素
2021-10-17 22:15:48,992 - basepage.py - [line:103] - INFO - 鼠标光标移动至navBar_item_计算_content_云服务器元素并点击
2021-10-17 22:15:49,319 - basepage.py - [line:85] - INFO - 点击了//*[@id="tab-vmlist"]元素
2021-10-17 22:15:52,527 - basepage.py - [line:152] - INFO - 键盘输入后清理
2021-10-17 22:15:52,935 - basepage.py - [line:152] - INFO - 键盘输入后清理
2021-10-17 22:16:42,693 - basepage.py - [line:97] - INFO - 鼠标光标移动至navBar_item_计算_content元素
2021-10-17 22:16:43,145 - basepage.py - [line:103] - INFO - 鼠标光标移动至navBar_item_计算_content_云服务器元素并点击
2021-10-17 22:16:43,445 - basepage.py - [line:85] - INFO - 点击了//*[@id="tab-vmlist"]元素
2021-10-17 22:16:47,983 - basepage.py - [line:152] - INFO - 键盘输入后清理
2021-10-17 22:16:48,321 - basepage.py - [line:152] - INFO - 键盘输入后清理
2021-10-17 22:24:18,267 - basepage.py - [line:97] - INFO - 鼠标光标移动至navBar_item_计算_content元素
2021-10-17 22:24:18,820 - basepage.py - [line:103] - INFO - 鼠标光标移动至navBar_item_计算_content_云服务器元素并点击
2021-10-17 22:24:19,151 - basepage.py - [line:85] - INFO - 点击了//*[@id="tab-vmlist"]元素
2021-10-17 22:25:24,437 - basepage.py - [line:97] - INFO - 鼠标光标移动至navBar_item_计算_content元素
2021-10-17 22:25:24,826 - basepage.py - [line:103] - INFO - 鼠标光标移动至navBar_item_计算_content_云服务器元素并点击
2021-10-17 22:25:25,169 - basepage.py - [line:85] - INFO - 点击了//*[@id="tab-vmlist"]元素
2021-10-17 22:25:28,368 - basepage.py - [line:152] - INFO - 键盘输入后清理
2021-10-17 22:26:52,593 - basepage.py - [line:97] - INFO - 鼠标光标移动至navBar_item_计算_content元素
2021-10-17 22:26:53,078 - basepage.py - [line:103] - INFO - 鼠标光标移动至navBar_item_计算_content_云服务器元素并点击
2021-10-17 22:26:53,513 - basepage.py - [line:85] - INFO - 点击了//*[@id="tab-vmlist"]元素
2021-10-17 22:26:56,720 - basepage.py - [line:152] - INFO - 键盘输入后清理
2021-10-17 22:32:24,903 - basepage.py - [line:97] - INFO - 鼠标光标移动至navBar_item_计算_content元素
2021-10-17 22:32:25,286 - basepage.py - [line:103] - INFO - 鼠标光标移动至navBar_item_计算_content_云服务器元素并点击
2021-10-17 22:32:25,586 - basepage.py - [line:85] - INFO - 点击了//*[@id="tab-vmlist"]元素
2021-10-17 22:32:28,762 - basepage.py - [line:152] - INFO - 键盘输入后清理
2021-10-17 22:55:52,815 - basepage.py - [line:97] - INFO - 鼠标光标移动至navBar_item_计算_content元素
2021-10-17 22:55:53,282 - basepage.py - [line:103] - INFO - 鼠标光标移动至navBar_item_计算_content_云服务器元素并点击
2021-10-17 22:55:53,563 - basepage.py - [line:85] - INFO - 点击了//*[@id="tab-vmlist"]元素
2021-10-17 22:55:58,513 - basepage.py - [line:152] - INFO - 键盘输入后清理
2021-10-17 22:59:42,135 - basepage.py - [line:97] - INFO - 鼠标光标移动至navBar_item_计算_content元素
2021-10-17 22:59:42,599 - basepage.py - [line:103] - INFO - 鼠标光标移动至navBar_item_计算_content_云服务器元素并点击
2021-10-17 22:59:42,920 - basepage.py - [line:85] - INFO - 点击了//*[@id="tab-vmlist"]元素
2021-10-17 22:59:46,087 - basepage.py - [line:152] - INFO - 键盘输入后清理
2021-10-17 23:00:52,684 - basepage.py - [line:97] - INFO - 鼠标光标移动至navBar_item_计算_content元素
2021-10-17 23:00:53,070 - basepage.py - [line:103] - INFO - 鼠标光标移动至navBar_item_计算_content_云服务器元素并点击
2021-10-17 23:00:53,384 - basepage.py - [line:85] - INFO - 点击了//*[@id="tab-vmlist"]元素
2021-10-17 23:00:57,898 - basepage.py - [line:152] - INFO - 键盘输入后清理
2021-10-17 23:01:32,681 - basepage.py - [line:97] - INFO - 鼠标光标移动至navBar_item_计算_content元素
2021-10-17 23:01:33,083 - basepage.py - [line:103] - INFO - 鼠标光标移动至navBar_item_计算_content_云服务器元素并点击
2021-10-17 23:01:33,406 - basepage.py - [line:85] - INFO - 点击了//*[@id="tab-vmlist"]元素
2021-10-17 23:01:36,453 - basepage.py - [line:152] - INFO - 键盘输入后清理
2021-10-17 23:03:12,615 - basepage.py - [line:97] - INFO - 鼠标光标移动至navBar_item_计算_content元素
2021-10-17 23:03:12,985 - basepage.py - [line:103] - INFO - 鼠标光标移动至navBar_item_计算_content_云服务器元素并点击
2021-10-17 23:03:13,295 - basepage.py - [line:85] - INFO - 点击了//*[@id="tab-vmlist"]元素
2021-10-17 23:03:17,231 - basepage.py - [line:152] - INFO - 键盘输入后清理
2021-10-17 23:04:29,011 - basepage.py - [line:97] - INFO - 鼠标光标移动至navBar_item_计算_content元素
2021-10-17 23:04:29,412 - basepage.py - [line:103] - INFO - 鼠标光标移动至navBar_item_计算_content_云服务器元素并点击
2021-10-17 23:04:29,732 - basepage.py - [line:85] - INFO - 点击了//*[@id="tab-vmlist"]元素
2021-10-17 23:04:32,775 - basepage.py - [line:152] - INFO - 键盘输入后清理
