2021-09-27 18:24:29,872 - basepage.py - [line:89] - INFO - 鼠标光标移动至navBar_item_计算_content元素
2021-09-27 18:24:30,219 - basepage.py - [line:95] - INFO - 鼠标光标移动至navBar_item_计算_content_云服务器元素并点击
2021-09-27 18:24:30,820 - basepage.py - [line:77] - INFO - 点击了//*[@id="tab-vmlist"]元素
2021-09-27 18:24:34,338 - basepage.py - [line:89] - INFO - 鼠标光标移动至//*[@id="panel-c-scroll"]/div[1]/section/section/div[1]/section/div[2]/div/ul/li/ul/li[1]/ul/li/ul/li/div/div/span/i元素
2021-09-27 18:26:16,325 - basepage.py - [line:89] - INFO - 鼠标光标移动至navBar_item_计算_content元素
2021-09-27 18:26:16,782 - basepage.py - [line:95] - INFO - 鼠标光标移动至navBar_item_计算_content_云服务器元素并点击
2021-09-27 18:26:16,950 - basepage.py - [line:77] - INFO - 点击了//*[@id="tab-vmlist"]元素
2021-09-27 18:26:21,044 - basepage.py - [line:89] - INFO - 鼠标光标移动至//*[@id="panel-c-scroll"]/div[1]/section/section/div[1]/section/div[2]/div/ul/li/ul/li[1]/ul/li/ul/li/ul/li[1]/div/div/span/i元素
2021-09-27 18:32:40,869 - basepage.py - [line:89] - INFO - 鼠标光标移动至navBar_item_计算_content元素
2021-09-27 18:32:41,292 - basepage.py - [line:95] - INFO - 鼠标光标移动至navBar_item_计算_content_云服务器元素并点击
2021-09-27 18:32:41,442 - basepage.py - [line:77] - INFO - 点击了//*[@id="tab-vmlist"]元素
2021-09-27 18:32:45,568 - basepage.py - [line:89] - INFO - 鼠标光标移动至//*[@id="panel-c-scroll"]/div[1]/section/section/div[1]/section/div[2]/div/ul/li/ul/li[1]/ul/li/ul/li/ul/li[1]/div/div/span/i元素
2021-09-27 18:33:22,848 - basepage.py - [line:89] - INFO - 鼠标光标移动至navBar_item_计算_content元素
2021-09-27 18:33:23,273 - basepage.py - [line:95] - INFO - 鼠标光标移动至navBar_item_计算_content_云服务器元素并点击
2021-09-27 18:33:23,435 - basepage.py - [line:77] - INFO - 点击了//*[@id="tab-vmlist"]元素
2021-09-27 18:33:27,525 - basepage.py - [line:89] - INFO - 鼠标光标移动至//*[@id="panel-c-scroll"]/div[1]/section/section/div[1]/section/div[2]/div/ul/li/ul/li[1]/ul/li/ul/li/ul/li[1]/div/div/span/i元素
2021-09-27 18:37:43,156 - basepage.py - [line:89] - INFO - 鼠标光标移动至navBar_item_计算_content元素
2021-09-27 18:37:43,656 - basepage.py - [line:95] - INFO - 鼠标光标移动至navBar_item_计算_content_云服务器元素并点击
2021-09-27 18:37:43,807 - basepage.py - [line:77] - INFO - 点击了//*[@id="tab-vmlist"]元素
2021-09-27 18:37:47,858 - basepage.py - [line:89] - INFO - 鼠标光标移动至//*[@id="panel-c-scroll"]/div[1]/section/section/div[1]/section/div[2]/div/ul/li/ul/li[1]/ul/li/ul/li/ul/li[1]/div/div/span/i元素
2021-09-27 18:40:57,335 - basepage.py - [line:89] - INFO - 鼠标光标移动至navBar_item_计算_content元素
2021-09-27 18:41:12,686 - basepage.py - [line:89] - INFO - 鼠标光标移动至navBar_item_计算_content元素
2021-09-27 18:41:30,757 - basepage.py - [line:89] - INFO - 鼠标光标移动至navBar_item_计算_content元素
2021-09-27 18:41:31,245 - basepage.py - [line:95] - INFO - 鼠标光标移动至navBar_item_计算_content_云服务器元素并点击
2021-09-27 18:41:31,848 - basepage.py - [line:77] - INFO - 点击了//*[@id="tab-vmlist"]元素
2021-09-27 18:41:35,382 - basepage.py - [line:89] - INFO - 鼠标光标移动至//*[@id="panel-c-scroll"]/div[1]/section/section/div[1]/section/div[2]/div/ul/li/ul/li[1]/ul/li/ul/li/ul/li[1]/div/div/span/i元素
2021-09-27 18:42:09,465 - basepage.py - [line:89] - INFO - 鼠标光标移动至navBar_item_计算_content元素
2021-09-27 18:42:09,887 - basepage.py - [line:95] - INFO - 鼠标光标移动至navBar_item_计算_content_云服务器元素并点击
2021-09-27 18:42:10,030 - basepage.py - [line:77] - INFO - 点击了//*[@id="tab-vmlist"]元素
2021-09-27 18:42:14,079 - basepage.py - [line:89] - INFO - 鼠标光标移动至//*[@id="panel-c-scroll"]/div[1]/section/section/div[1]/section/div[2]/div/ul/li/ul/li[1]/ul/li/ul/li/ul/li[1]/div/div/span/i元素
2021-09-27 18:43:37,856 - basepage.py - [line:89] - INFO - 鼠标光标移动至navBar_item_计算_content元素
2021-09-27 18:43:38,253 - basepage.py - [line:95] - INFO - 鼠标光标移动至navBar_item_计算_content_云服务器元素并点击
2021-09-27 18:43:38,381 - basepage.py - [line:77] - INFO - 点击了//*[@id="tab-vmlist"]元素
2021-09-27 18:43:42,478 - basepage.py - [line:89] - INFO - 鼠标光标移动至//*[@id="panel-c-scroll"]/div[1]/section/section/div[1]/section/div[2]/div/ul/li/ul/li[1]/ul/li/ul/li/ul/li[1]/div/div/span/i元素
2021-09-27 18:46:21,106 - basepage.py - [line:89] - INFO - 鼠标光标移动至navBar_item_计算_content元素
2021-09-27 18:46:21,395 - basepage.py - [line:95] - INFO - 鼠标光标移动至navBar_item_计算_content_云服务器元素并点击
2021-09-27 18:46:21,482 - basepage.py - [line:77] - INFO - 点击了//*[@id="tab-vmlist"]元素
2021-09-27 18:46:35,273 - basepage.py - [line:89] - INFO - 鼠标光标移动至navBar_item_计算_content元素
2021-09-27 18:46:35,639 - basepage.py - [line:95] - INFO - 鼠标光标移动至navBar_item_计算_content_云服务器元素并点击
2021-09-27 18:46:36,243 - basepage.py - [line:77] - INFO - 点击了//*[@id="tab-vmlist"]元素
2021-09-27 18:46:39,763 - basepage.py - [line:89] - INFO - 鼠标光标移动至//*[@id="panel-c-scroll"]/div[1]/section/section/div[1]/section/div[2]/div/ul/li/ul/li[1]/ul/li/ul/li/ul/li[1]/div/div/span/i元素
2021-09-27 18:57:38,819 - basepage.py - [line:89] - INFO - 鼠标光标移动至navBar_item_计算_content元素
2021-09-27 18:57:39,263 - basepage.py - [line:95] - INFO - 鼠标光标移动至navBar_item_计算_content_云服务器元素并点击
2021-09-27 18:57:39,389 - basepage.py - [line:77] - INFO - 点击了//*[@id="tab-vmlist"]元素
2021-09-27 18:57:43,423 - basepage.py - [line:89] - INFO - 鼠标光标移动至//*[@id="panel-c-scroll"]/div[1]/section/section/div[1]/section/div[2]/div/ul/li/ul/li[1]/ul/li/ul/li/ul/li[1]/div/div/span/i元素
2021-09-27 18:57:45,723 - basepage.py - [line:89] - INFO - 鼠标光标移动至//span[contains(.,'新增组')]元素
2021-09-27 18:57:45,809 - basepage.py - [line:77] - INFO - 点击了//span[contains(.,'新增组')]元素
2021-09-27 19:01:02,279 - basepage.py - [line:89] - INFO - 鼠标光标移动至navBar_item_计算_content元素
2021-09-27 19:01:02,810 - basepage.py - [line:95] - INFO - 鼠标光标移动至navBar_item_计算_content_云服务器元素并点击
2021-09-27 19:01:02,881 - basepage.py - [line:77] - INFO - 点击了//*[@id="tab-vmlist"]元素
2021-09-27 19:01:06,948 - basepage.py - [line:89] - INFO - 鼠标光标移动至//*[@id="panel-c-scroll"]/div[1]/section/section/div[1]/section/div[2]/div/ul/li/ul/li[1]/ul/li/ul/li/ul/li[1]/div/div/span/i元素
2021-09-27 19:01:31,775 - basepage.py - [line:89] - INFO - 鼠标光标移动至navBar_item_计算_content元素
2021-09-27 19:01:32,261 - basepage.py - [line:95] - INFO - 鼠标光标移动至navBar_item_计算_content_云服务器元素并点击
2021-09-27 19:01:32,448 - basepage.py - [line:77] - INFO - 点击了//*[@id="tab-vmlist"]元素
2021-09-27 19:01:36,551 - basepage.py - [line:89] - INFO - 鼠标光标移动至//*[@id="panel-c-scroll"]/div[1]/section/section/div[1]/section/div[2]/div/ul/li/ul/li[1]/ul/li/ul/li/ul/li[1]/div/div/span/i元素
2021-09-27 19:02:04,215 - basepage.py - [line:89] - INFO - 鼠标光标移动至navBar_item_计算_content元素
2021-09-27 19:02:04,701 - basepage.py - [line:95] - INFO - 鼠标光标移动至navBar_item_计算_content_云服务器元素并点击
2021-09-27 19:02:04,768 - basepage.py - [line:77] - INFO - 点击了//*[@id="tab-vmlist"]元素
2021-09-27 19:02:08,963 - basepage.py - [line:89] - INFO - 鼠标光标移动至//*[@id="panel-c-scroll"]/div[1]/section/section/div[1]/section/div[2]/div/ul/li/ul/li[1]/ul/li/ul/li/ul/li[1]/div/div/span/i元素
2021-09-27 19:02:31,488 - basepage.py - [line:89] - INFO - 鼠标光标移动至navBar_item_计算_content元素
2021-09-27 19:02:31,928 - basepage.py - [line:95] - INFO - 鼠标光标移动至navBar_item_计算_content_云服务器元素并点击
2021-09-27 19:02:32,180 - basepage.py - [line:77] - INFO - 点击了//*[@id="tab-vmlist"]元素
2021-09-27 19:02:35,741 - basepage.py - [line:89] - INFO - 鼠标光标移动至//*[@id="panel-c-scroll"]/div[1]/section/section/div[1]/section/div[2]/div/ul/li/ul/li[1]/ul/li/ul/li/ul/li[1]/div/div/span/i元素
2021-09-27 19:03:06,839 - basepage.py - [line:89] - INFO - 鼠标光标移动至navBar_item_计算_content元素
2021-09-27 19:03:21,661 - basepage.py - [line:89] - INFO - 鼠标光标移动至navBar_item_计算_content元素
2021-09-27 19:03:22,159 - basepage.py - [line:95] - INFO - 鼠标光标移动至navBar_item_计算_content_云服务器元素并点击
2021-09-27 19:03:22,829 - basepage.py - [line:77] - INFO - 点击了//*[@id="tab-vmlist"]元素
2021-09-27 19:03:26,436 - basepage.py - [line:89] - INFO - 鼠标光标移动至//*[@id="panel-c-scroll"]/div[1]/section/section/div[1]/section/div[2]/div/ul/li/ul/li[1]/ul/li/ul/li/ul/li[1]/div/div/span/i元素
2021-09-27 19:03:50,567 - basepage.py - [line:89] - INFO - 鼠标光标移动至navBar_item_计算_content元素
2021-09-27 19:03:50,997 - basepage.py - [line:95] - INFO - 鼠标光标移动至navBar_item_计算_content_云服务器元素并点击
2021-09-27 19:03:51,128 - basepage.py - [line:77] - INFO - 点击了//*[@id="tab-vmlist"]元素
2021-09-27 19:03:55,175 - basepage.py - [line:89] - INFO - 鼠标光标移动至//*[@id="panel-c-scroll"]/div[1]/section/section/div[1]/section/div[2]/div/ul/li/ul/li[1]/ul/li/ul/li/ul/li[1]/div/div/span/i元素
2021-09-27 19:04:14,562 - basepage.py - [line:89] - INFO - 鼠标光标移动至navBar_item_计算_content元素
2021-09-27 19:04:14,955 - basepage.py - [line:95] - INFO - 鼠标光标移动至navBar_item_计算_content_云服务器元素并点击
2021-09-27 19:04:15,078 - basepage.py - [line:77] - INFO - 点击了//*[@id="tab-vmlist"]元素
2021-09-27 19:04:19,127 - basepage.py - [line:89] - INFO - 鼠标光标移动至//*[@id="panel-c-scroll"]/div[1]/section/section/div[1]/section/div[2]/div/ul/li/ul/li[1]/ul/li/ul/li/ul/li[1]/div/div/span/i元素
2021-09-27 19:05:11,021 - basepage.py - [line:89] - INFO - 鼠标光标移动至navBar_item_计算_content元素
2021-09-27 19:05:11,440 - basepage.py - [line:95] - INFO - 鼠标光标移动至navBar_item_计算_content_云服务器元素并点击
2021-09-27 19:05:11,575 - basepage.py - [line:77] - INFO - 点击了//*[@id="tab-vmlist"]元素
2021-09-27 19:05:15,675 - basepage.py - [line:89] - INFO - 鼠标光标移动至//*[@id="panel-c-scroll"]/div[1]/section/section/div[1]/section/div[2]/div/ul/li/ul/li[1]/ul/li/ul/li/ul/li[1]/div/div/span/i元素
2021-09-27 19:05:43,328 - basepage.py - [line:89] - INFO - 鼠标光标移动至navBar_item_计算_content元素
2021-09-27 19:05:43,744 - basepage.py - [line:95] - INFO - 鼠标光标移动至navBar_item_计算_content_云服务器元素并点击
2021-09-27 19:05:43,874 - basepage.py - [line:77] - INFO - 点击了//*[@id="tab-vmlist"]元素
2021-09-27 19:05:47,939 - basepage.py - [line:89] - INFO - 鼠标光标移动至//*[@id="panel-c-scroll"]/div[1]/section/section/div[1]/section/div[2]/div/ul/li/ul/li[1]/ul/li/ul/li/ul/li[1]/div/div/span/i元素
