2021-09-22 11:10:27,549 - basepage.py - [line:89] - INFO - 鼠标光标移动至navBar_item_计算_content元素
2021-09-22 11:10:28,020 - basepage.py - [line:95] - INFO - 鼠标光标移动至navBar_item_计算_content_云服务器元素并点击
2021-09-22 11:10:29,028 - basepage.py - [line:89] - INFO - 鼠标光标移动至navBar_item_计算_content元素
2021-09-22 11:10:29,304 - basepage.py - [line:95] - INFO - 鼠标光标移动至navBar_item_计算_content_云服务器元素并点击
2021-09-22 11:21:28,499 - basepage.py - [line:89] - INFO - 鼠标光标移动至navBar_item_计算_content元素
2021-09-22 11:21:29,023 - basepage.py - [line:95] - INFO - 鼠标光标移动至navBar_item_计算_content_云服务器元素并点击
2021-09-22 11:22:23,238 - basepage.py - [line:89] - INFO - 鼠标光标移动至navBar_item_计算_content元素
2021-09-22 11:22:23,734 - basepage.py - [line:95] - INFO - 鼠标光标移动至navBar_item_计算_content_云服务器元素并点击
2021-09-22 11:23:14,383 - basepage.py - [line:89] - INFO - 鼠标光标移动至navBar_item_计算_content元素
2021-09-22 11:23:14,856 - basepage.py - [line:95] - INFO - 鼠标光标移动至navBar_item_计算_content_云服务器元素并点击
2021-09-22 11:23:25,444 - basepage.py - [line:89] - INFO - 鼠标光标移动至navBar_item_计算_content元素
2021-09-22 11:23:26,024 - basepage.py - [line:95] - INFO - 鼠标光标移动至navBar_item_计算_content_云服务器元素并点击
2021-09-22 11:23:27,093 - basepage.py - [line:89] - INFO - 鼠标光标移动至navBar_item_计算_content元素
2021-09-22 11:23:27,424 - basepage.py - [line:95] - INFO - 鼠标光标移动至navBar_item_计算_content_云服务器元素并点击
2021-09-22 11:23:27,874 - basepage.py - [line:89] - INFO - 鼠标光标移动至navBar_item_计算_content元素
2021-09-22 11:23:28,165 - basepage.py - [line:95] - INFO - 鼠标光标移动至navBar_item_计算_content_云服务器元素并点击
2021-09-22 11:33:38,090 - basepage.py - [line:89] - INFO - 鼠标光标移动至navBar_item_计算_content元素
2021-09-22 11:33:38,661 - basepage.py - [line:95] - INFO - 鼠标光标移动至navBar_item_计算_content_云服务器元素并点击
2021-09-22 11:33:39,781 - basepage.py - [line:89] - INFO - 鼠标光标移动至navBar_item_计算_content元素
2021-09-22 11:33:40,082 - basepage.py - [line:95] - INFO - 鼠标光标移动至navBar_item_计算_content_云服务器元素并点击
2021-09-22 11:33:40,519 - basepage.py - [line:89] - INFO - 鼠标光标移动至navBar_item_计算_content元素
2021-09-22 11:33:40,825 - basepage.py - [line:95] - INFO - 鼠标光标移动至navBar_item_计算_content_云服务器元素并点击
2021-09-22 11:33:41,345 - basepage.py - [line:89] - INFO - 鼠标光标移动至navBar_item_计算_content元素
2021-09-22 11:33:41,635 - basepage.py - [line:95] - INFO - 鼠标光标移动至navBar_item_计算_content_云服务器元素并点击
2021-09-22 11:34:35,509 - basepage.py - [line:89] - INFO - 鼠标光标移动至navBar_item_计算_content元素
2021-09-22 11:34:36,040 - basepage.py - [line:95] - INFO - 鼠标光标移动至navBar_item_计算_content_云服务器元素并点击
2021-09-22 11:34:37,116 - basepage.py - [line:89] - INFO - 鼠标光标移动至navBar_item_计算_content元素
2021-09-22 11:34:37,422 - basepage.py - [line:95] - INFO - 鼠标光标移动至navBar_item_计算_content_云服务器元素并点击
2021-09-22 11:34:37,871 - basepage.py - [line:89] - INFO - 鼠标光标移动至navBar_item_计算_content元素
2021-09-22 11:34:38,160 - basepage.py - [line:95] - INFO - 鼠标光标移动至navBar_item_计算_content_云服务器元素并点击
2021-09-22 11:34:38,670 - basepage.py - [line:89] - INFO - 鼠标光标移动至navBar_item_计算_content元素
2021-09-22 11:34:38,988 - basepage.py - [line:95] - INFO - 鼠标光标移动至navBar_item_计算_content_云服务器元素并点击
2021-09-22 11:35:03,301 - basepage.py - [line:89] - INFO - 鼠标光标移动至navBar_item_计算_content元素
2021-09-22 11:35:03,750 - basepage.py - [line:95] - INFO - 鼠标光标移动至navBar_item_计算_content_云服务器元素并点击
2021-09-22 11:35:04,842 - basepage.py - [line:89] - INFO - 鼠标光标移动至navBar_item_计算_content元素
2021-09-22 11:35:05,139 - basepage.py - [line:95] - INFO - 鼠标光标移动至navBar_item_计算_content_云服务器元素并点击
2021-09-22 11:35:05,597 - basepage.py - [line:89] - INFO - 鼠标光标移动至navBar_item_计算_content元素
2021-09-22 11:35:05,892 - basepage.py - [line:95] - INFO - 鼠标光标移动至navBar_item_计算_content_云服务器元素并点击
2021-09-22 11:35:06,410 - basepage.py - [line:89] - INFO - 鼠标光标移动至navBar_item_计算_content元素
2021-09-22 11:35:06,696 - basepage.py - [line:95] - INFO - 鼠标光标移动至navBar_item_计算_content_云服务器元素并点击
2021-09-22 11:36:52,097 - basepage.py - [line:89] - INFO - 鼠标光标移动至navBar_item_计算_content元素
2021-09-22 11:36:52,736 - basepage.py - [line:95] - INFO - 鼠标光标移动至navBar_item_计算_content_云服务器元素并点击
2021-09-22 11:36:53,853 - basepage.py - [line:89] - INFO - 鼠标光标移动至navBar_item_计算_content元素
2021-09-22 11:36:54,153 - basepage.py - [line:95] - INFO - 鼠标光标移动至navBar_item_计算_content_云服务器元素并点击
2021-09-22 11:36:54,611 - basepage.py - [line:89] - INFO - 鼠标光标移动至navBar_item_计算_content元素
2021-09-22 11:36:54,898 - basepage.py - [line:95] - INFO - 鼠标光标移动至navBar_item_计算_content_云服务器元素并点击
2021-09-22 11:36:55,411 - basepage.py - [line:89] - INFO - 鼠标光标移动至navBar_item_计算_content元素
2021-09-22 11:36:55,715 - basepage.py - [line:95] - INFO - 鼠标光标移动至navBar_item_计算_content_云服务器元素并点击
2021-09-22 14:27:33,014 - basepage.py - [line:89] - INFO - 鼠标光标移动至navBar_item_计算_content元素
2021-09-22 14:27:33,449 - basepage.py - [line:95] - INFO - 鼠标光标移动至navBar_item_计算_content_云服务器元素并点击
2021-09-22 14:27:34,490 - basepage.py - [line:89] - INFO - 鼠标光标移动至navBar_item_计算_content元素
2021-09-22 14:27:34,813 - basepage.py - [line:95] - INFO - 鼠标光标移动至navBar_item_计算_content_云服务器元素并点击
2021-09-22 14:29:30,199 - basepage.py - [line:89] - INFO - 鼠标光标移动至navBar_item_计算_content元素
2021-09-22 14:29:30,642 - basepage.py - [line:95] - INFO - 鼠标光标移动至navBar_item_计算_content_云服务器元素并点击
2021-09-22 14:32:05,540 - basepage.py - [line:89] - INFO - 鼠标光标移动至navBar_item_计算_content元素
2021-09-22 14:32:05,910 - basepage.py - [line:95] - INFO - 鼠标光标移动至navBar_item_计算_content_云服务器元素并点击
2021-09-22 14:32:26,442 - basepage.py - [line:89] - INFO - 鼠标光标移动至navBar_item_计算_content元素
2021-09-22 14:32:26,860 - basepage.py - [line:95] - INFO - 鼠标光标移动至navBar_item_计算_content_云服务器元素并点击
2021-09-22 14:38:38,468 - basepage.py - [line:89] - INFO - 鼠标光标移动至navBar_item_计算_content元素
2021-09-22 14:38:38,953 - basepage.py - [line:95] - INFO - 鼠标光标移动至navBar_item_计算_content_云服务器元素并点击
2021-09-22 14:49:08,139 - basepage.py - [line:89] - INFO - 鼠标光标移动至navBar_item_计算_content元素
2021-09-22 14:49:08,585 - basepage.py - [line:95] - INFO - 鼠标光标移动至navBar_item_计算_content_云服务器元素并点击
2021-09-22 14:49:21,342 - basepage.py - [line:89] - INFO - 鼠标光标移动至navBar_item_计算_content元素
2021-09-22 14:49:21,829 - basepage.py - [line:95] - INFO - 鼠标光标移动至navBar_item_计算_content_云服务器元素并点击
2021-09-22 14:50:05,935 - basepage.py - [line:89] - INFO - 鼠标光标移动至navBar_item_计算_content元素
2021-09-22 14:50:06,345 - basepage.py - [line:95] - INFO - 鼠标光标移动至navBar_item_计算_content_云服务器元素并点击
2021-09-22 14:55:00,216 - basepage.py - [line:89] - INFO - 鼠标光标移动至navBar_item_计算_content元素
2021-09-22 14:55:00,769 - basepage.py - [line:95] - INFO - 鼠标光标移动至navBar_item_计算_content_云服务器元素并点击
2021-09-22 15:00:21,725 - basepage.py - [line:89] - INFO - 鼠标光标移动至navBar_item_计算_content元素
2021-09-22 15:00:22,288 - basepage.py - [line:95] - INFO - 鼠标光标移动至navBar_item_计算_content_云服务器元素并点击
2021-09-22 15:13:34,689 - basepage.py - [line:89] - INFO - 鼠标光标移动至navBar_item_计算_content元素
2021-09-22 15:13:35,177 - basepage.py - [line:95] - INFO - 鼠标光标移动至navBar_item_计算_content_云服务器元素并点击
2021-09-22 15:13:57,867 - basepage.py - [line:89] - INFO - 鼠标光标移动至navBar_item_计算_content元素
2021-09-22 15:13:58,435 - basepage.py - [line:95] - INFO - 鼠标光标移动至navBar_item_计算_content_云服务器元素并点击
2021-09-22 15:15:14,797 - basepage.py - [line:89] - INFO - 鼠标光标移动至navBar_item_计算_content元素
2021-09-22 15:15:15,446 - basepage.py - [line:95] - INFO - 鼠标光标移动至navBar_item_计算_content_云服务器元素并点击
2021-09-22 15:15:55,793 - basepage.py - [line:89] - INFO - 鼠标光标移动至navBar_item_计算_content元素
2021-09-22 15:15:56,336 - basepage.py - [line:95] - INFO - 鼠标光标移动至navBar_item_计算_content_云服务器元素并点击
2021-09-22 15:16:23,367 - basepage.py - [line:89] - INFO - 鼠标光标移动至navBar_item_计算_content元素
2021-09-22 15:16:23,973 - basepage.py - [line:95] - INFO - 鼠标光标移动至navBar_item_计算_content_云服务器元素并点击
2021-09-22 15:17:31,735 - basepage.py - [line:89] - INFO - 鼠标光标移动至navBar_item_计算_content元素
2021-09-22 15:17:32,285 - basepage.py - [line:95] - INFO - 鼠标光标移动至navBar_item_计算_content_云服务器元素并点击
2021-09-22 15:17:44,376 - basepage.py - [line:89] - INFO - 鼠标光标移动至navBar_item_计算_content元素
2021-09-22 15:17:44,963 - basepage.py - [line:95] - INFO - 鼠标光标移动至navBar_item_计算_content_云服务器元素并点击
2021-09-22 15:19:05,102 - basepage.py - [line:89] - INFO - 鼠标光标移动至navBar_item_计算_content元素
2021-09-22 15:19:05,540 - basepage.py - [line:95] - INFO - 鼠标光标移动至navBar_item_计算_content_云服务器元素并点击
2021-09-22 15:20:48,663 - basepage.py - [line:89] - INFO - 鼠标光标移动至navBar_item_计算_content元素
2021-09-22 15:20:49,199 - basepage.py - [line:95] - INFO - 鼠标光标移动至navBar_item_计算_content_云服务器元素并点击
2021-09-22 15:37:32,995 - basepage.py - [line:89] - INFO - 鼠标光标移动至navBar_item_计算_content元素
2021-09-22 15:37:33,558 - basepage.py - [line:95] - INFO - 鼠标光标移动至navBar_item_计算_content_云服务器元素并点击
2021-09-22 15:37:50,546 - basepage.py - [line:89] - INFO - 鼠标光标移动至navBar_item_计算_content元素
2021-09-22 15:37:51,007 - basepage.py - [line:95] - INFO - 鼠标光标移动至navBar_item_计算_content_云服务器元素并点击
2021-09-22 15:40:54,327 - basepage.py - [line:89] - INFO - 鼠标光标移动至navBar_item_计算_content元素
2021-09-22 15:40:54,860 - basepage.py - [line:95] - INFO - 鼠标光标移动至navBar_item_计算_content_云服务器元素并点击
2021-09-22 15:40:55,892 - basepage.py - [line:89] - INFO - 鼠标光标移动至//*[@id="panel-c-scroll"]/div[1]/section/section/div[1]/section/div[2]/div/ul/li/ul/li[1]/ul/li/ul/li/div/div/span/i元素
2021-09-22 15:44:52,431 - basepage.py - [line:89] - INFO - 鼠标光标移动至navBar_item_计算_content元素
2021-09-22 15:44:52,954 - basepage.py - [line:95] - INFO - 鼠标光标移动至navBar_item_计算_content_云服务器元素并点击
2021-09-22 15:44:54,217 - basepage.py - [line:89] - INFO - 鼠标光标移动至//*[@id="panel-c-scroll"]/div[1]/section/section/div[1]/section/div[2]/div/ul/li/ul/li[1]/ul/li/ul/li/div/div/span/i元素
2021-09-22 15:45:56,138 - basepage.py - [line:89] - INFO - 鼠标光标移动至navBar_item_计算_content元素
2021-09-22 15:45:56,602 - basepage.py - [line:95] - INFO - 鼠标光标移动至navBar_item_计算_content_云服务器元素并点击
2021-09-22 15:45:57,770 - basepage.py - [line:89] - INFO - 鼠标光标移动至//*[@id="panel-c-scroll"]/div[1]/section/section/div[1]/section/div[2]/div/ul/li/ul/li[1]/ul/li/ul/li/div/div/span/i元素
2021-09-22 15:48:10,488 - basepage.py - [line:89] - INFO - 鼠标光标移动至navBar_item_计算_content元素
2021-09-22 15:48:10,962 - basepage.py - [line:95] - INFO - 鼠标光标移动至navBar_item_计算_content_云服务器元素并点击
2021-09-22 15:48:12,139 - basepage.py - [line:89] - INFO - 鼠标光标移动至//*[@id="panel-c-scroll"]/div[1]/section/section/div[1]/section/div[2]/div/ul/li/ul/li[1]/ul/li/ul/li/div/div/span/i元素
2021-09-22 15:48:37,782 - basepage.py - [line:89] - INFO - 鼠标光标移动至navBar_item_计算_content元素
2021-09-22 15:48:38,229 - basepage.py - [line:95] - INFO - 鼠标光标移动至navBar_item_计算_content_云服务器元素并点击
2021-09-22 15:48:39,300 - basepage.py - [line:89] - INFO - 鼠标光标移动至//*[@id="panel-c-scroll"]/div[1]/section/section/div[1]/section/div[2]/div/ul/li/ul/li[1]/ul/li/ul/li/div/div/span/i元素
2021-09-22 15:51:18,075 - basepage.py - [line:89] - INFO - 鼠标光标移动至navBar_item_计算_content元素
2021-09-22 15:51:18,494 - basepage.py - [line:95] - INFO - 鼠标光标移动至navBar_item_计算_content_云服务器元素并点击
2021-09-22 15:51:19,478 - basepage.py - [line:89] - INFO - 鼠标光标移动至//*[@id="panel-c-scroll"]/div[1]/section/section/div[1]/section/div[2]/div/ul/li/ul/li[1]/ul/li/ul/li/div/div/span/i元素
2021-09-22 15:54:42,123 - basepage.py - [line:89] - INFO - 鼠标光标移动至navBar_item_计算_content元素
2021-09-22 15:54:42,581 - basepage.py - [line:95] - INFO - 鼠标光标移动至navBar_item_计算_content_云服务器元素并点击
2021-09-22 15:54:43,667 - basepage.py - [line:89] - INFO - 鼠标光标移动至//*[@id="panel-c-scroll"]/div[1]/section/section/div[1]/section/div[2]/div/ul/li/ul/li[1]/ul/li/ul/li/div/div/span/i元素
2021-09-22 15:56:51,448 - basepage.py - [line:89] - INFO - 鼠标光标移动至navBar_item_计算_content元素
2021-09-22 15:56:51,974 - basepage.py - [line:95] - INFO - 鼠标光标移动至navBar_item_计算_content_云服务器元素并点击
2021-09-22 15:56:53,035 - basepage.py - [line:89] - INFO - 鼠标光标移动至//*[@id="panel-c-scroll"]/div[1]/section/section/div[1]/section/div[2]/div/ul/li/ul/li[1]/ul/li/ul/li/div/div/span/i元素
2021-09-22 16:46:24,703 - basepage.py - [line:89] - INFO - 鼠标光标移动至navBar_item_计算_content元素
2021-09-22 16:46:25,348 - basepage.py - [line:95] - INFO - 鼠标光标移动至navBar_item_计算_content_云服务器元素并点击
2021-09-22 16:47:57,339 - basepage.py - [line:89] - INFO - 鼠标光标移动至navBar_item_计算_content元素
2021-09-22 16:47:57,832 - basepage.py - [line:95] - INFO - 鼠标光标移动至navBar_item_计算_content_云服务器元素并点击
2021-09-22 16:48:50,372 - basepage.py - [line:89] - INFO - 鼠标光标移动至navBar_item_计算_content元素
2021-09-22 16:48:50,801 - basepage.py - [line:95] - INFO - 鼠标光标移动至navBar_item_计算_content_云服务器元素并点击
2021-09-22 16:49:16,843 - basepage.py - [line:89] - INFO - 鼠标光标移动至navBar_item_计算_content元素
2021-09-22 16:49:17,397 - basepage.py - [line:95] - INFO - 鼠标光标移动至navBar_item_计算_content_云服务器元素并点击
2021-09-22 16:50:18,682 - basepage.py - [line:89] - INFO - 鼠标光标移动至navBar_item_计算_content元素
2021-09-22 16:50:19,146 - basepage.py - [line:95] - INFO - 鼠标光标移动至navBar_item_计算_content_云服务器元素并点击
2021-09-22 16:50:52,241 - basepage.py - [line:89] - INFO - 鼠标光标移动至navBar_item_计算_content元素
2021-09-22 16:50:52,842 - basepage.py - [line:95] - INFO - 鼠标光标移动至navBar_item_计算_content_云服务器元素并点击
2021-09-22 16:51:31,703 - basepage.py - [line:89] - INFO - 鼠标光标移动至navBar_item_计算_content元素
2021-09-22 16:51:32,174 - basepage.py - [line:95] - INFO - 鼠标光标移动至navBar_item_计算_content_云服务器元素并点击
2021-09-22 16:52:45,849 - basepage.py - [line:89] - INFO - 鼠标光标移动至navBar_item_计算_content元素
2021-09-22 16:52:46,620 - basepage.py - [line:95] - INFO - 鼠标光标移动至navBar_item_计算_content_云服务器元素并点击
2021-09-22 16:53:38,630 - basepage.py - [line:89] - INFO - 鼠标光标移动至navBar_item_计算_content元素
2021-09-22 16:53:39,103 - basepage.py - [line:95] - INFO - 鼠标光标移动至navBar_item_计算_content_云服务器元素并点击
2021-09-22 16:55:31,832 - basepage.py - [line:89] - INFO - 鼠标光标移动至navBar_item_计算_content元素
2021-09-22 16:55:32,307 - basepage.py - [line:95] - INFO - 鼠标光标移动至navBar_item_计算_content_云服务器元素并点击
2021-09-22 16:55:32,445 - basepage.py - [line:77] - INFO - 点击了panel-c-scroll元素
2021-09-22 16:56:20,495 - basepage.py - [line:89] - INFO - 鼠标光标移动至navBar_item_计算_content元素
2021-09-22 16:56:21,072 - basepage.py - [line:95] - INFO - 鼠标光标移动至navBar_item_计算_content_云服务器元素并点击
2021-09-22 16:56:21,913 - basepage.py - [line:77] - INFO - 点击了//*[@id="panel-c-scroll"]/div[1]/section/section/div[1]/section/div[2]/div/ul/li/div/div/div/div元素
2021-09-22 16:58:48,615 - basepage.py - [line:89] - INFO - 鼠标光标移动至navBar_item_计算_content元素
2021-09-22 16:58:49,090 - basepage.py - [line:95] - INFO - 鼠标光标移动至navBar_item_计算_content_云服务器元素并点击
2021-09-22 16:58:49,766 - basepage.py - [line:77] - INFO - 点击了//*[@id="panel-c-scroll"]/div[1]/section/section/div[1]/section/div[2]/div/ul/li/div/div/div/div元素
2021-09-22 16:59:58,871 - basepage.py - [line:89] - INFO - 鼠标光标移动至navBar_item_计算_content元素
2021-09-22 16:59:59,662 - basepage.py - [line:95] - INFO - 鼠标光标移动至navBar_item_计算_content_云服务器元素并点击
2021-09-22 17:00:00,336 - basepage.py - [line:77] - INFO - 点击了//*[@id="panel-c-scroll"]/div[1]/section/section/div[1]/section/div[2]/div/ul/li/div/div/div/div元素
2021-09-22 17:00:28,465 - basepage.py - [line:89] - INFO - 鼠标光标移动至navBar_item_计算_content元素
2021-09-22 17:00:28,909 - basepage.py - [line:95] - INFO - 鼠标光标移动至navBar_item_计算_content_云服务器元素并点击
2021-09-22 17:00:29,587 - basepage.py - [line:77] - INFO - 点击了//*[@id="panel-c-scroll"]/div[1]/section/section/div[1]/section/div[2]/div/ul/li/div/div/div/div元素
2021-09-22 17:00:45,799 - basepage.py - [line:89] - INFO - 鼠标光标移动至navBar_item_计算_content元素
2021-09-22 17:00:46,208 - basepage.py - [line:95] - INFO - 鼠标光标移动至navBar_item_计算_content_云服务器元素并点击
2021-09-22 17:01:47,945 - basepage.py - [line:89] - INFO - 鼠标光标移动至navBar_item_计算_content元素
2021-09-22 17:01:48,369 - basepage.py - [line:95] - INFO - 鼠标光标移动至navBar_item_计算_content_云服务器元素并点击
2021-09-22 17:02:48,653 - basepage.py - [line:89] - INFO - 鼠标光标移动至navBar_item_计算_content元素
2021-09-22 17:02:49,116 - basepage.py - [line:95] - INFO - 鼠标光标移动至navBar_item_计算_content_云服务器元素并点击
2021-09-22 17:03:28,784 - basepage.py - [line:89] - INFO - 鼠标光标移动至navBar_item_计算_content元素
2021-09-22 17:03:29,238 - basepage.py - [line:95] - INFO - 鼠标光标移动至navBar_item_计算_content_云服务器元素并点击
2021-09-22 17:04:11,185 - basepage.py - [line:89] - INFO - 鼠标光标移动至navBar_item_计算_content元素
2021-09-22 17:04:11,698 - basepage.py - [line:95] - INFO - 鼠标光标移动至navBar_item_计算_content_云服务器元素并点击
2021-09-22 17:04:33,516 - basepage.py - [line:89] - INFO - 鼠标光标移动至navBar_item_计算_content元素
2021-09-22 17:04:34,145 - basepage.py - [line:95] - INFO - 鼠标光标移动至navBar_item_计算_content_云服务器元素并点击
2021-09-22 17:06:06,832 - basepage.py - [line:89] - INFO - 鼠标光标移动至navBar_item_计算_content元素
2021-09-22 17:06:07,333 - basepage.py - [line:95] - INFO - 鼠标光标移动至navBar_item_计算_content_云服务器元素并点击
2021-09-22 17:06:47,945 - basepage.py - [line:89] - INFO - 鼠标光标移动至navBar_item_计算_content元素
2021-09-22 17:06:48,424 - basepage.py - [line:95] - INFO - 鼠标光标移动至navBar_item_计算_content_云服务器元素并点击
2021-09-22 17:19:01,784 - basepage.py - [line:89] - INFO - 鼠标光标移动至navBar_item_计算_content元素
2021-09-22 17:19:02,238 - basepage.py - [line:95] - INFO - 鼠标光标移动至navBar_item_计算_content_云服务器元素并点击
2021-09-22 17:55:01,939 - basepage.py - [line:89] - INFO - 鼠标光标移动至navBar_item_计算_content元素
2021-09-22 17:55:02,457 - basepage.py - [line:95] - INFO - 鼠标光标移动至navBar_item_计算_content_云服务器元素并点击
2021-09-22 17:55:49,651 - basepage.py - [line:89] - INFO - 鼠标光标移动至navBar_item_计算_content元素
2021-09-22 17:55:50,083 - basepage.py - [line:95] - INFO - 鼠标光标移动至navBar_item_计算_content_云服务器元素并点击
2021-09-22 17:58:05,142 - basepage.py - [line:89] - INFO - 鼠标光标移动至navBar_item_计算_content元素
2021-09-22 17:58:05,821 - basepage.py - [line:95] - INFO - 鼠标光标移动至navBar_item_计算_content_云服务器元素并点击
2021-09-22 18:05:32,103 - basepage.py - [line:89] - INFO - 鼠标光标移动至navBar_item_计算_content元素
2021-09-22 18:05:32,591 - basepage.py - [line:95] - INFO - 鼠标光标移动至navBar_item_计算_content_云服务器元素并点击
2021-09-22 18:05:32,699 - basepage.py - [line:108] - INFO - 元素文本信息为
2021-09-22 18:11:04,476 - basepage.py - [line:89] - INFO - 鼠标光标移动至navBar_item_计算_content元素
2021-09-22 18:11:05,021 - basepage.py - [line:95] - INFO - 鼠标光标移动至navBar_item_计算_content_云服务器元素并点击
2021-09-22 18:11:05,124 - basepage.py - [line:108] - INFO - 元素文本信息为
2021-09-22 18:24:59,802 - basepage.py - [line:89] - INFO - 鼠标光标移动至navBar_item_计算_content元素
2021-09-22 18:25:00,382 - basepage.py - [line:95] - INFO - 鼠标光标移动至navBar_item_计算_content_云服务器元素并点击
2021-09-22 18:25:00,491 - basepage.py - [line:108] - INFO - 元素文本信息为请输入名称、IP、Mac地址、uuid
2021-09-22 18:27:04,786 - basepage.py - [line:89] - INFO - 鼠标光标移动至navBar_item_计算_content元素
2021-09-22 18:27:05,227 - basepage.py - [line:95] - INFO - 鼠标光标移动至navBar_item_计算_content_云服务器元素并点击
2021-09-22 18:32:52,329 - basepage.py - [line:89] - INFO - 鼠标光标移动至navBar_item_计算_content元素
2021-09-22 18:32:52,798 - basepage.py - [line:95] - INFO - 鼠标光标移动至navBar_item_计算_content_云服务器元素并点击
2021-09-22 18:33:09,123 - basepage.py - [line:89] - INFO - 鼠标光标移动至navBar_item_计算_content元素
2021-09-22 18:33:09,567 - basepage.py - [line:95] - INFO - 鼠标光标移动至navBar_item_计算_content_云服务器元素并点击
2021-09-22 18:33:09,668 - basepage.py - [line:108] - INFO - 元素文本信息为请输入名称、IP、Mac地址、uuid
2021-09-22 18:34:09,464 - basepage.py - [line:89] - INFO - 鼠标光标移动至navBar_item_计算_content元素
2021-09-22 18:34:09,929 - basepage.py - [line:95] - INFO - 鼠标光标移动至navBar_item_计算_content_云服务器元素并点击
2021-09-22 18:37:15,789 - basepage.py - [line:89] - INFO - 鼠标光标移动至navBar_item_计算_content元素
2021-09-22 18:37:16,276 - basepage.py - [line:95] - INFO - 鼠标光标移动至navBar_item_计算_content_云服务器元素并点击
2021-09-22 18:37:16,388 - basepage.py - [line:108] - INFO - 元素文本信息为请输入名称、IP、Mac地址、uuid
2021-09-22 21:30:59,217 - basepage.py - [line:89] - INFO - 鼠标光标移动至navBar_item_计算_content元素
2021-09-22 21:30:59,800 - basepage.py - [line:95] - INFO - 鼠标光标移动至navBar_item_计算_content_云服务器元素并点击
2021-09-22 21:30:59,934 - basepage.py - [line:108] - INFO - 元素文本信息为请输入名称、IP、Mac地址、uuid
2021-09-22 21:37:23,437 - basepage.py - [line:89] - INFO - 鼠标光标移动至navBar_item_计算_content元素
2021-09-22 21:37:23,955 - basepage.py - [line:95] - INFO - 鼠标光标移动至navBar_item_计算_content_云服务器元素并点击
2021-09-22 21:37:24,075 - basepage.py - [line:108] - INFO - 元素文本信息为请输入名称、IP、Mac地址、uuid
2021-09-22 21:58:05,221 - basepage.py - [line:89] - INFO - 鼠标光标移动至navBar_item_计算_content元素
2021-09-22 21:58:05,845 - basepage.py - [line:95] - INFO - 鼠标光标移动至navBar_item_计算_content_云服务器元素并点击
2021-09-22 22:03:46,942 - basepage.py - [line:89] - INFO - 鼠标光标移动至navBar_item_计算_content元素
2021-09-22 22:03:47,567 - basepage.py - [line:95] - INFO - 鼠标光标移动至navBar_item_计算_content_云服务器元素并点击
2021-09-22 22:06:04,151 - basepage.py - [line:89] - INFO - 鼠标光标移动至navBar_item_计算_content元素
2021-09-22 22:06:04,779 - basepage.py - [line:95] - INFO - 鼠标光标移动至navBar_item_计算_content_云服务器元素并点击
2021-09-22 22:10:36,856 - basepage.py - [line:89] - INFO - 鼠标光标移动至navBar_item_计算_content元素
2021-09-22 22:10:37,376 - basepage.py - [line:95] - INFO - 鼠标光标移动至navBar_item_计算_content_云服务器元素并点击
2021-09-22 22:10:52,152 - basepage.py - [line:89] - INFO - 鼠标光标移动至navBar_item_计算_content元素
2021-09-22 22:10:52,773 - basepage.py - [line:95] - INFO - 鼠标光标移动至navBar_item_计算_content_云服务器元素并点击
2021-09-22 22:23:11,276 - basepage.py - [line:89] - INFO - 鼠标光标移动至navBar_item_计算_content元素
2021-09-22 22:23:11,937 - basepage.py - [line:95] - INFO - 鼠标光标移动至navBar_item_计算_content_云服务器元素并点击
2021-09-22 22:23:51,478 - basepage.py - [line:89] - INFO - 鼠标光标移动至navBar_item_计算_content元素
2021-09-22 22:23:52,115 - basepage.py - [line:95] - INFO - 鼠标光标移动至navBar_item_计算_content_云服务器元素并点击
2021-09-22 22:24:11,272 - basepage.py - [line:89] - INFO - 鼠标光标移动至navBar_item_计算_content元素
2021-09-22 22:24:11,888 - basepage.py - [line:95] - INFO - 鼠标光标移动至navBar_item_计算_content_云服务器元素并点击
