2021-10-18 09:13:26,774 - basepage.py - [line:97] - INFO - 鼠标光标移动至navBar_item_计算_content元素
2021-10-18 09:13:27,158 - basepage.py - [line:103] - INFO - 鼠标光标移动至navBar_item_计算_content_云服务器元素并点击
2021-10-18 09:13:27,418 - basepage.py - [line:85] - INFO - 点击了//*[@id="tab-vmlist"]元素
2021-10-18 09:13:30,310 - basepage.py - [line:152] - INFO - 键盘输入后清理
2021-10-18 09:13:30,583 - basepage.py - [line:152] - INFO - 键盘输入后清理
2021-10-18 09:13:51,444 - basepage.py - [line:97] - INFO - 鼠标光标移动至navBar_item_计算_content元素
2021-10-18 09:13:51,826 - basepage.py - [line:103] - INFO - 鼠标光标移动至navBar_item_计算_content_云服务器元素并点击
2021-10-18 09:13:52,029 - basepage.py - [line:85] - INFO - 点击了//*[@id="tab-vmlist"]元素
2021-10-18 09:13:54,941 - basepage.py - [line:152] - INFO - 键盘输入后清理
2021-10-18 09:13:55,207 - basepage.py - [line:152] - INFO - 键盘输入后清理
2021-10-18 09:18:17,816 - basepage.py - [line:97] - INFO - 鼠标光标移动至navBar_item_计算_content元素
2021-10-18 09:18:18,215 - basepage.py - [line:103] - INFO - 鼠标光标移动至navBar_item_计算_content_云服务器元素并点击
2021-10-18 09:18:18,959 - basepage.py - [line:85] - INFO - 点击了//*[@id="tab-vmlist"]元素
2021-10-18 09:18:22,466 - basepage.py - [line:152] - INFO - 键盘输入后清理
2021-10-18 09:21:40,544 - basepage.py - [line:97] - INFO - 鼠标光标移动至navBar_item_计算_content元素
2021-10-18 09:21:40,967 - basepage.py - [line:103] - INFO - 鼠标光标移动至navBar_item_计算_content_云服务器元素并点击
2021-10-18 09:21:41,200 - basepage.py - [line:85] - INFO - 点击了//*[@id="tab-vmlist"]元素
2021-10-18 09:21:44,127 - basepage.py - [line:152] - INFO - 键盘输入后清理
2021-10-18 09:21:44,278 - basepage.py - [line:116] - INFO - 元素文本信息为请输入自动创建云服务器个数（限制100）
2021-10-18 09:21:44,391 - basepage.py - [line:152] - INFO - 键盘输入后清理
2021-10-18 09:22:33,086 - basepage.py - [line:97] - INFO - 鼠标光标移动至navBar_item_计算_content元素
2021-10-18 09:22:33,458 - basepage.py - [line:103] - INFO - 鼠标光标移动至navBar_item_计算_content_云服务器元素并点击
2021-10-18 09:22:33,684 - basepage.py - [line:85] - INFO - 点击了//*[@id="tab-vmlist"]元素
2021-10-18 09:22:36,585 - basepage.py - [line:152] - INFO - 键盘输入后清理
2021-10-18 09:22:36,739 - basepage.py - [line:116] - INFO - 元素文本信息为请输入自动创建云服务器个数（限制100）
2021-10-18 09:22:36,851 - basepage.py - [line:152] - INFO - 键盘输入后清理
2021-10-18 09:38:50,373 - basepage.py - [line:97] - INFO - 鼠标光标移动至navBar_item_计算_content元素
2021-10-18 09:38:50,935 - basepage.py - [line:103] - INFO - 鼠标光标移动至navBar_item_计算_content_云服务器元素并点击
2021-10-18 09:38:52,282 - basepage.py - [line:85] - INFO - 点击了//*[@id="tab-vmlist"]元素
2021-10-18 09:40:03,121 - basepage.py - [line:97] - INFO - 鼠标光标移动至navBar_item_计算_content元素
2021-10-18 09:40:03,558 - basepage.py - [line:103] - INFO - 鼠标光标移动至navBar_item_计算_content_云服务器元素并点击
2021-10-18 09:40:03,798 - basepage.py - [line:85] - INFO - 点击了//*[@id="tab-vmlist"]元素
2021-10-18 09:41:01,555 - basepage.py - [line:97] - INFO - 鼠标光标移动至navBar_item_计算_content元素
2021-10-18 09:41:01,946 - basepage.py - [line:103] - INFO - 鼠标光标移动至navBar_item_计算_content_云服务器元素并点击
2021-10-18 09:41:02,165 - basepage.py - [line:85] - INFO - 点击了//*[@id="tab-vmlist"]元素
2021-10-18 09:41:29,565 - basepage.py - [line:97] - INFO - 鼠标光标移动至navBar_item_计算_content元素
2021-10-18 09:41:29,917 - basepage.py - [line:103] - INFO - 鼠标光标移动至navBar_item_计算_content_云服务器元素并点击
2021-10-18 09:41:30,146 - basepage.py - [line:85] - INFO - 点击了//*[@id="tab-vmlist"]元素
2021-10-18 09:41:52,558 - basepage.py - [line:97] - INFO - 鼠标光标移动至navBar_item_计算_content元素
2021-10-18 09:41:52,961 - basepage.py - [line:103] - INFO - 鼠标光标移动至navBar_item_计算_content_云服务器元素并点击
2021-10-18 09:41:53,188 - basepage.py - [line:85] - INFO - 点击了//*[@id="tab-vmlist"]元素
2021-10-18 09:41:58,177 - basepage.py - [line:130] - INFO - 元素文本信息为2
2021-10-18 09:41:58,317 - basepage.py - [line:152] - INFO - 键盘输入后清理
2021-10-18 09:42:16,742 - basepage.py - [line:97] - INFO - 鼠标光标移动至navBar_item_计算_content元素
2021-10-18 09:42:17,141 - basepage.py - [line:103] - INFO - 鼠标光标移动至navBar_item_计算_content_云服务器元素并点击
2021-10-18 09:42:17,361 - basepage.py - [line:85] - INFO - 点击了//*[@id="tab-vmlist"]元素
2021-10-18 09:42:22,334 - basepage.py - [line:130] - INFO - 元素文本信息为2
2021-10-18 09:42:22,474 - basepage.py - [line:152] - INFO - 键盘输入后清理
2021-10-18 09:48:46,288 - basepage.py - [line:97] - INFO - 鼠标光标移动至navBar_item_计算_content元素
2021-10-18 09:52:29,018 - basepage.py - [line:97] - INFO - 鼠标光标移动至navBar_item_计算_content元素
2021-10-18 09:56:23,191 - basepage.py - [line:97] - INFO - 鼠标光标移动至navBar_item_计算_content元素
2021-10-18 09:56:23,604 - basepage.py - [line:103] - INFO - 鼠标光标移动至navBar_item_计算_content_云服务器元素并点击
2021-10-18 09:56:23,941 - basepage.py - [line:85] - INFO - 点击了//*[@id="tab-vmlist"]元素
2021-10-18 09:56:29,149 - basepage.py - [line:152] - INFO - 键盘输入后清理
2021-10-18 09:57:30,622 - basepage.py - [line:97] - INFO - 鼠标光标移动至navBar_item_计算_content元素
2021-10-18 09:57:31,068 - basepage.py - [line:103] - INFO - 鼠标光标移动至navBar_item_计算_content_云服务器元素并点击
2021-10-18 09:57:31,383 - basepage.py - [line:85] - INFO - 点击了//*[@id="tab-vmlist"]元素
2021-10-18 09:57:36,442 - basepage.py - [line:152] - INFO - 键盘输入后清理
2021-10-18 09:57:37,584 - basepage.py - [line:116] - INFO - 元素文本信息为请输入处理器
2021-10-18 09:58:41,372 - basepage.py - [line:97] - INFO - 鼠标光标移动至navBar_item_计算_content元素
2021-10-18 09:58:41,931 - basepage.py - [line:103] - INFO - 鼠标光标移动至navBar_item_计算_content_云服务器元素并点击
2021-10-18 09:58:42,180 - basepage.py - [line:85] - INFO - 点击了//*[@id="tab-vmlist"]元素
2021-10-18 09:58:47,256 - basepage.py - [line:152] - INFO - 键盘输入后清理
2021-10-18 09:58:48,399 - basepage.py - [line:116] - INFO - 元素文本信息为请输入处理器
2021-10-18 10:00:43,184 - basepage.py - [line:97] - INFO - 鼠标光标移动至navBar_item_计算_content元素
2021-10-18 10:00:43,805 - basepage.py - [line:103] - INFO - 鼠标光标移动至navBar_item_计算_content_云服务器元素并点击
2021-10-18 10:00:44,126 - basepage.py - [line:85] - INFO - 点击了//*[@id="tab-vmlist"]元素
2021-10-18 10:00:50,322 - basepage.py - [line:152] - INFO - 键盘输入后清理
2021-10-18 10:01:08,121 - basepage.py - [line:97] - INFO - 鼠标光标移动至navBar_item_计算_content元素
2021-10-18 10:01:08,485 - basepage.py - [line:103] - INFO - 鼠标光标移动至navBar_item_计算_content_云服务器元素并点击
2021-10-18 10:01:09,247 - basepage.py - [line:85] - INFO - 点击了//*[@id="tab-vmlist"]元素
2021-10-18 10:01:15,654 - basepage.py - [line:152] - INFO - 键盘输入后清理
2021-10-18 10:04:30,535 - basepage.py - [line:97] - INFO - 鼠标光标移动至navBar_item_计算_content元素
2021-10-18 10:04:30,995 - basepage.py - [line:103] - INFO - 鼠标光标移动至navBar_item_计算_content_云服务器元素并点击
2021-10-18 10:04:31,253 - basepage.py - [line:85] - INFO - 点击了//*[@id="tab-vmlist"]元素
2021-10-18 10:04:37,636 - basepage.py - [line:152] - INFO - 键盘输入后清理
2021-10-18 10:05:24,788 - basepage.py - [line:97] - INFO - 鼠标光标移动至navBar_item_计算_content元素
2021-10-18 10:05:25,152 - basepage.py - [line:103] - INFO - 鼠标光标移动至navBar_item_计算_content_云服务器元素并点击
2021-10-18 10:05:25,387 - basepage.py - [line:85] - INFO - 点击了//*[@id="tab-vmlist"]元素
2021-10-18 10:05:31,561 - basepage.py - [line:152] - INFO - 键盘输入后清理
2021-10-18 10:06:15,485 - basepage.py - [line:97] - INFO - 鼠标光标移动至navBar_item_计算_content元素
2021-10-18 10:06:15,874 - basepage.py - [line:103] - INFO - 鼠标光标移动至navBar_item_计算_content_云服务器元素并点击
2021-10-18 10:06:16,111 - basepage.py - [line:85] - INFO - 点击了//*[@id="tab-vmlist"]元素
2021-10-18 10:06:22,675 - basepage.py - [line:152] - INFO - 键盘输入后清理
2021-10-18 10:06:48,656 - basepage.py - [line:97] - INFO - 鼠标光标移动至navBar_item_计算_content元素
2021-10-18 10:06:49,025 - basepage.py - [line:103] - INFO - 鼠标光标移动至navBar_item_计算_content_云服务器元素并点击
2021-10-18 10:06:49,233 - basepage.py - [line:85] - INFO - 点击了//*[@id="tab-vmlist"]元素
2021-10-18 10:06:54,665 - basepage.py - [line:152] - INFO - 键盘输入后清理
2021-10-18 10:16:19,686 - basepage.py - [line:97] - INFO - 鼠标光标移动至navBar_item_计算_content元素
2021-10-18 10:16:20,096 - basepage.py - [line:103] - INFO - 鼠标光标移动至navBar_item_计算_content_云服务器元素并点击
2021-10-18 10:16:20,344 - basepage.py - [line:85] - INFO - 点击了//*[@id="tab-vmlist"]元素
2021-10-18 10:16:25,989 - basepage.py - [line:152] - INFO - 键盘输入后清理
2021-10-18 10:17:03,983 - basepage.py - [line:97] - INFO - 鼠标光标移动至navBar_item_计算_content元素
2021-10-18 10:17:04,322 - basepage.py - [line:103] - INFO - 鼠标光标移动至navBar_item_计算_content_云服务器元素并点击
2021-10-18 10:17:05,024 - basepage.py - [line:85] - INFO - 点击了//*[@id="tab-vmlist"]元素
2021-10-18 10:17:10,103 - basepage.py - [line:152] - INFO - 键盘输入后清理
2021-10-18 10:17:11,329 - basepage.py - [line:152] - INFO - 键盘输入后清理
2021-10-18 10:17:23,961 - basepage.py - [line:97] - INFO - 鼠标光标移动至navBar_item_计算_content元素
2021-10-18 10:17:24,363 - basepage.py - [line:103] - INFO - 鼠标光标移动至navBar_item_计算_content_云服务器元素并点击
2021-10-18 10:17:24,585 - basepage.py - [line:85] - INFO - 点击了//*[@id="tab-vmlist"]元素
2021-10-18 10:17:29,584 - basepage.py - [line:152] - INFO - 键盘输入后清理
2021-10-18 10:17:30,819 - basepage.py - [line:152] - INFO - 键盘输入后清理
2021-10-18 10:18:13,202 - basepage.py - [line:97] - INFO - 鼠标光标移动至navBar_item_计算_content元素
2021-10-18 10:18:13,572 - basepage.py - [line:103] - INFO - 鼠标光标移动至navBar_item_计算_content_云服务器元素并点击
2021-10-18 10:18:14,277 - basepage.py - [line:85] - INFO - 点击了//*[@id="tab-vmlist"]元素
2021-10-18 10:18:19,516 - basepage.py - [line:152] - INFO - 键盘输入后清理
2021-10-18 10:18:20,747 - basepage.py - [line:152] - INFO - 键盘输入后清理
2021-10-18 10:23:17,075 - basepage.py - [line:97] - INFO - 鼠标光标移动至navBar_item_计算_content元素
2021-10-18 10:23:17,493 - basepage.py - [line:103] - INFO - 鼠标光标移动至navBar_item_计算_content_云服务器元素并点击
2021-10-18 10:23:17,733 - basepage.py - [line:85] - INFO - 点击了//*[@id="tab-vmlist"]元素
2021-10-18 10:23:23,052 - basepage.py - [line:130] - INFO - 元素文本信息为1
2021-10-18 10:23:53,496 - basepage.py - [line:97] - INFO - 鼠标光标移动至navBar_item_计算_content元素
2021-10-18 10:23:53,930 - basepage.py - [line:103] - INFO - 鼠标光标移动至navBar_item_计算_content_云服务器元素并点击
2021-10-18 10:23:54,142 - basepage.py - [line:85] - INFO - 点击了//*[@id="tab-vmlist"]元素
2021-10-18 10:23:59,066 - basepage.py - [line:130] - INFO - 元素文本信息为1
2021-10-18 10:26:33,499 - basepage.py - [line:97] - INFO - 鼠标光标移动至navBar_item_计算_content元素
2021-10-18 10:26:33,868 - basepage.py - [line:103] - INFO - 鼠标光标移动至navBar_item_计算_content_云服务器元素并点击
2021-10-18 10:26:34,087 - basepage.py - [line:85] - INFO - 点击了//*[@id="tab-vmlist"]元素
2021-10-18 10:26:39,457 - basepage.py - [line:130] - INFO - 元素文本信息为1
2021-10-18 10:26:59,776 - basepage.py - [line:97] - INFO - 鼠标光标移动至navBar_item_计算_content元素
2021-10-18 10:27:00,213 - basepage.py - [line:103] - INFO - 鼠标光标移动至navBar_item_计算_content_云服务器元素并点击
2021-10-18 10:27:00,432 - basepage.py - [line:85] - INFO - 点击了//*[@id="tab-vmlist"]元素
2021-10-18 10:27:05,775 - basepage.py - [line:130] - INFO - 元素文本信息为1
2021-10-18 10:29:03,885 - basepage.py - [line:97] - INFO - 鼠标光标移动至navBar_item_计算_content元素
2021-10-18 10:29:04,272 - basepage.py - [line:103] - INFO - 鼠标光标移动至navBar_item_计算_content_云服务器元素并点击
2021-10-18 10:29:04,488 - basepage.py - [line:85] - INFO - 点击了//*[@id="tab-vmlist"]元素
2021-10-18 10:29:09,582 - basepage.py - [line:130] - INFO - 元素文本信息为1
2021-10-18 10:29:28,759 - basepage.py - [line:97] - INFO - 鼠标光标移动至navBar_item_计算_content元素
2021-10-18 10:29:29,181 - basepage.py - [line:103] - INFO - 鼠标光标移动至navBar_item_计算_content_云服务器元素并点击
2021-10-18 10:29:30,168 - basepage.py - [line:85] - INFO - 点击了//*[@id="tab-vmlist"]元素
2021-10-18 10:29:35,185 - basepage.py - [line:152] - INFO - 键盘输入后清理
2021-10-18 10:29:36,326 - basepage.py - [line:116] - INFO - 元素文本信息为请输入处理器插槽数
2021-10-18 10:35:08,311 - basepage.py - [line:97] - INFO - 鼠标光标移动至navBar_item_计算_content元素
2021-10-18 10:35:08,759 - basepage.py - [line:103] - INFO - 鼠标光标移动至navBar_item_计算_content_云服务器元素并点击
2021-10-18 10:35:08,969 - basepage.py - [line:85] - INFO - 点击了//*[@id="tab-vmlist"]元素
2021-10-18 10:35:14,077 - basepage.py - [line:152] - INFO - 键盘输入后清理
2021-10-18 10:35:15,229 - basepage.py - [line:116] - INFO - 元素文本信息为请输入处理器插槽数
2021-10-18 10:35:41,925 - basepage.py - [line:97] - INFO - 鼠标光标移动至navBar_item_计算_content元素
2021-10-18 10:35:42,379 - basepage.py - [line:103] - INFO - 鼠标光标移动至navBar_item_计算_content_云服务器元素并点击
2021-10-18 10:35:43,387 - basepage.py - [line:85] - INFO - 点击了//*[@id="tab-vmlist"]元素
2021-10-18 10:35:48,453 - basepage.py - [line:152] - INFO - 键盘输入后清理
2021-10-18 10:35:49,684 - basepage.py - [line:116] - INFO - 元素文本信息为请输入处理器插槽数
2021-10-18 10:39:01,577 - basepage.py - [line:97] - INFO - 鼠标光标移动至navBar_item_计算_content元素
2021-10-18 10:39:01,965 - basepage.py - [line:103] - INFO - 鼠标光标移动至navBar_item_计算_content_云服务器元素并点击
2021-10-18 10:39:02,203 - basepage.py - [line:85] - INFO - 点击了//*[@id="tab-vmlist"]元素
2021-10-18 10:39:07,207 - basepage.py - [line:152] - INFO - 键盘输入后清理
2021-10-18 10:41:40,206 - basepage.py - [line:97] - INFO - 鼠标光标移动至navBar_item_计算_content元素
2021-10-18 10:41:40,644 - basepage.py - [line:103] - INFO - 鼠标光标移动至navBar_item_计算_content_云服务器元素并点击
2021-10-18 10:41:41,749 - basepage.py - [line:85] - INFO - 点击了//*[@id="tab-vmlist"]元素
2021-10-18 10:41:48,650 - basepage.py - [line:152] - INFO - 键盘输入后清理
2021-10-18 10:42:31,522 - basepage.py - [line:97] - INFO - 鼠标光标移动至navBar_item_计算_content元素
2021-10-18 10:42:31,893 - basepage.py - [line:103] - INFO - 鼠标光标移动至navBar_item_计算_content_云服务器元素并点击
2021-10-18 10:42:32,113 - basepage.py - [line:85] - INFO - 点击了//*[@id="tab-vmlist"]元素
2021-10-18 10:42:37,365 - basepage.py - [line:152] - INFO - 键盘输入后清理
2021-10-18 10:43:00,534 - basepage.py - [line:97] - INFO - 鼠标光标移动至navBar_item_计算_content元素
2021-10-18 10:43:00,900 - basepage.py - [line:103] - INFO - 鼠标光标移动至navBar_item_计算_content_云服务器元素并点击
2021-10-18 10:43:01,616 - basepage.py - [line:85] - INFO - 点击了//*[@id="tab-vmlist"]元素
2021-10-18 10:43:06,667 - basepage.py - [line:152] - INFO - 键盘输入后清理
2021-10-18 10:43:37,457 - basepage.py - [line:97] - INFO - 鼠标光标移动至navBar_item_计算_content元素
2021-10-18 10:43:37,889 - basepage.py - [line:103] - INFO - 鼠标光标移动至navBar_item_计算_content_云服务器元素并点击
2021-10-18 10:43:39,105 - basepage.py - [line:85] - INFO - 点击了//*[@id="tab-vmlist"]元素
2021-10-18 10:43:44,127 - basepage.py - [line:152] - INFO - 键盘输入后清理
2021-10-18 10:44:32,478 - basepage.py - [line:97] - INFO - 鼠标光标移动至navBar_item_计算_content元素
2021-10-18 10:44:32,840 - basepage.py - [line:103] - INFO - 鼠标光标移动至navBar_item_计算_content_云服务器元素并点击
2021-10-18 10:44:33,070 - basepage.py - [line:85] - INFO - 点击了//*[@id="tab-vmlist"]元素
2021-10-18 10:44:38,175 - basepage.py - [line:152] - INFO - 键盘输入后清理
2021-10-18 10:49:08,999 - basepage.py - [line:97] - INFO - 鼠标光标移动至navBar_item_计算_content元素
2021-10-18 10:49:09,455 - basepage.py - [line:103] - INFO - 鼠标光标移动至navBar_item_计算_content_云服务器元素并点击
2021-10-18 10:49:09,676 - basepage.py - [line:85] - INFO - 点击了//*[@id="tab-vmlist"]元素
2021-10-18 10:49:15,778 - basepage.py - [line:152] - INFO - 键盘输入后清理
2021-10-18 10:49:42,022 - basepage.py - [line:97] - INFO - 鼠标光标移动至navBar_item_计算_content元素
2021-10-18 10:49:42,358 - basepage.py - [line:103] - INFO - 鼠标光标移动至navBar_item_计算_content_云服务器元素并点击
2021-10-18 10:49:42,576 - basepage.py - [line:85] - INFO - 点击了//*[@id="tab-vmlist"]元素
2021-10-18 10:49:47,664 - basepage.py - [line:152] - INFO - 键盘输入后清理
2021-10-18 10:49:48,897 - basepage.py - [line:152] - INFO - 键盘输入后清理
2021-10-18 11:52:17,528 - basepage.py - [line:97] - INFO - 鼠标光标移动至navBar_item_计算_content元素
2021-10-18 12:31:32,545 - basepage.py - [line:97] - INFO - 鼠标光标移动至navBar_item_计算_content元素
2021-10-18 12:31:32,990 - basepage.py - [line:103] - INFO - 鼠标光标移动至navBar_item_计算_content_云服务器元素并点击
2021-10-18 12:31:33,642 - basepage.py - [line:85] - INFO - 点击了//*[@id="tab-vmlist"]元素
2021-10-18 12:31:38,763 - basepage.py - [line:130] - INFO - 元素文本信息为2
2021-10-18 12:32:01,327 - basepage.py - [line:97] - INFO - 鼠标光标移动至navBar_item_计算_content元素
2021-10-18 12:32:01,752 - basepage.py - [line:103] - INFO - 鼠标光标移动至navBar_item_计算_content_云服务器元素并点击
2021-10-18 12:32:02,031 - basepage.py - [line:85] - INFO - 点击了//*[@id="tab-vmlist"]元素
2021-10-18 12:32:06,979 - basepage.py - [line:130] - INFO - 元素文本信息为2
2021-10-18 14:07:55,584 - basepage.py - [line:97] - INFO - 鼠标光标移动至navBar_item_计算_content元素
2021-10-18 14:07:56,024 - basepage.py - [line:103] - INFO - 鼠标光标移动至navBar_item_计算_content_云服务器元素并点击
2021-10-18 14:07:58,275 - basepage.py - [line:85] - INFO - 点击了//*[@id="tab-vmlist"]元素
2021-10-18 14:08:03,240 - basepage.py - [line:130] - INFO - 元素文本信息为2
2021-10-18 14:11:56,396 - basepage.py - [line:97] - INFO - 鼠标光标移动至navBar_item_计算_content元素
2021-10-18 14:11:56,788 - basepage.py - [line:103] - INFO - 鼠标光标移动至navBar_item_计算_content_云服务器元素并点击
2021-10-18 14:11:57,468 - basepage.py - [line:85] - INFO - 点击了//*[@id="tab-vmlist"]元素
2021-10-18 14:12:02,280 - basepage.py - [line:152] - INFO - 键盘输入后清理
2021-10-18 14:12:03,376 - basepage.py - [line:116] - INFO - 元素文本信息为请输入处理器插槽核数
2021-10-18 14:16:15,563 - basepage.py - [line:97] - INFO - 鼠标光标移动至navBar_item_计算_content元素
2021-10-18 14:16:15,937 - basepage.py - [line:103] - INFO - 鼠标光标移动至navBar_item_计算_content_云服务器元素并点击
2021-10-18 14:16:16,095 - basepage.py - [line:85] - INFO - 点击了//*[@id="tab-vmlist"]元素
2021-10-18 14:16:20,973 - basepage.py - [line:152] - INFO - 键盘输入后清理
2021-10-18 14:16:41,366 - basepage.py - [line:97] - INFO - 鼠标光标移动至navBar_item_计算_content元素
2021-10-18 14:16:41,738 - basepage.py - [line:103] - INFO - 鼠标光标移动至navBar_item_计算_content_云服务器元素并点击
2021-10-18 14:16:42,435 - basepage.py - [line:85] - INFO - 点击了//*[@id="tab-vmlist"]元素
2021-10-18 14:16:47,367 - basepage.py - [line:152] - INFO - 键盘输入后清理
2021-10-18 14:17:01,044 - basepage.py - [line:97] - INFO - 鼠标光标移动至navBar_item_计算_content元素
2021-10-18 14:17:01,468 - basepage.py - [line:103] - INFO - 鼠标光标移动至navBar_item_计算_content_云服务器元素并点击
2021-10-18 14:17:02,142 - basepage.py - [line:85] - INFO - 点击了//*[@id="tab-vmlist"]元素
2021-10-18 14:17:06,941 - basepage.py - [line:152] - INFO - 键盘输入后清理
2021-10-18 14:19:47,626 - basepage.py - [line:97] - INFO - 鼠标光标移动至navBar_item_计算_content元素
2021-10-18 14:19:47,992 - basepage.py - [line:103] - INFO - 鼠标光标移动至navBar_item_计算_content_云服务器元素并点击
2021-10-18 14:19:48,209 - basepage.py - [line:85] - INFO - 点击了//*[@id="tab-vmlist"]元素
2021-10-18 14:19:53,018 - basepage.py - [line:152] - INFO - 键盘输入后清理
2021-10-18 14:23:25,736 - basepage.py - [line:97] - INFO - 鼠标光标移动至navBar_item_计算_content元素
2021-10-18 14:23:26,083 - basepage.py - [line:103] - INFO - 鼠标光标移动至navBar_item_计算_content_云服务器元素并点击
2021-10-18 14:23:26,748 - basepage.py - [line:85] - INFO - 点击了//*[@id="tab-vmlist"]元素
2021-10-18 14:23:59,177 - basepage.py - [line:97] - INFO - 鼠标光标移动至navBar_item_计算_content元素
2021-10-18 14:23:59,701 - basepage.py - [line:103] - INFO - 鼠标光标移动至navBar_item_计算_content_云服务器元素并点击
2021-10-18 14:24:00,350 - basepage.py - [line:85] - INFO - 点击了//*[@id="tab-vmlist"]元素
2021-10-18 14:24:05,101 - basepage.py - [line:152] - INFO - 键盘输入后清理
2021-10-18 14:24:06,277 - basepage.py - [line:152] - INFO - 键盘输入后清理
2021-10-18 14:29:22,499 - basepage.py - [line:97] - INFO - 鼠标光标移动至navBar_item_计算_content元素
2021-10-18 14:29:23,138 - basepage.py - [line:103] - INFO - 鼠标光标移动至navBar_item_计算_content_云服务器元素并点击
2021-10-18 14:29:23,312 - basepage.py - [line:85] - INFO - 点击了//*[@id="tab-vmlist"]元素
2021-10-18 14:29:28,036 - basepage.py - [line:130] - INFO - 元素文本信息为4
2021-10-18 14:29:44,277 - basepage.py - [line:97] - INFO - 鼠标光标移动至navBar_item_计算_content元素
2021-10-18 14:29:44,632 - basepage.py - [line:103] - INFO - 鼠标光标移动至navBar_item_计算_content_云服务器元素并点击
2021-10-18 14:29:44,773 - basepage.py - [line:85] - INFO - 点击了//*[@id="tab-vmlist"]元素
2021-10-18 14:29:49,690 - basepage.py - [line:130] - INFO - 元素文本信息为4
2021-10-18 14:35:55,149 - basepage.py - [line:97] - INFO - 鼠标光标移动至navBar_item_计算_content元素
2021-10-18 14:35:55,573 - basepage.py - [line:103] - INFO - 鼠标光标移动至navBar_item_计算_content_云服务器元素并点击
2021-10-18 14:35:55,730 - basepage.py - [line:85] - INFO - 点击了//*[@id="tab-vmlist"]元素
2021-10-18 14:36:00,537 - basepage.py - [line:152] - INFO - 键盘输入后清理
2021-10-18 14:36:01,708 - basepage.py - [line:152] - INFO - 键盘输入后清理
2021-10-18 14:36:16,462 - basepage.py - [line:97] - INFO - 鼠标光标移动至navBar_item_计算_content元素
2021-10-18 14:36:16,798 - basepage.py - [line:103] - INFO - 鼠标光标移动至navBar_item_计算_content_云服务器元素并点击
2021-10-18 14:36:16,944 - basepage.py - [line:85] - INFO - 点击了//*[@id="tab-vmlist"]元素
2021-10-18 14:37:10,055 - basepage.py - [line:97] - INFO - 鼠标光标移动至navBar_item_计算_content元素
2021-10-18 14:37:10,394 - basepage.py - [line:103] - INFO - 鼠标光标移动至navBar_item_计算_content_云服务器元素并点击
2021-10-18 14:37:11,059 - basepage.py - [line:85] - INFO - 点击了//*[@id="tab-vmlist"]元素
2021-10-18 14:37:16,182 - basepage.py - [line:152] - INFO - 键盘输入后清理
2021-10-18 14:37:17,325 - basepage.py - [line:116] - INFO - 元素文本信息为请输入设置内存大小
2021-10-18 14:39:51,946 - basepage.py - [line:97] - INFO - 鼠标光标移动至navBar_item_计算_content元素
2021-10-18 14:39:52,323 - basepage.py - [line:103] - INFO - 鼠标光标移动至navBar_item_计算_content_云服务器元素并点击
2021-10-18 14:39:52,986 - basepage.py - [line:85] - INFO - 点击了//*[@id="tab-vmlist"]元素
2021-10-18 14:39:57,956 - basepage.py - [line:152] - INFO - 键盘输入后清理
2021-10-18 14:42:39,590 - basepage.py - [line:97] - INFO - 鼠标光标移动至navBar_item_计算_content元素
2021-10-18 14:42:40,444 - basepage.py - [line:103] - INFO - 鼠标光标移动至navBar_item_计算_content_云服务器元素并点击
2021-10-18 14:42:41,102 - basepage.py - [line:85] - INFO - 点击了//*[@id="tab-vmlist"]元素
2021-10-18 14:42:46,158 - basepage.py - [line:152] - INFO - 键盘输入后清理
2021-10-18 14:43:15,648 - basepage.py - [line:97] - INFO - 鼠标光标移动至navBar_item_计算_content元素
2021-10-18 14:43:16,537 - basepage.py - [line:103] - INFO - 鼠标光标移动至navBar_item_计算_content_云服务器元素并点击
2021-10-18 14:43:17,189 - basepage.py - [line:85] - INFO - 点击了//*[@id="tab-vmlist"]元素
2021-10-18 14:43:22,376 - basepage.py - [line:152] - INFO - 键盘输入后清理
2021-10-18 14:43:38,461 - basepage.py - [line:97] - INFO - 鼠标光标移动至navBar_item_计算_content元素
2021-10-18 14:43:38,809 - basepage.py - [line:103] - INFO - 鼠标光标移动至navBar_item_计算_content_云服务器元素并点击
2021-10-18 14:43:39,463 - basepage.py - [line:85] - INFO - 点击了//*[@id="tab-vmlist"]元素
2021-10-18 14:43:44,721 - basepage.py - [line:152] - INFO - 键盘输入后清理
2021-10-18 14:45:38,508 - basepage.py - [line:97] - INFO - 鼠标光标移动至navBar_item_计算_content元素
2021-10-18 14:45:38,838 - basepage.py - [line:103] - INFO - 鼠标光标移动至navBar_item_计算_content_云服务器元素并点击
2021-10-18 14:45:39,522 - basepage.py - [line:85] - INFO - 点击了//*[@id="tab-vmlist"]元素
2021-10-18 14:45:44,272 - basepage.py - [line:152] - INFO - 键盘输入后清理
2021-10-18 14:45:45,428 - basepage.py - [line:152] - INFO - 键盘输入后清理
2021-10-18 14:46:01,827 - basepage.py - [line:97] - INFO - 鼠标光标移动至navBar_item_计算_content元素
2021-10-18 14:46:02,170 - basepage.py - [line:103] - INFO - 鼠标光标移动至navBar_item_计算_content_云服务器元素并点击
2021-10-18 14:46:02,815 - basepage.py - [line:85] - INFO - 点击了//*[@id="tab-vmlist"]元素
2021-10-18 14:46:07,585 - basepage.py - [line:152] - INFO - 键盘输入后清理
2021-10-18 14:46:08,781 - basepage.py - [line:152] - INFO - 键盘输入后清理
2021-10-18 14:48:32,188 - basepage.py - [line:97] - INFO - 鼠标光标移动至navBar_item_计算_content元素
2021-10-18 14:48:33,041 - basepage.py - [line:103] - INFO - 鼠标光标移动至navBar_item_计算_content_云服务器元素并点击
2021-10-18 14:48:33,693 - basepage.py - [line:85] - INFO - 点击了//*[@id="tab-vmlist"]元素
2021-10-18 15:00:39,872 - basepage.py - [line:97] - INFO - 鼠标光标移动至navBar_item_计算_content元素
2021-10-18 15:00:40,252 - basepage.py - [line:103] - INFO - 鼠标光标移动至navBar_item_计算_content_云服务器元素并点击
2021-10-18 15:00:40,936 - basepage.py - [line:85] - INFO - 点击了//*[@id="tab-vmlist"]元素
2021-10-18 15:01:33,060 - basepage.py - [line:97] - INFO - 鼠标光标移动至navBar_item_计算_content元素
2021-10-18 15:01:33,928 - basepage.py - [line:103] - INFO - 鼠标光标移动至navBar_item_计算_content_云服务器元素并点击
2021-10-18 15:01:34,581 - basepage.py - [line:85] - INFO - 点击了//*[@id="tab-vmlist"]元素
2021-10-18 15:01:40,447 - basepage.py - [line:116] - INFO - 元素文本信息为请输入卷容量
2021-10-18 15:01:54,471 - basepage.py - [line:97] - INFO - 鼠标光标移动至navBar_item_计算_content元素
2021-10-18 15:01:54,836 - basepage.py - [line:103] - INFO - 鼠标光标移动至navBar_item_计算_content_云服务器元素并点击
2021-10-18 15:01:55,498 - basepage.py - [line:85] - INFO - 点击了//*[@id="tab-vmlist"]元素
2021-10-18 15:02:01,334 - basepage.py - [line:116] - INFO - 元素文本信息为请输入卷容量
2021-10-18 15:06:03,282 - basepage.py - [line:97] - INFO - 鼠标光标移动至navBar_item_计算_content元素
2021-10-18 15:06:03,727 - basepage.py - [line:103] - INFO - 鼠标光标移动至navBar_item_计算_content_云服务器元素并点击
2021-10-18 15:06:03,952 - basepage.py - [line:85] - INFO - 点击了//*[@id="tab-vmlist"]元素
2021-10-18 15:06:09,875 - basepage.py - [line:152] - INFO - 键盘输入后清理
2021-10-18 15:06:29,539 - basepage.py - [line:97] - INFO - 鼠标光标移动至navBar_item_计算_content元素
2021-10-18 15:06:30,421 - basepage.py - [line:103] - INFO - 鼠标光标移动至navBar_item_计算_content_云服务器元素并点击
2021-10-18 15:06:31,107 - basepage.py - [line:85] - INFO - 点击了//*[@id="tab-vmlist"]元素
2021-10-18 15:06:36,987 - basepage.py - [line:152] - INFO - 键盘输入后清理
2021-10-18 15:08:15,151 - basepage.py - [line:97] - INFO - 鼠标光标移动至navBar_item_计算_content元素
2021-10-18 15:08:16,004 - basepage.py - [line:103] - INFO - 鼠标光标移动至navBar_item_计算_content_云服务器元素并点击
2021-10-18 15:08:16,588 - basepage.py - [line:85] - INFO - 点击了//*[@id="tab-vmlist"]元素
2021-10-18 15:08:22,511 - basepage.py - [line:152] - INFO - 键盘输入后清理
2021-10-18 15:09:45,824 - basepage.py - [line:97] - INFO - 鼠标光标移动至navBar_item_计算_content元素
2021-10-18 15:09:46,686 - basepage.py - [line:103] - INFO - 鼠标光标移动至navBar_item_计算_content_云服务器元素并点击
2021-10-18 15:09:47,335 - basepage.py - [line:85] - INFO - 点击了//*[@id="tab-vmlist"]元素
2021-10-18 15:09:54,181 - basepage.py - [line:152] - INFO - 键盘输入后清理
2021-10-18 15:09:55,954 - basepage.py - [line:152] - INFO - 键盘输入后清理
2021-10-18 15:10:04,013 - basepage.py - [line:97] - INFO - 鼠标光标移动至navBar_item_计算_content元素
2021-10-18 15:10:04,389 - basepage.py - [line:103] - INFO - 鼠标光标移动至navBar_item_计算_content_云服务器元素并点击
2021-10-18 15:10:05,051 - basepage.py - [line:85] - INFO - 点击了//*[@id="tab-vmlist"]元素
2021-10-18 15:10:10,907 - basepage.py - [line:152] - INFO - 键盘输入后清理
2021-10-18 15:10:12,678 - basepage.py - [line:152] - INFO - 键盘输入后清理
2021-10-18 15:11:53,581 - basepage.py - [line:97] - INFO - 鼠标光标移动至navBar_item_计算_content元素
2021-10-18 15:11:53,969 - basepage.py - [line:103] - INFO - 鼠标光标移动至navBar_item_计算_content_云服务器元素并点击
2021-10-18 15:11:54,634 - basepage.py - [line:85] - INFO - 点击了//*[@id="tab-vmlist"]元素
2021-10-18 15:12:00,576 - basepage.py - [line:152] - INFO - 键盘输入后清理
2021-10-18 15:12:02,351 - basepage.py - [line:152] - INFO - 键盘输入后清理
2021-10-18 15:38:31,710 - basepage.py - [line:97] - INFO - 鼠标光标移动至navBar_item_计算_content元素
2021-10-18 15:38:32,094 - basepage.py - [line:103] - INFO - 鼠标光标移动至navBar_item_计算_content_云服务器元素并点击
2021-10-18 15:38:32,242 - basepage.py - [line:85] - INFO - 点击了//*[@id="tab-vmlist"]元素
2021-10-18 15:38:38,480 - basepage.py - [line:152] - INFO - 键盘输入后清理
2021-10-18 15:38:40,240 - basepage.py - [line:152] - INFO - 键盘输入后清理
2021-10-18 15:39:00,480 - basepage.py - [line:97] - INFO - 鼠标光标移动至navBar_item_计算_content元素
2021-10-18 15:39:00,828 - basepage.py - [line:103] - INFO - 鼠标光标移动至navBar_item_计算_content_云服务器元素并点击
2021-10-18 15:39:01,489 - basepage.py - [line:85] - INFO - 点击了//*[@id="tab-vmlist"]元素
2021-10-18 15:39:07,361 - basepage.py - [line:152] - INFO - 键盘输入后清理
2021-10-18 15:39:09,055 - basepage.py - [line:152] - INFO - 键盘输入后清理
2021-10-18 15:40:52,821 - basepage.py - [line:97] - INFO - 鼠标光标移动至navBar_item_计算_content元素
2021-10-18 15:42:16,588 - basepage.py - [line:97] - INFO - 鼠标光标移动至navBar_item_计算_content元素
2021-10-18 15:42:16,969 - basepage.py - [line:103] - INFO - 鼠标光标移动至navBar_item_计算_content_云服务器元素并点击
2021-10-18 15:42:17,569 - basepage.py - [line:85] - INFO - 点击了//*[@id="tab-vmlist"]元素
2021-10-18 15:42:23,725 - basepage.py - [line:152] - INFO - 键盘输入后清理
2021-10-18 15:42:25,501 - basepage.py - [line:152] - INFO - 键盘输入后清理
2021-10-18 15:43:01,574 - basepage.py - [line:97] - INFO - 鼠标光标移动至navBar_item_计算_content元素
2021-10-18 15:43:01,953 - basepage.py - [line:103] - INFO - 鼠标光标移动至navBar_item_计算_content_云服务器元素并点击
2021-10-18 15:43:02,646 - basepage.py - [line:85] - INFO - 点击了//*[@id="tab-vmlist"]元素
2021-10-18 15:43:08,655 - basepage.py - [line:116] - INFO - 元素文本信息为0
2021-10-18 15:48:17,201 - basepage.py - [line:97] - INFO - 鼠标光标移动至navBar_item_计算_content元素
2021-10-18 15:48:17,631 - basepage.py - [line:103] - INFO - 鼠标光标移动至navBar_item_计算_content_云服务器元素并点击
2021-10-18 15:48:17,796 - basepage.py - [line:85] - INFO - 点击了//*[@id="tab-vmlist"]元素
2021-10-18 15:48:23,828 - basepage.py - [line:152] - INFO - 键盘输入后清理
2021-10-18 15:48:25,526 - basepage.py - [line:152] - INFO - 键盘输入后清理
2021-10-18 15:48:42,418 - basepage.py - [line:97] - INFO - 鼠标光标移动至navBar_item_计算_content元素
2021-10-18 15:48:42,753 - basepage.py - [line:103] - INFO - 鼠标光标移动至navBar_item_计算_content_云服务器元素并点击
2021-10-18 15:48:43,454 - basepage.py - [line:85] - INFO - 点击了//*[@id="tab-vmlist"]元素
2021-10-18 15:49:47,644 - basepage.py - [line:97] - INFO - 鼠标光标移动至navBar_item_计算_content元素
2021-10-18 15:49:48,005 - basepage.py - [line:103] - INFO - 鼠标光标移动至navBar_item_计算_content_云服务器元素并点击
2021-10-18 15:49:48,176 - basepage.py - [line:85] - INFO - 点击了//*[@id="tab-vmlist"]元素
2021-10-18 15:49:55,099 - basepage.py - [line:116] - INFO - 元素文本信息为0
2021-10-18 15:53:11,562 - basepage.py - [line:97] - INFO - 鼠标光标移动至navBar_item_计算_content元素
2021-10-18 15:53:11,935 - basepage.py - [line:103] - INFO - 鼠标光标移动至navBar_item_计算_content_云服务器元素并点击
2021-10-18 15:53:12,632 - basepage.py - [line:85] - INFO - 点击了//*[@id="tab-vmlist"]元素
2021-10-18 15:54:14,885 - basepage.py - [line:97] - INFO - 鼠标光标移动至navBar_item_计算_content元素
2021-10-18 15:55:14,994 - basepage.py - [line:97] - INFO - 鼠标光标移动至navBar_item_计算_content元素
2021-10-18 15:55:15,327 - basepage.py - [line:103] - INFO - 鼠标光标移动至navBar_item_计算_content_云服务器元素并点击
2021-10-18 15:55:15,961 - basepage.py - [line:85] - INFO - 点击了//*[@id="tab-vmlist"]元素
2021-10-18 16:16:11,196 - basepage.py - [line:97] - INFO - 鼠标光标移动至navBar_item_计算_content元素
2021-10-18 16:17:08,518 - basepage.py - [line:97] - INFO - 鼠标光标移动至navBar_item_计算_content元素
2021-10-18 16:18:25,558 - basepage.py - [line:97] - INFO - 鼠标光标移动至navBar_item_计算_content元素
2021-10-18 16:18:25,947 - basepage.py - [line:103] - INFO - 鼠标光标移动至navBar_item_计算_content_云服务器元素并点击
2021-10-18 16:18:26,559 - basepage.py - [line:85] - INFO - 点击了//*[@id="tab-vmlist"]元素
2021-10-18 16:18:32,482 - basepage.py - [line:130] - INFO - 元素文本信息为test001-volume1
2021-10-18 16:18:52,100 - basepage.py - [line:97] - INFO - 鼠标光标移动至navBar_item_计算_content元素
2021-10-18 16:18:52,466 - basepage.py - [line:103] - INFO - 鼠标光标移动至navBar_item_计算_content_云服务器元素并点击
2021-10-18 16:18:53,137 - basepage.py - [line:85] - INFO - 点击了//*[@id="tab-vmlist"]元素
2021-10-18 16:18:58,999 - basepage.py - [line:130] - INFO - 元素文本信息为test001-volume1
2021-10-18 16:24:25,339 - basepage.py - [line:97] - INFO - 鼠标光标移动至navBar_item_计算_content元素
2021-10-18 16:24:25,776 - basepage.py - [line:103] - INFO - 鼠标光标移动至navBar_item_计算_content_云服务器元素并点击
2021-10-18 16:24:25,941 - basepage.py - [line:85] - INFO - 点击了//*[@id="tab-vmlist"]元素
2021-10-18 16:24:31,929 - basepage.py - [line:152] - INFO - 键盘输入后清理
2021-10-18 16:24:33,030 - basepage.py - [line:116] - INFO - 元素文本信息为请输入卷名称
2021-10-18 16:30:21,288 - basepage.py - [line:97] - INFO - 鼠标光标移动至navBar_item_计算_content元素
2021-10-18 16:30:21,700 - basepage.py - [line:103] - INFO - 鼠标光标移动至navBar_item_计算_content_云服务器元素并点击
2021-10-18 16:30:21,863 - basepage.py - [line:85] - INFO - 点击了//*[@id="tab-vmlist"]元素
2021-10-18 16:30:29,579 - basepage.py - [line:152] - INFO - 键盘输入后清理
2021-10-18 16:37:54,982 - basepage.py - [line:97] - INFO - 鼠标光标移动至navBar_item_计算_content元素
2021-10-18 16:37:55,409 - basepage.py - [line:103] - INFO - 鼠标光标移动至navBar_item_计算_content_云服务器元素并点击
2021-10-18 16:37:55,571 - basepage.py - [line:85] - INFO - 点击了//*[@id="tab-vmlist"]元素
2021-10-18 16:38:01,519 - basepage.py - [line:152] - INFO - 键盘输入后清理
2021-10-18 16:38:22,983 - basepage.py - [line:97] - INFO - 鼠标光标移动至navBar_item_计算_content元素
2021-10-18 16:38:23,328 - basepage.py - [line:103] - INFO - 鼠标光标移动至navBar_item_计算_content_云服务器元素并点击
2021-10-18 16:38:23,486 - basepage.py - [line:85] - INFO - 点击了//*[@id="tab-vmlist"]元素
2021-10-18 16:38:29,488 - basepage.py - [line:152] - INFO - 键盘输入后清理
2021-10-18 16:38:31,387 - basepage.py - [line:152] - INFO - 键盘输入后清理
2021-10-18 16:44:35,319 - basepage.py - [line:97] - INFO - 鼠标光标移动至navBar_item_计算_content元素
2021-10-18 16:44:35,655 - basepage.py - [line:103] - INFO - 鼠标光标移动至navBar_item_计算_content_云服务器元素并点击
2021-10-18 16:44:36,327 - basepage.py - [line:85] - INFO - 点击了//*[@id="tab-vmlist"]元素
2021-10-18 16:44:42,206 - basepage.py - [line:130] - INFO - 元素文本信息为2
2021-10-18 16:45:06,155 - basepage.py - [line:97] - INFO - 鼠标光标移动至navBar_item_计算_content元素
2021-10-18 16:45:06,531 - basepage.py - [line:103] - INFO - 鼠标光标移动至navBar_item_计算_content_云服务器元素并点击
2021-10-18 16:45:07,224 - basepage.py - [line:85] - INFO - 点击了//*[@id="tab-vmlist"]元素
2021-10-18 16:45:13,068 - basepage.py - [line:130] - INFO - 元素文本信息为2
2021-10-18 16:46:16,553 - basepage.py - [line:97] - INFO - 鼠标光标移动至navBar_item_计算_content元素
2021-10-18 16:46:17,157 - basepage.py - [line:103] - INFO - 鼠标光标移动至navBar_item_计算_content_云服务器元素并点击
2021-10-18 16:46:17,328 - basepage.py - [line:85] - INFO - 点击了//*[@id="tab-vmlist"]元素
2021-10-18 16:46:23,207 - basepage.py - [line:130] - INFO - 元素文本信息为2
2021-10-18 16:49:02,551 - basepage.py - [line:97] - INFO - 鼠标光标移动至navBar_item_计算_content元素
2021-10-18 16:49:02,936 - basepage.py - [line:103] - INFO - 鼠标光标移动至navBar_item_计算_content_云服务器元素并点击
2021-10-18 16:49:03,594 - basepage.py - [line:85] - INFO - 点击了//*[@id="tab-vmlist"]元素
2021-10-18 16:49:12,330 - basepage.py - [line:130] - INFO - 元素文本信息为1
2021-10-18 16:56:01,966 - basepage.py - [line:97] - INFO - 鼠标光标移动至navBar_item_计算_content元素
2021-10-18 16:56:02,351 - basepage.py - [line:103] - INFO - 鼠标光标移动至navBar_item_计算_content_云服务器元素并点击
2021-10-18 16:56:02,520 - basepage.py - [line:85] - INFO - 点击了//*[@id="tab-vmlist"]元素
2021-10-18 16:56:08,737 - basepage.py - [line:152] - INFO - 键盘输入后清理
2021-10-18 16:56:59,130 - basepage.py - [line:97] - INFO - 鼠标光标移动至navBar_item_计算_content元素
2021-10-18 16:56:59,558 - basepage.py - [line:103] - INFO - 鼠标光标移动至navBar_item_计算_content_云服务器元素并点击
2021-10-18 16:56:59,724 - basepage.py - [line:85] - INFO - 点击了//*[@id="tab-vmlist"]元素
2021-10-18 16:57:05,947 - basepage.py - [line:152] - INFO - 键盘输入后清理
2021-10-18 16:57:16,234 - basepage.py - [line:97] - INFO - 鼠标光标移动至navBar_item_计算_content元素
2021-10-18 16:57:16,626 - basepage.py - [line:103] - INFO - 鼠标光标移动至navBar_item_计算_content_云服务器元素并点击
2021-10-18 16:57:16,781 - basepage.py - [line:85] - INFO - 点击了//*[@id="tab-vmlist"]元素
2021-10-18 16:57:23,001 - basepage.py - [line:130] - INFO - 元素文本信息为普通云盘1.0
2021-10-18 16:57:38,178 - basepage.py - [line:97] - INFO - 鼠标光标移动至navBar_item_计算_content元素
2021-10-18 16:57:38,549 - basepage.py - [line:103] - INFO - 鼠标光标移动至navBar_item_计算_content_云服务器元素并点击
2021-10-18 16:57:39,217 - basepage.py - [line:85] - INFO - 点击了//*[@id="tab-vmlist"]元素
2021-10-18 16:57:45,165 - basepage.py - [line:130] - INFO - 元素文本信息为普通云盘1.0
2021-10-18 17:00:41,966 - basepage.py - [line:97] - INFO - 鼠标光标移动至navBar_item_计算_content元素
2021-10-18 17:00:42,329 - basepage.py - [line:103] - INFO - 鼠标光标移动至navBar_item_计算_content_云服务器元素并点击
2021-10-18 17:00:42,983 - basepage.py - [line:85] - INFO - 点击了//*[@id="tab-vmlist"]元素
2021-10-18 17:00:48,966 - basepage.py - [line:130] - INFO - 元素文本信息为普通云盘1.0
2021-10-18 17:01:16,923 - basepage.py - [line:97] - INFO - 鼠标光标移动至navBar_item_计算_content元素
2021-10-18 17:01:17,318 - basepage.py - [line:103] - INFO - 鼠标光标移动至navBar_item_计算_content_云服务器元素并点击
2021-10-18 17:01:17,480 - basepage.py - [line:85] - INFO - 点击了//*[@id="tab-vmlist"]元素
2021-10-18 17:01:26,155 - basepage.py - [line:130] - INFO - 元素文本信息为高效云盘
2021-10-18 17:09:42,149 - basepage.py - [line:97] - INFO - 鼠标光标移动至navBar_item_计算_content元素
2021-10-18 17:09:42,589 - basepage.py - [line:103] - INFO - 鼠标光标移动至navBar_item_计算_content_云服务器元素并点击
2021-10-18 17:09:42,752 - basepage.py - [line:85] - INFO - 点击了//*[@id="tab-vmlist"]元素
2021-10-18 17:09:48,806 - basepage.py - [line:130] - INFO - 元素文本信息为机械硬盘
2021-10-18 17:10:08,785 - basepage.py - [line:97] - INFO - 鼠标光标移动至navBar_item_计算_content元素
2021-10-18 17:10:09,129 - basepage.py - [line:103] - INFO - 鼠标光标移动至navBar_item_计算_content_云服务器元素并点击
2021-10-18 17:10:09,796 - basepage.py - [line:85] - INFO - 点击了//*[@id="tab-vmlist"]元素
2021-10-18 17:10:15,613 - basepage.py - [line:130] - INFO - 元素文本信息为机械硬盘
2021-10-18 17:10:33,424 - basepage.py - [line:97] - INFO - 鼠标光标移动至navBar_item_计算_content元素
2021-10-18 17:10:33,780 - basepage.py - [line:103] - INFO - 鼠标光标移动至navBar_item_计算_content_云服务器元素并点击
2021-10-18 17:10:33,928 - basepage.py - [line:85] - INFO - 点击了//*[@id="tab-vmlist"]元素
2021-10-18 17:10:42,481 - basepage.py - [line:130] - INFO - 元素文本信息为固态硬盘
2021-10-18 17:12:49,377 - basepage.py - [line:97] - INFO - 鼠标光标移动至navBar_item_计算_content元素
2021-10-18 17:12:50,273 - basepage.py - [line:103] - INFO - 鼠标光标移动至navBar_item_计算_content_云服务器元素并点击
2021-10-18 17:12:50,426 - basepage.py - [line:85] - INFO - 点击了//*[@id="tab-vmlist"]元素
2021-10-18 17:13:58,628 - basepage.py - [line:97] - INFO - 鼠标光标移动至navBar_item_计算_content元素
2021-10-18 17:13:58,955 - basepage.py - [line:103] - INFO - 鼠标光标移动至navBar_item_计算_content_云服务器元素并点击
2021-10-18 17:13:59,608 - basepage.py - [line:85] - INFO - 点击了//*[@id="tab-vmlist"]元素
2021-10-18 17:14:08,144 - basepage.py - [line:130] - INFO - 元素文本信息为固态硬盘
2021-10-18 17:23:04,457 - basepage.py - [line:97] - INFO - 鼠标光标移动至navBar_item_计算_content元素
2021-10-18 17:23:04,926 - basepage.py - [line:103] - INFO - 鼠标光标移动至navBar_item_计算_content_云服务器元素并点击
2021-10-18 17:23:05,594 - basepage.py - [line:85] - INFO - 点击了//*[@id="tab-vmlist"]元素
2021-10-18 17:23:11,404 - basepage.py - [line:130] - INFO - 元素文本信息为1
2021-10-18 17:23:30,628 - basepage.py - [line:97] - INFO - 鼠标光标移动至navBar_item_计算_content元素
2021-10-18 17:23:30,946 - basepage.py - [line:103] - INFO - 鼠标光标移动至navBar_item_计算_content_云服务器元素并点击
2021-10-18 17:23:31,616 - basepage.py - [line:85] - INFO - 点击了//*[@id="tab-vmlist"]元素
2021-10-18 17:23:37,507 - basepage.py - [line:130] - INFO - 元素文本信息为1
2021-10-18 17:23:53,201 - basepage.py - [line:97] - INFO - 鼠标光标移动至navBar_item_计算_content元素
2021-10-18 17:23:54,114 - basepage.py - [line:103] - INFO - 鼠标光标移动至navBar_item_计算_content_云服务器元素并点击
2021-10-18 17:23:54,771 - basepage.py - [line:85] - INFO - 点击了//*[@id="tab-vmlist"]元素
2021-10-18 17:24:03,255 - basepage.py - [line:130] - INFO - 元素文本信息为3
2021-10-18 17:27:46,239 - basepage.py - [line:97] - INFO - 鼠标光标移动至navBar_item_计算_content元素
2021-10-18 17:27:46,659 - basepage.py - [line:103] - INFO - 鼠标光标移动至navBar_item_计算_content_云服务器元素并点击
2021-10-18 17:27:46,801 - basepage.py - [line:85] - INFO - 点击了//*[@id="tab-vmlist"]元素
2021-10-18 17:30:35,980 - basepage.py - [line:97] - INFO - 鼠标光标移动至navBar_item_计算_content元素
2021-10-18 17:30:36,423 - basepage.py - [line:103] - INFO - 鼠标光标移动至navBar_item_计算_content_云服务器元素并点击
2021-10-18 17:30:36,578 - basepage.py - [line:85] - INFO - 点击了//*[@id="tab-vmlist"]元素
2021-10-18 17:31:12,161 - basepage.py - [line:97] - INFO - 鼠标光标移动至navBar_item_计算_content元素
2021-10-18 17:31:56,873 - basepage.py - [line:97] - INFO - 鼠标光标移动至navBar_item_计算_content元素
2021-10-18 17:32:12,569 - basepage.py - [line:97] - INFO - 鼠标光标移动至navBar_item_计算_content元素
2021-10-18 17:32:12,959 - basepage.py - [line:103] - INFO - 鼠标光标移动至navBar_item_计算_content_云服务器元素并点击
2021-10-18 17:32:13,559 - basepage.py - [line:85] - INFO - 点击了//*[@id="tab-vmlist"]元素
2021-10-18 17:39:10,258 - basepage.py - [line:97] - INFO - 鼠标光标移动至navBar_item_计算_content元素
2021-10-18 17:39:10,676 - basepage.py - [line:103] - INFO - 鼠标光标移动至navBar_item_计算_content_云服务器元素并点击
2021-10-18 17:39:10,846 - basepage.py - [line:85] - INFO - 点击了//*[@id="tab-vmlist"]元素
2021-10-18 17:40:27,721 - basepage.py - [line:97] - INFO - 鼠标光标移动至navBar_item_计算_content元素
2021-10-18 17:45:40,326 - basepage.py - [line:97] - INFO - 鼠标光标移动至navBar_item_计算_content元素
2021-10-18 17:45:40,718 - basepage.py - [line:103] - INFO - 鼠标光标移动至navBar_item_计算_content_云服务器元素并点击
2021-10-18 17:45:41,332 - basepage.py - [line:85] - INFO - 点击了//*[@id="tab-vmlist"]元素
2021-10-18 17:45:50,723 - basepage.py - [line:130] - INFO - 元素文本信息为None
2021-10-18 17:49:24,127 - basepage.py - [line:97] - INFO - 鼠标光标移动至navBar_item_计算_content元素
2021-10-18 17:49:24,541 - basepage.py - [line:103] - INFO - 鼠标光标移动至navBar_item_计算_content_云服务器元素并点击
2021-10-18 17:49:25,227 - basepage.py - [line:85] - INFO - 点击了//*[@id="tab-vmlist"]元素
2021-10-18 17:50:35,773 - basepage.py - [line:97] - INFO - 鼠标光标移动至navBar_item_计算_content元素
2021-10-18 17:50:36,187 - basepage.py - [line:103] - INFO - 鼠标光标移动至navBar_item_计算_content_云服务器元素并点击
2021-10-18 17:50:36,881 - basepage.py - [line:85] - INFO - 点击了//*[@id="tab-vmlist"]元素
2021-10-18 17:52:25,601 - basepage.py - [line:97] - INFO - 鼠标光标移动至navBar_item_计算_content元素
2021-10-18 17:52:26,000 - basepage.py - [line:103] - INFO - 鼠标光标移动至navBar_item_计算_content_云服务器元素并点击
2021-10-18 17:52:26,177 - basepage.py - [line:85] - INFO - 点击了//*[@id="tab-vmlist"]元素
2021-10-18 17:58:24,407 - basepage.py - [line:97] - INFO - 鼠标光标移动至navBar_item_计算_content元素
2021-10-18 17:58:24,892 - basepage.py - [line:103] - INFO - 鼠标光标移动至navBar_item_计算_content_云服务器元素并点击
2021-10-18 17:58:25,764 - basepage.py - [line:85] - INFO - 点击了//*[@id="tab-vmlist"]元素
2021-10-18 17:59:18,814 - basepage.py - [line:97] - INFO - 鼠标光标移动至navBar_item_计算_content元素
2021-10-18 17:59:19,293 - basepage.py - [line:103] - INFO - 鼠标光标移动至navBar_item_计算_content_云服务器元素并点击
2021-10-18 17:59:19,602 - basepage.py - [line:85] - INFO - 点击了//*[@id="tab-vmlist"]元素
2021-10-18 18:01:25,943 - basepage.py - [line:97] - INFO - 鼠标光标移动至navBar_item_计算_content元素
2021-10-18 18:01:26,462 - basepage.py - [line:103] - INFO - 鼠标光标移动至navBar_item_计算_content_云服务器元素并点击
2021-10-18 18:01:26,852 - basepage.py - [line:85] - INFO - 点击了//*[@id="tab-vmlist"]元素
2021-10-18 18:07:05,392 - basepage.py - [line:97] - INFO - 鼠标光标移动至navBar_item_计算_content元素
2021-10-18 18:07:05,922 - basepage.py - [line:103] - INFO - 鼠标光标移动至navBar_item_计算_content_云服务器元素并点击
2021-10-18 18:07:06,353 - basepage.py - [line:85] - INFO - 点击了//*[@id="tab-vmlist"]元素
2021-10-18 18:08:03,542 - basepage.py - [line:97] - INFO - 鼠标光标移动至navBar_item_计算_content元素
2021-10-18 18:08:04,002 - basepage.py - [line:103] - INFO - 鼠标光标移动至navBar_item_计算_content_云服务器元素并点击
2021-10-18 18:08:04,477 - basepage.py - [line:85] - INFO - 点击了//*[@id="tab-vmlist"]元素
2021-10-18 18:31:13,523 - basepage.py - [line:97] - INFO - 鼠标光标移动至navBar_item_计算_content元素
2021-10-18 18:31:14,036 - basepage.py - [line:103] - INFO - 鼠标光标移动至navBar_item_计算_content_云服务器元素并点击
2021-10-18 18:31:14,514 - basepage.py - [line:85] - INFO - 点击了//*[@id="tab-vmlist"]元素
2021-10-18 18:32:41,798 - basepage.py - [line:97] - INFO - 鼠标光标移动至navBar_item_计算_content元素
2021-10-18 18:32:42,172 - basepage.py - [line:103] - INFO - 鼠标光标移动至navBar_item_计算_content_云服务器元素并点击
2021-10-18 18:32:42,438 - basepage.py - [line:85] - INFO - 点击了//*[@id="tab-vmlist"]元素
2021-10-18 18:40:53,101 - basepage.py - [line:97] - INFO - 鼠标光标移动至navBar_item_计算_content元素
2021-10-18 18:40:53,487 - basepage.py - [line:103] - INFO - 鼠标光标移动至navBar_item_计算_content_云服务器元素并点击
2021-10-18 18:40:53,729 - basepage.py - [line:85] - INFO - 点击了//*[@id="tab-vmlist"]元素
2021-10-18 18:43:33,630 - basepage.py - [line:97] - INFO - 鼠标光标移动至navBar_item_计算_content元素
2021-10-18 18:43:34,014 - basepage.py - [line:103] - INFO - 鼠标光标移动至navBar_item_计算_content_云服务器元素并点击
2021-10-18 18:43:34,235 - basepage.py - [line:85] - INFO - 点击了//*[@id="tab-vmlist"]元素
2021-10-18 18:44:09,747 - basepage.py - [line:97] - INFO - 鼠标光标移动至navBar_item_计算_content元素
2021-10-18 18:44:10,158 - basepage.py - [line:103] - INFO - 鼠标光标移动至navBar_item_计算_content_云服务器元素并点击
2021-10-18 18:44:10,377 - basepage.py - [line:85] - INFO - 点击了//*[@id="tab-vmlist"]元素
2021-10-18 18:52:18,814 - basepage.py - [line:97] - INFO - 鼠标光标移动至navBar_item_计算_content元素
2021-10-18 18:52:19,202 - basepage.py - [line:103] - INFO - 鼠标光标移动至navBar_item_计算_content_云服务器元素并点击
2021-10-18 18:52:19,411 - basepage.py - [line:85] - INFO - 点击了//*[@id="tab-vmlist"]元素
2021-10-18 18:53:35,029 - basepage.py - [line:97] - INFO - 鼠标光标移动至navBar_item_计算_content元素
2021-10-18 18:53:35,417 - basepage.py - [line:103] - INFO - 鼠标光标移动至navBar_item_计算_content_云服务器元素并点击
2021-10-18 18:53:35,637 - basepage.py - [line:85] - INFO - 点击了//*[@id="tab-vmlist"]元素
2021-10-18 18:55:16,505 - basepage.py - [line:97] - INFO - 鼠标光标移动至navBar_item_计算_content元素
2021-10-18 18:55:16,983 - basepage.py - [line:103] - INFO - 鼠标光标移动至navBar_item_计算_content_云服务器元素并点击
2021-10-18 18:55:17,183 - basepage.py - [line:85] - INFO - 点击了//*[@id="tab-vmlist"]元素
2021-10-18 18:56:19,799 - basepage.py - [line:97] - INFO - 鼠标光标移动至navBar_item_计算_content元素
2021-10-18 18:56:20,198 - basepage.py - [line:103] - INFO - 鼠标光标移动至navBar_item_计算_content_云服务器元素并点击
2021-10-18 18:56:20,406 - basepage.py - [line:85] - INFO - 点击了//*[@id="tab-vmlist"]元素
2021-10-18 18:57:23,288 - basepage.py - [line:97] - INFO - 鼠标光标移动至navBar_item_计算_content元素
2021-10-18 18:57:23,740 - basepage.py - [line:103] - INFO - 鼠标光标移动至navBar_item_计算_content_云服务器元素并点击
2021-10-18 18:57:24,522 - basepage.py - [line:85] - INFO - 点击了//*[@id="tab-vmlist"]元素
2021-10-18 19:11:14,500 - basepage.py - [line:97] - INFO - 鼠标光标移动至navBar_item_计算_content元素
2021-10-18 19:11:41,406 - basepage.py - [line:97] - INFO - 鼠标光标移动至navBar_item_计算_content元素
2021-10-18 19:11:41,771 - basepage.py - [line:103] - INFO - 鼠标光标移动至navBar_item_计算_content_云服务器元素并点击
2021-10-18 19:11:42,384 - basepage.py - [line:85] - INFO - 点击了//*[@id="tab-vmlist"]元素
2021-10-18 19:12:20,630 - basepage.py - [line:97] - INFO - 鼠标光标移动至navBar_item_计算_content元素
2021-10-18 19:12:21,107 - basepage.py - [line:103] - INFO - 鼠标光标移动至navBar_item_计算_content_云服务器元素并点击
2021-10-18 19:12:21,892 - basepage.py - [line:85] - INFO - 点击了//*[@id="tab-vmlist"]元素
2021-10-18 19:14:36,475 - basepage.py - [line:97] - INFO - 鼠标光标移动至navBar_item_计算_content元素
2021-10-18 19:14:36,927 - basepage.py - [line:103] - INFO - 鼠标光标移动至navBar_item_计算_content_云服务器元素并点击
2021-10-18 19:14:37,219 - basepage.py - [line:85] - INFO - 点击了//*[@id="tab-vmlist"]元素
