2021-09-26 15:03:18,266 - basepage.py - [line:89] - INFO - 鼠标光标移动至navBar_item_计算_content元素
2021-09-26 15:03:18,599 - basepage.py - [line:95] - INFO - 鼠标光标移动至navBar_item_计算_content_云服务器元素并点击
2021-09-26 15:03:19,236 - basepage.py - [line:77] - INFO - 点击了//*[@id="tab-vmlist"]元素
2021-09-26 15:03:37,199 - basepage.py - [line:108] - INFO - 元素文本信息为请输入名称、IP、Mac地址、uuid
2021-09-26 15:03:47,193 - basepage.py - [line:108] - INFO - 元素文本信息为请输入云服务器名称
2021-09-26 15:03:49,044 - basepage.py - [line:137] - INFO - 键盘输入后清理
2021-09-26 15:03:50,326 - basepage.py - [line:137] - INFO - 键盘输入后清理
2021-09-26 15:09:50,772 - basepage.py - [line:89] - INFO - 鼠标光标移动至navBar_item_计算_content元素
2021-09-26 15:11:07,005 - basepage.py - [line:89] - INFO - 鼠标光标移动至navBar_item_计算_content元素
2021-09-26 15:11:07,347 - basepage.py - [line:95] - INFO - 鼠标光标移动至navBar_item_计算_content_云服务器元素并点击
2021-09-26 15:11:07,966 - basepage.py - [line:77] - INFO - 点击了//*[@id="tab-vmlist"]元素
2021-09-26 15:11:25,912 - basepage.py - [line:108] - INFO - 元素文本信息为请输入名称、IP、Mac地址、uuid
2021-09-26 15:11:35,880 - basepage.py - [line:108] - INFO - 元素文本信息为请输入云服务器名称
2021-09-26 15:11:37,713 - basepage.py - [line:137] - INFO - 键盘输入后清理
2021-09-26 15:11:38,994 - basepage.py - [line:137] - INFO - 键盘输入后清理
2021-09-26 15:15:29,449 - basepage.py - [line:89] - INFO - 鼠标光标移动至navBar_item_计算_content元素
2021-09-26 15:15:29,868 - basepage.py - [line:95] - INFO - 鼠标光标移动至navBar_item_计算_content_云服务器元素并点击
2021-09-26 15:15:29,981 - basepage.py - [line:77] - INFO - 点击了//*[@id="tab-vmlist"]元素
2021-09-26 15:15:48,382 - basepage.py - [line:108] - INFO - 元素文本信息为请输入名称、IP、Mac地址、uuid
2021-09-26 15:15:57,778 - basepage.py - [line:108] - INFO - 元素文本信息为请输入云服务器名称
2021-09-26 15:15:59,670 - basepage.py - [line:137] - INFO - 键盘输入后清理
2021-09-26 15:16:00,947 - basepage.py - [line:137] - INFO - 键盘输入后清理
2021-09-26 15:20:14,697 - basepage.py - [line:89] - INFO - 鼠标光标移动至navBar_item_计算_content元素
2021-09-26 15:20:24,160 - basepage.py - [line:95] - INFO - 鼠标光标移动至navBar_item_计算_content_云服务器元素并点击
2021-09-26 15:20:24,324 - basepage.py - [line:77] - INFO - 点击了//*[@id="tab-vmlist"]元素
2021-09-26 15:20:47,726 - basepage.py - [line:108] - INFO - 元素文本信息为请输入名称、IP、Mac地址、uuid
2021-09-26 15:23:37,661 - basepage.py - [line:89] - INFO - 鼠标光标移动至navBar_item_计算_content元素
2021-09-26 15:24:07,828 - basepage.py - [line:89] - INFO - 鼠标光标移动至navBar_item_计算_content元素
2021-09-26 15:24:08,178 - basepage.py - [line:95] - INFO - 鼠标光标移动至navBar_item_计算_content_云服务器元素并点击
2021-09-26 15:24:08,788 - basepage.py - [line:77] - INFO - 点击了//*[@id="tab-vmlist"]元素
2021-09-26 15:24:26,681 - basepage.py - [line:108] - INFO - 元素文本信息为请输入名称、IP、Mac地址、uuid
2021-09-26 15:24:36,264 - basepage.py - [line:108] - INFO - 元素文本信息为请输入云服务器名称
2021-09-26 15:24:37,792 - basepage.py - [line:137] - INFO - 键盘输入后清理
2021-09-26 15:24:39,155 - basepage.py - [line:137] - INFO - 键盘输入后清理
2021-09-26 15:27:10,718 - basepage.py - [line:89] - INFO - 鼠标光标移动至navBar_item_计算_content元素
2021-09-26 15:27:21,250 - basepage.py - [line:89] - INFO - 鼠标光标移动至navBar_item_计算_content元素
2021-09-26 15:27:21,586 - basepage.py - [line:95] - INFO - 鼠标光标移动至navBar_item_计算_content_云服务器元素并点击
2021-09-26 15:27:22,194 - basepage.py - [line:77] - INFO - 点击了//*[@id="tab-vmlist"]元素
2021-09-26 15:27:40,042 - basepage.py - [line:108] - INFO - 元素文本信息为请输入名称、IP、Mac地址、uuid
2021-09-26 15:27:49,741 - basepage.py - [line:108] - INFO - 元素文本信息为请输入云服务器名称
2021-09-26 15:27:51,212 - basepage.py - [line:137] - INFO - 键盘输入后清理
2021-09-26 15:27:52,659 - basepage.py - [line:137] - INFO - 键盘输入后清理
2021-09-26 15:33:15,406 - basepage.py - [line:89] - INFO - 鼠标光标移动至navBar_item_计算_content元素
2021-09-26 15:33:15,823 - basepage.py - [line:95] - INFO - 鼠标光标移动至navBar_item_计算_content_云服务器元素并点击
2021-09-26 15:33:15,978 - basepage.py - [line:77] - INFO - 点击了//*[@id="tab-vmlist"]元素
2021-09-26 15:33:34,445 - basepage.py - [line:108] - INFO - 元素文本信息为请输入名称、IP、Mac地址、uuid
2021-09-26 15:33:44,748 - basepage.py - [line:108] - INFO - 元素文本信息为请输入云服务器名称
2021-09-26 15:33:46,305 - basepage.py - [line:137] - INFO - 键盘输入后清理
2021-09-26 15:33:47,729 - basepage.py - [line:137] - INFO - 键盘输入后清理
2021-09-26 15:54:34,019 - basepage.py - [line:89] - INFO - 鼠标光标移动至navBar_item_计算_content元素
2021-09-26 15:54:34,433 - basepage.py - [line:95] - INFO - 鼠标光标移动至navBar_item_计算_content_云服务器元素并点击
2021-09-26 15:54:34,542 - basepage.py - [line:77] - INFO - 点击了//*[@id="tab-vmlist"]元素
2021-09-26 15:54:52,805 - basepage.py - [line:108] - INFO - 元素文本信息为请输入名称、IP、Mac地址、uuid
2021-09-26 15:55:02,798 - basepage.py - [line:108] - INFO - 元素文本信息为请输入云服务器名称
2021-09-26 15:55:04,627 - basepage.py - [line:137] - INFO - 键盘输入后清理
2021-09-26 15:55:05,889 - basepage.py - [line:137] - INFO - 键盘输入后清理
2021-09-26 16:00:32,223 - basepage.py - [line:89] - INFO - 鼠标光标移动至navBar_item_计算_content元素
2021-09-26 16:00:32,788 - basepage.py - [line:95] - INFO - 鼠标光标移动至navBar_item_计算_content_云服务器元素并点击
2021-09-26 16:00:32,900 - basepage.py - [line:77] - INFO - 点击了//*[@id="tab-vmlist"]元素
2021-09-26 16:00:51,130 - basepage.py - [line:108] - INFO - 元素文本信息为请输入名称、IP、Mac地址、uuid
2021-09-26 16:01:01,193 - basepage.py - [line:108] - INFO - 元素文本信息为请输入云服务器名称
2021-09-26 16:01:02,520 - basepage.py - [line:137] - INFO - 键盘输入后清理
2021-09-26 16:01:03,793 - basepage.py - [line:137] - INFO - 键盘输入后清理
2021-09-26 16:03:07,633 - basepage.py - [line:89] - INFO - 鼠标光标移动至navBar_item_计算_content元素
2021-09-26 16:03:08,072 - basepage.py - [line:95] - INFO - 鼠标光标移动至navBar_item_计算_content_云服务器元素并点击
2021-09-26 16:03:08,214 - basepage.py - [line:77] - INFO - 点击了//*[@id="tab-vmlist"]元素
2021-09-26 16:03:26,395 - basepage.py - [line:108] - INFO - 元素文本信息为请输入名称、IP、Mac地址、uuid
2021-09-26 16:03:36,312 - basepage.py - [line:108] - INFO - 元素文本信息为请输入云服务器名称
2021-09-26 16:03:38,190 - basepage.py - [line:137] - INFO - 键盘输入后清理
2021-09-26 16:03:39,463 - basepage.py - [line:137] - INFO - 键盘输入后清理
2021-09-26 19:39:34,533 - basepage.py - [line:89] - INFO - 鼠标光标移动至navBar_item_计算_content元素
2021-09-26 19:39:34,856 - basepage.py - [line:95] - INFO - 鼠标光标移动至navBar_item_计算_content_云服务器元素并点击
2021-09-26 19:39:34,931 - basepage.py - [line:77] - INFO - 点击了//*[@id="tab-vmlist"]元素
2021-09-26 19:39:51,218 - basepage.py - [line:89] - INFO - 鼠标光标移动至navBar_item_计算_content元素
2021-09-26 19:39:51,860 - basepage.py - [line:95] - INFO - 鼠标光标移动至navBar_item_计算_content_云服务器元素并点击
2021-09-26 19:39:52,546 - basepage.py - [line:77] - INFO - 点击了//*[@id="tab-vmlist"]元素
2021-09-26 19:40:10,474 - basepage.py - [line:108] - INFO - 元素文本信息为请输入名称、IP、Mac地址、uuid
2021-09-26 19:40:20,556 - basepage.py - [line:108] - INFO - 元素文本信息为请输入云服务器名称
2021-09-26 19:40:22,143 - basepage.py - [line:137] - INFO - 键盘输入后清理
2021-09-26 19:40:23,568 - basepage.py - [line:137] - INFO - 键盘输入后清理
