2021-10-11 08:35:55,587 - basepage.py - [line:89] - INFO - 鼠标光标移动至navBar_item_系统_content元素
2021-10-11 08:35:56,047 - basepage.py - [line:95] - INFO - 鼠标光标移动至navBar_item_系统_content_配置元素并点击
2021-10-11 08:35:56,749 - basepage.py - [line:77] - INFO - 点击了//*[@id="panel-c-scroll"]/div[1]/section/section/div[1]/div[1]/h3元素
2021-10-11 08:37:53,844 - basepage.py - [line:89] - INFO - 鼠标光标移动至navBar_item_系统_content元素
2021-10-11 08:38:47,085 - basepage.py - [line:89] - INFO - 鼠标光标移动至navBar_item_系统_content元素
2021-10-11 08:38:47,434 - basepage.py - [line:95] - INFO - 鼠标光标移动至navBar_item_系统_content_配置元素并点击
2021-10-11 08:38:48,050 - basepage.py - [line:77] - INFO - 点击了//*[@id="panel-c-scroll"]/div[1]/section/section/div[1]/div[1]/h3元素
2021-10-11 08:39:49,235 - basepage.py - [line:89] - INFO - 鼠标光标移动至navBar_item_系统_content元素
2021-10-11 08:39:49,736 - basepage.py - [line:95] - INFO - 鼠标光标移动至navBar_item_系统_content_配置元素并点击
2021-10-11 08:39:49,833 - basepage.py - [line:77] - INFO - 点击了//*[@id="panel-c-scroll"]/div[1]/section/section/div[1]/div[1]/h3元素
2021-10-11 09:35:50,386 - basepage.py - [line:89] - INFO - 鼠标光标移动至navBar_item_计算_content元素
2021-10-11 09:37:20,510 - basepage.py - [line:89] - INFO - 鼠标光标移动至navBar_item_计算_content元素
2021-10-11 09:37:20,871 - basepage.py - [line:95] - INFO - 鼠标光标移动至navBar_item_计算_content_云服务器元素并点击
2021-10-11 09:37:21,449 - basepage.py - [line:77] - INFO - 点击了//*[@id="tab-vmlist"]元素
2021-10-11 09:37:24,102 - basepage.py - [line:108] - INFO - 元素文本信息为请输入云服务器名称
2021-10-11 09:37:25,934 - basepage.py - [line:137] - INFO - 键盘输入后清理
2021-10-11 09:37:27,231 - basepage.py - [line:137] - INFO - 键盘输入后清理
2021-10-11 16:18:00,816 - basepage.py - [line:86] - INFO - 鼠标光标移动至navBar_item_计算_content元素
2021-10-11 16:18:01,351 - basepage.py - [line:92] - INFO - 鼠标光标移动至navBar_item_计算_content_云服务器元素并点击
2021-10-11 16:18:01,513 - basepage.py - [line:74] - INFO - 点击了//*[@id="tab-vmlist"]元素
2021-10-11 16:18:04,151 - basepage.py - [line:105] - INFO - 元素文本信息为请输入云服务器名称
2021-10-11 16:18:05,972 - basepage.py - [line:134] - INFO - 键盘输入后清理
2021-10-11 16:18:07,249 - basepage.py - [line:134] - INFO - 键盘输入后清理
2021-10-11 16:18:53,209 - basepage.py - [line:86] - INFO - 鼠标光标移动至navBar_item_计算_content元素
2021-10-11 16:18:53,641 - basepage.py - [line:92] - INFO - 鼠标光标移动至navBar_item_计算_content_云服务器元素并点击
2021-10-11 16:18:54,322 - basepage.py - [line:74] - INFO - 点击了//*[@id="tab-vmlist"]元素
2021-10-11 16:18:56,940 - basepage.py - [line:105] - INFO - 元素文本信息为请输入云服务器名称
2021-10-11 16:18:58,773 - basepage.py - [line:134] - INFO - 键盘输入后清理
2021-10-11 16:19:00,066 - basepage.py - [line:134] - INFO - 键盘输入后清理
2021-10-11 16:24:09,523 - basepage.py - [line:86] - INFO - 鼠标光标移动至navBar_item_计算_content元素
2021-10-11 16:24:09,970 - basepage.py - [line:92] - INFO - 鼠标光标移动至navBar_item_计算_content_云服务器元素并点击
2021-10-11 16:24:10,271 - basepage.py - [line:74] - INFO - 点击了//*[@id="tab-vmlist"]元素
2021-10-11 16:24:12,949 - basepage.py - [line:105] - INFO - 元素文本信息为请输入云服务器名称
2021-10-11 16:24:14,960 - basepage.py - [line:134] - INFO - 键盘输入后清理
2021-10-11 16:24:16,387 - basepage.py - [line:134] - INFO - 键盘输入后清理
