2021-10-15 14:50:13,400 - basepage.py - [line:96] - INFO - 鼠标光标移动至navBar_item_计算_content元素
2021-10-15 14:50:13,896 - basepage.py - [line:102] - INFO - 鼠标光标移动至navBar_item_计算_content_云服务器元素并点击
2021-10-15 14:50:14,253 - basepage.py - [line:84] - INFO - 点击了//*[@id="tab-vmlist"]元素
2021-10-15 14:55:14,999 - basepage.py - [line:96] - INFO - 鼠标光标移动至navBar_item_计算_content元素
2021-10-15 14:55:15,404 - basepage.py - [line:102] - INFO - 鼠标光标移动至navBar_item_计算_content_云服务器元素并点击
2021-10-15 14:55:15,657 - basepage.py - [line:84] - INFO - 点击了//*[@id="tab-vmlist"]元素
2021-10-15 14:56:58,424 - basepage.py - [line:96] - INFO - 鼠标光标移动至navBar_item_计算_content元素
2021-10-15 14:56:58,824 - basepage.py - [line:102] - INFO - 鼠标光标移动至navBar_item_计算_content_云服务器元素并点击
2021-10-15 14:56:59,070 - basepage.py - [line:84] - INFO - 点击了//*[@id="tab-vmlist"]元素
2021-10-15 15:01:05,349 - basepage.py - [line:96] - INFO - 鼠标光标移动至navBar_item_计算_content元素
2021-10-15 15:01:30,747 - basepage.py - [line:96] - INFO - 鼠标光标移动至navBar_item_计算_content元素
2021-10-15 15:01:31,088 - basepage.py - [line:102] - INFO - 鼠标光标移动至navBar_item_计算_content_云服务器元素并点击
2021-10-15 15:01:31,767 - basepage.py - [line:84] - INFO - 点击了//*[@id="tab-vmlist"]元素
2021-10-15 15:03:55,113 - basepage.py - [line:96] - INFO - 鼠标光标移动至navBar_item_计算_content元素
2021-10-15 15:03:55,497 - basepage.py - [line:102] - INFO - 鼠标光标移动至navBar_item_计算_content_云服务器元素并点击
2021-10-15 15:03:55,779 - basepage.py - [line:84] - INFO - 点击了//*[@id="tab-vmlist"]元素
2021-10-15 15:05:33,935 - basepage.py - [line:96] - INFO - 鼠标光标移动至navBar_item_计算_content元素
2021-10-15 15:05:34,381 - basepage.py - [line:102] - INFO - 鼠标光标移动至navBar_item_计算_content_云服务器元素并点击
2021-10-15 15:05:34,618 - basepage.py - [line:84] - INFO - 点击了//*[@id="tab-vmlist"]元素
2021-10-15 15:07:27,300 - basepage.py - [line:96] - INFO - 鼠标光标移动至navBar_item_计算_content元素
2021-10-15 15:07:27,715 - basepage.py - [line:102] - INFO - 鼠标光标移动至navBar_item_计算_content_云服务器元素并点击
2021-10-15 15:07:35,931 - basepage.py - [line:84] - INFO - 点击了//*[@id="tab-vmlist"]元素
2021-10-15 15:17:06,277 - basepage.py - [line:96] - INFO - 鼠标光标移动至navBar_item_计算_content元素
2021-10-15 15:17:06,659 - basepage.py - [line:102] - INFO - 鼠标光标移动至navBar_item_计算_content_云服务器元素并点击
2021-10-15 15:17:07,522 - basepage.py - [line:84] - INFO - 点击了//*[@id="tab-vmlist"]元素
2021-10-15 15:20:05,266 - basepage.py - [line:96] - INFO - 鼠标光标移动至navBar_item_计算_content元素
2021-10-15 15:20:05,661 - basepage.py - [line:102] - INFO - 鼠标光标移动至navBar_item_计算_content_云服务器元素并点击
2021-10-15 15:20:05,911 - basepage.py - [line:84] - INFO - 点击了//*[@id="tab-vmlist"]元素
2021-10-15 15:21:26,175 - basepage.py - [line:96] - INFO - 鼠标光标移动至navBar_item_计算_content元素
2021-10-15 15:21:26,633 - basepage.py - [line:102] - INFO - 鼠标光标移动至navBar_item_计算_content_云服务器元素并点击
2021-10-15 15:21:26,883 - basepage.py - [line:84] - INFO - 点击了//*[@id="tab-vmlist"]元素
2021-10-15 15:26:43,710 - basepage.py - [line:96] - INFO - 鼠标光标移动至navBar_item_计算_content元素
2021-10-15 15:26:44,171 - basepage.py - [line:102] - INFO - 鼠标光标移动至navBar_item_计算_content_云服务器元素并点击
2021-10-15 15:26:44,414 - basepage.py - [line:84] - INFO - 点击了//*[@id="tab-vmlist"]元素
2021-10-15 15:27:41,367 - basepage.py - [line:96] - INFO - 鼠标光标移动至navBar_item_计算_content元素
2021-10-15 15:27:41,769 - basepage.py - [line:102] - INFO - 鼠标光标移动至navBar_item_计算_content_云服务器元素并点击
2021-10-15 15:27:41,973 - basepage.py - [line:84] - INFO - 点击了//*[@id="tab-vmlist"]元素
2021-10-15 15:29:40,825 - basepage.py - [line:96] - INFO - 鼠标光标移动至navBar_item_计算_content元素
2021-10-15 15:29:41,309 - basepage.py - [line:102] - INFO - 鼠标光标移动至navBar_item_计算_content_云服务器元素并点击
2021-10-15 15:29:41,515 - basepage.py - [line:84] - INFO - 点击了//*[@id="tab-vmlist"]元素
2021-10-15 15:30:36,296 - basepage.py - [line:96] - INFO - 鼠标光标移动至navBar_item_计算_content元素
2021-10-15 15:30:36,700 - basepage.py - [line:102] - INFO - 鼠标光标移动至navBar_item_计算_content_云服务器元素并点击
2021-10-15 15:30:36,914 - basepage.py - [line:84] - INFO - 点击了//*[@id="tab-vmlist"]元素
2021-10-15 15:31:03,431 - basepage.py - [line:96] - INFO - 鼠标光标移动至navBar_item_计算_content元素
2021-10-15 15:31:03,859 - basepage.py - [line:102] - INFO - 鼠标光标移动至navBar_item_计算_content_云服务器元素并点击
2021-10-15 15:31:04,076 - basepage.py - [line:84] - INFO - 点击了//*[@id="tab-vmlist"]元素
2021-10-15 15:32:23,313 - basepage.py - [line:96] - INFO - 鼠标光标移动至navBar_item_计算_content元素
2021-10-15 15:32:23,849 - basepage.py - [line:102] - INFO - 鼠标光标移动至navBar_item_计算_content_云服务器元素并点击
2021-10-15 15:32:25,079 - basepage.py - [line:84] - INFO - 点击了//*[@id="tab-vmlist"]元素
2021-10-15 15:49:08,417 - basepage.py - [line:97] - INFO - 鼠标光标移动至navBar_item_计算_content元素
2021-10-15 15:49:08,827 - basepage.py - [line:103] - INFO - 鼠标光标移动至navBar_item_计算_content_云服务器元素并点击
2021-10-15 15:49:09,075 - basepage.py - [line:85] - INFO - 点击了//*[@id="tab-vmlist"]元素
2021-10-15 15:50:40,794 - basepage.py - [line:97] - INFO - 鼠标光标移动至navBar_item_计算_content元素
2021-10-15 15:50:41,278 - basepage.py - [line:103] - INFO - 鼠标光标移动至navBar_item_计算_content_云服务器元素并点击
2021-10-15 15:50:41,540 - basepage.py - [line:85] - INFO - 点击了//*[@id="tab-vmlist"]元素
2021-10-15 15:51:35,281 - basepage.py - [line:97] - INFO - 鼠标光标移动至navBar_item_计算_content元素
2021-10-15 15:51:35,722 - basepage.py - [line:103] - INFO - 鼠标光标移动至navBar_item_计算_content_云服务器元素并点击
2021-10-15 15:51:36,031 - basepage.py - [line:85] - INFO - 点击了//*[@id="tab-vmlist"]元素
2021-10-15 15:56:29,141 - basepage.py - [line:97] - INFO - 鼠标光标移动至navBar_item_计算_content元素
2021-10-15 15:56:29,524 - basepage.py - [line:103] - INFO - 鼠标光标移动至navBar_item_计算_content_云服务器元素并点击
2021-10-15 15:56:29,776 - basepage.py - [line:85] - INFO - 点击了//*[@id="tab-vmlist"]元素
2021-10-15 15:57:43,442 - basepage.py - [line:97] - INFO - 鼠标光标移动至navBar_item_计算_content元素
2021-10-15 15:57:44,102 - basepage.py - [line:103] - INFO - 鼠标光标移动至navBar_item_计算_content_云服务器元素并点击
2021-10-15 15:57:45,188 - basepage.py - [line:85] - INFO - 点击了//*[@id="tab-vmlist"]元素
2021-10-15 15:58:15,980 - basepage.py - [line:97] - INFO - 鼠标光标移动至navBar_item_计算_content元素
2021-10-15 15:58:16,437 - basepage.py - [line:103] - INFO - 鼠标光标移动至navBar_item_计算_content_云服务器元素并点击
2021-10-15 15:58:16,672 - basepage.py - [line:85] - INFO - 点击了//*[@id="tab-vmlist"]元素
2021-10-15 16:01:33,205 - basepage.py - [line:97] - INFO - 鼠标光标移动至navBar_item_计算_content元素
2021-10-15 16:01:33,611 - basepage.py - [line:103] - INFO - 鼠标光标移动至navBar_item_计算_content_云服务器元素并点击
2021-10-15 16:01:33,864 - basepage.py - [line:85] - INFO - 点击了//*[@id="tab-vmlist"]元素
2021-10-15 16:02:05,340 - basepage.py - [line:97] - INFO - 鼠标光标移动至navBar_item_计算_content元素
2021-10-15 16:02:05,750 - basepage.py - [line:103] - INFO - 鼠标光标移动至navBar_item_计算_content_云服务器元素并点击
2021-10-15 16:02:06,035 - basepage.py - [line:85] - INFO - 点击了//*[@id="tab-vmlist"]元素
2021-10-15 16:31:15,502 - basepage.py - [line:97] - INFO - 鼠标光标移动至navBar_item_计算_content元素
2021-10-15 16:31:15,941 - basepage.py - [line:103] - INFO - 鼠标光标移动至navBar_item_计算_content_云服务器元素并点击
2021-10-15 16:31:16,184 - basepage.py - [line:85] - INFO - 点击了//*[@id="tab-vmlist"]元素
2021-10-15 16:31:27,072 - basepage.py - [line:130] - INFO - 元素文本信息为1
2021-10-15 16:31:27,335 - basepage.py - [line:152] - INFO - 键盘输入后清理
2021-10-15 16:31:28,506 - basepage.py - [line:116] - INFO - 元素文本信息为请输入队列数
2021-10-15 16:33:02,787 - basepage.py - [line:97] - INFO - 鼠标光标移动至navBar_item_计算_content元素
2021-10-15 16:33:03,268 - basepage.py - [line:103] - INFO - 鼠标光标移动至navBar_item_计算_content_云服务器元素并点击
2021-10-15 16:33:03,524 - basepage.py - [line:85] - INFO - 点击了//*[@id="tab-vmlist"]元素
2021-10-15 16:33:13,725 - basepage.py - [line:130] - INFO - 元素文本信息为1
2021-10-15 16:33:13,965 - basepage.py - [line:152] - INFO - 键盘输入后清理
2021-10-15 16:33:15,122 - basepage.py - [line:116] - INFO - 元素文本信息为请输入队列数
2021-10-15 16:34:02,897 - basepage.py - [line:97] - INFO - 鼠标光标移动至navBar_item_计算_content元素
2021-10-15 16:34:03,280 - basepage.py - [line:103] - INFO - 鼠标光标移动至navBar_item_计算_content_云服务器元素并点击
2021-10-15 16:34:03,574 - basepage.py - [line:85] - INFO - 点击了//*[@id="tab-vmlist"]元素
2021-10-15 16:34:13,528 - basepage.py - [line:130] - INFO - 元素文本信息为1
2021-10-15 16:34:13,741 - basepage.py - [line:152] - INFO - 键盘输入后清理
2021-10-15 16:34:14,906 - basepage.py - [line:116] - INFO - 元素文本信息为请输入队列数
2021-10-15 16:34:16,209 - basepage.py - [line:152] - INFO - 键盘输入后清理
2021-10-15 16:34:17,468 - basepage.py - [line:152] - INFO - 键盘输入后清理
2021-10-15 16:34:18,729 - basepage.py - [line:152] - INFO - 键盘输入后清理
2021-10-15 17:28:07,292 - basepage.py - [line:97] - INFO - 鼠标光标移动至navBar_item_计算_content元素
2021-10-15 17:28:07,743 - basepage.py - [line:103] - INFO - 鼠标光标移动至navBar_item_计算_content_云服务器元素并点击
2021-10-15 17:28:07,999 - basepage.py - [line:85] - INFO - 点击了//*[@id="tab-vmlist"]元素
2021-10-15 17:28:17,544 - basepage.py - [line:130] - INFO - 元素文本信息为1
2021-10-15 17:28:17,699 - basepage.py - [line:152] - INFO - 键盘输入后清理
2021-10-15 17:28:18,855 - basepage.py - [line:116] - INFO - 元素文本信息为请输入队列数
2021-10-15 17:28:21,008 - basepage.py - [line:152] - INFO - 键盘输入后清理
2021-10-15 17:28:22,281 - basepage.py - [line:152] - INFO - 键盘输入后清理
2021-10-15 17:28:23,549 - basepage.py - [line:152] - INFO - 键盘输入后清理
2021-10-15 17:35:47,184 - basepage.py - [line:97] - INFO - 鼠标光标移动至navBar_item_计算_content元素
2021-10-15 17:35:47,662 - basepage.py - [line:103] - INFO - 鼠标光标移动至navBar_item_计算_content_云服务器元素并点击
2021-10-15 17:35:47,934 - basepage.py - [line:85] - INFO - 点击了//*[@id="tab-vmlist"]元素
2021-10-15 17:36:37,690 - basepage.py - [line:97] - INFO - 鼠标光标移动至navBar_item_计算_content元素
2021-10-15 17:36:38,077 - basepage.py - [line:103] - INFO - 鼠标光标移动至navBar_item_计算_content_云服务器元素并点击
2021-10-15 17:36:38,334 - basepage.py - [line:85] - INFO - 点击了//*[@id="tab-vmlist"]元素
2021-10-15 17:41:04,168 - basepage.py - [line:97] - INFO - 鼠标光标移动至navBar_item_计算_content元素
2021-10-15 17:41:04,593 - basepage.py - [line:103] - INFO - 鼠标光标移动至navBar_item_计算_content_云服务器元素并点击
2021-10-15 17:41:04,876 - basepage.py - [line:85] - INFO - 点击了//*[@id="tab-vmlist"]元素
2021-10-15 17:41:14,648 - basepage.py - [line:130] - INFO - 元素文本信息为compute
2021-10-15 17:41:14,676 - basepage.py - [line:130] - INFO - 元素文本信息为计算97
2021-10-15 17:42:42,248 - basepage.py - [line:97] - INFO - 鼠标光标移动至navBar_item_计算_content元素
2021-10-15 17:42:42,734 - basepage.py - [line:103] - INFO - 鼠标光标移动至navBar_item_计算_content_云服务器元素并点击
2021-10-15 17:42:44,231 - basepage.py - [line:85] - INFO - 点击了//*[@id="tab-vmlist"]元素
2021-10-15 17:42:53,741 - basepage.py - [line:130] - INFO - 元素文本信息为compute
2021-10-15 17:42:53,775 - basepage.py - [line:130] - INFO - 元素文本信息为计算97
2021-10-15 17:43:31,009 - basepage.py - [line:97] - INFO - 鼠标光标移动至navBar_item_计算_content元素
2021-10-15 17:43:31,424 - basepage.py - [line:103] - INFO - 鼠标光标移动至navBar_item_计算_content_云服务器元素并点击
2021-10-15 17:43:31,667 - basepage.py - [line:85] - INFO - 点击了//*[@id="tab-vmlist"]元素
2021-10-15 17:43:41,138 - basepage.py - [line:130] - INFO - 元素文本信息为compute
2021-10-15 17:43:41,172 - basepage.py - [line:130] - INFO - 元素文本信息为计算97
