2021-09-23 16:37:09,002 - basepage.py - [line:89] - INFO - 鼠标光标移动至navBar_item_计算_content元素
2021-09-23 16:37:09,435 - basepage.py - [line:95] - INFO - 鼠标光标移动至navBar_item_计算_content_云服务器元素并点击
2021-09-23 16:37:10,790 - basepage.py - [line:108] - INFO - 元素文本信息为请输入云服务器名称
2021-09-23 16:37:11,935 - basepage.py - [line:137] - INFO - 键盘输入后清理
2021-09-23 16:50:31,676 - basepage.py - [line:89] - INFO - 鼠标光标移动至navBar_item_计算_content元素
2021-09-23 16:50:32,248 - basepage.py - [line:95] - INFO - 鼠标光标移动至navBar_item_计算_content_云服务器元素并点击
2021-09-23 16:50:33,525 - basepage.py - [line:108] - INFO - 元素文本信息为请输入云服务器名称
2021-09-23 16:50:34,410 - basepage.py - [line:137] - INFO - 键盘输入后清理
2021-09-23 16:52:33,213 - basepage.py - [line:89] - INFO - 鼠标光标移动至navBar_item_计算_content元素
2021-09-23 16:52:33,731 - basepage.py - [line:95] - INFO - 鼠标光标移动至navBar_item_计算_content_云服务器元素并点击
2021-09-23 16:52:34,964 - basepage.py - [line:108] - INFO - 元素文本信息为请输入云服务器名称
2021-09-23 16:52:35,620 - basepage.py - [line:137] - INFO - 键盘输入后清理
2021-09-23 16:52:36,484 - basepage.py - [line:137] - INFO - 键盘输入后清理
2021-09-23 16:53:55,953 - basepage.py - [line:89] - INFO - 鼠标光标移动至navBar_item_计算_content元素
2021-09-23 16:53:56,609 - basepage.py - [line:95] - INFO - 鼠标光标移动至navBar_item_计算_content_云服务器元素并点击
2021-09-23 16:53:58,080 - basepage.py - [line:108] - INFO - 元素文本信息为请输入云服务器名称
2021-09-23 16:53:58,646 - basepage.py - [line:137] - INFO - 键盘输入后清理
2021-09-23 16:53:59,517 - basepage.py - [line:137] - INFO - 键盘输入后清理
2021-09-23 16:55:40,282 - basepage.py - [line:89] - INFO - 鼠标光标移动至navBar_item_计算_content元素
2021-09-23 16:55:40,781 - basepage.py - [line:95] - INFO - 鼠标光标移动至navBar_item_计算_content_云服务器元素并点击
2021-09-23 16:55:42,289 - basepage.py - [line:108] - INFO - 元素文本信息为请输入云服务器名称
2021-09-23 16:55:43,609 - basepage.py - [line:137] - INFO - 键盘输入后清理
2021-09-23 16:55:44,463 - basepage.py - [line:137] - INFO - 键盘输入后清理
2021-09-23 17:06:10,146 - basepage.py - [line:89] - INFO - 鼠标光标移动至navBar_item_计算_content元素
2021-09-23 17:06:11,801 - basepage.py - [line:95] - INFO - 鼠标光标移动至navBar_item_计算_content_云服务器元素并点击
2021-09-23 17:06:13,015 - basepage.py - [line:108] - INFO - 元素文本信息为请输入云服务器名称
2021-09-23 17:06:14,186 - basepage.py - [line:137] - INFO - 键盘输入后清理
2021-09-23 17:09:42,516 - basepage.py - [line:89] - INFO - 鼠标光标移动至navBar_item_计算_content元素
2021-09-23 17:09:43,098 - basepage.py - [line:95] - INFO - 鼠标光标移动至navBar_item_计算_content_云服务器元素并点击
2021-09-23 17:09:44,852 - basepage.py - [line:108] - INFO - 元素文本信息为请输入云服务器名称
2021-09-23 17:09:45,485 - basepage.py - [line:137] - INFO - 键盘输入后清理
2021-09-23 17:09:59,495 - basepage.py - [line:89] - INFO - 鼠标光标移动至navBar_item_计算_content元素
2021-09-23 17:09:59,979 - basepage.py - [line:95] - INFO - 鼠标光标移动至navBar_item_计算_content_云服务器元素并点击
2021-09-23 17:10:01,756 - basepage.py - [line:108] - INFO - 元素文本信息为请输入云服务器名称
2021-09-23 17:10:02,867 - basepage.py - [line:137] - INFO - 键盘输入后清理
2021-09-23 17:10:21,568 - basepage.py - [line:89] - INFO - 鼠标光标移动至navBar_item_计算_content元素
2021-09-23 17:10:22,134 - basepage.py - [line:95] - INFO - 鼠标光标移动至navBar_item_计算_content_云服务器元素并点击
2021-09-23 17:10:23,099 - basepage.py - [line:108] - INFO - 元素文本信息为请输入云服务器名称
2021-09-23 17:10:23,772 - basepage.py - [line:137] - INFO - 键盘输入后清理
2021-09-23 17:10:39,727 - basepage.py - [line:89] - INFO - 鼠标光标移动至navBar_item_计算_content元素
2021-09-23 17:10:40,276 - basepage.py - [line:95] - INFO - 鼠标光标移动至navBar_item_计算_content_云服务器元素并点击
2021-09-23 17:10:41,410 - basepage.py - [line:108] - INFO - 元素文本信息为请输入云服务器名称
2021-09-23 17:10:41,971 - basepage.py - [line:137] - INFO - 键盘输入后清理
2021-09-23 17:11:05,213 - basepage.py - [line:89] - INFO - 鼠标光标移动至navBar_item_计算_content元素
2021-09-23 17:11:05,743 - basepage.py - [line:95] - INFO - 鼠标光标移动至navBar_item_计算_content_云服务器元素并点击
2021-09-23 17:11:06,958 - basepage.py - [line:108] - INFO - 元素文本信息为请输入云服务器名称
2021-09-23 17:11:08,139 - basepage.py - [line:137] - INFO - 键盘输入后清理
2021-09-23 17:12:03,420 - basepage.py - [line:89] - INFO - 鼠标光标移动至navBar_item_计算_content元素
2021-09-23 17:12:03,916 - basepage.py - [line:95] - INFO - 鼠标光标移动至navBar_item_计算_content_云服务器元素并点击
2021-09-23 17:12:05,018 - basepage.py - [line:108] - INFO - 元素文本信息为请输入云服务器名称
2021-09-23 17:12:05,688 - basepage.py - [line:137] - INFO - 键盘输入后清理
2021-09-23 17:12:06,288 - basepage.py - [line:137] - INFO - 键盘输入后清理
2021-09-23 17:14:18,620 - basepage.py - [line:89] - INFO - 鼠标光标移动至navBar_item_计算_content元素
2021-09-23 17:14:19,056 - basepage.py - [line:95] - INFO - 鼠标光标移动至navBar_item_计算_content_云服务器元素并点击
2021-09-23 17:14:20,102 - basepage.py - [line:89] - INFO - 鼠标光标移动至navBar_item_计算_content元素
2021-09-23 17:14:20,400 - basepage.py - [line:95] - INFO - 鼠标光标移动至navBar_item_计算_content_云服务器元素并点击
2021-09-23 17:14:20,846 - basepage.py - [line:89] - INFO - 鼠标光标移动至navBar_item_计算_content元素
2021-09-23 17:14:21,139 - basepage.py - [line:95] - INFO - 鼠标光标移动至navBar_item_计算_content_云服务器元素并点击
2021-09-23 17:14:21,839 - basepage.py - [line:89] - INFO - 鼠标光标移动至navBar_item_计算_content元素
2021-09-23 17:14:22,127 - basepage.py - [line:95] - INFO - 鼠标光标移动至navBar_item_计算_content_云服务器元素并点击
2021-09-23 17:14:24,577 - basepage.py - [line:89] - INFO - 鼠标光标移动至navBar_item_计算_content元素
2021-09-23 17:14:24,866 - basepage.py - [line:95] - INFO - 鼠标光标移动至navBar_item_计算_content_云服务器元素并点击
2021-09-23 17:14:24,895 - basepage.py - [line:108] - INFO - 元素文本信息为请输入名称、IP、Mac地址、uuid
2021-09-23 17:14:25,183 - basepage.py - [line:89] - INFO - 鼠标光标移动至navBar_item_计算_content元素
2021-09-23 17:14:25,484 - basepage.py - [line:95] - INFO - 鼠标光标移动至navBar_item_计算_content_云服务器元素并点击
2021-09-23 17:14:26,280 - basepage.py - [line:89] - INFO - 鼠标光标移动至navBar_item_计算_content元素
2021-09-23 17:14:26,575 - basepage.py - [line:95] - INFO - 鼠标光标移动至navBar_item_计算_content_云服务器元素并点击
2021-09-23 17:14:27,376 - basepage.py - [line:89] - INFO - 鼠标光标移动至navBar_item_计算_content元素
2021-09-23 17:14:27,666 - basepage.py - [line:95] - INFO - 鼠标光标移动至navBar_item_计算_content_云服务器元素并点击
2021-09-23 17:14:28,839 - basepage.py - [line:108] - INFO - 元素文本信息为请输入云服务器名称
2021-09-23 17:14:29,584 - basepage.py - [line:137] - INFO - 键盘输入后清理
2021-09-23 17:14:30,182 - basepage.py - [line:137] - INFO - 键盘输入后清理
2021-09-23 17:14:48,004 - basepage.py - [line:89] - INFO - 鼠标光标移动至navBar_item_计算_content元素
2021-09-23 17:14:48,750 - basepage.py - [line:95] - INFO - 鼠标光标移动至navBar_item_计算_content_云服务器元素并点击
2021-09-23 17:14:49,822 - basepage.py - [line:89] - INFO - 鼠标光标移动至navBar_item_计算_content元素
2021-09-23 17:14:50,133 - basepage.py - [line:95] - INFO - 鼠标光标移动至navBar_item_计算_content_云服务器元素并点击
2021-09-23 17:14:50,579 - basepage.py - [line:89] - INFO - 鼠标光标移动至navBar_item_计算_content元素
2021-09-23 17:14:50,868 - basepage.py - [line:95] - INFO - 鼠标光标移动至navBar_item_计算_content_云服务器元素并点击
2021-09-23 17:14:51,561 - basepage.py - [line:89] - INFO - 鼠标光标移动至navBar_item_计算_content元素
2021-09-23 17:14:51,864 - basepage.py - [line:95] - INFO - 鼠标光标移动至navBar_item_计算_content_云服务器元素并点击
2021-09-23 17:14:54,313 - basepage.py - [line:89] - INFO - 鼠标光标移动至navBar_item_计算_content元素
2021-09-23 17:14:54,600 - basepage.py - [line:95] - INFO - 鼠标光标移动至navBar_item_计算_content_云服务器元素并点击
2021-09-23 17:14:54,629 - basepage.py - [line:108] - INFO - 元素文本信息为请输入名称、IP、Mac地址、uuid
2021-09-23 17:14:54,917 - basepage.py - [line:89] - INFO - 鼠标光标移动至navBar_item_计算_content元素
2021-09-23 17:14:55,237 - basepage.py - [line:95] - INFO - 鼠标光标移动至navBar_item_计算_content_云服务器元素并点击
2021-09-23 17:14:56,095 - basepage.py - [line:89] - INFO - 鼠标光标移动至navBar_item_计算_content元素
2021-09-23 17:14:56,400 - basepage.py - [line:95] - INFO - 鼠标光标移动至navBar_item_计算_content_云服务器元素并点击
2021-09-23 17:14:57,194 - basepage.py - [line:89] - INFO - 鼠标光标移动至navBar_item_计算_content元素
2021-09-23 17:14:57,493 - basepage.py - [line:95] - INFO - 鼠标光标移动至navBar_item_计算_content_云服务器元素并点击
2021-09-23 17:14:58,612 - basepage.py - [line:108] - INFO - 元素文本信息为请输入云服务器名称
2021-09-23 17:14:59,258 - basepage.py - [line:137] - INFO - 键盘输入后清理
2021-09-23 17:14:59,826 - basepage.py - [line:137] - INFO - 键盘输入后清理
2021-09-23 17:15:35,403 - basepage.py - [line:89] - INFO - 鼠标光标移动至navBar_item_计算_content元素
2021-09-23 17:15:36,041 - basepage.py - [line:95] - INFO - 鼠标光标移动至navBar_item_计算_content_云服务器元素并点击
2021-09-23 17:15:37,125 - basepage.py - [line:89] - INFO - 鼠标光标移动至navBar_item_计算_content元素
2021-09-23 17:15:37,457 - basepage.py - [line:95] - INFO - 鼠标光标移动至navBar_item_计算_content_云服务器元素并点击
2021-09-23 17:15:37,894 - basepage.py - [line:89] - INFO - 鼠标光标移动至navBar_item_计算_content元素
2021-09-23 17:15:38,207 - basepage.py - [line:95] - INFO - 鼠标光标移动至navBar_item_计算_content_云服务器元素并点击
2021-09-23 17:15:38,917 - basepage.py - [line:89] - INFO - 鼠标光标移动至navBar_item_计算_content元素
2021-09-23 17:15:39,206 - basepage.py - [line:95] - INFO - 鼠标光标移动至navBar_item_计算_content_云服务器元素并点击
2021-09-23 17:15:41,679 - basepage.py - [line:89] - INFO - 鼠标光标移动至navBar_item_计算_content元素
2021-09-23 17:15:41,980 - basepage.py - [line:95] - INFO - 鼠标光标移动至navBar_item_计算_content_云服务器元素并点击
2021-09-23 17:15:42,009 - basepage.py - [line:108] - INFO - 元素文本信息为请输入名称、IP、Mac地址、uuid
2021-09-23 17:15:42,296 - basepage.py - [line:89] - INFO - 鼠标光标移动至navBar_item_计算_content元素
2021-09-23 17:15:42,585 - basepage.py - [line:95] - INFO - 鼠标光标移动至navBar_item_计算_content_云服务器元素并点击
2021-09-23 17:15:43,446 - basepage.py - [line:89] - INFO - 鼠标光标移动至navBar_item_计算_content元素
2021-09-23 17:15:43,745 - basepage.py - [line:95] - INFO - 鼠标光标移动至navBar_item_计算_content_云服务器元素并点击
2021-09-23 17:15:44,574 - basepage.py - [line:89] - INFO - 鼠标光标移动至navBar_item_计算_content元素
2021-09-23 17:15:44,867 - basepage.py - [line:95] - INFO - 鼠标光标移动至navBar_item_计算_content_云服务器元素并点击
2021-09-23 17:15:46,246 - basepage.py - [line:108] - INFO - 元素文本信息为请输入云服务器名称
2021-09-23 17:15:46,989 - basepage.py - [line:137] - INFO - 键盘输入后清理
2021-09-23 17:15:47,553 - basepage.py - [line:137] - INFO - 键盘输入后清理
2021-09-23 17:35:33,815 - basepage.py - [line:89] - INFO - 鼠标光标移动至navBar_item_计算_content元素
2021-09-23 17:35:34,349 - basepage.py - [line:95] - INFO - 鼠标光标移动至navBar_item_计算_content_云服务器元素并点击
2021-09-23 17:35:35,470 - basepage.py - [line:108] - INFO - 元素文本信息为请输入云服务器名称
2021-09-23 17:35:36,180 - basepage.py - [line:137] - INFO - 键盘输入后清理
2021-09-23 17:35:36,705 - basepage.py - [line:137] - INFO - 键盘输入后清理
2021-09-23 17:37:36,298 - basepage.py - [line:89] - INFO - 鼠标光标移动至navBar_item_计算_content元素
2021-09-23 17:37:37,037 - basepage.py - [line:95] - INFO - 鼠标光标移动至navBar_item_计算_content_云服务器元素并点击
2021-09-23 17:37:38,118 - basepage.py - [line:108] - INFO - 元素文本信息为请输入云服务器名称
2021-09-23 17:37:38,790 - basepage.py - [line:137] - INFO - 键盘输入后清理
2021-09-23 17:37:39,289 - basepage.py - [line:137] - INFO - 键盘输入后清理
2021-09-23 17:38:31,971 - basepage.py - [line:89] - INFO - 鼠标光标移动至navBar_item_计算_content元素
2021-09-23 17:38:32,734 - basepage.py - [line:95] - INFO - 鼠标光标移动至navBar_item_计算_content_云服务器元素并点击
2021-09-23 17:38:33,822 - basepage.py - [line:108] - INFO - 元素文本信息为请输入云服务器名称
2021-09-23 17:38:34,872 - basepage.py - [line:137] - INFO - 键盘输入后清理
2021-09-23 17:38:35,276 - basepage.py - [line:137] - INFO - 键盘输入后清理
2021-09-23 17:40:07,782 - basepage.py - [line:89] - INFO - 鼠标光标移动至navBar_item_计算_content元素
2021-09-23 17:40:08,379 - basepage.py - [line:95] - INFO - 鼠标光标移动至navBar_item_计算_content_云服务器元素并点击
2021-09-23 17:40:09,481 - basepage.py - [line:108] - INFO - 元素文本信息为请输入云服务器名称
2021-09-23 17:40:10,216 - basepage.py - [line:137] - INFO - 键盘输入后清理
2021-09-23 17:40:10,731 - basepage.py - [line:137] - INFO - 键盘输入后清理
2021-09-23 17:48:35,646 - basepage.py - [line:89] - INFO - 鼠标光标移动至navBar_item_计算_content元素
2021-09-23 17:48:36,417 - basepage.py - [line:95] - INFO - 鼠标光标移动至navBar_item_计算_content_云服务器元素并点击
2021-09-23 17:48:37,642 - basepage.py - [line:108] - INFO - 元素文本信息为请输入云服务器名称
2021-09-23 17:48:38,196 - basepage.py - [line:137] - INFO - 键盘输入后清理
2021-09-23 17:48:38,708 - basepage.py - [line:137] - INFO - 键盘输入后清理
2021-09-23 17:49:14,924 - basepage.py - [line:89] - INFO - 鼠标光标移动至navBar_item_计算_content元素
2021-09-23 17:49:15,565 - basepage.py - [line:95] - INFO - 鼠标光标移动至navBar_item_计算_content_云服务器元素并点击
2021-09-23 17:49:16,890 - basepage.py - [line:108] - INFO - 元素文本信息为请输入云服务器名称
2021-09-23 17:49:17,582 - basepage.py - [line:137] - INFO - 键盘输入后清理
2021-09-23 17:49:18,061 - basepage.py - [line:137] - INFO - 键盘输入后清理
2021-09-23 17:49:59,664 - basepage.py - [line:89] - INFO - 鼠标光标移动至navBar_item_计算_content元素
2021-09-23 17:50:00,443 - basepage.py - [line:95] - INFO - 鼠标光标移动至navBar_item_计算_content_云服务器元素并点击
2021-09-23 17:50:01,984 - basepage.py - [line:108] - INFO - 元素文本信息为请输入云服务器名称
2021-09-23 17:50:02,936 - basepage.py - [line:137] - INFO - 键盘输入后清理
2021-09-23 17:50:03,335 - basepage.py - [line:137] - INFO - 键盘输入后清理
2021-09-23 17:50:26,241 - basepage.py - [line:89] - INFO - 鼠标光标移动至navBar_item_计算_content元素
2021-09-23 17:50:26,847 - basepage.py - [line:95] - INFO - 鼠标光标移动至navBar_item_计算_content_云服务器元素并点击
2021-09-23 17:50:28,125 - basepage.py - [line:108] - INFO - 元素文本信息为请输入云服务器名称
2021-09-23 17:50:29,089 - basepage.py - [line:137] - INFO - 键盘输入后清理
2021-09-23 17:50:29,546 - basepage.py - [line:137] - INFO - 键盘输入后清理
2021-09-23 17:51:29,339 - basepage.py - [line:89] - INFO - 鼠标光标移动至navBar_item_计算_content元素
2021-09-23 17:51:29,810 - basepage.py - [line:95] - INFO - 鼠标光标移动至navBar_item_计算_content_云服务器元素并点击
2021-09-23 17:51:31,370 - basepage.py - [line:108] - INFO - 元素文本信息为请输入云服务器名称
2021-09-23 17:51:32,608 - basepage.py - [line:137] - INFO - 键盘输入后清理
2021-09-23 17:51:33,197 - basepage.py - [line:137] - INFO - 键盘输入后清理
2021-09-23 17:56:44,579 - basepage.py - [line:89] - INFO - 鼠标光标移动至navBar_item_计算_content元素
2021-09-23 17:56:45,196 - basepage.py - [line:95] - INFO - 鼠标光标移动至navBar_item_计算_content_云服务器元素并点击
2021-09-23 17:56:46,635 - basepage.py - [line:108] - INFO - 元素文本信息为请输入云服务器名称
2021-09-23 17:56:47,658 - basepage.py - [line:137] - INFO - 键盘输入后清理
2021-09-23 17:56:48,040 - basepage.py - [line:137] - INFO - 键盘输入后清理
2021-09-23 17:58:19,005 - basepage.py - [line:89] - INFO - 鼠标光标移动至navBar_item_计算_content元素
2021-09-23 17:58:19,579 - basepage.py - [line:95] - INFO - 鼠标光标移动至navBar_item_计算_content_云服务器元素并点击
2021-09-23 17:58:20,986 - basepage.py - [line:108] - INFO - 元素文本信息为请输入云服务器名称
2021-09-23 17:58:22,234 - basepage.py - [line:137] - INFO - 键盘输入后清理
2021-09-23 17:58:22,737 - basepage.py - [line:137] - INFO - 键盘输入后清理
2021-09-23 17:59:32,291 - basepage.py - [line:89] - INFO - 鼠标光标移动至navBar_item_计算_content元素
2021-09-23 17:59:32,754 - basepage.py - [line:95] - INFO - 鼠标光标移动至navBar_item_计算_content_云服务器元素并点击
2021-09-23 17:59:36,017 - basepage.py - [line:108] - INFO - 元素文本信息为请输入云服务器名称
2021-09-23 17:59:37,687 - basepage.py - [line:137] - INFO - 键盘输入后清理
2021-09-23 17:59:39,238 - basepage.py - [line:137] - INFO - 键盘输入后清理
2021-09-23 18:02:31,499 - basepage.py - [line:89] - INFO - 鼠标光标移动至navBar_item_计算_content元素
2021-09-23 18:02:32,128 - basepage.py - [line:95] - INFO - 鼠标光标移动至navBar_item_计算_content_云服务器元素并点击
2021-09-23 18:02:35,144 - basepage.py - [line:108] - INFO - 元素文本信息为请输入云服务器名称
2021-09-23 18:02:37,148 - basepage.py - [line:137] - INFO - 键盘输入后清理
2021-09-23 18:02:38,776 - basepage.py - [line:137] - INFO - 键盘输入后清理
2021-09-23 18:03:40,957 - basepage.py - [line:89] - INFO - 鼠标光标移动至navBar_item_计算_content元素
2021-09-23 18:03:41,513 - basepage.py - [line:95] - INFO - 鼠标光标移动至navBar_item_计算_content_云服务器元素并点击
2021-09-23 18:03:44,271 - basepage.py - [line:108] - INFO - 元素文本信息为请输入云服务器名称
2021-09-23 18:03:46,570 - basepage.py - [line:137] - INFO - 键盘输入后清理
2021-09-23 18:03:48,116 - basepage.py - [line:137] - INFO - 键盘输入后清理
2021-09-23 18:04:51,342 - basepage.py - [line:89] - INFO - 鼠标光标移动至navBar_item_计算_content元素
2021-09-23 18:04:51,786 - basepage.py - [line:95] - INFO - 鼠标光标移动至navBar_item_计算_content_云服务器元素并点击
2021-09-23 18:04:54,662 - basepage.py - [line:108] - INFO - 元素文本信息为请输入云服务器名称
2021-09-23 18:04:56,892 - basepage.py - [line:137] - INFO - 键盘输入后清理
2021-09-23 18:04:58,445 - basepage.py - [line:137] - INFO - 键盘输入后清理
2021-09-23 18:28:04,832 - basepage.py - [line:89] - INFO - 鼠标光标移动至navBar_item_计算_content元素
2021-09-23 18:28:05,281 - basepage.py - [line:95] - INFO - 鼠标光标移动至navBar_item_计算_content_云服务器元素并点击
2021-09-23 18:28:07,437 - basepage.py - [line:89] - INFO - 鼠标光标移动至navBar_item_计算_content元素
2021-09-23 18:28:07,727 - basepage.py - [line:95] - INFO - 鼠标光标移动至navBar_item_计算_content_云服务器元素并点击
2021-09-23 18:28:09,185 - basepage.py - [line:89] - INFO - 鼠标光标移动至navBar_item_计算_content元素
2021-09-23 18:28:09,486 - basepage.py - [line:95] - INFO - 鼠标光标移动至navBar_item_计算_content_云服务器元素并点击
2021-09-23 18:28:16,264 - basepage.py - [line:89] - INFO - 鼠标光标移动至navBar_item_计算_content元素
2021-09-23 18:28:16,568 - basepage.py - [line:95] - INFO - 鼠标光标移动至navBar_item_计算_content_云服务器元素并点击
2021-09-23 18:28:26,823 - basepage.py - [line:89] - INFO - 鼠标光标移动至navBar_item_计算_content元素
2021-09-23 18:28:27,112 - basepage.py - [line:95] - INFO - 鼠标光标移动至navBar_item_计算_content_云服务器元素并点击
2021-09-23 18:28:27,138 - basepage.py - [line:108] - INFO - 元素文本信息为请输入名称、IP、Mac地址、uuid
2021-09-23 18:28:27,429 - basepage.py - [line:89] - INFO - 鼠标光标移动至navBar_item_计算_content元素
2021-09-23 18:28:27,717 - basepage.py - [line:95] - INFO - 鼠标光标移动至navBar_item_计算_content_云服务器元素并点击
2021-09-23 18:28:31,523 - basepage.py - [line:89] - INFO - 鼠标光标移动至navBar_item_计算_content元素
2021-09-23 18:28:31,816 - basepage.py - [line:95] - INFO - 鼠标光标移动至navBar_item_计算_content_云服务器元素并点击
2021-09-23 18:28:35,622 - basepage.py - [line:89] - INFO - 鼠标光标移动至navBar_item_计算_content元素
2021-09-23 18:28:35,915 - basepage.py - [line:95] - INFO - 鼠标光标移动至navBar_item_计算_content_云服务器元素并点击
2021-09-23 18:28:38,681 - basepage.py - [line:108] - INFO - 元素文本信息为请输入云服务器名称
2021-09-23 18:28:40,643 - basepage.py - [line:137] - INFO - 键盘输入后清理
2021-09-23 18:28:42,034 - basepage.py - [line:137] - INFO - 键盘输入后清理
2021-09-23 21:03:04,113 - basepage.py - [line:89] - INFO - 鼠标光标移动至navBar_item_计算_content元素
2021-09-23 21:03:04,552 - basepage.py - [line:95] - INFO - 鼠标光标移动至navBar_item_计算_content_云服务器元素并点击
2021-09-23 21:03:05,551 - basepage.py - [line:77] - INFO - 点击了//*[@id="panel-c-scroll"]/div[1]/section/section/div[1]/section/div[2]/div/ul/li/div/div/div/div元素
2021-09-23 21:03:07,171 - basepage.py - [line:89] - INFO - 鼠标光标移动至navBar_item_计算_content元素
2021-09-23 21:03:07,473 - basepage.py - [line:95] - INFO - 鼠标光标移动至navBar_item_计算_content_云服务器元素并点击
2021-09-23 21:03:07,588 - basepage.py - [line:77] - INFO - 点击了//*[@id="panel-c-scroll"]/div[1]/section/section/div[1]/section/div[2]/div/ul/li/div/div/div/div元素
2021-09-23 21:03:09,188 - basepage.py - [line:89] - INFO - 鼠标光标移动至navBar_item_计算_content元素
2021-09-23 21:03:09,509 - basepage.py - [line:95] - INFO - 鼠标光标移动至navBar_item_计算_content_云服务器元素并点击
2021-09-23 21:03:09,596 - basepage.py - [line:77] - INFO - 点击了//*[@id="panel-c-scroll"]/div[1]/section/section/div[1]/section/div[2]/div/ul/li/div/div/div/div元素
2021-09-23 21:03:16,650 - basepage.py - [line:89] - INFO - 鼠标光标移动至navBar_item_计算_content元素
2021-09-23 21:03:16,941 - basepage.py - [line:95] - INFO - 鼠标光标移动至navBar_item_计算_content_云服务器元素并点击
2021-09-23 21:03:17,022 - basepage.py - [line:77] - INFO - 点击了//*[@id="panel-c-scroll"]/div[1]/section/section/div[1]/section/div[2]/div/ul/li/div/div/div/div元素
2021-09-23 21:03:26,730 - basepage.py - [line:89] - INFO - 鼠标光标移动至navBar_item_计算_content元素
2021-09-23 21:03:27,021 - basepage.py - [line:95] - INFO - 鼠标光标移动至navBar_item_计算_content_云服务器元素并点击
2021-09-23 21:03:27,101 - basepage.py - [line:77] - INFO - 点击了//*[@id="panel-c-scroll"]/div[1]/section/section/div[1]/section/div[2]/div/ul/li/div/div/div/div元素
2021-09-23 21:03:27,190 - basepage.py - [line:108] - INFO - 元素文本信息为请输入名称、IP、Mac地址、uuid
2021-09-23 21:03:27,525 - basepage.py - [line:89] - INFO - 鼠标光标移动至navBar_item_计算_content元素
2021-09-23 21:03:27,878 - basepage.py - [line:95] - INFO - 鼠标光标移动至navBar_item_计算_content_云服务器元素并点击
2021-09-23 21:03:27,976 - basepage.py - [line:77] - INFO - 点击了//*[@id="panel-c-scroll"]/div[1]/section/section/div[1]/section/div[2]/div/ul/li/div/div/div/div元素
2021-09-23 21:03:32,094 - basepage.py - [line:89] - INFO - 鼠标光标移动至navBar_item_计算_content元素
2021-09-23 21:03:32,415 - basepage.py - [line:95] - INFO - 鼠标光标移动至navBar_item_计算_content_云服务器元素并点击
2021-09-23 21:03:32,513 - basepage.py - [line:77] - INFO - 点击了//*[@id="panel-c-scroll"]/div[1]/section/section/div[1]/section/div[2]/div/ul/li/div/div/div/div元素
2021-09-23 21:03:36,732 - basepage.py - [line:89] - INFO - 鼠标光标移动至navBar_item_计算_content元素
2021-09-23 21:03:37,032 - basepage.py - [line:95] - INFO - 鼠标光标移动至navBar_item_计算_content_云服务器元素并点击
2021-09-23 21:03:37,126 - basepage.py - [line:77] - INFO - 点击了//*[@id="panel-c-scroll"]/div[1]/section/section/div[1]/section/div[2]/div/ul/li/div/div/div/div元素
2021-09-23 22:32:39,901 - basepage.py - [line:89] - INFO - 鼠标光标移动至navBar_item_计算_content元素
2021-09-23 22:32:40,759 - basepage.py - [line:95] - INFO - 鼠标光标移动至navBar_item_计算_content_云服务器元素并点击
2021-09-23 22:32:41,096 - basepage.py - [line:77] - INFO - 点击了//*[@id="tab-vmlist"]元素
2021-09-23 22:32:59,729 - basepage.py - [line:108] - INFO - 元素文本信息为请输入名称、IP、Mac地址、uuid
2021-09-23 22:33:10,207 - basepage.py - [line:108] - INFO - 元素文本信息为请输入云服务器名称
2021-09-23 22:33:11,882 - basepage.py - [line:137] - INFO - 键盘输入后清理
2021-09-23 22:33:13,424 - basepage.py - [line:137] - INFO - 键盘输入后清理
