2021-10-13 09:32:09,547 - basepage.py - [line:86] - INFO - 鼠标光标移动至navBar_item_计算_content元素
2021-10-13 09:32:09,998 - basepage.py - [line:92] - INFO - 鼠标光标移动至navBar_item_计算_content_云服务器元素并点击
2021-10-13 09:32:10,327 - basepage.py - [line:74] - INFO - 点击了//*[@id="tab-vmlist"]元素
2021-10-13 09:46:01,381 - basepage.py - [line:86] - INFO - 鼠标光标移动至navBar_item_计算_content元素
2021-10-13 09:46:01,808 - basepage.py - [line:92] - INFO - 鼠标光标移动至navBar_item_计算_content_云服务器元素并点击
2021-10-13 09:46:02,076 - basepage.py - [line:74] - INFO - 点击了//*[@id="tab-vmlist"]元素
2021-10-13 09:46:07,263 - basepage.py - [line:140] - INFO - 键盘输入后清理
2021-10-13 09:46:08,420 - basepage.py - [line:105] - INFO - 元素文本信息为请输入处理器
2021-10-13 09:48:51,840 - basepage.py - [line:86] - INFO - 鼠标光标移动至navBar_item_计算_content元素
2021-10-13 09:48:52,288 - basepage.py - [line:92] - INFO - 鼠标光标移动至navBar_item_计算_content_云服务器元素并点击
2021-10-13 09:48:52,546 - basepage.py - [line:74] - INFO - 点击了//*[@id="tab-vmlist"]元素
2021-10-13 09:48:55,309 - basepage.py - [line:105] - INFO - 元素文本信息为请输入云服务器名称
2021-10-13 09:48:58,916 - basepage.py - [line:140] - INFO - 键盘输入后清理
2021-10-13 09:49:00,891 - basepage.py - [line:140] - INFO - 键盘输入后清理
2021-10-13 09:49:06,190 - basepage.py - [line:140] - INFO - 键盘输入后清理
2021-10-13 09:49:07,354 - basepage.py - [line:105] - INFO - 元素文本信息为请输入自动创建云服务器个数（限制100）
2021-10-13 09:49:08,637 - basepage.py - [line:140] - INFO - 键盘输入后清理
2021-10-13 09:49:09,906 - basepage.py - [line:140] - INFO - 键盘输入后清理
2021-10-13 09:49:11,138 - basepage.py - [line:140] - INFO - 键盘输入后清理
2021-10-13 09:59:13,292 - basepage.py - [line:86] - INFO - 鼠标光标移动至navBar_item_计算_content元素
2021-10-13 09:59:13,748 - basepage.py - [line:92] - INFO - 鼠标光标移动至navBar_item_计算_content_云服务器元素并点击
2021-10-13 09:59:13,966 - basepage.py - [line:74] - INFO - 点击了//*[@id="tab-vmlist"]元素
2021-10-13 09:59:19,299 - basepage.py - [line:140] - INFO - 键盘输入后清理
2021-10-13 09:59:20,451 - basepage.py - [line:105] - INFO - 元素文本信息为请输入处理器
2021-10-13 10:02:31,688 - basepage.py - [line:86] - INFO - 鼠标光标移动至navBar_item_计算_content元素
2021-10-13 10:02:32,074 - basepage.py - [line:92] - INFO - 鼠标光标移动至navBar_item_计算_content_云服务器元素并点击
2021-10-13 10:02:33,149 - basepage.py - [line:74] - INFO - 点击了//*[@id="tab-vmlist"]元素
2021-10-13 10:02:39,443 - basepage.py - [line:140] - INFO - 键盘输入后清理
2021-10-13 10:02:41,592 - basepage.py - [line:105] - INFO - 元素文本信息为请输入处理器
2021-10-13 10:03:10,370 - basepage.py - [line:86] - INFO - 鼠标光标移动至navBar_item_计算_content元素
2021-10-13 10:03:10,805 - basepage.py - [line:92] - INFO - 鼠标光标移动至navBar_item_计算_content_云服务器元素并点击
2021-10-13 10:03:11,028 - basepage.py - [line:74] - INFO - 点击了//*[@id="tab-vmlist"]元素
2021-10-13 10:03:15,832 - basepage.py - [line:140] - INFO - 键盘输入后清理
2021-10-13 10:03:16,474 - basepage.py - [line:105] - INFO - 元素文本信息为请输入处理器
2021-10-13 10:05:44,692 - basepage.py - [line:86] - INFO - 鼠标光标移动至navBar_item_计算_content元素
2021-10-13 10:06:08,393 - basepage.py - [line:86] - INFO - 鼠标光标移动至navBar_item_计算_content元素
2021-10-13 10:06:08,767 - basepage.py - [line:92] - INFO - 鼠标光标移动至navBar_item_计算_content_云服务器元素并点击
2021-10-13 10:06:09,367 - basepage.py - [line:74] - INFO - 点击了//*[@id="tab-vmlist"]元素
2021-10-13 10:06:14,134 - basepage.py - [line:140] - INFO - 键盘输入后清理
2021-10-13 10:06:14,794 - basepage.py - [line:105] - INFO - 元素文本信息为请输入处理器
2021-10-13 10:07:26,254 - basepage.py - [line:86] - INFO - 鼠标光标移动至navBar_item_计算_content元素
2021-10-13 10:07:55,975 - basepage.py - [line:86] - INFO - 鼠标光标移动至navBar_item_计算_content元素
2021-10-13 10:07:56,362 - basepage.py - [line:92] - INFO - 鼠标光标移动至navBar_item_计算_content_云服务器元素并点击
2021-10-13 10:07:56,974 - basepage.py - [line:74] - INFO - 点击了//*[@id="tab-vmlist"]元素
2021-10-13 10:08:01,845 - basepage.py - [line:140] - INFO - 键盘输入后清理
2021-10-13 10:08:02,492 - basepage.py - [line:105] - INFO - 元素文本信息为请输入处理器
2021-10-13 10:09:13,193 - basepage.py - [line:86] - INFO - 鼠标光标移动至navBar_item_计算_content元素
2021-10-13 10:09:13,626 - basepage.py - [line:92] - INFO - 鼠标光标移动至navBar_item_计算_content_云服务器元素并点击
2021-10-13 10:09:13,841 - basepage.py - [line:74] - INFO - 点击了//*[@id="tab-vmlist"]元素
2021-10-13 10:09:18,678 - basepage.py - [line:140] - INFO - 键盘输入后清理
2021-10-13 10:09:19,336 - basepage.py - [line:105] - INFO - 元素文本信息为请输入处理器
2021-10-13 10:11:33,582 - basepage.py - [line:86] - INFO - 鼠标光标移动至navBar_item_计算_content元素
2021-10-13 10:11:34,042 - basepage.py - [line:92] - INFO - 鼠标光标移动至navBar_item_计算_content_云服务器元素并点击
2021-10-13 10:11:34,764 - basepage.py - [line:74] - INFO - 点击了//*[@id="tab-vmlist"]元素
2021-10-13 10:11:39,543 - basepage.py - [line:140] - INFO - 键盘输入后清理
2021-10-13 10:11:40,187 - basepage.py - [line:105] - INFO - 元素文本信息为请输入处理器
2021-10-13 10:11:40,952 - basepage.py - [line:140] - INFO - 键盘输入后清理
2021-10-13 10:11:41,697 - basepage.py - [line:140] - INFO - 键盘输入后清理
2021-10-13 10:11:42,430 - basepage.py - [line:140] - INFO - 键盘输入后清理
2021-10-13 10:12:44,982 - basepage.py - [line:86] - INFO - 鼠标光标移动至navBar_item_计算_content元素
2021-10-13 10:12:45,437 - basepage.py - [line:92] - INFO - 鼠标光标移动至navBar_item_计算_content_云服务器元素并点击
2021-10-13 10:12:45,641 - basepage.py - [line:74] - INFO - 点击了//*[@id="tab-vmlist"]元素
2021-10-13 10:14:54,246 - basepage.py - [line:86] - INFO - 鼠标光标移动至navBar_item_计算_content元素
2021-10-13 10:14:54,707 - basepage.py - [line:92] - INFO - 鼠标光标移动至navBar_item_计算_content_云服务器元素并点击
2021-10-13 10:14:55,435 - basepage.py - [line:74] - INFO - 点击了//*[@id="tab-vmlist"]元素
2021-10-13 10:16:10,055 - basepage.py - [line:86] - INFO - 鼠标光标移动至navBar_item_计算_content元素
2021-10-13 10:16:10,488 - basepage.py - [line:92] - INFO - 鼠标光标移动至navBar_item_计算_content_云服务器元素并点击
2021-10-13 10:16:10,692 - basepage.py - [line:74] - INFO - 点击了//*[@id="tab-vmlist"]元素
2021-10-13 10:16:16,367 - basepage.py - [line:141] - INFO - 键盘输入后清理
2021-10-13 10:16:17,010 - basepage.py - [line:105] - INFO - 元素文本信息为请输入处理器
2021-10-13 10:16:17,766 - basepage.py - [line:141] - INFO - 键盘输入后清理
2021-10-13 10:16:18,508 - basepage.py - [line:141] - INFO - 键盘输入后清理
2021-10-13 10:16:19,254 - basepage.py - [line:141] - INFO - 键盘输入后清理
2021-10-13 10:18:56,583 - basepage.py - [line:86] - INFO - 鼠标光标移动至navBar_item_计算_content元素
2021-10-13 10:18:57,047 - basepage.py - [line:92] - INFO - 鼠标光标移动至navBar_item_计算_content_云服务器元素并点击
2021-10-13 10:18:57,809 - basepage.py - [line:74] - INFO - 点击了//*[@id="tab-vmlist"]元素
2021-10-13 10:19:03,446 - basepage.py - [line:141] - INFO - 键盘输入后清理
2021-10-13 10:19:04,088 - basepage.py - [line:105] - INFO - 元素文本信息为请输入处理器
2021-10-13 10:19:04,845 - basepage.py - [line:141] - INFO - 键盘输入后清理
2021-10-13 10:19:05,584 - basepage.py - [line:141] - INFO - 键盘输入后清理
2021-10-13 10:19:06,364 - basepage.py - [line:141] - INFO - 键盘输入后清理
2021-10-13 10:20:03,739 - basepage.py - [line:86] - INFO - 鼠标光标移动至navBar_item_计算_content元素
2021-10-13 10:20:04,195 - basepage.py - [line:92] - INFO - 鼠标光标移动至navBar_item_计算_content_云服务器元素并点击
2021-10-13 10:20:04,392 - basepage.py - [line:74] - INFO - 点击了//*[@id="tab-vmlist"]元素
2021-10-13 10:21:29,942 - basepage.py - [line:86] - INFO - 鼠标光标移动至navBar_item_计算_content元素
2021-10-13 10:21:30,385 - basepage.py - [line:92] - INFO - 鼠标光标移动至navBar_item_计算_content_云服务器元素并点击
2021-10-13 10:21:31,088 - basepage.py - [line:74] - INFO - 点击了//*[@id="tab-vmlist"]元素
2021-10-13 10:21:36,327 - basepage.py - [line:140] - INFO - 键盘输入后清理
2021-10-13 10:21:36,968 - basepage.py - [line:105] - INFO - 元素文本信息为请输入处理器
2021-10-13 10:21:37,714 - basepage.py - [line:140] - INFO - 键盘输入后清理
2021-10-13 10:21:38,456 - basepage.py - [line:140] - INFO - 键盘输入后清理
2021-10-13 10:21:39,195 - basepage.py - [line:140] - INFO - 键盘输入后清理
2021-10-13 10:27:04,896 - basepage.py - [line:86] - INFO - 鼠标光标移动至navBar_item_计算_content元素
2021-10-13 10:27:05,359 - basepage.py - [line:92] - INFO - 鼠标光标移动至navBar_item_计算_content_云服务器元素并点击
2021-10-13 10:27:05,573 - basepage.py - [line:74] - INFO - 点击了//*[@id="tab-vmlist"]元素
2021-10-13 10:27:10,327 - basepage.py - [line:140] - INFO - 键盘输入后清理
2021-10-13 10:27:10,991 - basepage.py - [line:105] - INFO - 元素文本信息为请输入处理器
2021-10-13 10:27:11,770 - basepage.py - [line:140] - INFO - 键盘输入后清理
2021-10-13 10:27:12,520 - basepage.py - [line:140] - INFO - 键盘输入后清理
2021-10-13 10:27:13,256 - basepage.py - [line:140] - INFO - 键盘输入后清理
2021-10-13 10:28:43,557 - basepage.py - [line:86] - INFO - 鼠标光标移动至navBar_item_计算_content元素
2021-10-13 10:28:44,021 - basepage.py - [line:92] - INFO - 鼠标光标移动至navBar_item_计算_content_云服务器元素并点击
2021-10-13 10:28:44,264 - basepage.py - [line:74] - INFO - 点击了//*[@id="tab-vmlist"]元素
2021-10-13 10:28:49,353 - basepage.py - [line:140] - INFO - 键盘输入后清理
2021-10-13 10:28:50,007 - basepage.py - [line:105] - INFO - 元素文本信息为请输入处理器
2021-10-13 10:28:50,754 - basepage.py - [line:140] - INFO - 键盘输入后清理
2021-10-13 10:28:51,493 - basepage.py - [line:140] - INFO - 键盘输入后清理
2021-10-13 10:28:52,228 - basepage.py - [line:140] - INFO - 键盘输入后清理
2021-10-13 10:32:03,080 - basepage.py - [line:86] - INFO - 鼠标光标移动至navBar_item_计算_content元素
2021-10-13 10:32:03,492 - basepage.py - [line:92] - INFO - 鼠标光标移动至navBar_item_计算_content_云服务器元素并点击
2021-10-13 10:32:03,760 - basepage.py - [line:74] - INFO - 点击了//*[@id="tab-vmlist"]元素
2021-10-13 10:32:08,612 - basepage.py - [line:140] - INFO - 键盘输入后清理
2021-10-13 10:32:09,274 - basepage.py - [line:105] - INFO - 元素文本信息为请输入处理器
2021-10-13 10:32:10,032 - basepage.py - [line:140] - INFO - 键盘输入后清理
2021-10-13 10:32:10,774 - basepage.py - [line:140] - INFO - 键盘输入后清理
2021-10-13 10:32:11,511 - basepage.py - [line:140] - INFO - 键盘输入后清理
2021-10-13 10:32:12,337 - basepage.py - [line:140] - INFO - 键盘输入后清理
2021-10-13 10:33:20,750 - basepage.py - [line:86] - INFO - 鼠标光标移动至navBar_item_计算_content元素
2021-10-13 10:33:21,138 - basepage.py - [line:92] - INFO - 鼠标光标移动至navBar_item_计算_content_云服务器元素并点击
2021-10-13 10:33:22,696 - basepage.py - [line:74] - INFO - 点击了//*[@id="tab-vmlist"]元素
2021-10-13 10:33:46,473 - basepage.py - [line:86] - INFO - 鼠标光标移动至navBar_item_计算_content元素
2021-10-13 10:33:46,848 - basepage.py - [line:92] - INFO - 鼠标光标移动至navBar_item_计算_content_云服务器元素并点击
2021-10-13 10:33:47,051 - basepage.py - [line:74] - INFO - 点击了//*[@id="tab-vmlist"]元素
2021-10-13 10:33:51,924 - basepage.py - [line:140] - INFO - 键盘输入后清理
2021-10-13 10:33:52,567 - basepage.py - [line:105] - INFO - 元素文本信息为请输入处理器
2021-10-13 10:33:53,334 - basepage.py - [line:140] - INFO - 键盘输入后清理
2021-10-13 10:33:54,083 - basepage.py - [line:140] - INFO - 键盘输入后清理
2021-10-13 10:33:54,938 - basepage.py - [line:140] - INFO - 键盘输入后清理
2021-10-13 10:33:55,916 - basepage.py - [line:140] - INFO - 键盘输入后清理
2021-10-13 10:33:56,651 - basepage.py - [line:105] - INFO - 元素文本信息为请输入处理器插槽数
2021-10-13 10:33:57,418 - basepage.py - [line:140] - INFO - 键盘输入后清理
2021-10-13 10:33:58,152 - basepage.py - [line:140] - INFO - 键盘输入后清理
2021-10-13 10:33:58,889 - basepage.py - [line:140] - INFO - 键盘输入后清理
2021-10-13 10:40:33,355 - basepage.py - [line:86] - INFO - 鼠标光标移动至navBar_item_计算_content元素
2021-10-13 10:40:33,806 - basepage.py - [line:92] - INFO - 鼠标光标移动至navBar_item_计算_content_云服务器元素并点击
2021-10-13 10:40:34,046 - basepage.py - [line:74] - INFO - 点击了//*[@id="tab-vmlist"]元素
2021-10-13 10:41:01,427 - basepage.py - [line:86] - INFO - 鼠标光标移动至navBar_item_计算_content元素
2021-10-13 10:41:01,790 - basepage.py - [line:92] - INFO - 鼠标光标移动至navBar_item_计算_content_云服务器元素并点击
2021-10-13 10:41:02,501 - basepage.py - [line:74] - INFO - 点击了//*[@id="tab-vmlist"]元素
2021-10-13 10:41:08,904 - basepage.py - [line:140] - INFO - 键盘输入后清理
2021-10-13 10:41:10,052 - basepage.py - [line:105] - INFO - 元素文本信息为请输入处理器
2021-10-13 10:41:11,310 - basepage.py - [line:140] - INFO - 键盘输入后清理
2021-10-13 10:41:12,551 - basepage.py - [line:140] - INFO - 键盘输入后清理
2021-10-13 10:41:13,791 - basepage.py - [line:140] - INFO - 键盘输入后清理
2021-10-13 10:41:15,115 - basepage.py - [line:140] - INFO - 键盘输入后清理
2021-10-13 10:41:16,274 - basepage.py - [line:105] - INFO - 元素文本信息为请输入处理器插槽数
2021-10-13 10:41:17,540 - basepage.py - [line:140] - INFO - 键盘输入后清理
2021-10-13 10:41:18,792 - basepage.py - [line:140] - INFO - 键盘输入后清理
2021-10-13 10:41:20,043 - basepage.py - [line:140] - INFO - 键盘输入后清理
2021-10-13 10:42:04,241 - basepage.py - [line:86] - INFO - 鼠标光标移动至navBar_item_计算_content元素
2021-10-13 10:42:04,693 - basepage.py - [line:92] - INFO - 鼠标光标移动至navBar_item_计算_content_云服务器元素并点击
2021-10-13 10:42:04,935 - basepage.py - [line:74] - INFO - 点击了//*[@id="tab-vmlist"]元素
2021-10-13 10:42:10,003 - basepage.py - [line:140] - INFO - 键盘输入后清理
2021-10-13 10:42:11,151 - basepage.py - [line:105] - INFO - 元素文本信息为请输入处理器
2021-10-13 10:42:12,404 - basepage.py - [line:140] - INFO - 键盘输入后清理
2021-10-13 10:42:13,645 - basepage.py - [line:140] - INFO - 键盘输入后清理
2021-10-13 10:42:14,876 - basepage.py - [line:140] - INFO - 键盘输入后清理
2021-10-13 10:42:16,135 - basepage.py - [line:140] - INFO - 键盘输入后清理
2021-10-13 10:42:17,291 - basepage.py - [line:105] - INFO - 元素文本信息为请输入处理器插槽数
2021-10-13 10:42:18,536 - basepage.py - [line:140] - INFO - 键盘输入后清理
2021-10-13 10:42:19,765 - basepage.py - [line:140] - INFO - 键盘输入后清理
2021-10-13 10:42:21,013 - basepage.py - [line:140] - INFO - 键盘输入后清理
2021-10-13 10:43:34,539 - basepage.py - [line:86] - INFO - 鼠标光标移动至navBar_item_计算_content元素
2021-10-13 10:43:34,925 - basepage.py - [line:92] - INFO - 鼠标光标移动至navBar_item_计算_content_云服务器元素并点击
2021-10-13 10:43:35,157 - basepage.py - [line:74] - INFO - 点击了//*[@id="tab-vmlist"]元素
2021-10-13 10:43:40,419 - basepage.py - [line:140] - INFO - 键盘输入后清理
2021-10-13 10:43:41,567 - basepage.py - [line:105] - INFO - 元素文本信息为请输入处理器
2021-10-13 10:43:42,824 - basepage.py - [line:140] - INFO - 键盘输入后清理
2021-10-13 10:43:44,062 - basepage.py - [line:140] - INFO - 键盘输入后清理
2021-10-13 10:43:45,316 - basepage.py - [line:140] - INFO - 键盘输入后清理
2021-10-13 10:43:46,623 - basepage.py - [line:140] - INFO - 键盘输入后清理
2021-10-13 10:43:47,770 - basepage.py - [line:105] - INFO - 元素文本信息为请输入处理器插槽数
2021-10-13 10:43:49,036 - basepage.py - [line:140] - INFO - 键盘输入后清理
2021-10-13 10:43:50,295 - basepage.py - [line:140] - INFO - 键盘输入后清理
2021-10-13 10:43:51,533 - basepage.py - [line:140] - INFO - 键盘输入后清理
2021-10-13 10:51:55,110 - basepage.py - [line:86] - INFO - 鼠标光标移动至navBar_item_计算_content元素
2021-10-13 10:51:55,577 - basepage.py - [line:92] - INFO - 鼠标光标移动至navBar_item_计算_content_云服务器元素并点击
2021-10-13 10:51:55,834 - basepage.py - [line:74] - INFO - 点击了//*[@id="tab-vmlist"]元素
2021-10-13 10:52:02,604 - basepage.py - [line:140] - INFO - 键盘输入后清理
2021-10-13 10:52:03,742 - basepage.py - [line:105] - INFO - 元素文本信息为请输入处理器
2021-10-13 10:52:04,991 - basepage.py - [line:140] - INFO - 键盘输入后清理
2021-10-13 10:52:06,234 - basepage.py - [line:140] - INFO - 键盘输入后清理
2021-10-13 10:52:07,467 - basepage.py - [line:140] - INFO - 键盘输入后清理
2021-10-13 10:52:08,820 - basepage.py - [line:140] - INFO - 键盘输入后清理
2021-10-13 10:52:09,982 - basepage.py - [line:105] - INFO - 元素文本信息为请输入处理器插槽数
2021-10-13 10:52:11,223 - basepage.py - [line:140] - INFO - 键盘输入后清理
2021-10-13 10:52:12,457 - basepage.py - [line:140] - INFO - 键盘输入后清理
2021-10-13 10:52:13,694 - basepage.py - [line:140] - INFO - 键盘输入后清理
2021-10-13 10:52:17,334 - basepage.py - [line:140] - INFO - 键盘输入后清理
2021-10-13 10:52:18,679 - basepage.py - [line:105] - INFO - 元素文本信息为请输入处理器插槽核数
2021-10-13 10:54:51,199 - basepage.py - [line:86] - INFO - 鼠标光标移动至navBar_item_计算_content元素
2021-10-13 10:54:51,589 - basepage.py - [line:92] - INFO - 鼠标光标移动至navBar_item_计算_content_云服务器元素并点击
2021-10-13 10:54:51,841 - basepage.py - [line:74] - INFO - 点击了//*[@id="tab-vmlist"]元素
2021-10-13 10:54:57,091 - basepage.py - [line:140] - INFO - 键盘输入后清理
2021-10-13 10:54:58,240 - basepage.py - [line:105] - INFO - 元素文本信息为请输入处理器
2021-10-13 10:54:59,500 - basepage.py - [line:140] - INFO - 键盘输入后清理
2021-10-13 10:55:00,735 - basepage.py - [line:140] - INFO - 键盘输入后清理
2021-10-13 10:55:01,976 - basepage.py - [line:140] - INFO - 键盘输入后清理
2021-10-13 10:55:03,407 - basepage.py - [line:140] - INFO - 键盘输入后清理
2021-10-13 10:55:04,671 - basepage.py - [line:105] - INFO - 元素文本信息为请输入处理器插槽数
2021-10-13 10:55:05,938 - basepage.py - [line:140] - INFO - 键盘输入后清理
2021-10-13 10:55:07,164 - basepage.py - [line:140] - INFO - 键盘输入后清理
2021-10-13 10:55:08,420 - basepage.py - [line:140] - INFO - 键盘输入后清理
2021-10-13 10:55:09,844 - basepage.py - [line:140] - INFO - 键盘输入后清理
2021-10-13 10:55:11,005 - basepage.py - [line:105] - INFO - 元素文本信息为请输入处理器插槽核数
2021-10-13 10:55:12,271 - basepage.py - [line:140] - INFO - 键盘输入后清理
2021-10-13 10:55:13,513 - basepage.py - [line:140] - INFO - 键盘输入后清理
2021-10-13 10:55:15,131 - basepage.py - [line:140] - INFO - 键盘输入后清理
2021-10-13 10:58:03,947 - basepage.py - [line:86] - INFO - 鼠标光标移动至navBar_item_计算_content元素
2021-10-13 10:58:04,498 - basepage.py - [line:92] - INFO - 鼠标光标移动至navBar_item_计算_content_云服务器元素并点击
2021-10-13 10:58:05,959 - basepage.py - [line:74] - INFO - 点击了//*[@id="tab-vmlist"]元素
2021-10-13 10:58:11,142 - basepage.py - [line:140] - INFO - 键盘输入后清理
2021-10-13 10:58:12,286 - basepage.py - [line:105] - INFO - 元素文本信息为请输入处理器插槽核数
2021-10-13 10:58:13,532 - basepage.py - [line:140] - INFO - 键盘输入后清理
2021-10-13 10:58:14,774 - basepage.py - [line:140] - INFO - 键盘输入后清理
2021-10-13 10:58:16,171 - basepage.py - [line:140] - INFO - 键盘输入后清理
2021-10-13 11:00:06,941 - basepage.py - [line:86] - INFO - 鼠标光标移动至navBar_item_计算_content元素
2021-10-13 11:00:07,331 - basepage.py - [line:92] - INFO - 鼠标光标移动至navBar_item_计算_content_云服务器元素并点击
2021-10-13 11:00:07,575 - basepage.py - [line:74] - INFO - 点击了//*[@id="tab-vmlist"]元素
2021-10-13 11:00:12,856 - basepage.py - [line:140] - INFO - 键盘输入后清理
2021-10-13 11:00:14,011 - basepage.py - [line:105] - INFO - 元素文本信息为请输入处理器插槽核数
2021-10-13 11:00:15,289 - basepage.py - [line:140] - INFO - 键盘输入后清理
2021-10-13 11:00:16,554 - basepage.py - [line:140] - INFO - 键盘输入后清理
2021-10-13 11:01:45,121 - basepage.py - [line:86] - INFO - 鼠标光标移动至navBar_item_计算_content元素
2021-10-13 11:01:45,587 - basepage.py - [line:92] - INFO - 鼠标光标移动至navBar_item_计算_content_云服务器元素并点击
2021-10-13 11:01:45,826 - basepage.py - [line:74] - INFO - 点击了//*[@id="tab-vmlist"]元素
2021-10-13 11:02:40,668 - basepage.py - [line:86] - INFO - 鼠标光标移动至navBar_item_计算_content元素
2021-10-13 11:02:41,140 - basepage.py - [line:92] - INFO - 鼠标光标移动至navBar_item_计算_content_云服务器元素并点击
2021-10-13 11:02:41,366 - basepage.py - [line:74] - INFO - 点击了//*[@id="tab-vmlist"]元素
2021-10-13 11:03:37,006 - basepage.py - [line:86] - INFO - 鼠标光标移动至navBar_item_计算_content元素
2021-10-13 11:03:37,570 - basepage.py - [line:92] - INFO - 鼠标光标移动至navBar_item_计算_content_云服务器元素并点击
2021-10-13 11:03:39,147 - basepage.py - [line:74] - INFO - 点击了//*[@id="tab-vmlist"]元素
2021-10-13 11:03:44,349 - basepage.py - [line:140] - INFO - 键盘输入后清理
2021-10-13 11:03:45,486 - basepage.py - [line:105] - INFO - 元素文本信息为请输入处理器
2021-10-13 11:03:46,752 - basepage.py - [line:140] - INFO - 键盘输入后清理
2021-10-13 11:03:47,990 - basepage.py - [line:140] - INFO - 键盘输入后清理
2021-10-13 11:03:49,246 - basepage.py - [line:140] - INFO - 键盘输入后清理
2021-10-13 11:03:50,593 - basepage.py - [line:140] - INFO - 键盘输入后清理
2021-10-13 11:03:51,745 - basepage.py - [line:105] - INFO - 元素文本信息为请输入处理器插槽数
2021-10-13 11:03:53,051 - basepage.py - [line:140] - INFO - 键盘输入后清理
2021-10-13 11:03:54,276 - basepage.py - [line:140] - INFO - 键盘输入后清理
2021-10-13 11:03:55,515 - basepage.py - [line:140] - INFO - 键盘输入后清理
2021-10-13 11:03:56,875 - basepage.py - [line:140] - INFO - 键盘输入后清理
2021-10-13 11:03:58,043 - basepage.py - [line:105] - INFO - 元素文本信息为请输入处理器插槽核数
2021-10-13 11:03:59,295 - basepage.py - [line:140] - INFO - 键盘输入后清理
2021-10-13 11:04:00,535 - basepage.py - [line:140] - INFO - 键盘输入后清理
2021-10-13 11:04:01,770 - basepage.py - [line:140] - INFO - 键盘输入后清理
2021-10-13 11:09:06,516 - basepage.py - [line:86] - INFO - 鼠标光标移动至navBar_item_计算_content元素
2021-10-13 11:09:07,020 - basepage.py - [line:92] - INFO - 鼠标光标移动至navBar_item_计算_content_云服务器元素并点击
2021-10-13 11:09:07,255 - basepage.py - [line:74] - INFO - 点击了//*[@id="tab-vmlist"]元素
2021-10-13 11:09:12,412 - basepage.py - [line:140] - INFO - 键盘输入后清理
2021-10-13 11:09:13,553 - basepage.py - [line:105] - INFO - 元素文本信息为请输入处理器
2021-10-13 11:09:14,815 - basepage.py - [line:140] - INFO - 键盘输入后清理
2021-10-13 11:09:16,054 - basepage.py - [line:140] - INFO - 键盘输入后清理
2021-10-13 11:09:17,299 - basepage.py - [line:140] - INFO - 键盘输入后清理
2021-10-13 11:09:18,545 - basepage.py - [line:140] - INFO - 键盘输入后清理
2021-10-13 11:09:19,695 - basepage.py - [line:105] - INFO - 元素文本信息为请输入处理器插槽数
2021-10-13 11:09:20,954 - basepage.py - [line:140] - INFO - 键盘输入后清理
2021-10-13 11:09:22,188 - basepage.py - [line:140] - INFO - 键盘输入后清理
2021-10-13 11:09:23,424 - basepage.py - [line:140] - INFO - 键盘输入后清理
2021-10-13 11:09:24,706 - basepage.py - [line:140] - INFO - 键盘输入后清理
2021-10-13 11:09:25,854 - basepage.py - [line:105] - INFO - 元素文本信息为请输入处理器插槽核数
2021-10-13 11:09:27,113 - basepage.py - [line:140] - INFO - 键盘输入后清理
2021-10-13 11:09:28,888 - basepage.py - [line:140] - INFO - 键盘输入后清理
2021-10-13 11:09:30,123 - basepage.py - [line:140] - INFO - 键盘输入后清理
2021-10-13 11:12:41,168 - basepage.py - [line:86] - INFO - 鼠标光标移动至navBar_item_计算_content元素
2021-10-13 11:12:41,653 - basepage.py - [line:92] - INFO - 鼠标光标移动至navBar_item_计算_content_云服务器元素并点击
2021-10-13 11:13:12,315 - basepage.py - [line:86] - INFO - 鼠标光标移动至navBar_item_计算_content元素
2021-10-13 11:13:12,688 - basepage.py - [line:92] - INFO - 鼠标光标移动至navBar_item_计算_content_云服务器元素并点击
2021-10-13 11:13:13,331 - basepage.py - [line:74] - INFO - 点击了//*[@id="tab-vmlist"]元素
2021-10-13 11:13:18,696 - basepage.py - [line:140] - INFO - 键盘输入后清理
2021-10-13 11:13:19,849 - basepage.py - [line:105] - INFO - 元素文本信息为请输入处理器
2021-10-13 11:13:21,108 - basepage.py - [line:140] - INFO - 键盘输入后清理
2021-10-13 11:13:22,355 - basepage.py - [line:140] - INFO - 键盘输入后清理
2021-10-13 11:13:23,588 - basepage.py - [line:140] - INFO - 键盘输入后清理
2021-10-13 11:13:25,001 - basepage.py - [line:140] - INFO - 键盘输入后清理
2021-10-13 11:13:26,165 - basepage.py - [line:105] - INFO - 元素文本信息为请输入处理器插槽数
2021-10-13 11:13:27,481 - basepage.py - [line:140] - INFO - 键盘输入后清理
2021-10-13 11:13:28,718 - basepage.py - [line:140] - INFO - 键盘输入后清理
2021-10-13 11:13:29,960 - basepage.py - [line:140] - INFO - 键盘输入后清理
2021-10-13 11:13:31,293 - basepage.py - [line:140] - INFO - 键盘输入后清理
2021-10-13 11:13:32,511 - basepage.py - [line:105] - INFO - 元素文本信息为请输入处理器插槽核数
2021-10-13 11:13:33,771 - basepage.py - [line:140] - INFO - 键盘输入后清理
2021-10-13 11:13:35,567 - basepage.py - [line:140] - INFO - 键盘输入后清理
2021-10-13 11:13:36,803 - basepage.py - [line:140] - INFO - 键盘输入后清理
2021-10-13 11:16:03,879 - basepage.py - [line:86] - INFO - 鼠标光标移动至navBar_item_计算_content元素
2021-10-13 11:16:04,322 - basepage.py - [line:92] - INFO - 鼠标光标移动至navBar_item_计算_content_云服务器元素并点击
2021-10-13 11:16:04,537 - basepage.py - [line:74] - INFO - 点击了//*[@id="tab-vmlist"]元素
2021-10-13 11:16:09,766 - basepage.py - [line:140] - INFO - 键盘输入后清理
2021-10-13 11:16:10,920 - basepage.py - [line:105] - INFO - 元素文本信息为请输入处理器
2021-10-13 11:16:12,182 - basepage.py - [line:140] - INFO - 键盘输入后清理
2021-10-13 11:16:14,070 - basepage.py - [line:140] - INFO - 键盘输入后清理
2021-10-13 11:16:15,299 - basepage.py - [line:140] - INFO - 键盘输入后清理
2021-10-13 11:16:16,654 - basepage.py - [line:140] - INFO - 键盘输入后清理
2021-10-13 11:16:17,809 - basepage.py - [line:105] - INFO - 元素文本信息为请输入处理器插槽数
2021-10-13 11:16:19,078 - basepage.py - [line:140] - INFO - 键盘输入后清理
2021-10-13 11:16:20,313 - basepage.py - [line:140] - INFO - 键盘输入后清理
2021-10-13 11:16:21,552 - basepage.py - [line:140] - INFO - 键盘输入后清理
2021-10-13 11:16:22,918 - basepage.py - [line:140] - INFO - 键盘输入后清理
2021-10-13 11:16:24,069 - basepage.py - [line:105] - INFO - 元素文本信息为请输入处理器插槽核数
2021-10-13 11:16:25,326 - basepage.py - [line:140] - INFO - 键盘输入后清理
2021-10-13 11:16:27,116 - basepage.py - [line:140] - INFO - 键盘输入后清理
2021-10-13 11:16:28,358 - basepage.py - [line:140] - INFO - 键盘输入后清理
2021-10-13 11:37:16,895 - basepage.py - [line:86] - INFO - 鼠标光标移动至navBar_item_计算_content元素
2021-10-13 11:37:17,393 - basepage.py - [line:92] - INFO - 鼠标光标移动至navBar_item_计算_content_云服务器元素并点击
2021-10-13 11:37:17,619 - basepage.py - [line:74] - INFO - 点击了//*[@id="tab-vmlist"]元素
2021-10-13 11:38:02,869 - basepage.py - [line:86] - INFO - 鼠标光标移动至navBar_item_计算_content元素
2021-10-13 11:38:03,319 - basepage.py - [line:92] - INFO - 鼠标光标移动至navBar_item_计算_content_云服务器元素并点击
2021-10-13 11:38:04,051 - basepage.py - [line:74] - INFO - 点击了//*[@id="tab-vmlist"]元素
2021-10-13 11:38:09,566 - basepage.py - [line:140] - INFO - 键盘输入后清理
2021-10-13 11:38:10,704 - basepage.py - [line:105] - INFO - 元素文本信息为请输入设置内存大小
2021-10-13 11:38:11,966 - basepage.py - [line:140] - INFO - 键盘输入后清理
2021-10-13 11:38:13,217 - basepage.py - [line:140] - INFO - 键盘输入后清理
2021-10-13 11:38:14,451 - basepage.py - [line:140] - INFO - 键盘输入后清理
2021-10-13 11:39:10,472 - basepage.py - [line:86] - INFO - 鼠标光标移动至navBar_item_计算_content元素
2021-10-13 11:39:10,820 - basepage.py - [line:92] - INFO - 鼠标光标移动至navBar_item_计算_content_云服务器元素并点击
2021-10-13 11:39:11,557 - basepage.py - [line:74] - INFO - 点击了//*[@id="tab-vmlist"]元素
2021-10-13 11:39:16,672 - basepage.py - [line:140] - INFO - 键盘输入后清理
2021-10-13 11:39:17,825 - basepage.py - [line:105] - INFO - 元素文本信息为请输入设置内存大小
2021-10-13 11:39:19,070 - basepage.py - [line:140] - INFO - 键盘输入后清理
2021-10-13 11:39:20,322 - basepage.py - [line:140] - INFO - 键盘输入后清理
2021-10-13 11:39:21,561 - basepage.py - [line:140] - INFO - 键盘输入后清理
2021-10-13 11:49:43,482 - basepage.py - [line:86] - INFO - 鼠标光标移动至navBar_item_计算_content元素
2021-10-13 11:49:43,914 - basepage.py - [line:92] - INFO - 鼠标光标移动至navBar_item_计算_content_云服务器元素并点击
2021-10-13 11:49:44,146 - basepage.py - [line:74] - INFO - 点击了//*[@id="tab-vmlist"]元素
2021-10-13 11:49:49,524 - basepage.py - [line:140] - INFO - 键盘输入后清理
2021-10-13 11:49:50,673 - basepage.py - [line:105] - INFO - 元素文本信息为请输入设置内存大小
2021-10-13 11:49:51,931 - basepage.py - [line:140] - INFO - 键盘输入后清理
2021-10-13 11:49:53,703 - basepage.py - [line:140] - INFO - 键盘输入后清理
2021-10-13 11:49:54,935 - basepage.py - [line:140] - INFO - 键盘输入后清理
2021-10-13 12:02:41,896 - basepage.py - [line:86] - INFO - 鼠标光标移动至navBar_item_计算_content元素
2021-10-13 12:02:42,359 - basepage.py - [line:92] - INFO - 鼠标光标移动至navBar_item_计算_content_云服务器元素并点击
2021-10-13 12:02:42,616 - basepage.py - [line:74] - INFO - 点击了//*[@id="tab-vmlist"]元素
2021-10-13 12:02:49,429 - basepage.py - [line:140] - INFO - 键盘输入后清理
2021-10-13 12:02:50,574 - basepage.py - [line:105] - INFO - 元素文本信息为请输入设置内存大小
2021-10-13 12:02:51,838 - basepage.py - [line:140] - INFO - 键盘输入后清理
2021-10-13 12:02:53,616 - basepage.py - [line:140] - INFO - 键盘输入后清理
2021-10-13 12:02:54,849 - basepage.py - [line:140] - INFO - 键盘输入后清理
2021-10-13 12:08:53,992 - basepage.py - [line:86] - INFO - 鼠标光标移动至navBar_item_计算_content元素
2021-10-13 12:08:54,462 - basepage.py - [line:92] - INFO - 鼠标光标移动至navBar_item_计算_content_云服务器元素并点击
2021-10-13 12:08:54,781 - basepage.py - [line:74] - INFO - 点击了//*[@id="tab-vmlist"]元素
2021-10-13 12:09:00,239 - basepage.py - [line:140] - INFO - 键盘输入后清理
2021-10-13 12:09:01,385 - basepage.py - [line:105] - INFO - 元素文本信息为请输入处理器
2021-10-13 12:09:02,942 - basepage.py - [line:140] - INFO - 键盘输入后清理
2021-10-13 12:09:04,172 - basepage.py - [line:140] - INFO - 键盘输入后清理
2021-10-13 12:09:05,410 - basepage.py - [line:140] - INFO - 键盘输入后清理
2021-10-13 12:09:06,762 - basepage.py - [line:140] - INFO - 键盘输入后清理
2021-10-13 12:09:07,921 - basepage.py - [line:105] - INFO - 元素文本信息为请输入处理器插槽数
2021-10-13 12:09:09,184 - basepage.py - [line:140] - INFO - 键盘输入后清理
2021-10-13 12:09:10,414 - basepage.py - [line:140] - INFO - 键盘输入后清理
2021-10-13 12:09:11,656 - basepage.py - [line:140] - INFO - 键盘输入后清理
2021-10-13 12:09:12,985 - basepage.py - [line:140] - INFO - 键盘输入后清理
2021-10-13 12:09:14,171 - basepage.py - [line:105] - INFO - 元素文本信息为请输入处理器插槽核数
2021-10-13 12:09:15,448 - basepage.py - [line:140] - INFO - 键盘输入后清理
2021-10-13 12:09:17,211 - basepage.py - [line:140] - INFO - 键盘输入后清理
2021-10-13 12:09:18,451 - basepage.py - [line:140] - INFO - 键盘输入后清理
2021-10-13 12:09:19,810 - basepage.py - [line:140] - INFO - 键盘输入后清理
2021-10-13 12:09:20,976 - basepage.py - [line:105] - INFO - 元素文本信息为请输入设置内存大小
2021-10-13 12:09:22,244 - basepage.py - [line:140] - INFO - 键盘输入后清理
2021-10-13 12:09:24,016 - basepage.py - [line:140] - INFO - 键盘输入后清理
2021-10-13 12:09:25,267 - basepage.py - [line:140] - INFO - 键盘输入后清理
2021-10-13 12:11:18,747 - basepage.py - [line:86] - INFO - 鼠标光标移动至navBar_item_计算_content元素
2021-10-13 12:11:19,112 - basepage.py - [line:92] - INFO - 鼠标光标移动至navBar_item_计算_content_云服务器元素并点击
2021-10-13 12:11:19,346 - basepage.py - [line:74] - INFO - 点击了//*[@id="tab-vmlist"]元素
2021-10-13 12:11:24,492 - basepage.py - [line:140] - INFO - 键盘输入后清理
2021-10-13 12:11:25,648 - basepage.py - [line:105] - INFO - 元素文本信息为请输入处理器
2021-10-13 12:11:26,932 - basepage.py - [line:140] - INFO - 键盘输入后清理
2021-10-13 12:11:28,180 - basepage.py - [line:140] - INFO - 键盘输入后清理
2021-10-13 12:11:29,428 - basepage.py - [line:140] - INFO - 键盘输入后清理
2021-10-13 12:11:30,680 - basepage.py - [line:140] - INFO - 键盘输入后清理
2021-10-13 12:11:31,826 - basepage.py - [line:105] - INFO - 元素文本信息为请输入处理器插槽数
2021-10-13 12:11:33,083 - basepage.py - [line:140] - INFO - 键盘输入后清理
2021-10-13 12:11:34,314 - basepage.py - [line:140] - INFO - 键盘输入后清理
2021-10-13 12:11:35,556 - basepage.py - [line:140] - INFO - 键盘输入后清理
2021-10-13 12:11:36,809 - basepage.py - [line:140] - INFO - 键盘输入后清理
2021-10-13 12:11:37,956 - basepage.py - [line:105] - INFO - 元素文本信息为请输入处理器插槽核数
2021-10-13 12:11:39,220 - basepage.py - [line:140] - INFO - 键盘输入后清理
2021-10-13 12:11:41,005 - basepage.py - [line:140] - INFO - 键盘输入后清理
2021-10-13 12:11:42,237 - basepage.py - [line:140] - INFO - 键盘输入后清理
2021-10-13 12:11:43,493 - basepage.py - [line:140] - INFO - 键盘输入后清理
2021-10-13 12:11:44,665 - basepage.py - [line:105] - INFO - 元素文本信息为请输入设置内存大小
2021-10-13 12:11:45,921 - basepage.py - [line:140] - INFO - 键盘输入后清理
2021-10-13 12:11:47,704 - basepage.py - [line:140] - INFO - 键盘输入后清理
2021-10-13 12:11:48,934 - basepage.py - [line:140] - INFO - 键盘输入后清理
2021-10-13 14:15:53,266 - basepage.py - [line:86] - INFO - 鼠标光标移动至navBar_item_计算_content元素
2021-10-13 14:15:53,730 - basepage.py - [line:92] - INFO - 鼠标光标移动至navBar_item_计算_content_云服务器元素并点击
2021-10-13 14:15:54,004 - basepage.py - [line:74] - INFO - 点击了//*[@id="tab-vmlist"]元素
2021-10-13 14:15:59,264 - basepage.py - [line:140] - INFO - 键盘输入后清理
2021-10-13 14:16:00,415 - basepage.py - [line:105] - INFO - 元素文本信息为请输入处理器
2021-10-13 14:16:01,667 - basepage.py - [line:140] - INFO - 键盘输入后清理
2021-10-13 14:16:02,892 - basepage.py - [line:140] - INFO - 键盘输入后清理
2021-10-13 14:16:04,128 - basepage.py - [line:140] - INFO - 键盘输入后清理
2021-10-13 14:16:05,426 - basepage.py - [line:140] - INFO - 键盘输入后清理
2021-10-13 14:16:06,577 - basepage.py - [line:105] - INFO - 元素文本信息为请输入处理器插槽数
2021-10-13 14:16:07,824 - basepage.py - [line:140] - INFO - 键盘输入后清理
2021-10-13 14:16:09,056 - basepage.py - [line:140] - INFO - 键盘输入后清理
2021-10-13 14:16:10,308 - basepage.py - [line:140] - INFO - 键盘输入后清理
2021-10-13 14:16:11,672 - basepage.py - [line:140] - INFO - 键盘输入后清理
2021-10-13 14:16:12,822 - basepage.py - [line:105] - INFO - 元素文本信息为请输入处理器插槽核数
2021-10-13 14:16:14,071 - basepage.py - [line:140] - INFO - 键盘输入后清理
2021-10-13 14:16:15,316 - basepage.py - [line:140] - INFO - 键盘输入后清理
2021-10-13 14:16:16,550 - basepage.py - [line:140] - INFO - 键盘输入后清理
2021-10-13 14:16:17,850 - basepage.py - [line:140] - INFO - 键盘输入后清理
2021-10-13 14:16:19,003 - basepage.py - [line:105] - INFO - 元素文本信息为请输入设置内存大小
2021-10-13 14:16:20,261 - basepage.py - [line:140] - INFO - 键盘输入后清理
2021-10-13 14:16:22,038 - basepage.py - [line:140] - INFO - 键盘输入后清理
2021-10-13 14:16:23,278 - basepage.py - [line:140] - INFO - 键盘输入后清理
2021-10-13 14:19:50,314 - basepage.py - [line:86] - INFO - 鼠标光标移动至navBar_item_计算_content元素
2021-10-13 14:19:50,709 - basepage.py - [line:92] - INFO - 鼠标光标移动至navBar_item_计算_content_云服务器元素并点击
2021-10-13 14:20:17,308 - basepage.py - [line:86] - INFO - 鼠标光标移动至navBar_item_计算_content元素
2021-10-13 14:20:17,723 - basepage.py - [line:92] - INFO - 鼠标光标移动至navBar_item_计算_content_云服务器元素并点击
2021-10-13 14:20:18,383 - basepage.py - [line:74] - INFO - 点击了//*[@id="tab-vmlist"]元素
2021-10-13 14:20:23,493 - basepage.py - [line:140] - INFO - 键盘输入后清理
2021-10-13 14:20:24,638 - basepage.py - [line:105] - INFO - 元素文本信息为请输入处理器
2021-10-13 14:20:25,880 - basepage.py - [line:140] - INFO - 键盘输入后清理
2021-10-13 14:20:27,119 - basepage.py - [line:140] - INFO - 键盘输入后清理
2021-10-13 14:20:28,353 - basepage.py - [line:140] - INFO - 键盘输入后清理
2021-10-13 14:20:29,696 - basepage.py - [line:140] - INFO - 键盘输入后清理
2021-10-13 14:20:30,843 - basepage.py - [line:105] - INFO - 元素文本信息为请输入处理器插槽数
2021-10-13 14:20:32,103 - basepage.py - [line:140] - INFO - 键盘输入后清理
2021-10-13 14:20:33,333 - basepage.py - [line:140] - INFO - 键盘输入后清理
2021-10-13 14:20:34,585 - basepage.py - [line:140] - INFO - 键盘输入后清理
2021-10-13 14:20:35,857 - basepage.py - [line:140] - INFO - 键盘输入后清理
2021-10-13 14:20:37,293 - basepage.py - [line:105] - INFO - 元素文本信息为请输入处理器插槽核数
2021-10-13 14:20:38,641 - basepage.py - [line:140] - INFO - 键盘输入后清理
2021-10-13 14:20:40,450 - basepage.py - [line:140] - INFO - 键盘输入后清理
2021-10-13 14:20:41,688 - basepage.py - [line:140] - INFO - 键盘输入后清理
2021-10-13 14:20:42,939 - basepage.py - [line:140] - INFO - 键盘输入后清理
2021-10-13 14:20:44,085 - basepage.py - [line:105] - INFO - 元素文本信息为请输入设置内存大小
2021-10-13 14:20:45,327 - basepage.py - [line:140] - INFO - 键盘输入后清理
2021-10-13 14:20:47,391 - basepage.py - [line:140] - INFO - 键盘输入后清理
2021-10-13 14:20:48,640 - basepage.py - [line:140] - INFO - 键盘输入后清理
2021-10-13 14:21:52,864 - basepage.py - [line:86] - INFO - 鼠标光标移动至navBar_item_计算_content元素
2021-10-13 14:21:53,313 - basepage.py - [line:92] - INFO - 鼠标光标移动至navBar_item_计算_content_云服务器元素并点击
2021-10-13 14:21:53,556 - basepage.py - [line:74] - INFO - 点击了//*[@id="tab-vmlist"]元素
2021-10-13 14:21:58,683 - basepage.py - [line:140] - INFO - 键盘输入后清理
2021-10-13 14:21:59,849 - basepage.py - [line:105] - INFO - 元素文本信息为请输入处理器
2021-10-13 14:22:01,392 - basepage.py - [line:140] - INFO - 键盘输入后清理
2021-10-13 14:22:02,626 - basepage.py - [line:140] - INFO - 键盘输入后清理
2021-10-13 14:22:03,870 - basepage.py - [line:140] - INFO - 键盘输入后清理
2021-10-13 14:22:05,114 - basepage.py - [line:140] - INFO - 键盘输入后清理
2021-10-13 14:22:06,249 - basepage.py - [line:105] - INFO - 元素文本信息为请输入处理器插槽数
2021-10-13 14:22:07,489 - basepage.py - [line:140] - INFO - 键盘输入后清理
2021-10-13 14:22:08,723 - basepage.py - [line:140] - INFO - 键盘输入后清理
2021-10-13 14:22:09,952 - basepage.py - [line:140] - INFO - 键盘输入后清理
2021-10-13 14:22:11,216 - basepage.py - [line:140] - INFO - 键盘输入后清理
2021-10-13 14:22:12,365 - basepage.py - [line:105] - INFO - 元素文本信息为请输入处理器插槽核数
2021-10-13 14:22:13,623 - basepage.py - [line:140] - INFO - 键盘输入后清理
2021-10-13 14:22:15,407 - basepage.py - [line:140] - INFO - 键盘输入后清理
2021-10-13 14:22:16,640 - basepage.py - [line:140] - INFO - 键盘输入后清理
2021-10-13 14:22:17,897 - basepage.py - [line:140] - INFO - 键盘输入后清理
2021-10-13 14:22:19,077 - basepage.py - [line:105] - INFO - 元素文本信息为请输入设置内存大小
2021-10-13 14:22:20,324 - basepage.py - [line:140] - INFO - 键盘输入后清理
2021-10-13 14:22:22,108 - basepage.py - [line:140] - INFO - 键盘输入后清理
2021-10-13 14:22:23,345 - basepage.py - [line:140] - INFO - 键盘输入后清理
2021-10-13 14:23:49,133 - basepage.py - [line:86] - INFO - 鼠标光标移动至navBar_item_计算_content元素
2021-10-13 14:23:49,574 - basepage.py - [line:92] - INFO - 鼠标光标移动至navBar_item_计算_content_云服务器元素并点击
2021-10-13 14:23:49,801 - basepage.py - [line:74] - INFO - 点击了//*[@id="tab-vmlist"]元素
2021-10-13 14:23:55,239 - basepage.py - [line:140] - INFO - 键盘输入后清理
2021-10-13 14:23:56,383 - basepage.py - [line:105] - INFO - 元素文本信息为请输入处理器
2021-10-13 14:23:57,619 - basepage.py - [line:140] - INFO - 键盘输入后清理
2021-10-13 14:23:58,851 - basepage.py - [line:140] - INFO - 键盘输入后清理
2021-10-13 14:24:00,083 - basepage.py - [line:140] - INFO - 键盘输入后清理
2021-10-13 14:24:01,328 - basepage.py - [line:140] - INFO - 键盘输入后清理
2021-10-13 14:24:02,471 - basepage.py - [line:105] - INFO - 元素文本信息为请输入处理器插槽数
2021-10-13 14:24:03,715 - basepage.py - [line:140] - INFO - 键盘输入后清理
2021-10-13 14:24:04,956 - basepage.py - [line:140] - INFO - 键盘输入后清理
2021-10-13 14:24:06,193 - basepage.py - [line:140] - INFO - 键盘输入后清理
2021-10-13 14:24:07,455 - basepage.py - [line:140] - INFO - 键盘输入后清理
2021-10-13 14:24:08,608 - basepage.py - [line:105] - INFO - 元素文本信息为请输入处理器插槽核数
2021-10-13 14:24:09,861 - basepage.py - [line:140] - INFO - 键盘输入后清理
2021-10-13 14:24:11,644 - basepage.py - [line:140] - INFO - 键盘输入后清理
2021-10-13 14:24:12,900 - basepage.py - [line:140] - INFO - 键盘输入后清理
2021-10-13 14:24:14,146 - basepage.py - [line:140] - INFO - 键盘输入后清理
2021-10-13 14:24:15,289 - basepage.py - [line:105] - INFO - 元素文本信息为请输入设置内存大小
2021-10-13 14:24:16,527 - basepage.py - [line:140] - INFO - 键盘输入后清理
2021-10-13 14:24:18,298 - basepage.py - [line:140] - INFO - 键盘输入后清理
2021-10-13 14:24:19,536 - basepage.py - [line:140] - INFO - 键盘输入后清理
2021-10-13 14:24:55,241 - basepage.py - [line:86] - INFO - 鼠标光标移动至navBar_item_计算_content元素
2021-10-13 14:24:55,821 - basepage.py - [line:92] - INFO - 鼠标光标移动至navBar_item_计算_content_云服务器元素并点击
2021-10-13 14:24:56,545 - basepage.py - [line:74] - INFO - 点击了//*[@id="tab-vmlist"]元素
2021-10-13 14:25:02,136 - basepage.py - [line:140] - INFO - 键盘输入后清理
2021-10-13 14:25:03,308 - basepage.py - [line:105] - INFO - 元素文本信息为请输入处理器
2021-10-13 14:25:04,562 - basepage.py - [line:140] - INFO - 键盘输入后清理
2021-10-13 14:25:05,800 - basepage.py - [line:140] - INFO - 键盘输入后清理
2021-10-13 14:25:07,041 - basepage.py - [line:140] - INFO - 键盘输入后清理
2021-10-13 14:25:08,351 - basepage.py - [line:140] - INFO - 键盘输入后清理
2021-10-13 14:25:09,503 - basepage.py - [line:105] - INFO - 元素文本信息为请输入处理器插槽数
2021-10-13 14:25:10,767 - basepage.py - [line:140] - INFO - 键盘输入后清理
2021-10-13 14:25:11,996 - basepage.py - [line:140] - INFO - 键盘输入后清理
2021-10-13 14:25:13,224 - basepage.py - [line:140] - INFO - 键盘输入后清理
2021-10-13 14:25:14,531 - basepage.py - [line:140] - INFO - 键盘输入后清理
2021-10-13 14:25:15,676 - basepage.py - [line:105] - INFO - 元素文本信息为请输入处理器插槽核数
2021-10-13 14:25:17,312 - basepage.py - [line:140] - INFO - 键盘输入后清理
2021-10-13 14:25:19,118 - basepage.py - [line:140] - INFO - 键盘输入后清理
2021-10-13 14:25:20,348 - basepage.py - [line:140] - INFO - 键盘输入后清理
2021-10-13 14:25:21,660 - basepage.py - [line:140] - INFO - 键盘输入后清理
2021-10-13 14:25:22,809 - basepage.py - [line:105] - INFO - 元素文本信息为请输入设置内存大小
2021-10-13 14:25:24,071 - basepage.py - [line:140] - INFO - 键盘输入后清理
2021-10-13 14:25:25,849 - basepage.py - [line:140] - INFO - 键盘输入后清理
2021-10-13 14:25:27,081 - basepage.py - [line:140] - INFO - 键盘输入后清理
2021-10-13 14:50:56,845 - basepage.py - [line:86] - INFO - 鼠标光标移动至navBar_item_计算_content元素
2021-10-13 14:50:57,278 - basepage.py - [line:92] - INFO - 鼠标光标移动至navBar_item_计算_content_云服务器元素并点击
2021-10-13 14:50:57,553 - basepage.py - [line:74] - INFO - 点击了//*[@id="tab-vmlist"]元素
2021-10-13 14:51:02,794 - basepage.py - [line:140] - INFO - 键盘输入后清理
2021-10-13 14:51:03,952 - basepage.py - [line:105] - INFO - 元素文本信息为请输入处理器
2021-10-13 14:51:05,215 - basepage.py - [line:140] - INFO - 键盘输入后清理
2021-10-13 14:51:06,460 - basepage.py - [line:140] - INFO - 键盘输入后清理
2021-10-13 14:51:07,696 - basepage.py - [line:140] - INFO - 键盘输入后清理
2021-10-13 14:51:09,006 - basepage.py - [line:140] - INFO - 键盘输入后清理
2021-10-13 14:51:10,196 - basepage.py - [line:105] - INFO - 元素文本信息为请输入处理器插槽数
2021-10-13 14:51:11,809 - basepage.py - [line:140] - INFO - 键盘输入后清理
2021-10-13 14:51:13,037 - basepage.py - [line:140] - INFO - 键盘输入后清理
2021-10-13 14:51:14,290 - basepage.py - [line:140] - INFO - 键盘输入后清理
2021-10-13 14:51:15,544 - basepage.py - [line:140] - INFO - 键盘输入后清理
2021-10-13 14:51:16,692 - basepage.py - [line:105] - INFO - 元素文本信息为请输入处理器插槽核数
2021-10-13 14:51:17,946 - basepage.py - [line:140] - INFO - 键盘输入后清理
2021-10-13 14:51:19,754 - basepage.py - [line:140] - INFO - 键盘输入后清理
2021-10-13 14:51:20,996 - basepage.py - [line:140] - INFO - 键盘输入后清理
2021-10-13 14:51:27,756 - basepage.py - [line:86] - INFO - 鼠标光标移动至navBar_item_计算_content元素
2021-10-13 14:51:28,224 - basepage.py - [line:92] - INFO - 鼠标光标移动至navBar_item_计算_content_云服务器元素并点击
2021-10-13 14:51:28,445 - basepage.py - [line:74] - INFO - 点击了//*[@id="tab-vmlist"]元素
2021-10-13 15:28:25,222 - basepage.py - [line:86] - INFO - 鼠标光标移动至navBar_item_计算_content元素
2021-10-13 15:28:25,711 - basepage.py - [line:92] - INFO - 鼠标光标移动至navBar_item_计算_content_云服务器元素并点击
2021-10-13 15:28:25,975 - basepage.py - [line:74] - INFO - 点击了//*[@id="tab-vmlist"]元素
2021-10-13 15:29:01,858 - basepage.py - [line:86] - INFO - 鼠标光标移动至navBar_item_计算_content元素
2021-10-13 15:29:02,291 - basepage.py - [line:92] - INFO - 鼠标光标移动至navBar_item_计算_content_云服务器元素并点击
2021-10-13 15:29:02,512 - basepage.py - [line:74] - INFO - 点击了//*[@id="tab-vmlist"]元素
2021-10-13 15:29:08,606 - basepage.py - [line:105] - INFO - 元素文本信息为请输入卷容量
2021-10-13 15:40:09,832 - basepage.py - [line:86] - INFO - 鼠标光标移动至navBar_item_计算_content元素
2021-10-13 15:40:10,440 - basepage.py - [line:92] - INFO - 鼠标光标移动至navBar_item_计算_content_云服务器元素并点击
2021-10-13 15:40:10,969 - basepage.py - [line:74] - INFO - 点击了//*[@id="tab-vmlist"]元素
2021-10-13 15:49:28,103 - basepage.py - [line:86] - INFO - 鼠标光标移动至navBar_item_计算_content元素
2021-10-13 15:49:59,793 - basepage.py - [line:86] - INFO - 鼠标光标移动至navBar_item_计算_content元素
2021-10-13 15:50:03,112 - basepage.py - [line:92] - INFO - 鼠标光标移动至navBar_item_计算_content_云服务器元素并点击
2021-10-13 15:50:03,822 - basepage.py - [line:74] - INFO - 点击了//*[@id="tab-vmlist"]元素
2021-10-13 15:50:11,829 - basepage.py - [line:140] - INFO - 键盘输入后清理
2021-10-13 16:01:09,429 - basepage.py - [line:86] - INFO - 鼠标光标移动至navBar_item_计算_content元素
2021-10-13 16:01:38,797 - basepage.py - [line:86] - INFO - 鼠标光标移动至navBar_item_计算_content元素
2021-10-13 16:01:39,274 - basepage.py - [line:92] - INFO - 鼠标光标移动至navBar_item_计算_content_云服务器元素并点击
2021-10-13 16:01:39,929 - basepage.py - [line:74] - INFO - 点击了//*[@id="tab-vmlist"]元素
2021-10-13 16:01:47,959 - basepage.py - [line:140] - INFO - 键盘输入后清理
2021-10-13 16:03:29,776 - basepage.py - [line:86] - INFO - 鼠标光标移动至navBar_item_计算_content元素
2021-10-13 16:03:30,215 - basepage.py - [line:92] - INFO - 鼠标光标移动至navBar_item_计算_content_云服务器元素并点击
2021-10-13 16:03:30,469 - basepage.py - [line:74] - INFO - 点击了//*[@id="tab-vmlist"]元素
2021-10-13 16:03:38,571 - basepage.py - [line:140] - INFO - 键盘输入后清理
2021-10-13 16:07:00,724 - basepage.py - [line:86] - INFO - 鼠标光标移动至navBar_item_计算_content元素
2021-10-13 16:07:01,269 - basepage.py - [line:92] - INFO - 鼠标光标移动至navBar_item_计算_content_云服务器元素并点击
2021-10-13 16:07:01,846 - basepage.py - [line:74] - INFO - 点击了//*[@id="tab-vmlist"]元素
2021-10-13 16:07:09,912 - basepage.py - [line:140] - INFO - 键盘输入后清理
2021-10-13 16:24:25,702 - basepage.py - [line:86] - INFO - 鼠标光标移动至navBar_item_计算_content元素
2021-10-13 16:24:26,101 - basepage.py - [line:92] - INFO - 鼠标光标移动至navBar_item_计算_content_云服务器元素并点击
2021-10-13 16:24:26,339 - basepage.py - [line:74] - INFO - 点击了//*[@id="tab-vmlist"]元素
2021-10-13 16:24:32,609 - basepage.py - [line:105] - INFO - 元素文本信息为请输入卷容量
2021-10-13 16:24:36,778 - basepage.py - [line:140] - INFO - 键盘输入后清理
2021-10-13 16:24:38,634 - basepage.py - [line:140] - INFO - 键盘输入后清理
2021-10-13 16:24:39,901 - basepage.py - [line:140] - INFO - 键盘输入后清理
2021-10-13 17:03:18,193 - basepage.py - [line:86] - INFO - 鼠标光标移动至navBar_item_计算_content元素
2021-10-13 17:03:18,649 - basepage.py - [line:92] - INFO - 鼠标光标移动至navBar_item_计算_content_云服务器元素并点击
2021-10-13 17:03:18,916 - basepage.py - [line:74] - INFO - 点击了//*[@id="tab-vmlist"]元素
2021-10-13 21:38:19,612 - basepage.py - [line:86] - INFO - 鼠标光标移动至navBar_item_计算_content元素
2021-10-13 21:38:20,154 - basepage.py - [line:92] - INFO - 鼠标光标移动至navBar_item_计算_content_云服务器元素并点击
2021-10-13 21:38:20,553 - basepage.py - [line:74] - INFO - 点击了//*[@id="tab-vmlist"]元素
2021-10-13 22:42:50,907 - basepage.py - [line:87] - INFO - 鼠标光标移动至navBar_item_计算_content元素
2021-10-13 22:42:51,363 - basepage.py - [line:93] - INFO - 鼠标光标移动至navBar_item_计算_content_云服务器元素并点击
2021-10-13 22:42:51,793 - basepage.py - [line:75] - INFO - 点击了//*[@id="tab-vmlist"]元素
