2021-10-14 09:10:51,429 - basepage.py - [line:87] - INFO - 鼠标光标移动至navBar_item_计算_content元素
2021-10-14 09:10:52,508 - basepage.py - [line:93] - INFO - 鼠标光标移动至navBar_item_计算_content_云服务器元素并点击
2021-10-14 09:10:52,778 - basepage.py - [line:75] - INFO - 点击了//*[@id="tab-vmlist"]元素
2021-10-14 09:14:35,999 - basepage.py - [line:87] - INFO - 鼠标光标移动至navBar_item_计算_content元素
2021-10-14 09:14:36,485 - basepage.py - [line:93] - INFO - 鼠标光标移动至navBar_item_计算_content_云服务器元素并点击
2021-10-14 09:14:36,813 - basepage.py - [line:75] - INFO - 点击了//*[@id="tab-vmlist"]元素
2021-10-14 09:14:43,511 - basepage.py - [line:112] - INFO - 元素文本信息为0
2021-10-14 09:15:46,649 - basepage.py - [line:87] - INFO - 鼠标光标移动至navBar_item_计算_content元素
2021-10-14 09:15:47,070 - basepage.py - [line:93] - INFO - 鼠标光标移动至navBar_item_计算_content_云服务器元素并点击
2021-10-14 09:15:47,348 - basepage.py - [line:75] - INFO - 点击了//*[@id="tab-vmlist"]元素
2021-10-14 09:15:53,539 - basepage.py - [line:106] - INFO - 元素文本信息为0
2021-10-14 09:16:25,777 - basepage.py - [line:87] - INFO - 鼠标光标移动至navBar_item_计算_content元素
2021-10-14 09:16:26,233 - basepage.py - [line:93] - INFO - 鼠标光标移动至navBar_item_计算_content_云服务器元素并点击
2021-10-14 09:16:26,513 - basepage.py - [line:75] - INFO - 点击了//*[@id="tab-vmlist"]元素
2021-10-14 09:16:33,468 - basepage.py - [line:106] - INFO - 元素文本信息为-1
2021-10-14 09:18:06,712 - basepage.py - [line:87] - INFO - 鼠标光标移动至navBar_item_计算_content元素
2021-10-14 09:18:07,164 - basepage.py - [line:93] - INFO - 鼠标光标移动至navBar_item_计算_content_云服务器元素并点击
2021-10-14 09:18:07,473 - basepage.py - [line:75] - INFO - 点击了//*[@id="tab-vmlist"]元素
2021-10-14 09:18:13,677 - basepage.py - [line:106] - INFO - 元素文本信息为-1
2021-10-14 09:27:09,051 - basepage.py - [line:87] - INFO - 鼠标光标移动至navBar_item_计算_content元素
2021-10-14 09:27:09,471 - basepage.py - [line:93] - INFO - 鼠标光标移动至navBar_item_计算_content_云服务器元素并点击
2021-10-14 09:27:09,747 - basepage.py - [line:75] - INFO - 点击了//*[@id="tab-vmlist"]元素
2021-10-14 09:27:12,588 - basepage.py - [line:106] - INFO - 元素文本信息为请输入云服务器名称
2021-10-14 09:27:16,182 - basepage.py - [line:141] - INFO - 键盘输入后清理
2021-10-14 09:27:18,158 - basepage.py - [line:141] - INFO - 键盘输入后清理
2021-10-14 09:27:23,145 - basepage.py - [line:106] - INFO - 元素文本信息为请输入自动创建云服务器个数（限制100）
2021-10-14 09:27:23,340 - basepage.py - [line:141] - INFO - 键盘输入后清理
2021-10-14 09:27:24,522 - basepage.py - [line:106] - INFO - 元素文本信息为请输入自动创建云服务器个数（限制100）
2021-10-14 09:27:25,794 - basepage.py - [line:141] - INFO - 键盘输入后清理
2021-10-14 09:27:27,098 - basepage.py - [line:141] - INFO - 键盘输入后清理
2021-10-14 09:27:28,356 - basepage.py - [line:141] - INFO - 键盘输入后清理
2021-10-14 09:29:45,704 - basepage.py - [line:87] - INFO - 鼠标光标移动至navBar_item_计算_content元素
2021-10-14 09:29:46,119 - basepage.py - [line:93] - INFO - 鼠标光标移动至navBar_item_计算_content_云服务器元素并点击
2021-10-14 09:29:46,334 - basepage.py - [line:75] - INFO - 点击了//*[@id="tab-vmlist"]元素
2021-10-14 09:29:50,164 - basepage.py - [line:106] - INFO - 元素文本信息为请输入云服务器名称
2021-10-14 09:29:53,739 - basepage.py - [line:141] - INFO - 键盘输入后清理
2021-10-14 09:29:55,682 - basepage.py - [line:141] - INFO - 键盘输入后清理
2021-10-14 09:30:00,661 - basepage.py - [line:106] - INFO - 元素文本信息为请输入自动创建云服务器个数（限制100）
2021-10-14 09:30:00,881 - basepage.py - [line:141] - INFO - 键盘输入后清理
2021-10-14 09:30:02,029 - basepage.py - [line:106] - INFO - 元素文本信息为请输入自动创建云服务器个数（限制100）
2021-10-14 09:30:03,289 - basepage.py - [line:141] - INFO - 键盘输入后清理
2021-10-14 09:30:05,114 - basepage.py - [line:141] - INFO - 键盘输入后清理
2021-10-14 09:30:06,352 - basepage.py - [line:141] - INFO - 键盘输入后清理
2021-10-14 09:30:25,801 - basepage.py - [line:87] - INFO - 鼠标光标移动至navBar_item_计算_content元素
2021-10-14 09:30:27,085 - basepage.py - [line:93] - INFO - 鼠标光标移动至navBar_item_计算_content_云服务器元素并点击
2021-10-14 09:30:27,356 - basepage.py - [line:75] - INFO - 点击了//*[@id="tab-vmlist"]元素
2021-10-14 09:30:30,199 - basepage.py - [line:106] - INFO - 元素文本信息为请输入云服务器名称
2021-10-14 09:30:33,779 - basepage.py - [line:141] - INFO - 键盘输入后清理
2021-10-14 09:30:35,671 - basepage.py - [line:141] - INFO - 键盘输入后清理
2021-10-14 09:31:02,634 - basepage.py - [line:87] - INFO - 鼠标光标移动至navBar_item_计算_content元素
2021-10-14 09:31:03,027 - basepage.py - [line:93] - INFO - 鼠标光标移动至navBar_item_计算_content_云服务器元素并点击
2021-10-14 09:31:03,765 - basepage.py - [line:75] - INFO - 点击了//*[@id="tab-vmlist"]元素
2021-10-14 09:31:06,632 - basepage.py - [line:106] - INFO - 元素文本信息为请输入云服务器名称
2021-10-14 09:31:10,226 - basepage.py - [line:141] - INFO - 键盘输入后清理
2021-10-14 09:31:11,658 - basepage.py - [line:141] - INFO - 键盘输入后清理
2021-10-14 09:31:40,674 - basepage.py - [line:87] - INFO - 鼠标光标移动至navBar_item_计算_content元素
2021-10-14 09:31:41,133 - basepage.py - [line:93] - INFO - 鼠标光标移动至navBar_item_计算_content_云服务器元素并点击
2021-10-14 09:31:41,394 - basepage.py - [line:75] - INFO - 点击了//*[@id="tab-vmlist"]元素
2021-10-14 09:49:09,702 - basepage.py - [line:87] - INFO - 鼠标光标移动至navBar_item_计算_content元素
2021-10-14 09:49:10,089 - basepage.py - [line:93] - INFO - 鼠标光标移动至navBar_item_计算_content_云服务器元素并点击
2021-10-14 09:49:10,684 - basepage.py - [line:75] - INFO - 点击了//*[@id="tab-vmlist"]元素
2021-10-14 09:49:13,354 - basepage.py - [line:106] - INFO - 元素文本信息为请输入云服务器名称
2021-10-14 09:49:16,831 - basepage.py - [line:141] - INFO - 键盘输入后清理
2021-10-14 09:49:18,618 - basepage.py - [line:141] - INFO - 键盘输入后清理
2021-10-14 09:49:23,494 - basepage.py - [line:106] - INFO - 元素文本信息为请输入自动创建云服务器个数（限制100）
2021-10-14 09:49:23,634 - basepage.py - [line:141] - INFO - 键盘输入后清理
2021-10-14 09:49:24,787 - basepage.py - [line:106] - INFO - 元素文本信息为请输入自动创建云服务器个数（限制100）
2021-10-14 09:49:25,958 - basepage.py - [line:141] - INFO - 键盘输入后清理
2021-10-14 09:49:27,640 - basepage.py - [line:141] - INFO - 键盘输入后清理
2021-10-14 09:49:28,789 - basepage.py - [line:141] - INFO - 键盘输入后清理
2021-10-14 09:53:35,651 - basepage.py - [line:87] - INFO - 鼠标光标移动至navBar_item_计算_content元素
2021-10-14 09:53:36,009 - basepage.py - [line:93] - INFO - 鼠标光标移动至navBar_item_计算_content_云服务器元素并点击
2021-10-14 09:53:36,209 - basepage.py - [line:75] - INFO - 点击了//*[@id="tab-vmlist"]元素
2021-10-14 09:53:38,852 - basepage.py - [line:106] - INFO - 元素文本信息为请输入云服务器名称
2021-10-14 09:53:42,297 - basepage.py - [line:141] - INFO - 键盘输入后清理
2021-10-14 09:53:44,073 - basepage.py - [line:141] - INFO - 键盘输入后清理
2021-10-14 09:53:48,928 - basepage.py - [line:106] - INFO - 元素文本信息为请输入自动创建云服务器个数（限制100）
2021-10-14 09:53:50,031 - basepage.py - [line:141] - INFO - 键盘输入后清理
2021-10-14 09:53:51,141 - basepage.py - [line:106] - INFO - 元素文本信息为请输入自动创建云服务器个数（限制100）
2021-10-14 09:53:52,297 - basepage.py - [line:141] - INFO - 键盘输入后清理
2021-10-14 09:53:53,988 - basepage.py - [line:141] - INFO - 键盘输入后清理
2021-10-14 09:53:55,126 - basepage.py - [line:141] - INFO - 键盘输入后清理
2021-10-14 09:54:36,825 - basepage.py - [line:87] - INFO - 鼠标光标移动至navBar_item_计算_content元素
2021-10-14 09:54:54,281 - basepage.py - [line:87] - INFO - 鼠标光标移动至navBar_item_计算_content元素
2021-10-14 09:54:54,661 - basepage.py - [line:93] - INFO - 鼠标光标移动至navBar_item_计算_content_云服务器元素并点击
2021-10-14 09:54:55,311 - basepage.py - [line:75] - INFO - 点击了//*[@id="tab-vmlist"]元素
2021-10-14 09:54:57,934 - basepage.py - [line:106] - INFO - 元素文本信息为请输入云服务器名称
2021-10-14 09:55:01,387 - basepage.py - [line:141] - INFO - 键盘输入后清理
2021-10-14 09:55:03,175 - basepage.py - [line:141] - INFO - 键盘输入后清理
2021-10-14 09:55:09,072 - basepage.py - [line:106] - INFO - 元素文本信息为请输入自动创建云服务器个数（限制100）
2021-10-14 09:55:09,223 - basepage.py - [line:141] - INFO - 键盘输入后清理
2021-10-14 09:55:10,356 - basepage.py - [line:106] - INFO - 元素文本信息为请输入自动创建云服务器个数（限制100）
2021-10-14 09:55:11,534 - basepage.py - [line:141] - INFO - 键盘输入后清理
2021-10-14 09:55:13,260 - basepage.py - [line:141] - INFO - 键盘输入后清理
2021-10-14 09:55:14,424 - basepage.py - [line:141] - INFO - 键盘输入后清理
2021-10-14 09:58:27,951 - basepage.py - [line:87] - INFO - 鼠标光标移动至navBar_item_计算_content元素
2021-10-14 09:58:28,418 - basepage.py - [line:93] - INFO - 鼠标光标移动至navBar_item_计算_content_云服务器元素并点击
2021-10-14 09:58:28,652 - basepage.py - [line:75] - INFO - 点击了//*[@id="tab-vmlist"]元素
2021-10-14 09:58:31,452 - basepage.py - [line:106] - INFO - 元素文本信息为请输入云服务器名称
2021-10-14 09:58:35,454 - basepage.py - [line:141] - INFO - 键盘输入后清理
2021-10-14 09:58:37,314 - basepage.py - [line:141] - INFO - 键盘输入后清理
2021-10-14 09:58:42,361 - basepage.py - [line:141] - INFO - 键盘输入后清理
2021-10-14 09:58:43,501 - basepage.py - [line:106] - INFO - 元素文本信息为请输入自动创建云服务器个数（限制100）
2021-10-14 09:58:44,856 - basepage.py - [line:141] - INFO - 键盘输入后清理
2021-10-14 09:58:46,207 - basepage.py - [line:141] - INFO - 键盘输入后清理
2021-10-14 09:58:47,434 - basepage.py - [line:141] - INFO - 键盘输入后清理
2021-10-14 09:59:06,340 - basepage.py - [line:87] - INFO - 鼠标光标移动至navBar_item_计算_content元素
2021-10-14 09:59:06,742 - basepage.py - [line:93] - INFO - 鼠标光标移动至navBar_item_计算_content_云服务器元素并点击
2021-10-14 09:59:07,029 - basepage.py - [line:75] - INFO - 点击了//*[@id="tab-vmlist"]元素
2021-10-14 09:59:09,746 - basepage.py - [line:106] - INFO - 元素文本信息为请输入云服务器名称
2021-10-14 09:59:13,263 - basepage.py - [line:141] - INFO - 键盘输入后清理
2021-10-14 09:59:15,104 - basepage.py - [line:141] - INFO - 键盘输入后清理
2021-10-14 09:59:20,008 - basepage.py - [line:106] - INFO - 元素文本信息为请输入自动创建云服务器个数（限制100）
2021-10-14 09:59:20,146 - basepage.py - [line:141] - INFO - 键盘输入后清理
2021-10-14 09:59:21,294 - basepage.py - [line:106] - INFO - 元素文本信息为请输入自动创建云服务器个数（限制100）
2021-10-14 09:59:22,553 - basepage.py - [line:141] - INFO - 键盘输入后清理
2021-10-14 09:59:24,325 - basepage.py - [line:141] - INFO - 键盘输入后清理
2021-10-14 09:59:25,549 - basepage.py - [line:141] - INFO - 键盘输入后清理
2021-10-14 09:59:37,677 - basepage.py - [line:87] - INFO - 鼠标光标移动至navBar_item_计算_content元素
2021-10-14 09:59:38,169 - basepage.py - [line:93] - INFO - 鼠标光标移动至navBar_item_计算_content_云服务器元素并点击
2021-10-14 09:59:38,426 - basepage.py - [line:75] - INFO - 点击了//*[@id="tab-vmlist"]元素
2021-10-14 09:59:41,138 - basepage.py - [line:106] - INFO - 元素文本信息为请输入云服务器名称
2021-10-14 09:59:45,183 - basepage.py - [line:141] - INFO - 键盘输入后清理
2021-10-14 09:59:47,032 - basepage.py - [line:141] - INFO - 键盘输入后清理
2021-10-14 09:59:52,181 - basepage.py - [line:141] - INFO - 键盘输入后清理
2021-10-14 09:59:53,323 - basepage.py - [line:106] - INFO - 元素文本信息为请输入自动创建云服务器个数（限制100）
2021-10-14 09:59:54,580 - basepage.py - [line:141] - INFO - 键盘输入后清理
2021-10-14 09:59:56,354 - basepage.py - [line:141] - INFO - 键盘输入后清理
2021-10-14 09:59:57,698 - basepage.py - [line:141] - INFO - 键盘输入后清理
2021-10-14 10:12:49,897 - basepage.py - [line:87] - INFO - 鼠标光标移动至navBar_item_计算_content元素
2021-10-14 10:12:50,371 - basepage.py - [line:93] - INFO - 鼠标光标移动至navBar_item_计算_content_云服务器元素并点击
2021-10-14 10:12:50,710 - basepage.py - [line:75] - INFO - 点击了//*[@id="tab-vmlist"]元素
2021-10-14 10:12:56,851 - basepage.py - [line:106] - INFO - 元素文本信息为0
2021-10-14 10:14:58,663 - basepage.py - [line:87] - INFO - 鼠标光标移动至navBar_item_计算_content元素
2021-10-14 10:14:59,131 - basepage.py - [line:93] - INFO - 鼠标光标移动至navBar_item_计算_content_云服务器元素并点击
2021-10-14 10:14:59,989 - basepage.py - [line:75] - INFO - 点击了//*[@id="tab-vmlist"]元素
2021-10-14 10:15:06,143 - basepage.py - [line:106] - INFO - 元素文本信息为0
2021-10-14 10:15:07,242 - basepage.py - [line:106] - INFO - 元素文本信息为0
2021-10-14 10:40:50,802 - basepage.py - [line:87] - INFO - 鼠标光标移动至navBar_item_计算_content元素
2021-10-14 10:40:51,313 - basepage.py - [line:93] - INFO - 鼠标光标移动至navBar_item_计算_content_云服务器元素并点击
2021-10-14 10:40:51,755 - basepage.py - [line:75] - INFO - 点击了//*[@id="tab-vmlist"]元素
2021-10-14 10:42:14,198 - basepage.py - [line:87] - INFO - 鼠标光标移动至navBar_item_计算_content元素
2021-10-14 10:42:14,749 - basepage.py - [line:93] - INFO - 鼠标光标移动至navBar_item_计算_content_云服务器元素并点击
2021-10-14 10:42:15,152 - basepage.py - [line:75] - INFO - 点击了//*[@id="tab-vmlist"]元素
2021-10-14 10:43:02,724 - basepage.py - [line:87] - INFO - 鼠标光标移动至navBar_item_计算_content元素
2021-10-14 10:43:03,287 - basepage.py - [line:93] - INFO - 鼠标光标移动至navBar_item_计算_content_云服务器元素并点击
2021-10-14 10:43:03,752 - basepage.py - [line:75] - INFO - 点击了//*[@id="tab-vmlist"]元素
2021-10-14 10:43:12,433 - basepage.py - [line:106] - INFO - 元素文本信息为None
2021-10-14 11:00:37,911 - basepage.py - [line:87] - INFO - 鼠标光标移动至navBar_item_计算_content元素
2021-10-14 11:00:38,404 - basepage.py - [line:93] - INFO - 鼠标光标移动至navBar_item_计算_content_云服务器元素并点击
2021-10-14 11:00:38,883 - basepage.py - [line:75] - INFO - 点击了//*[@id="tab-vmlist"]元素
2021-10-14 11:00:45,041 - basepage.py - [line:120] - INFO - 元素文本信息为test001-volume1
2021-10-14 11:00:45,236 - basepage.py - [line:142] - INFO - 键盘输入后清理
2021-10-14 11:05:50,873 - basepage.py - [line:87] - INFO - 鼠标光标移动至navBar_item_计算_content元素
2021-10-14 11:05:51,324 - basepage.py - [line:93] - INFO - 鼠标光标移动至navBar_item_计算_content_云服务器元素并点击
2021-10-14 11:05:51,604 - basepage.py - [line:75] - INFO - 点击了//*[@id="tab-vmlist"]元素
2021-10-14 11:06:33,813 - basepage.py - [line:87] - INFO - 鼠标光标移动至navBar_item_计算_content元素
2021-10-14 11:06:34,257 - basepage.py - [line:93] - INFO - 鼠标光标移动至navBar_item_计算_content_云服务器元素并点击
2021-10-14 11:06:34,466 - basepage.py - [line:75] - INFO - 点击了//*[@id="tab-vmlist"]元素
2021-10-14 11:06:40,649 - basepage.py - [line:142] - INFO - 键盘输入后清理
2021-10-14 11:09:23,248 - basepage.py - [line:87] - INFO - 鼠标光标移动至navBar_item_计算_content元素
2021-10-14 11:09:23,848 - basepage.py - [line:93] - INFO - 鼠标光标移动至navBar_item_计算_content_云服务器元素并点击
2021-10-14 11:09:24,465 - basepage.py - [line:75] - INFO - 点击了//*[@id="tab-vmlist"]元素
2021-10-14 11:09:30,634 - basepage.py - [line:142] - INFO - 键盘输入后清理
2021-10-14 11:11:31,715 - basepage.py - [line:87] - INFO - 鼠标光标移动至navBar_item_计算_content元素
2021-10-14 11:11:32,199 - basepage.py - [line:93] - INFO - 鼠标光标移动至navBar_item_计算_content_云服务器元素并点击
2021-10-14 11:11:32,411 - basepage.py - [line:75] - INFO - 点击了//*[@id="tab-vmlist"]元素
2021-10-14 11:11:39,166 - basepage.py - [line:142] - INFO - 键盘输入后清理
2021-10-14 11:11:39,195 - basepage.py - [line:106] - INFO - 元素文本信息为请输入卷名称
2021-10-14 11:13:16,783 - basepage.py - [line:87] - INFO - 鼠标光标移动至navBar_item_计算_content元素
2021-10-14 11:13:17,206 - basepage.py - [line:93] - INFO - 鼠标光标移动至navBar_item_计算_content_云服务器元素并点击
2021-10-14 11:13:17,425 - basepage.py - [line:75] - INFO - 点击了//*[@id="tab-vmlist"]元素
2021-10-14 11:13:24,096 - basepage.py - [line:142] - INFO - 键盘输入后清理
2021-10-14 11:13:25,251 - basepage.py - [line:106] - INFO - 元素文本信息为请输入卷名称
2021-10-14 11:16:40,938 - basepage.py - [line:87] - INFO - 鼠标光标移动至navBar_item_计算_content元素
2021-10-14 11:16:41,377 - basepage.py - [line:93] - INFO - 鼠标光标移动至navBar_item_计算_content_云服务器元素并点击
2021-10-14 11:16:41,626 - basepage.py - [line:75] - INFO - 点击了//*[@id="tab-vmlist"]元素
2021-10-14 11:16:47,873 - basepage.py - [line:142] - INFO - 键盘输入后清理
2021-10-14 11:17:49,559 - basepage.py - [line:87] - INFO - 鼠标光标移动至navBar_item_计算_content元素
2021-10-14 11:17:50,007 - basepage.py - [line:93] - INFO - 鼠标光标移动至navBar_item_计算_content_云服务器元素并点击
2021-10-14 11:17:50,241 - basepage.py - [line:75] - INFO - 点击了//*[@id="tab-vmlist"]元素
2021-10-14 11:17:56,686 - basepage.py - [line:142] - INFO - 键盘输入后清理
2021-10-14 11:17:57,996 - basepage.py - [line:142] - INFO - 键盘输入后清理
2021-10-14 11:19:56,529 - basepage.py - [line:87] - INFO - 鼠标光标移动至navBar_item_计算_content元素
2021-10-14 11:19:56,978 - basepage.py - [line:93] - INFO - 鼠标光标移动至navBar_item_计算_content_云服务器元素并点击
2021-10-14 11:19:57,193 - basepage.py - [line:75] - INFO - 点击了//*[@id="tab-vmlist"]元素
2021-10-14 11:20:04,171 - basepage.py - [line:142] - INFO - 键盘输入后清理
2021-10-14 11:20:06,161 - basepage.py - [line:142] - INFO - 键盘输入后清理
2021-10-14 11:27:38,119 - basepage.py - [line:87] - INFO - 鼠标光标移动至navBar_item_计算_content元素
2021-10-14 11:27:38,539 - basepage.py - [line:93] - INFO - 鼠标光标移动至navBar_item_计算_content_云服务器元素并点击
2021-10-14 11:27:38,769 - basepage.py - [line:75] - INFO - 点击了//*[@id="tab-vmlist"]元素
2021-10-14 11:27:45,153 - basepage.py - [line:106] - INFO - 元素文本信息为0
2021-10-14 11:27:46,260 - basepage.py - [line:106] - INFO - 元素文本信息为0
2021-10-14 11:28:27,999 - basepage.py - [line:87] - INFO - 鼠标光标移动至navBar_item_计算_content元素
2021-10-14 11:28:28,447 - basepage.py - [line:93] - INFO - 鼠标光标移动至navBar_item_计算_content_云服务器元素并点击
2021-10-14 11:28:28,680 - basepage.py - [line:75] - INFO - 点击了//*[@id="tab-vmlist"]元素
2021-10-14 11:28:34,769 - basepage.py - [line:106] - INFO - 元素文本信息为0
2021-10-14 11:28:35,887 - basepage.py - [line:106] - INFO - 元素文本信息为0
2021-10-14 11:29:03,167 - basepage.py - [line:87] - INFO - 鼠标光标移动至navBar_item_计算_content元素
2021-10-14 11:29:03,975 - basepage.py - [line:93] - INFO - 鼠标光标移动至navBar_item_计算_content_云服务器元素并点击
2021-10-14 11:29:04,641 - basepage.py - [line:75] - INFO - 点击了//*[@id="tab-vmlist"]元素
2021-10-14 11:29:10,734 - basepage.py - [line:106] - INFO - 元素文本信息为0
2021-10-14 11:29:11,842 - basepage.py - [line:106] - INFO - 元素文本信息为0
2021-10-14 11:29:32,817 - basepage.py - [line:87] - INFO - 鼠标光标移动至navBar_item_计算_content元素
2021-10-14 11:29:33,266 - basepage.py - [line:93] - INFO - 鼠标光标移动至navBar_item_计算_content_云服务器元素并点击
2021-10-14 11:29:33,478 - basepage.py - [line:75] - INFO - 点击了//*[@id="tab-vmlist"]元素
2021-10-14 11:29:39,551 - basepage.py - [line:106] - INFO - 元素文本信息为0
2021-10-14 11:29:40,653 - basepage.py - [line:106] - INFO - 元素文本信息为0
2021-10-14 11:30:23,958 - basepage.py - [line:87] - INFO - 鼠标光标移动至navBar_item_计算_content元素
2021-10-14 11:30:24,506 - basepage.py - [line:93] - INFO - 鼠标光标移动至navBar_item_计算_content_云服务器元素并点击
2021-10-14 11:30:25,467 - basepage.py - [line:75] - INFO - 点击了//*[@id="tab-vmlist"]元素
2021-10-14 11:30:31,484 - basepage.py - [line:106] - INFO - 元素文本信息为0
2021-10-14 11:30:32,595 - basepage.py - [line:106] - INFO - 元素文本信息为0
2021-10-14 11:32:04,858 - basepage.py - [line:87] - INFO - 鼠标光标移动至navBar_item_计算_content元素
2021-10-14 11:32:05,289 - basepage.py - [line:93] - INFO - 鼠标光标移动至navBar_item_计算_content_云服务器元素并点击
2021-10-14 11:32:05,494 - basepage.py - [line:75] - INFO - 点击了//*[@id="tab-vmlist"]元素
2021-10-14 11:32:11,536 - basepage.py - [line:106] - INFO - 元素文本信息为0
2021-10-14 11:32:12,645 - basepage.py - [line:106] - INFO - 元素文本信息为0
2021-10-14 11:32:40,498 - basepage.py - [line:87] - INFO - 鼠标光标移动至navBar_item_计算_content元素
2021-10-14 11:32:41,026 - basepage.py - [line:93] - INFO - 鼠标光标移动至navBar_item_计算_content_云服务器元素并点击
2021-10-14 11:32:42,076 - basepage.py - [line:75] - INFO - 点击了//*[@id="tab-vmlist"]元素
2021-10-14 11:32:48,103 - basepage.py - [line:106] - INFO - 元素文本信息为0
2021-10-14 11:32:49,219 - basepage.py - [line:106] - INFO - 元素文本信息为0
2021-10-14 11:36:55,673 - basepage.py - [line:87] - INFO - 鼠标光标移动至navBar_item_计算_content元素
2021-10-14 11:36:56,115 - basepage.py - [line:93] - INFO - 鼠标光标移动至navBar_item_计算_content_云服务器元素并点击
2021-10-14 11:36:56,348 - basepage.py - [line:75] - INFO - 点击了//*[@id="tab-vmlist"]元素
2021-10-14 11:37:05,034 - basepage.py - [line:106] - INFO - 元素文本信息为None
2021-10-14 11:38:06,568 - basepage.py - [line:87] - INFO - 鼠标光标移动至navBar_item_计算_content元素
2021-10-14 11:38:07,010 - basepage.py - [line:93] - INFO - 鼠标光标移动至navBar_item_计算_content_云服务器元素并点击
2021-10-14 11:38:08,325 - basepage.py - [line:75] - INFO - 点击了//*[@id="tab-vmlist"]元素
2021-10-14 11:38:17,025 - basepage.py - [line:106] - INFO - 元素文本信息为请选择
2021-10-14 11:41:36,527 - basepage.py - [line:87] - INFO - 鼠标光标移动至navBar_item_计算_content元素
2021-10-14 11:41:36,962 - basepage.py - [line:93] - INFO - 鼠标光标移动至navBar_item_计算_content_云服务器元素并点击
2021-10-14 11:41:37,194 - basepage.py - [line:75] - INFO - 点击了//*[@id="tab-vmlist"]元素
2021-10-14 11:41:45,941 - basepage.py - [line:120] - INFO - 元素文本信息为default
2021-10-14 11:44:30,178 - basepage.py - [line:87] - INFO - 鼠标光标移动至navBar_item_计算_content元素
2021-10-14 11:44:30,644 - basepage.py - [line:93] - INFO - 鼠标光标移动至navBar_item_计算_content_云服务器元素并点击
2021-10-14 11:44:30,885 - basepage.py - [line:75] - INFO - 点击了//*[@id="tab-vmlist"]元素
2021-10-14 11:47:40,328 - basepage.py - [line:87] - INFO - 鼠标光标移动至navBar_item_计算_content元素
2021-10-14 11:47:41,244 - basepage.py - [line:93] - INFO - 鼠标光标移动至navBar_item_计算_content_云服务器元素并点击
2021-10-14 11:47:42,266 - basepage.py - [line:75] - INFO - 点击了//*[@id="tab-vmlist"]元素
2021-10-14 12:08:13,912 - basepage.py - [line:87] - INFO - 鼠标光标移动至navBar_item_计算_content元素
2021-10-14 12:08:14,416 - basepage.py - [line:93] - INFO - 鼠标光标移动至navBar_item_计算_content_云服务器元素并点击
2021-10-14 12:08:14,628 - basepage.py - [line:75] - INFO - 点击了//*[@id="tab-vmlist"]元素
2021-10-14 12:08:20,721 - basepage.py - [line:120] - INFO - 元素文本信息为test001-volume1
2021-10-14 12:08:20,872 - basepage.py - [line:142] - INFO - 键盘输入后清理
2021-10-14 12:11:34,350 - basepage.py - [line:87] - INFO - 鼠标光标移动至navBar_item_计算_content元素
2021-10-14 12:11:34,729 - basepage.py - [line:93] - INFO - 鼠标光标移动至navBar_item_计算_content_云服务器元素并点击
2021-10-14 12:11:34,956 - basepage.py - [line:75] - INFO - 点击了//*[@id="tab-vmlist"]元素
2021-10-14 12:11:41,887 - basepage.py - [line:142] - INFO - 键盘输入后清理
2021-10-14 12:12:01,939 - basepage.py - [line:87] - INFO - 鼠标光标移动至navBar_item_计算_content元素
2021-10-14 12:12:02,330 - basepage.py - [line:93] - INFO - 鼠标光标移动至navBar_item_计算_content_云服务器元素并点击
2021-10-14 12:12:02,556 - basepage.py - [line:75] - INFO - 点击了//*[@id="tab-vmlist"]元素
2021-10-14 12:12:08,804 - basepage.py - [line:142] - INFO - 键盘输入后清理
2021-10-14 12:14:14,443 - basepage.py - [line:87] - INFO - 鼠标光标移动至navBar_item_计算_content元素
2021-10-14 12:14:14,824 - basepage.py - [line:93] - INFO - 鼠标光标移动至navBar_item_计算_content_云服务器元素并点击
2021-10-14 12:14:35,628 - basepage.py - [line:87] - INFO - 鼠标光标移动至navBar_item_计算_content元素
2021-10-14 12:14:35,998 - basepage.py - [line:93] - INFO - 鼠标光标移动至navBar_item_计算_content_云服务器元素并点击
2021-10-14 12:14:36,609 - basepage.py - [line:75] - INFO - 点击了//*[@id="tab-vmlist"]元素
2021-10-14 12:15:33,914 - basepage.py - [line:87] - INFO - 鼠标光标移动至navBar_item_计算_content元素
2021-10-14 12:15:34,351 - basepage.py - [line:93] - INFO - 鼠标光标移动至navBar_item_计算_content_云服务器元素并点击
2021-10-14 12:15:34,551 - basepage.py - [line:75] - INFO - 点击了//*[@id="tab-vmlist"]元素
2021-10-14 12:17:32,726 - basepage.py - [line:87] - INFO - 鼠标光标移动至navBar_item_计算_content元素
2021-10-14 12:17:33,276 - basepage.py - [line:93] - INFO - 鼠标光标移动至navBar_item_计算_content_云服务器元素并点击
2021-10-14 12:17:34,150 - basepage.py - [line:75] - INFO - 点击了//*[@id="tab-vmlist"]元素
2021-10-14 12:17:40,219 - basepage.py - [line:120] - INFO - 元素文本信息为test001-volume1
2021-10-14 12:17:40,371 - basepage.py - [line:142] - INFO - 键盘输入后清理
2021-10-14 12:21:22,410 - basepage.py - [line:87] - INFO - 鼠标光标移动至navBar_item_计算_content元素
2021-10-14 13:35:37,742 - basepage.py - [line:87] - INFO - 鼠标光标移动至navBar_item_计算_content元素
2021-10-14 13:35:38,134 - basepage.py - [line:93] - INFO - 鼠标光标移动至navBar_item_计算_content_云服务器元素并点击
2021-10-14 13:35:38,807 - basepage.py - [line:75] - INFO - 点击了//*[@id="tab-vmlist"]元素
2021-10-14 13:35:45,020 - basepage.py - [line:120] - INFO - 元素文本信息为test001-volume1
2021-10-14 13:35:45,219 - basepage.py - [line:142] - INFO - 键盘输入后清理
2021-10-14 13:47:49,747 - basepage.py - [line:87] - INFO - 鼠标光标移动至navBar_item_计算_content元素
2021-10-14 13:48:28,082 - basepage.py - [line:87] - INFO - 鼠标光标移动至navBar_item_计算_content元素
2021-10-14 13:48:28,487 - basepage.py - [line:93] - INFO - 鼠标光标移动至navBar_item_计算_content_云服务器元素并点击
2021-10-14 13:48:29,125 - basepage.py - [line:75] - INFO - 点击了//*[@id="tab-vmlist"]元素
2021-10-14 13:48:35,222 - basepage.py - [line:120] - INFO - 元素文本信息为test001-volume1
2021-10-14 13:48:35,374 - basepage.py - [line:142] - INFO - 键盘输入后清理
2021-10-14 13:49:27,589 - basepage.py - [line:87] - INFO - 鼠标光标移动至navBar_item_计算_content元素
2021-10-14 13:49:28,003 - basepage.py - [line:93] - INFO - 鼠标光标移动至navBar_item_计算_content_云服务器元素并点击
2021-10-14 13:49:28,218 - basepage.py - [line:75] - INFO - 点击了//*[@id="tab-vmlist"]元素
2021-10-14 13:49:34,273 - basepage.py - [line:120] - INFO - 元素文本信息为test001-volume1
2021-10-14 13:49:34,424 - basepage.py - [line:142] - INFO - 键盘输入后清理
2021-10-14 13:56:12,070 - basepage.py - [line:87] - INFO - 鼠标光标移动至navBar_item_计算_content元素
2021-10-14 13:56:12,583 - basepage.py - [line:93] - INFO - 鼠标光标移动至navBar_item_计算_content_云服务器元素并点击
2021-10-14 13:56:13,469 - basepage.py - [line:75] - INFO - 点击了//*[@id="tab-vmlist"]元素
2021-10-14 13:56:19,687 - basepage.py - [line:142] - INFO - 键盘输入后清理
2021-10-14 13:56:55,629 - basepage.py - [line:87] - INFO - 鼠标光标移动至navBar_item_计算_content元素
2021-10-14 13:56:56,071 - basepage.py - [line:93] - INFO - 鼠标光标移动至navBar_item_计算_content_云服务器元素并点击
2021-10-14 13:56:56,785 - basepage.py - [line:75] - INFO - 点击了//*[@id="tab-vmlist"]元素
2021-10-14 13:57:02,952 - basepage.py - [line:142] - INFO - 键盘输入后清理
2021-10-14 13:57:04,094 - basepage.py - [line:106] - INFO - 元素文本信息为请输入卷名称
2021-10-14 14:03:12,572 - basepage.py - [line:87] - INFO - 鼠标光标移动至navBar_item_计算_content元素
2021-10-14 14:03:12,989 - basepage.py - [line:93] - INFO - 鼠标光标移动至navBar_item_计算_content_云服务器元素并点击
2021-10-14 14:03:13,263 - basepage.py - [line:75] - INFO - 点击了//*[@id="tab-vmlist"]元素
2021-10-14 14:03:19,753 - basepage.py - [line:142] - INFO - 键盘输入后清理
2021-10-14 14:03:21,077 - basepage.py - [line:142] - INFO - 键盘输入后清理
2021-10-14 14:09:23,775 - basepage.py - [line:87] - INFO - 鼠标光标移动至navBar_item_计算_content元素
2021-10-14 14:09:24,192 - basepage.py - [line:93] - INFO - 鼠标光标移动至navBar_item_计算_content_云服务器元素并点击
2021-10-14 14:09:24,406 - basepage.py - [line:75] - INFO - 点击了//*[@id="tab-vmlist"]元素
2021-10-14 14:09:30,563 - basepage.py - [line:142] - INFO - 键盘输入后清理
2021-10-14 14:09:32,567 - basepage.py - [line:142] - INFO - 键盘输入后清理
2021-10-14 14:28:50,738 - basepage.py - [line:87] - INFO - 鼠标光标移动至navBar_item_计算_content元素
2021-10-14 14:28:51,185 - basepage.py - [line:93] - INFO - 鼠标光标移动至navBar_item_计算_content_云服务器元素并点击
2021-10-14 14:28:51,901 - basepage.py - [line:75] - INFO - 点击了//*[@id="tab-vmlist"]元素
2021-10-14 14:29:41,160 - basepage.py - [line:87] - INFO - 鼠标光标移动至navBar_item_计算_content元素
2021-10-14 14:29:41,560 - basepage.py - [line:93] - INFO - 鼠标光标移动至navBar_item_计算_content_云服务器元素并点击
2021-10-14 14:29:42,278 - basepage.py - [line:75] - INFO - 点击了//*[@id="tab-vmlist"]元素
2021-10-14 14:30:27,807 - basepage.py - [line:87] - INFO - 鼠标光标移动至navBar_item_计算_content元素
2021-10-14 14:30:28,220 - basepage.py - [line:93] - INFO - 鼠标光标移动至navBar_item_计算_content_云服务器元素并点击
2021-10-14 14:30:28,450 - basepage.py - [line:75] - INFO - 点击了//*[@id="tab-vmlist"]元素
2021-10-14 14:44:42,882 - basepage.py - [line:87] - INFO - 鼠标光标移动至navBar_item_计算_content元素
2021-10-14 14:44:43,323 - basepage.py - [line:93] - INFO - 鼠标光标移动至navBar_item_计算_content_云服务器元素并点击
2021-10-14 14:44:43,554 - basepage.py - [line:75] - INFO - 点击了//*[@id="tab-vmlist"]元素
2021-10-14 14:47:34,443 - basepage.py - [line:87] - INFO - 鼠标光标移动至navBar_item_计算_content元素
2021-10-14 14:47:34,887 - basepage.py - [line:93] - INFO - 鼠标光标移动至navBar_item_计算_content_云服务器元素并点击
2021-10-14 14:47:35,109 - basepage.py - [line:75] - INFO - 点击了//*[@id="tab-vmlist"]元素
2021-10-14 14:51:19,260 - basepage.py - [line:87] - INFO - 鼠标光标移动至navBar_item_计算_content元素
2021-10-14 14:51:19,694 - basepage.py - [line:93] - INFO - 鼠标光标移动至navBar_item_计算_content_云服务器元素并点击
2021-10-14 14:51:19,894 - basepage.py - [line:75] - INFO - 点击了//*[@id="tab-vmlist"]元素
2021-10-14 14:51:59,847 - basepage.py - [line:87] - INFO - 鼠标光标移动至navBar_item_计算_content元素
2021-10-14 14:52:00,204 - basepage.py - [line:93] - INFO - 鼠标光标移动至navBar_item_计算_content_云服务器元素并点击
2021-10-14 14:52:00,369 - basepage.py - [line:75] - INFO - 点击了//*[@id="tab-vmlist"]元素
2021-10-14 14:56:11,159 - basepage.py - [line:87] - INFO - 鼠标光标移动至navBar_item_计算_content元素
2021-10-14 14:56:11,568 - basepage.py - [line:93] - INFO - 鼠标光标移动至navBar_item_计算_content_云服务器元素并点击
2021-10-14 14:56:11,821 - basepage.py - [line:75] - INFO - 点击了//*[@id="tab-vmlist"]元素
2021-10-14 14:56:17,898 - basepage.py - [line:120] - INFO - 元素文本信息为2
2021-10-14 15:00:22,109 - basepage.py - [line:87] - INFO - 鼠标光标移动至navBar_item_计算_content元素
2021-10-14 15:00:22,562 - basepage.py - [line:93] - INFO - 鼠标光标移动至navBar_item_计算_content_云服务器元素并点击
2021-10-14 15:00:22,786 - basepage.py - [line:75] - INFO - 点击了//*[@id="tab-vmlist"]元素
2021-10-14 15:00:30,208 - basepage.py - [line:120] - INFO - 元素文本信息为2
2021-10-14 15:00:32,382 - basepage.py - [line:120] - INFO - 元素文本信息为1
2021-10-14 15:15:08,985 - basepage.py - [line:87] - INFO - 鼠标光标移动至navBar_item_计算_content元素
2021-10-14 15:15:09,428 - basepage.py - [line:93] - INFO - 鼠标光标移动至navBar_item_计算_content_云服务器元素并点击
2021-10-14 15:15:09,670 - basepage.py - [line:75] - INFO - 点击了//*[@id="tab-vmlist"]元素
2021-10-14 15:15:15,895 - basepage.py - [line:120] - INFO - 元素文本信息为2
2021-10-14 15:15:18,633 - basepage.py - [line:120] - INFO - 元素文本信息为1
2021-10-14 15:15:18,659 - basepage.py - [line:120] - INFO - 元素文本信息为普通云盘1.0
2021-10-14 15:16:16,243 - basepage.py - [line:87] - INFO - 鼠标光标移动至navBar_item_计算_content元素
2021-10-14 15:16:16,696 - basepage.py - [line:93] - INFO - 鼠标光标移动至navBar_item_计算_content_云服务器元素并点击
2021-10-14 15:16:16,946 - basepage.py - [line:75] - INFO - 点击了//*[@id="tab-vmlist"]元素
2021-10-14 15:16:23,058 - basepage.py - [line:120] - INFO - 元素文本信息为普通云盘1.0
2021-10-14 15:17:22,421 - basepage.py - [line:87] - INFO - 鼠标光标移动至navBar_item_计算_content元素
2021-10-14 15:17:22,815 - basepage.py - [line:93] - INFO - 鼠标光标移动至navBar_item_计算_content_云服务器元素并点击
2021-10-14 15:17:23,050 - basepage.py - [line:75] - INFO - 点击了//*[@id="tab-vmlist"]元素
2021-10-14 15:17:29,173 - basepage.py - [line:120] - INFO - 元素文本信息为普通云盘1.0
2021-10-14 15:20:34,184 - basepage.py - [line:87] - INFO - 鼠标光标移动至navBar_item_计算_content元素
2021-10-14 15:20:34,592 - basepage.py - [line:93] - INFO - 鼠标光标移动至navBar_item_计算_content_云服务器元素并点击
2021-10-14 15:20:34,928 - basepage.py - [line:75] - INFO - 点击了//*[@id="tab-vmlist"]元素
2021-10-14 15:20:42,014 - basepage.py - [line:120] - INFO - 元素文本信息为普通云盘1.0
2021-10-14 15:24:55,235 - basepage.py - [line:87] - INFO - 鼠标光标移动至navBar_item_计算_content元素
2021-10-14 15:25:17,713 - basepage.py - [line:87] - INFO - 鼠标光标移动至navBar_item_计算_content元素
2021-10-14 15:25:18,082 - basepage.py - [line:93] - INFO - 鼠标光标移动至navBar_item_计算_content_云服务器元素并点击
2021-10-14 15:25:18,701 - basepage.py - [line:75] - INFO - 点击了//*[@id="tab-vmlist"]元素
2021-10-14 15:25:24,957 - basepage.py - [line:120] - INFO - 元素文本信息为普通云盘1.0
2021-10-14 15:26:03,816 - basepage.py - [line:87] - INFO - 鼠标光标移动至navBar_item_计算_content元素
2021-10-14 15:26:04,272 - basepage.py - [line:93] - INFO - 鼠标光标移动至navBar_item_计算_content_云服务器元素并点击
2021-10-14 15:26:04,507 - basepage.py - [line:75] - INFO - 点击了//*[@id="tab-vmlist"]元素
2021-10-14 15:26:10,735 - basepage.py - [line:120] - INFO - 元素文本信息为普通云盘1.0
2021-10-14 15:26:13,445 - basepage.py - [line:120] - INFO - 元素文本信息为高效云盘
2021-10-14 15:36:33,105 - basepage.py - [line:87] - INFO - 鼠标光标移动至navBar_item_计算_content元素
2021-10-14 15:36:33,569 - basepage.py - [line:93] - INFO - 鼠标光标移动至navBar_item_计算_content_云服务器元素并点击
2021-10-14 15:36:33,796 - basepage.py - [line:75] - INFO - 点击了//*[@id="tab-vmlist"]元素
2021-10-14 15:36:40,196 - basepage.py - [line:120] - INFO - 元素文本信息为机械硬盘
2021-10-14 15:36:42,427 - basepage.py - [line:120] - INFO - 元素文本信息为高效云盘
2021-10-14 15:37:28,871 - basepage.py - [line:87] - INFO - 鼠标光标移动至navBar_item_计算_content元素
2021-10-14 15:37:29,287 - basepage.py - [line:93] - INFO - 鼠标光标移动至navBar_item_计算_content_云服务器元素并点击
2021-10-14 15:37:29,480 - basepage.py - [line:75] - INFO - 点击了//*[@id="tab-vmlist"]元素
2021-10-14 15:37:35,549 - basepage.py - [line:120] - INFO - 元素文本信息为机械硬盘
2021-10-14 15:37:37,757 - basepage.py - [line:120] - INFO - 元素文本信息为固态硬盘
2021-10-14 15:48:21,000 - basepage.py - [line:87] - INFO - 鼠标光标移动至navBar_item_计算_content元素
2021-10-14 15:48:21,410 - basepage.py - [line:93] - INFO - 鼠标光标移动至navBar_item_计算_content_云服务器元素并点击
2021-10-14 15:48:21,657 - basepage.py - [line:75] - INFO - 点击了//*[@id="tab-vmlist"]元素
2021-10-14 15:48:27,861 - basepage.py - [line:120] - INFO - 元素文本信息为机械硬盘
2021-10-14 15:48:30,602 - basepage.py - [line:120] - INFO - 元素文本信息为固态硬盘
2021-10-14 15:49:03,276 - basepage.py - [line:87] - INFO - 鼠标光标移动至navBar_item_计算_content元素
2021-10-14 15:49:03,828 - basepage.py - [line:93] - INFO - 鼠标光标移动至navBar_item_计算_content_云服务器元素并点击
2021-10-14 15:49:04,829 - basepage.py - [line:75] - INFO - 点击了//*[@id="tab-vmlist"]元素
2021-10-14 15:49:11,014 - basepage.py - [line:120] - INFO - 元素文本信息为1
2021-10-14 15:50:50,981 - basepage.py - [line:87] - INFO - 鼠标光标移动至navBar_item_计算_content元素
2021-10-14 15:50:51,426 - basepage.py - [line:93] - INFO - 鼠标光标移动至navBar_item_计算_content_云服务器元素并点击
2021-10-14 15:50:51,675 - basepage.py - [line:75] - INFO - 点击了//*[@id="tab-vmlist"]元素
2021-10-14 15:50:57,732 - basepage.py - [line:120] - INFO - 元素文本信息为1
2021-10-14 15:50:59,927 - basepage.py - [line:120] - INFO - 元素文本信息为3
2021-10-14 15:57:52,938 - basepage.py - [line:87] - INFO - 鼠标光标移动至navBar_item_计算_content元素
2021-10-14 15:57:53,324 - basepage.py - [line:93] - INFO - 鼠标光标移动至navBar_item_计算_content_云服务器元素并点击
2021-10-14 15:57:53,556 - basepage.py - [line:75] - INFO - 点击了//*[@id="tab-vmlist"]元素
2021-10-14 15:57:59,756 - basepage.py - [line:120] - INFO - 元素文本信息为1
2021-10-14 15:58:02,457 - basepage.py - [line:120] - INFO - 元素文本信息为3
2021-10-14 16:12:23,339 - basepage.py - [line:87] - INFO - 鼠标光标移动至navBar_item_计算_content元素
2021-10-14 16:12:23,736 - basepage.py - [line:93] - INFO - 鼠标光标移动至navBar_item_计算_content_云服务器元素并点击
2021-10-14 16:12:24,013 - basepage.py - [line:75] - INFO - 点击了//*[@id="tab-vmlist"]元素
2021-10-14 16:40:13,156 - basepage.py - [line:87] - INFO - 鼠标光标移动至navBar_item_计算_content元素
2021-10-14 16:40:13,590 - basepage.py - [line:93] - INFO - 鼠标光标移动至navBar_item_计算_content_云服务器元素并点击
2021-10-14 16:40:13,841 - basepage.py - [line:75] - INFO - 点击了//*[@id="tab-vmlist"]元素
2021-10-14 16:44:09,493 - basepage.py - [line:87] - INFO - 鼠标光标移动至navBar_item_计算_content元素
2021-10-14 16:44:09,888 - basepage.py - [line:93] - INFO - 鼠标光标移动至navBar_item_计算_content_云服务器元素并点击
2021-10-14 16:44:10,224 - basepage.py - [line:75] - INFO - 点击了//*[@id="tab-vmlist"]元素
2021-10-14 17:05:27,166 - basepage.py - [line:87] - INFO - 鼠标光标移动至navBar_item_计算_content元素
2021-10-14 17:05:27,618 - basepage.py - [line:93] - INFO - 鼠标光标移动至navBar_item_计算_content_云服务器元素并点击
2021-10-14 17:05:27,890 - basepage.py - [line:75] - INFO - 点击了//*[@id="tab-vmlist"]元素
2021-10-14 17:09:31,324 - basepage.py - [line:87] - INFO - 鼠标光标移动至navBar_item_计算_content元素
2021-10-14 17:09:31,745 - basepage.py - [line:93] - INFO - 鼠标光标移动至navBar_item_计算_content_云服务器元素并点击
2021-10-14 17:09:32,001 - basepage.py - [line:75] - INFO - 点击了//*[@id="tab-vmlist"]元素
2021-10-14 17:11:33,417 - basepage.py - [line:87] - INFO - 鼠标光标移动至navBar_item_计算_content元素
2021-10-14 17:11:33,855 - basepage.py - [line:93] - INFO - 鼠标光标移动至navBar_item_计算_content_云服务器元素并点击
2021-10-14 17:11:34,104 - basepage.py - [line:75] - INFO - 点击了//*[@id="tab-vmlist"]元素
2021-10-14 17:12:23,555 - basepage.py - [line:87] - INFO - 鼠标光标移动至navBar_item_计算_content元素
2021-10-14 17:12:24,015 - basepage.py - [line:93] - INFO - 鼠标光标移动至navBar_item_计算_content_云服务器元素并点击
2021-10-14 17:12:24,337 - basepage.py - [line:75] - INFO - 点击了//*[@id="tab-vmlist"]元素
2021-10-14 17:18:00,983 - basepage.py - [line:87] - INFO - 鼠标光标移动至navBar_item_计算_content元素
2021-10-14 17:18:01,430 - basepage.py - [line:93] - INFO - 鼠标光标移动至navBar_item_计算_content_云服务器元素并点击
2021-10-14 17:18:01,654 - basepage.py - [line:75] - INFO - 点击了//*[@id="tab-vmlist"]元素
2021-10-14 17:22:05,991 - basepage.py - [line:87] - INFO - 鼠标光标移动至navBar_item_计算_content元素
2021-10-14 17:22:06,457 - basepage.py - [line:93] - INFO - 鼠标光标移动至navBar_item_计算_content_云服务器元素并点击
2021-10-14 17:22:06,697 - basepage.py - [line:75] - INFO - 点击了//*[@id="tab-vmlist"]元素
2021-10-14 17:22:44,310 - basepage.py - [line:87] - INFO - 鼠标光标移动至navBar_item_计算_content元素
2021-10-14 17:22:44,759 - basepage.py - [line:93] - INFO - 鼠标光标移动至navBar_item_计算_content_云服务器元素并点击
2021-10-14 17:22:45,001 - basepage.py - [line:75] - INFO - 点击了//*[@id="tab-vmlist"]元素
2021-10-14 17:23:34,113 - basepage.py - [line:87] - INFO - 鼠标光标移动至navBar_item_计算_content元素
2021-10-14 17:23:34,580 - basepage.py - [line:93] - INFO - 鼠标光标移动至navBar_item_计算_content_云服务器元素并点击
2021-10-14 17:23:34,797 - basepage.py - [line:75] - INFO - 点击了//*[@id="tab-vmlist"]元素
2021-10-14 17:49:46,984 - basepage.py - [line:87] - INFO - 鼠标光标移动至navBar_item_计算_content元素
2021-10-14 17:49:47,434 - basepage.py - [line:93] - INFO - 鼠标光标移动至navBar_item_计算_content_云服务器元素并点击
2021-10-14 17:49:48,154 - basepage.py - [line:75] - INFO - 点击了//*[@id="tab-vmlist"]元素
2021-10-14 17:49:56,627 - basepage.py - [line:120] - INFO - 元素文本信息为本地网络
2021-10-14 17:53:29,225 - basepage.py - [line:87] - INFO - 鼠标光标移动至navBar_item_计算_content元素
2021-10-14 17:53:29,609 - basepage.py - [line:93] - INFO - 鼠标光标移动至navBar_item_计算_content_云服务器元素并点击
2021-10-14 17:53:29,798 - basepage.py - [line:75] - INFO - 点击了//*[@id="tab-vmlist"]元素
2021-10-14 17:53:38,810 - basepage.py - [line:120] - INFO - 元素文本信息为本地网络
2021-10-14 17:55:25,070 - basepage.py - [line:87] - INFO - 鼠标光标移动至navBar_item_计算_content元素
2021-10-14 17:55:25,470 - basepage.py - [line:93] - INFO - 鼠标光标移动至navBar_item_计算_content_云服务器元素并点击
2021-10-14 17:55:26,222 - basepage.py - [line:75] - INFO - 点击了//*[@id="tab-vmlist"]元素
2021-10-14 17:55:34,567 - basepage.py - [line:120] - INFO - 元素文本信息为本地网络
2021-10-14 18:34:56,603 - basepage.py - [line:87] - INFO - 鼠标光标移动至navBar_item_计算_content元素
2021-10-14 18:34:57,152 - basepage.py - [line:93] - INFO - 鼠标光标移动至navBar_item_计算_content_云服务器元素并点击
2021-10-14 18:34:57,424 - basepage.py - [line:75] - INFO - 点击了//*[@id="tab-vmlist"]元素
2021-10-14 18:36:13,395 - basepage.py - [line:87] - INFO - 鼠标光标移动至navBar_item_计算_content元素
2021-10-14 18:36:13,937 - basepage.py - [line:93] - INFO - 鼠标光标移动至navBar_item_计算_content_云服务器元素并点击
2021-10-14 18:36:15,084 - basepage.py - [line:75] - INFO - 点击了//*[@id="tab-vmlist"]元素
2021-10-14 18:37:02,725 - basepage.py - [line:87] - INFO - 鼠标光标移动至navBar_item_计算_content元素
2021-10-14 18:37:03,089 - basepage.py - [line:93] - INFO - 鼠标光标移动至navBar_item_计算_content_云服务器元素并点击
2021-10-14 18:37:03,336 - basepage.py - [line:75] - INFO - 点击了//*[@id="tab-vmlist"]元素
2021-10-14 18:38:28,097 - basepage.py - [line:87] - INFO - 鼠标光标移动至navBar_item_计算_content元素
2021-10-14 18:38:28,650 - basepage.py - [line:93] - INFO - 鼠标光标移动至navBar_item_计算_content_云服务器元素并点击
2021-10-14 18:38:29,931 - basepage.py - [line:75] - INFO - 点击了//*[@id="tab-vmlist"]元素
2021-10-14 18:39:40,686 - basepage.py - [line:87] - INFO - 鼠标光标移动至navBar_item_计算_content元素
2021-10-14 18:40:22,789 - basepage.py - [line:87] - INFO - 鼠标光标移动至navBar_item_计算_content元素
2021-10-14 18:40:23,230 - basepage.py - [line:93] - INFO - 鼠标光标移动至navBar_item_计算_content_云服务器元素并点击
2021-10-14 18:40:23,870 - basepage.py - [line:75] - INFO - 点击了//*[@id="tab-vmlist"]元素
2021-10-14 18:41:06,750 - basepage.py - [line:87] - INFO - 鼠标光标移动至navBar_item_计算_content元素
2021-10-14 18:41:07,177 - basepage.py - [line:93] - INFO - 鼠标光标移动至navBar_item_计算_content_云服务器元素并点击
2021-10-14 18:41:07,915 - basepage.py - [line:75] - INFO - 点击了//*[@id="tab-vmlist"]元素
2021-10-14 18:41:59,325 - basepage.py - [line:87] - INFO - 鼠标光标移动至navBar_item_计算_content元素
2021-10-14 18:41:59,818 - basepage.py - [line:93] - INFO - 鼠标光标移动至navBar_item_计算_content_云服务器元素并点击
2021-10-14 18:42:00,899 - basepage.py - [line:75] - INFO - 点击了//*[@id="tab-vmlist"]元素
2021-10-14 18:42:31,706 - basepage.py - [line:87] - INFO - 鼠标光标移动至navBar_item_计算_content元素
2021-10-14 18:42:32,165 - basepage.py - [line:93] - INFO - 鼠标光标移动至navBar_item_计算_content_云服务器元素并点击
2021-10-14 18:42:32,897 - basepage.py - [line:75] - INFO - 点击了//*[@id="tab-vmlist"]元素
2021-10-14 18:45:33,163 - basepage.py - [line:87] - INFO - 鼠标光标移动至navBar_item_计算_content元素
2021-10-14 18:45:33,639 - basepage.py - [line:93] - INFO - 鼠标光标移动至navBar_item_计算_content_云服务器元素并点击
2021-10-14 18:45:34,539 - basepage.py - [line:75] - INFO - 点击了//*[@id="tab-vmlist"]元素
2021-10-14 18:46:15,218 - basepage.py - [line:87] - INFO - 鼠标光标移动至navBar_item_计算_content元素
2021-10-14 18:46:15,726 - basepage.py - [line:93] - INFO - 鼠标光标移动至navBar_item_计算_content_云服务器元素并点击
2021-10-14 18:46:15,927 - basepage.py - [line:75] - INFO - 点击了//*[@id="tab-vmlist"]元素
2021-10-14 19:01:19,669 - basepage.py - [line:87] - INFO - 鼠标光标移动至navBar_item_计算_content元素
2021-10-14 19:01:20,165 - basepage.py - [line:93] - INFO - 鼠标光标移动至navBar_item_计算_content_云服务器元素并点击
2021-10-14 19:01:20,417 - basepage.py - [line:75] - INFO - 点击了//*[@id="tab-vmlist"]元素
2021-10-14 19:02:42,345 - basepage.py - [line:87] - INFO - 鼠标光标移动至navBar_item_计算_content元素
2021-10-14 19:02:42,810 - basepage.py - [line:93] - INFO - 鼠标光标移动至navBar_item_计算_content_云服务器元素并点击
2021-10-14 19:02:43,076 - basepage.py - [line:75] - INFO - 点击了//*[@id="tab-vmlist"]元素
2021-10-14 19:05:40,495 - basepage.py - [line:87] - INFO - 鼠标光标移动至navBar_item_计算_content元素
2021-10-14 19:05:40,955 - basepage.py - [line:93] - INFO - 鼠标光标移动至navBar_item_计算_content_云服务器元素并点击
2021-10-14 19:05:41,201 - basepage.py - [line:75] - INFO - 点击了//*[@id="tab-vmlist"]元素
2021-10-14 20:59:41,625 - basepage.py - [line:87] - INFO - 鼠标光标移动至navBar_item_计算_content元素
2021-10-14 20:59:42,138 - basepage.py - [line:93] - INFO - 鼠标光标移动至navBar_item_计算_content_云服务器元素并点击
2021-10-14 20:59:42,460 - basepage.py - [line:75] - INFO - 点击了//*[@id="tab-vmlist"]元素
2021-10-14 21:02:05,604 - basepage.py - [line:87] - INFO - 鼠标光标移动至navBar_item_计算_content元素
2021-10-14 21:02:06,064 - basepage.py - [line:93] - INFO - 鼠标光标移动至navBar_item_计算_content_云服务器元素并点击
2021-10-14 21:02:06,413 - basepage.py - [line:75] - INFO - 点击了//*[@id="tab-vmlist"]元素
2021-10-14 21:02:58,521 - basepage.py - [line:87] - INFO - 鼠标光标移动至navBar_item_计算_content元素
2021-10-14 21:02:59,056 - basepage.py - [line:93] - INFO - 鼠标光标移动至navBar_item_计算_content_云服务器元素并点击
2021-10-14 21:03:00,631 - basepage.py - [line:75] - INFO - 点击了//*[@id="tab-vmlist"]元素
2021-10-14 21:04:22,288 - basepage.py - [line:87] - INFO - 鼠标光标移动至navBar_item_计算_content元素
2021-10-14 21:04:22,683 - basepage.py - [line:93] - INFO - 鼠标光标移动至navBar_item_计算_content_云服务器元素并点击
2021-10-14 21:04:23,032 - basepage.py - [line:75] - INFO - 点击了//*[@id="tab-vmlist"]元素
2021-10-14 21:05:37,326 - basepage.py - [line:87] - INFO - 鼠标光标移动至navBar_item_计算_content元素
2021-10-14 21:05:37,741 - basepage.py - [line:93] - INFO - 鼠标光标移动至navBar_item_计算_content_云服务器元素并点击
2021-10-14 21:05:38,079 - basepage.py - [line:75] - INFO - 点击了//*[@id="tab-vmlist"]元素
2021-10-14 21:07:08,004 - basepage.py - [line:87] - INFO - 鼠标光标移动至navBar_item_计算_content元素
2021-10-14 21:07:08,470 - basepage.py - [line:93] - INFO - 鼠标光标移动至navBar_item_计算_content_云服务器元素并点击
2021-10-14 21:07:08,762 - basepage.py - [line:75] - INFO - 点击了//*[@id="tab-vmlist"]元素
2021-10-14 21:07:17,264 - basepage.py - [line:120] - INFO - 元素文本信息为virtio
2021-10-14 21:07:19,473 - basepage.py - [line:120] - INFO - 元素文本信息为rtl8139
