2021-10-12 09:01:32,157 - basepage.py - [line:86] - INFO - 鼠标光标移动至navBar_item_计算_content元素
2021-10-12 09:01:33,221 - basepage.py - [line:92] - INFO - 鼠标光标移动至navBar_item_计算_content_云服务器元素并点击
2021-10-12 09:01:33,482 - basepage.py - [line:74] - INFO - 点击了//*[@id="tab-vmlist"]元素
2021-10-12 09:01:36,038 - basepage.py - [line:105] - INFO - 元素文本信息为请输入云服务器名称
2021-10-12 09:01:37,603 - basepage.py - [line:134] - INFO - 键盘输入后清理
2021-10-12 09:01:39,005 - basepage.py - [line:134] - INFO - 键盘输入后清理
2021-10-12 09:06:10,319 - basepage.py - [line:86] - INFO - 鼠标光标移动至navBar_item_计算_content元素
2021-10-12 09:06:10,813 - basepage.py - [line:92] - INFO - 鼠标光标移动至navBar_item_计算_content_云服务器元素并点击
2021-10-12 09:06:11,117 - basepage.py - [line:74] - INFO - 点击了//*[@id="tab-vmlist"]元素
2021-10-12 09:06:13,773 - basepage.py - [line:105] - INFO - 元素文本信息为请输入云服务器名称
2021-10-12 09:06:15,745 - basepage.py - [line:134] - INFO - 键盘输入后清理
2021-10-12 09:06:17,168 - basepage.py - [line:134] - INFO - 键盘输入后清理
2021-10-12 09:16:12,672 - basepage.py - [line:86] - INFO - 鼠标光标移动至navBar_item_计算_content元素
2021-10-12 09:16:13,077 - basepage.py - [line:92] - INFO - 鼠标光标移动至navBar_item_计算_content_云服务器元素并点击
2021-10-12 09:16:13,286 - basepage.py - [line:74] - INFO - 点击了//*[@id="tab-vmlist"]元素
2021-10-12 09:16:15,953 - basepage.py - [line:105] - INFO - 元素文本信息为请输入云服务器名称
2021-10-12 09:16:17,980 - basepage.py - [line:134] - INFO - 键盘输入后清理
2021-10-12 09:16:19,398 - basepage.py - [line:134] - INFO - 键盘输入后清理
2021-10-12 09:18:56,166 - basepage.py - [line:86] - INFO - 鼠标光标移动至navBar_item_计算_content元素
2021-10-12 09:18:56,645 - basepage.py - [line:92] - INFO - 鼠标光标移动至navBar_item_计算_content_云服务器元素并点击
2021-10-12 09:18:57,293 - basepage.py - [line:74] - INFO - 点击了//*[@id="tab-vmlist"]元素
2021-10-12 09:19:00,037 - basepage.py - [line:105] - INFO - 元素文本信息为请输入云服务器名称
2021-10-12 09:19:02,035 - basepage.py - [line:134] - INFO - 键盘输入后清理
2021-10-12 09:19:03,479 - basepage.py - [line:134] - INFO - 键盘输入后清理
2021-10-12 09:34:04,796 - basepage.py - [line:86] - INFO - 鼠标光标移动至navBar_item_计算_content元素
2021-10-12 09:34:05,201 - basepage.py - [line:92] - INFO - 鼠标光标移动至navBar_item_计算_content_云服务器元素并点击
2021-10-12 09:34:05,872 - basepage.py - [line:74] - INFO - 点击了//*[@id="tab-vmlist"]元素
2021-10-12 09:34:08,530 - basepage.py - [line:105] - INFO - 元素文本信息为请输入云服务器名称
2021-10-12 09:34:10,409 - basepage.py - [line:134] - INFO - 键盘输入后清理
2021-10-12 09:34:11,743 - basepage.py - [line:134] - INFO - 键盘输入后清理
2021-10-12 09:47:42,051 - basepage.py - [line:86] - INFO - 鼠标光标移动至navBar_item_计算_content元素
2021-10-12 09:47:42,488 - basepage.py - [line:92] - INFO - 鼠标光标移动至navBar_item_计算_content_云服务器元素并点击
2021-10-12 09:47:43,171 - basepage.py - [line:74] - INFO - 点击了//*[@id="tab-vmlist"]元素
2021-10-12 09:47:45,813 - basepage.py - [line:105] - INFO - 元素文本信息为请输入云服务器名称
2021-10-12 09:47:47,138 - basepage.py - [line:134] - INFO - 键盘输入后清理
2021-10-12 09:47:48,456 - basepage.py - [line:134] - INFO - 键盘输入后清理
2021-10-12 10:08:00,839 - basepage.py - [line:86] - INFO - 鼠标光标移动至navBar_item_计算_content元素
2021-10-12 10:08:01,316 - basepage.py - [line:92] - INFO - 鼠标光标移动至navBar_item_计算_content_云服务器元素并点击
2021-10-12 10:08:01,493 - basepage.py - [line:74] - INFO - 点击了//*[@id="tab-vmlist"]元素
2021-10-12 10:08:04,071 - basepage.py - [line:105] - INFO - 元素文本信息为请输入云服务器名称
2021-10-12 10:08:05,908 - basepage.py - [line:134] - INFO - 键盘输入后清理
2021-10-12 10:08:07,201 - basepage.py - [line:134] - INFO - 键盘输入后清理
2021-10-12 10:18:52,275 - basepage.py - [line:86] - INFO - 鼠标光标移动至navBar_item_计算_content元素
2021-10-12 10:18:52,674 - basepage.py - [line:92] - INFO - 鼠标光标移动至navBar_item_计算_content_云服务器元素并点击
2021-10-12 10:18:53,371 - basepage.py - [line:74] - INFO - 点击了//*[@id="tab-vmlist"]元素
2021-10-12 10:18:55,941 - basepage.py - [line:105] - INFO - 元素文本信息为请输入云服务器名称
2021-10-12 10:18:57,766 - basepage.py - [line:134] - INFO - 键盘输入后清理
2021-10-12 10:18:59,077 - basepage.py - [line:134] - INFO - 键盘输入后清理
2021-10-12 10:19:58,926 - basepage.py - [line:86] - INFO - 鼠标光标移动至navBar_item_计算_content元素
2021-10-12 10:19:59,259 - basepage.py - [line:92] - INFO - 鼠标光标移动至navBar_item_计算_content_云服务器元素并点击
2021-10-12 10:19:59,933 - basepage.py - [line:74] - INFO - 点击了//*[@id="tab-vmlist"]元素
2021-10-12 10:20:46,911 - basepage.py - [line:86] - INFO - 鼠标光标移动至navBar_item_计算_content元素
2021-10-12 10:20:47,334 - basepage.py - [line:92] - INFO - 鼠标光标移动至navBar_item_计算_content_云服务器元素并点击
2021-10-12 10:20:47,501 - basepage.py - [line:74] - INFO - 点击了//*[@id="tab-vmlist"]元素
2021-10-12 10:32:22,006 - basepage.py - [line:86] - INFO - 鼠标光标移动至navBar_item_计算_content元素
2021-10-12 10:32:22,986 - basepage.py - [line:92] - INFO - 鼠标光标移动至navBar_item_计算_content_云服务器元素并点击
2021-10-12 10:32:23,893 - basepage.py - [line:74] - INFO - 点击了//*[@id="tab-vmlist"]元素
2021-10-12 10:33:19,595 - basepage.py - [line:86] - INFO - 鼠标光标移动至navBar_item_计算_content元素
2021-10-12 10:33:20,050 - basepage.py - [line:92] - INFO - 鼠标光标移动至navBar_item_计算_content_云服务器元素并点击
2021-10-12 10:33:21,020 - basepage.py - [line:74] - INFO - 点击了//*[@id="tab-vmlist"]元素
2021-10-12 10:35:44,287 - basepage.py - [line:86] - INFO - 鼠标光标移动至navBar_item_计算_content元素
2021-10-12 10:35:44,716 - basepage.py - [line:92] - INFO - 鼠标光标移动至navBar_item_计算_content_云服务器元素并点击
2021-10-12 10:35:45,293 - basepage.py - [line:74] - INFO - 点击了//*[@id="tab-vmlist"]元素
2021-10-12 10:38:35,964 - basepage.py - [line:86] - INFO - 鼠标光标移动至navBar_item_计算_content元素
2021-10-12 10:38:36,441 - basepage.py - [line:92] - INFO - 鼠标光标移动至navBar_item_计算_content_云服务器元素并点击
2021-10-12 10:38:37,039 - basepage.py - [line:74] - INFO - 点击了//*[@id="tab-vmlist"]元素
2021-10-12 10:41:46,504 - basepage.py - [line:86] - INFO - 鼠标光标移动至navBar_item_计算_content元素
2021-10-12 10:41:46,959 - basepage.py - [line:92] - INFO - 鼠标光标移动至navBar_item_计算_content_云服务器元素并点击
2021-10-12 10:41:47,626 - basepage.py - [line:74] - INFO - 点击了//*[@id="tab-vmlist"]元素
2021-10-12 10:46:43,511 - basepage.py - [line:86] - INFO - 鼠标光标移动至navBar_item_计算_content元素
2021-10-12 10:46:43,961 - basepage.py - [line:92] - INFO - 鼠标光标移动至navBar_item_计算_content_云服务器元素并点击
2021-10-12 10:46:44,172 - basepage.py - [line:74] - INFO - 点击了//*[@id="tab-vmlist"]元素
2021-10-12 10:46:46,943 - basepage.py - [line:105] - INFO - 元素文本信息为请输入云服务器名称
2021-10-12 10:46:48,598 - basepage.py - [line:134] - INFO - 键盘输入后清理
2021-10-12 10:46:50,566 - basepage.py - [line:134] - INFO - 键盘输入后清理
2021-10-12 10:49:49,840 - basepage.py - [line:86] - INFO - 鼠标光标移动至navBar_item_计算_content元素
2021-10-12 10:49:50,363 - basepage.py - [line:92] - INFO - 鼠标光标移动至navBar_item_计算_content_云服务器元素并点击
2021-10-12 10:49:50,569 - basepage.py - [line:74] - INFO - 点击了//*[@id="tab-vmlist"]元素
2021-10-12 10:49:53,713 - basepage.py - [line:105] - INFO - 元素文本信息为请输入云服务器名称
2021-10-12 10:49:55,312 - basepage.py - [line:134] - INFO - 键盘输入后清理
2021-10-12 10:49:56,814 - basepage.py - [line:134] - INFO - 键盘输入后清理
2021-10-12 10:52:18,157 - basepage.py - [line:86] - INFO - 鼠标光标移动至navBar_item_计算_content元素
2021-10-12 10:52:18,608 - basepage.py - [line:92] - INFO - 鼠标光标移动至navBar_item_计算_content_云服务器元素并点击
2021-10-12 10:52:18,836 - basepage.py - [line:74] - INFO - 点击了//*[@id="tab-vmlist"]元素
2021-10-12 10:52:21,714 - basepage.py - [line:105] - INFO - 元素文本信息为请输入云服务器名称
2021-10-12 10:52:23,368 - basepage.py - [line:134] - INFO - 键盘输入后清理
2021-10-12 10:52:24,873 - basepage.py - [line:134] - INFO - 键盘输入后清理
2021-10-12 10:53:59,778 - basepage.py - [line:86] - INFO - 鼠标光标移动至navBar_item_计算_content元素
2021-10-12 10:54:22,348 - basepage.py - [line:86] - INFO - 鼠标光标移动至navBar_item_计算_content元素
2021-10-12 10:54:22,736 - basepage.py - [line:92] - INFO - 鼠标光标移动至navBar_item_计算_content_云服务器元素并点击
2021-10-12 10:54:23,446 - basepage.py - [line:74] - INFO - 点击了//*[@id="tab-vmlist"]元素
2021-10-12 10:54:26,249 - basepage.py - [line:105] - INFO - 元素文本信息为请输入云服务器名称
2021-10-12 10:54:27,825 - basepage.py - [line:134] - INFO - 键盘输入后清理
2021-10-12 10:54:29,307 - basepage.py - [line:134] - INFO - 键盘输入后清理
2021-10-12 11:51:56,724 - basepage.py - [line:86] - INFO - 鼠标光标移动至navBar_item_计算_content元素
2021-10-12 11:51:57,363 - basepage.py - [line:92] - INFO - 鼠标光标移动至navBar_item_计算_content_云服务器元素并点击
2021-10-12 11:51:57,646 - basepage.py - [line:74] - INFO - 点击了//*[@id="tab-vmlist"]元素
2021-10-12 11:52:00,411 - basepage.py - [line:105] - INFO - 元素文本信息为请输入云服务器名称
2021-10-12 11:52:02,056 - basepage.py - [line:134] - INFO - 键盘输入后清理
2021-10-12 11:52:02,380 - basepage.py - [line:134] - INFO - 键盘输入后清理
2021-10-12 11:57:54,849 - basepage.py - [line:86] - INFO - 鼠标光标移动至navBar_item_计算_content元素
2021-10-12 11:57:55,381 - basepage.py - [line:92] - INFO - 鼠标光标移动至navBar_item_计算_content_云服务器元素并点击
2021-10-12 11:57:55,712 - basepage.py - [line:74] - INFO - 点击了//*[@id="tab-vmlist"]元素
2021-10-12 11:57:58,423 - basepage.py - [line:105] - INFO - 元素文本信息为请输入云服务器名称
2021-10-12 11:58:00,056 - basepage.py - [line:134] - INFO - 键盘输入后清理
2021-10-12 11:58:00,924 - basepage.py - [line:134] - INFO - 键盘输入后清理
2021-10-12 12:01:48,904 - basepage.py - [line:86] - INFO - 鼠标光标移动至navBar_item_计算_content元素
2021-10-12 12:01:49,530 - basepage.py - [line:92] - INFO - 鼠标光标移动至navBar_item_计算_content_云服务器元素并点击
2021-10-12 12:01:49,804 - basepage.py - [line:74] - INFO - 点击了//*[@id="tab-vmlist"]元素
2021-10-12 12:01:52,530 - basepage.py - [line:105] - INFO - 元素文本信息为请输入云服务器名称
2021-10-12 12:01:54,103 - basepage.py - [line:134] - INFO - 键盘输入后清理
2021-10-12 12:01:54,978 - basepage.py - [line:134] - INFO - 键盘输入后清理
2021-10-12 12:01:59,450 - basepage.py - [line:134] - INFO - 键盘输入后清理
2021-10-12 13:56:30,309 - basepage.py - [line:86] - INFO - 鼠标光标移动至navBar_item_计算_content元素
2021-10-12 13:56:30,686 - basepage.py - [line:92] - INFO - 鼠标光标移动至navBar_item_计算_content_云服务器元素并点击
2021-10-12 13:56:30,976 - basepage.py - [line:74] - INFO - 点击了//*[@id="tab-vmlist"]元素
2021-10-12 13:56:33,773 - basepage.py - [line:105] - INFO - 元素文本信息为请输入云服务器名称
2021-10-12 13:56:35,767 - basepage.py - [line:134] - INFO - 键盘输入后清理
2021-10-12 13:56:36,098 - basepage.py - [line:134] - INFO - 键盘输入后清理
2021-10-12 13:56:40,198 - basepage.py - [line:134] - INFO - 键盘输入后清理
2021-10-12 13:58:15,950 - basepage.py - [line:86] - INFO - 鼠标光标移动至navBar_item_计算_content元素
2021-10-12 13:58:16,393 - basepage.py - [line:92] - INFO - 鼠标光标移动至navBar_item_计算_content_云服务器元素并点击
2021-10-12 13:58:16,640 - basepage.py - [line:74] - INFO - 点击了//*[@id="tab-vmlist"]元素
2021-10-12 13:58:19,451 - basepage.py - [line:105] - INFO - 元素文本信息为请输入云服务器名称
2021-10-12 13:58:21,026 - basepage.py - [line:134] - INFO - 键盘输入后清理
2021-10-12 13:58:21,439 - basepage.py - [line:134] - INFO - 键盘输入后清理
2021-10-12 13:58:25,660 - basepage.py - [line:134] - INFO - 键盘输入后清理
2021-10-12 14:05:39,757 - basepage.py - [line:86] - INFO - 鼠标光标移动至navBar_item_计算_content元素
2021-10-12 14:05:40,246 - basepage.py - [line:92] - INFO - 鼠标光标移动至navBar_item_计算_content_云服务器元素并点击
2021-10-12 14:05:40,880 - basepage.py - [line:74] - INFO - 点击了//*[@id="tab-vmlist"]元素
2021-10-12 14:05:43,687 - basepage.py - [line:105] - INFO - 元素文本信息为请输入云服务器名称
2021-10-12 14:05:45,661 - basepage.py - [line:134] - INFO - 键盘输入后清理
2021-10-12 14:05:46,516 - basepage.py - [line:134] - INFO - 键盘输入后清理
2021-10-12 14:05:50,707 - basepage.py - [line:134] - INFO - 键盘输入后清理
2021-10-12 14:05:50,852 - basepage.py - [line:105] - INFO - 元素文本信息为请输入自动创建云服务器个数（限制100）
2021-10-12 14:05:51,104 - basepage.py - [line:134] - INFO - 键盘输入后清理
2021-10-12 14:05:51,882 - basepage.py - [line:134] - INFO - 键盘输入后清理
2021-10-12 14:05:52,100 - basepage.py - [line:134] - INFO - 键盘输入后清理
2021-10-12 15:40:47,203 - basepage.py - [line:86] - INFO - 鼠标光标移动至navBar_item_计算_content元素
2021-10-12 15:40:47,763 - basepage.py - [line:92] - INFO - 鼠标光标移动至navBar_item_计算_content_云服务器元素并点击
2021-10-12 15:40:48,007 - basepage.py - [line:74] - INFO - 点击了//*[@id="tab-vmlist"]元素
2021-10-12 15:40:50,703 - basepage.py - [line:105] - INFO - 元素文本信息为请输入云服务器名称
2021-10-12 15:40:52,673 - basepage.py - [line:134] - INFO - 键盘输入后清理
2021-10-12 15:40:53,039 - basepage.py - [line:134] - INFO - 键盘输入后清理
2021-10-12 15:40:57,061 - basepage.py - [line:134] - INFO - 键盘输入后清理
2021-10-12 15:40:57,201 - basepage.py - [line:105] - INFO - 元素文本信息为请输入自动创建云服务器个数（限制100）
2021-10-12 15:40:57,450 - basepage.py - [line:134] - INFO - 键盘输入后清理
2021-10-12 15:40:58,205 - basepage.py - [line:134] - INFO - 键盘输入后清理
2021-10-12 15:40:58,575 - basepage.py - [line:134] - INFO - 键盘输入后清理
2021-10-12 15:49:01,369 - basepage.py - [line:86] - INFO - 鼠标光标移动至navBar_item_计算_content元素
2021-10-12 15:49:01,969 - basepage.py - [line:92] - INFO - 鼠标光标移动至navBar_item_计算_content_云服务器元素并点击
2021-10-12 15:49:02,201 - basepage.py - [line:74] - INFO - 点击了//*[@id="tab-vmlist"]元素
2021-10-12 15:49:04,907 - basepage.py - [line:105] - INFO - 元素文本信息为请输入云服务器名称
2021-10-12 15:49:06,590 - basepage.py - [line:134] - INFO - 键盘输入后清理
2021-10-12 15:49:07,444 - basepage.py - [line:134] - INFO - 键盘输入后清理
2021-10-12 16:08:33,055 - basepage.py - [line:86] - INFO - 鼠标光标移动至navBar_item_计算_content元素
2021-10-12 16:08:33,545 - basepage.py - [line:92] - INFO - 鼠标光标移动至navBar_item_计算_content_云服务器元素并点击
2021-10-12 16:08:33,822 - basepage.py - [line:74] - INFO - 点击了//*[@id="tab-vmlist"]元素
2021-10-12 16:08:36,524 - basepage.py - [line:105] - INFO - 元素文本信息为请输入云服务器名称
2021-10-12 16:08:38,180 - basepage.py - [line:140] - INFO - 键盘输入后清理
2021-10-12 16:08:38,559 - basepage.py - [line:140] - INFO - 键盘输入后清理
2021-10-12 16:08:42,819 - basepage.py - [line:140] - INFO - 键盘输入后清理
2021-10-12 16:08:42,960 - basepage.py - [line:105] - INFO - 元素文本信息为请输入自动创建云服务器个数（限制100）
2021-10-12 16:08:43,210 - basepage.py - [line:140] - INFO - 键盘输入后清理
2021-10-12 16:08:44,000 - basepage.py - [line:140] - INFO - 键盘输入后清理
2021-10-12 16:08:44,224 - basepage.py - [line:140] - INFO - 键盘输入后清理
2021-10-12 16:11:50,782 - basepage.py - [line:86] - INFO - 鼠标光标移动至navBar_item_计算_content元素
2021-10-12 16:11:51,265 - basepage.py - [line:92] - INFO - 鼠标光标移动至navBar_item_计算_content_云服务器元素并点击
2021-10-12 16:11:51,893 - basepage.py - [line:74] - INFO - 点击了//*[@id="tab-vmlist"]元素
2021-10-12 16:11:54,619 - basepage.py - [line:105] - INFO - 元素文本信息为请输入云服务器名称
2021-10-12 16:11:56,183 - basepage.py - [line:140] - INFO - 键盘输入后清理
2021-10-12 16:11:57,042 - basepage.py - [line:140] - INFO - 键盘输入后清理
2021-10-12 16:12:01,219 - basepage.py - [line:140] - INFO - 键盘输入后清理
2021-10-12 16:12:01,361 - basepage.py - [line:105] - INFO - 元素文本信息为请输入自动创建云服务器个数（限制100）
2021-10-12 16:12:01,718 - basepage.py - [line:140] - INFO - 键盘输入后清理
2021-10-12 16:12:02,482 - basepage.py - [line:140] - INFO - 键盘输入后清理
2021-10-12 16:12:02,704 - basepage.py - [line:140] - INFO - 键盘输入后清理
2021-10-12 16:12:55,162 - basepage.py - [line:86] - INFO - 鼠标光标移动至navBar_item_计算_content元素
2021-10-12 16:12:55,696 - basepage.py - [line:92] - INFO - 鼠标光标移动至navBar_item_计算_content_云服务器元素并点击
2021-10-12 16:12:56,050 - basepage.py - [line:74] - INFO - 点击了//*[@id="tab-vmlist"]元素
2021-10-12 16:12:58,739 - basepage.py - [line:105] - INFO - 元素文本信息为请输入云服务器名称
2021-10-12 16:13:00,337 - basepage.py - [line:140] - INFO - 键盘输入后清理
2021-10-12 16:13:01,190 - basepage.py - [line:140] - INFO - 键盘输入后清理
2021-10-12 16:13:05,450 - basepage.py - [line:140] - INFO - 键盘输入后清理
2021-10-12 16:13:05,594 - basepage.py - [line:105] - INFO - 元素文本信息为请输入自动创建云服务器个数（限制100）
2021-10-12 16:13:05,852 - basepage.py - [line:140] - INFO - 键盘输入后清理
2021-10-12 16:13:06,622 - basepage.py - [line:140] - INFO - 键盘输入后清理
2021-10-12 16:13:06,842 - basepage.py - [line:140] - INFO - 键盘输入后清理
2021-10-12 16:15:46,230 - basepage.py - [line:86] - INFO - 鼠标光标移动至navBar_item_计算_content元素
2021-10-12 16:15:46,700 - basepage.py - [line:92] - INFO - 鼠标光标移动至navBar_item_计算_content_云服务器元素并点击
2021-10-12 16:15:47,053 - basepage.py - [line:74] - INFO - 点击了//*[@id="tab-vmlist"]元素
2021-10-12 16:15:49,768 - basepage.py - [line:105] - INFO - 元素文本信息为请输入云服务器名称
2021-10-12 16:15:51,367 - basepage.py - [line:140] - INFO - 键盘输入后清理
2021-10-12 16:15:52,230 - basepage.py - [line:140] - INFO - 键盘输入后清理
2021-10-12 16:15:56,641 - basepage.py - [line:140] - INFO - 键盘输入后清理
2021-10-12 16:15:56,929 - basepage.py - [line:105] - INFO - 元素文本信息为请输入自动创建云服务器个数（限制100）
2021-10-12 16:15:57,173 - basepage.py - [line:140] - INFO - 键盘输入后清理
2021-10-12 16:15:57,974 - basepage.py - [line:140] - INFO - 键盘输入后清理
2021-10-12 16:15:58,193 - basepage.py - [line:140] - INFO - 键盘输入后清理
2021-10-12 16:16:21,011 - basepage.py - [line:86] - INFO - 鼠标光标移动至navBar_item_计算_content元素
2021-10-12 16:16:21,487 - basepage.py - [line:92] - INFO - 鼠标光标移动至navBar_item_计算_content_云服务器元素并点击
2021-10-12 16:16:21,910 - basepage.py - [line:74] - INFO - 点击了//*[@id="tab-vmlist"]元素
2021-10-12 16:16:24,596 - basepage.py - [line:105] - INFO - 元素文本信息为请输入云服务器名称
2021-10-12 16:16:26,583 - basepage.py - [line:140] - INFO - 键盘输入后清理
2021-10-12 16:16:26,903 - basepage.py - [line:140] - INFO - 键盘输入后清理
2021-10-12 16:16:30,981 - basepage.py - [line:140] - INFO - 键盘输入后清理
2021-10-12 16:16:31,124 - basepage.py - [line:105] - INFO - 元素文本信息为请输入自动创建云服务器个数（限制100）
2021-10-12 16:16:31,377 - basepage.py - [line:140] - INFO - 键盘输入后清理
2021-10-12 16:16:31,609 - basepage.py - [line:140] - INFO - 键盘输入后清理
2021-10-12 16:16:31,838 - basepage.py - [line:140] - INFO - 键盘输入后清理
2021-10-12 16:17:24,249 - basepage.py - [line:86] - INFO - 鼠标光标移动至navBar_item_计算_content元素
2021-10-12 16:17:24,755 - basepage.py - [line:92] - INFO - 鼠标光标移动至navBar_item_计算_content_云服务器元素并点击
2021-10-12 16:17:25,187 - basepage.py - [line:74] - INFO - 点击了//*[@id="tab-vmlist"]元素
2021-10-12 16:17:27,910 - basepage.py - [line:105] - INFO - 元素文本信息为请输入云服务器名称
2021-10-12 16:17:29,345 - basepage.py - [line:140] - INFO - 键盘输入后清理
2021-10-12 16:17:30,189 - basepage.py - [line:140] - INFO - 键盘输入后清理
2021-10-12 16:17:34,259 - basepage.py - [line:140] - INFO - 键盘输入后清理
2021-10-12 16:17:34,405 - basepage.py - [line:105] - INFO - 元素文本信息为请输入自动创建云服务器个数（限制100）
2021-10-12 16:17:34,657 - basepage.py - [line:140] - INFO - 键盘输入后清理
2021-10-12 16:17:35,421 - basepage.py - [line:140] - INFO - 键盘输入后清理
2021-10-12 16:17:35,644 - basepage.py - [line:140] - INFO - 键盘输入后清理
2021-10-12 16:20:00,204 - basepage.py - [line:86] - INFO - 鼠标光标移动至navBar_item_计算_content元素
2021-10-12 16:20:00,932 - basepage.py - [line:92] - INFO - 鼠标光标移动至navBar_item_计算_content_云服务器元素并点击
2021-10-12 16:20:01,200 - basepage.py - [line:74] - INFO - 点击了//*[@id="tab-vmlist"]元素
2021-10-12 16:20:03,872 - basepage.py - [line:105] - INFO - 元素文本信息为请输入云服务器名称
2021-10-12 16:20:05,894 - basepage.py - [line:140] - INFO - 键盘输入后清理
2021-10-12 16:20:06,208 - basepage.py - [line:140] - INFO - 键盘输入后清理
2021-10-12 16:20:10,247 - basepage.py - [line:140] - INFO - 键盘输入后清理
2021-10-12 16:20:10,394 - basepage.py - [line:105] - INFO - 元素文本信息为请输入自动创建云服务器个数（限制100）
2021-10-12 16:20:10,651 - basepage.py - [line:140] - INFO - 键盘输入后清理
2021-10-12 16:20:11,412 - basepage.py - [line:140] - INFO - 键盘输入后清理
2021-10-12 16:20:11,636 - basepage.py - [line:140] - INFO - 键盘输入后清理
2021-10-12 16:21:29,314 - basepage.py - [line:86] - INFO - 鼠标光标移动至navBar_item_计算_content元素
2021-10-12 16:21:29,765 - basepage.py - [line:92] - INFO - 鼠标光标移动至navBar_item_计算_content_云服务器元素并点击
2021-10-12 16:21:30,028 - basepage.py - [line:74] - INFO - 点击了//*[@id="tab-vmlist"]元素
2021-10-12 16:21:33,017 - basepage.py - [line:105] - INFO - 元素文本信息为请输入云服务器名称
2021-10-12 16:21:34,986 - basepage.py - [line:140] - INFO - 键盘输入后清理
2021-10-12 16:21:35,835 - basepage.py - [line:140] - INFO - 键盘输入后清理
2021-10-12 16:21:39,915 - basepage.py - [line:140] - INFO - 键盘输入后清理
2021-10-12 16:21:40,067 - basepage.py - [line:105] - INFO - 元素文本信息为请输入自动创建云服务器个数（限制100）
2021-10-12 16:21:40,346 - basepage.py - [line:140] - INFO - 键盘输入后清理
2021-10-12 16:21:41,126 - basepage.py - [line:140] - INFO - 键盘输入后清理
2021-10-12 16:21:41,353 - basepage.py - [line:140] - INFO - 键盘输入后清理
2021-10-12 16:22:27,800 - basepage.py - [line:86] - INFO - 鼠标光标移动至navBar_item_计算_content元素
2021-10-12 16:22:28,220 - basepage.py - [line:92] - INFO - 鼠标光标移动至navBar_item_计算_content_云服务器元素并点击
2021-10-12 16:22:28,448 - basepage.py - [line:74] - INFO - 点击了//*[@id="tab-vmlist"]元素
2021-10-12 16:22:31,170 - basepage.py - [line:105] - INFO - 元素文本信息为请输入云服务器名称
2021-10-12 16:22:33,143 - basepage.py - [line:140] - INFO - 键盘输入后清理
2021-10-12 16:22:33,986 - basepage.py - [line:140] - INFO - 键盘输入后清理
2021-10-12 16:22:38,449 - basepage.py - [line:140] - INFO - 键盘输入后清理
2021-10-12 16:22:38,593 - basepage.py - [line:105] - INFO - 元素文本信息为请输入自动创建云服务器个数（限制100）
2021-10-12 16:22:38,847 - basepage.py - [line:140] - INFO - 键盘输入后清理
2021-10-12 16:22:39,394 - basepage.py - [line:140] - INFO - 键盘输入后清理
2021-10-12 16:22:39,612 - basepage.py - [line:140] - INFO - 键盘输入后清理
2021-10-12 16:24:01,693 - basepage.py - [line:86] - INFO - 鼠标光标移动至navBar_item_计算_content元素
2021-10-12 16:24:02,171 - basepage.py - [line:92] - INFO - 鼠标光标移动至navBar_item_计算_content_云服务器元素并点击
2021-10-12 16:24:02,393 - basepage.py - [line:74] - INFO - 点击了//*[@id="tab-vmlist"]元素
2021-10-12 16:24:05,482 - basepage.py - [line:105] - INFO - 元素文本信息为请输入云服务器名称
2021-10-12 16:24:07,466 - basepage.py - [line:140] - INFO - 键盘输入后清理
2021-10-12 16:24:08,305 - basepage.py - [line:140] - INFO - 键盘输入后清理
2021-10-12 16:24:12,351 - basepage.py - [line:140] - INFO - 键盘输入后清理
2021-10-12 16:24:12,496 - basepage.py - [line:105] - INFO - 元素文本信息为请输入自动创建云服务器个数（限制100）
2021-10-12 16:24:12,751 - basepage.py - [line:140] - INFO - 键盘输入后清理
2021-10-12 16:24:12,992 - basepage.py - [line:140] - INFO - 键盘输入后清理
2021-10-12 16:24:13,234 - basepage.py - [line:140] - INFO - 键盘输入后清理
2021-10-12 16:25:22,329 - basepage.py - [line:86] - INFO - 鼠标光标移动至navBar_item_计算_content元素
2021-10-12 16:25:22,755 - basepage.py - [line:92] - INFO - 鼠标光标移动至navBar_item_计算_content_云服务器元素并点击
2021-10-12 16:25:22,964 - basepage.py - [line:74] - INFO - 点击了//*[@id="tab-vmlist"]元素
2021-10-12 16:25:26,101 - basepage.py - [line:105] - INFO - 元素文本信息为请输入云服务器名称
2021-10-12 16:25:28,062 - basepage.py - [line:140] - INFO - 键盘输入后清理
2021-10-12 16:25:28,908 - basepage.py - [line:140] - INFO - 键盘输入后清理
2021-10-12 16:25:33,547 - basepage.py - [line:140] - INFO - 键盘输入后清理
2021-10-12 16:25:33,689 - basepage.py - [line:105] - INFO - 元素文本信息为请输入自动创建云服务器个数（限制100）
2021-10-12 16:25:33,944 - basepage.py - [line:140] - INFO - 键盘输入后清理
2021-10-12 16:25:34,613 - basepage.py - [line:140] - INFO - 键盘输入后清理
2021-10-12 16:25:34,827 - basepage.py - [line:140] - INFO - 键盘输入后清理
2021-10-12 16:25:50,925 - basepage.py - [line:86] - INFO - 鼠标光标移动至navBar_item_计算_content元素
2021-10-12 16:25:51,397 - basepage.py - [line:92] - INFO - 鼠标光标移动至navBar_item_计算_content_云服务器元素并点击
2021-10-12 16:25:52,122 - basepage.py - [line:74] - INFO - 点击了//*[@id="tab-vmlist"]元素
2021-10-12 16:25:55,230 - basepage.py - [line:105] - INFO - 元素文本信息为请输入云服务器名称
2021-10-12 16:25:57,224 - basepage.py - [line:140] - INFO - 键盘输入后清理
2021-10-12 16:25:58,068 - basepage.py - [line:140] - INFO - 键盘输入后清理
2021-10-12 16:26:02,137 - basepage.py - [line:140] - INFO - 键盘输入后清理
2021-10-12 16:26:02,283 - basepage.py - [line:105] - INFO - 元素文本信息为请输入自动创建云服务器个数（限制100）
2021-10-12 16:26:02,541 - basepage.py - [line:140] - INFO - 键盘输入后清理
2021-10-12 16:26:03,305 - basepage.py - [line:140] - INFO - 键盘输入后清理
2021-10-12 16:26:03,531 - basepage.py - [line:140] - INFO - 键盘输入后清理
2021-10-12 16:26:45,817 - basepage.py - [line:86] - INFO - 鼠标光标移动至navBar_item_计算_content元素
2021-10-12 16:26:46,231 - basepage.py - [line:92] - INFO - 鼠标光标移动至navBar_item_计算_content_云服务器元素并点击
2021-10-12 16:26:46,472 - basepage.py - [line:74] - INFO - 点击了//*[@id="tab-vmlist"]元素
2021-10-12 16:26:49,595 - basepage.py - [line:105] - INFO - 元素文本信息为请输入云服务器名称
2021-10-12 16:26:51,582 - basepage.py - [line:140] - INFO - 键盘输入后清理
2021-10-12 16:26:52,437 - basepage.py - [line:140] - INFO - 键盘输入后清理
2021-10-12 16:26:56,463 - basepage.py - [line:140] - INFO - 键盘输入后清理
2021-10-12 16:26:56,864 - basepage.py - [line:105] - INFO - 元素文本信息为请输入自动创建云服务器个数（限制100）
2021-10-12 16:26:57,800 - basepage.py - [line:140] - INFO - 键盘输入后清理
2021-10-12 16:26:58,788 - basepage.py - [line:140] - INFO - 键盘输入后清理
2021-10-12 16:26:59,007 - basepage.py - [line:140] - INFO - 键盘输入后清理
2021-10-12 16:27:43,710 - basepage.py - [line:86] - INFO - 鼠标光标移动至navBar_item_计算_content元素
2021-10-12 16:27:44,152 - basepage.py - [line:92] - INFO - 鼠标光标移动至navBar_item_计算_content_云服务器元素并点击
2021-10-12 16:27:44,391 - basepage.py - [line:74] - INFO - 点击了//*[@id="tab-vmlist"]元素
2021-10-12 16:27:47,372 - basepage.py - [line:105] - INFO - 元素文本信息为请输入云服务器名称
2021-10-12 16:27:49,646 - basepage.py - [line:140] - INFO - 键盘输入后清理
2021-10-12 16:27:49,984 - basepage.py - [line:140] - INFO - 键盘输入后清理
2021-10-12 16:27:54,057 - basepage.py - [line:140] - INFO - 键盘输入后清理
2021-10-12 16:27:54,209 - basepage.py - [line:105] - INFO - 元素文本信息为请输入自动创建云服务器个数（限制100）
2021-10-12 16:27:54,471 - basepage.py - [line:140] - INFO - 键盘输入后清理
2021-10-12 16:27:55,266 - basepage.py - [line:140] - INFO - 键盘输入后清理
2021-10-12 16:27:55,487 - basepage.py - [line:140] - INFO - 键盘输入后清理
2021-10-12 16:28:22,367 - basepage.py - [line:86] - INFO - 鼠标光标移动至navBar_item_计算_content元素
2021-10-12 16:28:22,827 - basepage.py - [line:92] - INFO - 鼠标光标移动至navBar_item_计算_content_云服务器元素并点击
2021-10-12 16:28:23,050 - basepage.py - [line:74] - INFO - 点击了//*[@id="tab-vmlist"]元素
2021-10-12 16:28:25,987 - basepage.py - [line:105] - INFO - 元素文本信息为请输入云服务器名称
2021-10-12 16:28:27,970 - basepage.py - [line:140] - INFO - 键盘输入后清理
2021-10-12 16:28:28,815 - basepage.py - [line:140] - INFO - 键盘输入后清理
2021-10-12 16:28:32,929 - basepage.py - [line:140] - INFO - 键盘输入后清理
2021-10-12 16:28:33,076 - basepage.py - [line:105] - INFO - 元素文本信息为请输入自动创建云服务器个数（限制100）
2021-10-12 16:28:33,786 - basepage.py - [line:140] - INFO - 键盘输入后清理
2021-10-12 16:28:35,453 - basepage.py - [line:140] - INFO - 键盘输入后清理
2021-10-12 16:28:35,675 - basepage.py - [line:140] - INFO - 键盘输入后清理
2021-10-12 16:29:01,862 - basepage.py - [line:86] - INFO - 鼠标光标移动至navBar_item_计算_content元素
2021-10-12 16:29:02,287 - basepage.py - [line:92] - INFO - 鼠标光标移动至navBar_item_计算_content_云服务器元素并点击
2021-10-12 16:29:03,000 - basepage.py - [line:74] - INFO - 点击了//*[@id="tab-vmlist"]元素
2021-10-12 16:29:05,693 - basepage.py - [line:105] - INFO - 元素文本信息为请输入云服务器名称
2021-10-12 16:29:08,223 - basepage.py - [line:140] - INFO - 键盘输入后清理
2021-10-12 16:29:09,075 - basepage.py - [line:140] - INFO - 键盘输入后清理
2021-10-12 16:29:13,137 - basepage.py - [line:140] - INFO - 键盘输入后清理
2021-10-12 16:29:13,288 - basepage.py - [line:105] - INFO - 元素文本信息为请输入自动创建云服务器个数（限制100）
2021-10-12 16:29:13,552 - basepage.py - [line:140] - INFO - 键盘输入后清理
2021-10-12 16:29:13,800 - basepage.py - [line:140] - INFO - 键盘输入后清理
2021-10-12 16:29:14,036 - basepage.py - [line:140] - INFO - 键盘输入后清理
2021-10-12 16:29:31,709 - basepage.py - [line:86] - INFO - 鼠标光标移动至navBar_item_计算_content元素
2021-10-12 16:29:32,179 - basepage.py - [line:92] - INFO - 鼠标光标移动至navBar_item_计算_content_云服务器元素并点击
2021-10-12 16:29:32,406 - basepage.py - [line:74] - INFO - 点击了//*[@id="tab-vmlist"]元素
2021-10-12 16:29:35,113 - basepage.py - [line:105] - INFO - 元素文本信息为请输入云服务器名称
2021-10-12 16:29:37,677 - basepage.py - [line:140] - INFO - 键盘输入后清理
2021-10-12 16:29:38,540 - basepage.py - [line:140] - INFO - 键盘输入后清理
2021-10-12 16:29:42,605 - basepage.py - [line:140] - INFO - 键盘输入后清理
2021-10-12 16:29:42,754 - basepage.py - [line:105] - INFO - 元素文本信息为请输入自动创建云服务器个数（限制100）
2021-10-12 16:29:43,016 - basepage.py - [line:140] - INFO - 键盘输入后清理
2021-10-12 16:29:43,791 - basepage.py - [line:140] - INFO - 键盘输入后清理
2021-10-12 16:29:44,020 - basepage.py - [line:140] - INFO - 键盘输入后清理
2021-10-12 16:30:14,045 - basepage.py - [line:86] - INFO - 鼠标光标移动至navBar_item_计算_content元素
2021-10-12 16:30:14,525 - basepage.py - [line:92] - INFO - 鼠标光标移动至navBar_item_计算_content_云服务器元素并点击
2021-10-12 16:30:14,770 - basepage.py - [line:74] - INFO - 点击了//*[@id="tab-vmlist"]元素
2021-10-12 16:30:17,482 - basepage.py - [line:105] - INFO - 元素文本信息为请输入云服务器名称
2021-10-12 16:30:19,448 - basepage.py - [line:140] - INFO - 键盘输入后清理
2021-10-12 16:30:20,310 - basepage.py - [line:140] - INFO - 键盘输入后清理
2021-10-12 16:30:24,353 - basepage.py - [line:140] - INFO - 键盘输入后清理
2021-10-12 16:30:25,096 - basepage.py - [line:105] - INFO - 元素文本信息为请输入自动创建云服务器个数（限制100）
2021-10-12 16:30:25,377 - basepage.py - [line:140] - INFO - 键盘输入后清理
2021-10-12 16:30:26,150 - basepage.py - [line:140] - INFO - 键盘输入后清理
2021-10-12 16:30:26,373 - basepage.py - [line:140] - INFO - 键盘输入后清理
2021-10-12 16:31:13,212 - basepage.py - [line:86] - INFO - 鼠标光标移动至navBar_item_计算_content元素
2021-10-12 16:31:13,582 - basepage.py - [line:92] - INFO - 鼠标光标移动至navBar_item_计算_content_云服务器元素并点击
2021-10-12 16:31:13,825 - basepage.py - [line:74] - INFO - 点击了//*[@id="tab-vmlist"]元素
2021-10-12 16:31:16,534 - basepage.py - [line:105] - INFO - 元素文本信息为请输入云服务器名称
2021-10-12 16:31:18,517 - basepage.py - [line:140] - INFO - 键盘输入后清理
2021-10-12 16:31:19,379 - basepage.py - [line:140] - INFO - 键盘输入后清理
2021-10-12 16:31:24,136 - basepage.py - [line:140] - INFO - 键盘输入后清理
2021-10-12 16:31:24,272 - basepage.py - [line:105] - INFO - 元素文本信息为请输入自动创建云服务器个数（限制100）
2021-10-12 16:31:24,537 - basepage.py - [line:140] - INFO - 键盘输入后清理
2021-10-12 16:31:25,301 - basepage.py - [line:140] - INFO - 键盘输入后清理
2021-10-12 16:31:25,533 - basepage.py - [line:140] - INFO - 键盘输入后清理
2021-10-12 16:31:52,196 - basepage.py - [line:86] - INFO - 鼠标光标移动至navBar_item_计算_content元素
2021-10-12 16:31:52,572 - basepage.py - [line:92] - INFO - 鼠标光标移动至navBar_item_计算_content_云服务器元素并点击
2021-10-12 16:31:53,282 - basepage.py - [line:74] - INFO - 点击了//*[@id="tab-vmlist"]元素
2021-10-12 16:31:55,979 - basepage.py - [line:105] - INFO - 元素文本信息为请输入云服务器名称
2021-10-12 16:31:57,949 - basepage.py - [line:140] - INFO - 键盘输入后清理
2021-10-12 16:31:58,817 - basepage.py - [line:140] - INFO - 键盘输入后清理
2021-10-12 16:32:02,889 - basepage.py - [line:140] - INFO - 键盘输入后清理
2021-10-12 16:32:03,040 - basepage.py - [line:105] - INFO - 元素文本信息为请输入自动创建云服务器个数（限制100）
2021-10-12 16:32:04,123 - basepage.py - [line:140] - INFO - 键盘输入后清理
2021-10-12 16:32:04,893 - basepage.py - [line:140] - INFO - 键盘输入后清理
2021-10-12 16:32:05,120 - basepage.py - [line:140] - INFO - 键盘输入后清理
2021-10-12 16:32:29,409 - basepage.py - [line:86] - INFO - 鼠标光标移动至navBar_item_计算_content元素
2021-10-12 16:32:29,894 - basepage.py - [line:92] - INFO - 鼠标光标移动至navBar_item_计算_content_云服务器元素并点击
2021-10-12 16:32:30,142 - basepage.py - [line:74] - INFO - 点击了//*[@id="tab-vmlist"]元素
2021-10-12 16:32:32,855 - basepage.py - [line:105] - INFO - 元素文本信息为请输入云服务器名称
2021-10-12 16:32:34,839 - basepage.py - [line:140] - INFO - 键盘输入后清理
2021-10-12 16:32:35,698 - basepage.py - [line:140] - INFO - 键盘输入后清理
2021-10-12 16:32:39,738 - basepage.py - [line:140] - INFO - 键盘输入后清理
2021-10-12 16:32:39,889 - basepage.py - [line:105] - INFO - 元素文本信息为请输入自动创建云服务器个数（限制100）
2021-10-12 16:32:40,153 - basepage.py - [line:140] - INFO - 键盘输入后清理
2021-10-12 16:32:40,400 - basepage.py - [line:140] - INFO - 键盘输入后清理
2021-10-12 16:32:40,639 - basepage.py - [line:140] - INFO - 键盘输入后清理
2021-10-12 16:33:07,283 - basepage.py - [line:86] - INFO - 鼠标光标移动至navBar_item_计算_content元素
2021-10-12 16:33:07,764 - basepage.py - [line:92] - INFO - 鼠标光标移动至navBar_item_计算_content_云服务器元素并点击
2021-10-12 16:33:08,824 - basepage.py - [line:74] - INFO - 点击了//*[@id="tab-vmlist"]元素
2021-10-12 16:33:11,504 - basepage.py - [line:105] - INFO - 元素文本信息为请输入云服务器名称
2021-10-12 16:33:13,464 - basepage.py - [line:140] - INFO - 键盘输入后清理
2021-10-12 16:33:14,329 - basepage.py - [line:140] - INFO - 键盘输入后清理
2021-10-12 16:33:18,382 - basepage.py - [line:140] - INFO - 键盘输入后清理
2021-10-12 16:33:18,530 - basepage.py - [line:105] - INFO - 元素文本信息为请输入自动创建云服务器个数（限制100）
2021-10-12 16:33:18,793 - basepage.py - [line:140] - INFO - 键盘输入后清理
2021-10-12 16:33:19,560 - basepage.py - [line:140] - INFO - 键盘输入后清理
2021-10-12 16:33:19,782 - basepage.py - [line:140] - INFO - 键盘输入后清理
2021-10-12 16:33:59,944 - basepage.py - [line:86] - INFO - 鼠标光标移动至navBar_item_计算_content元素
2021-10-12 16:34:00,378 - basepage.py - [line:92] - INFO - 鼠标光标移动至navBar_item_计算_content_云服务器元素并点击
2021-10-12 16:34:00,586 - basepage.py - [line:74] - INFO - 点击了//*[@id="tab-vmlist"]元素
2021-10-12 16:34:03,309 - basepage.py - [line:105] - INFO - 元素文本信息为请输入云服务器名称
2021-10-12 16:34:05,260 - basepage.py - [line:140] - INFO - 键盘输入后清理
2021-10-12 16:34:06,116 - basepage.py - [line:140] - INFO - 键盘输入后清理
2021-10-12 16:34:10,127 - basepage.py - [line:140] - INFO - 键盘输入后清理
2021-10-12 16:34:10,277 - basepage.py - [line:105] - INFO - 元素文本信息为请输入自动创建云服务器个数（限制100）
2021-10-12 16:34:10,534 - basepage.py - [line:140] - INFO - 键盘输入后清理
2021-10-12 16:34:10,780 - basepage.py - [line:140] - INFO - 键盘输入后清理
2021-10-12 16:34:11,019 - basepage.py - [line:140] - INFO - 键盘输入后清理
2021-10-12 16:34:44,514 - basepage.py - [line:86] - INFO - 鼠标光标移动至navBar_item_计算_content元素
2021-10-12 16:34:45,075 - basepage.py - [line:92] - INFO - 鼠标光标移动至navBar_item_计算_content_云服务器元素并点击
2021-10-12 16:34:46,194 - basepage.py - [line:74] - INFO - 点击了//*[@id="tab-vmlist"]元素
2021-10-12 16:34:48,895 - basepage.py - [line:105] - INFO - 元素文本信息为请输入云服务器名称
2021-10-12 16:34:50,859 - basepage.py - [line:140] - INFO - 键盘输入后清理
2021-10-12 16:34:51,721 - basepage.py - [line:140] - INFO - 键盘输入后清理
2021-10-12 16:34:55,735 - basepage.py - [line:140] - INFO - 键盘输入后清理
2021-10-12 16:34:55,887 - basepage.py - [line:105] - INFO - 元素文本信息为请输入自动创建云服务器个数（限制100）
2021-10-12 16:34:56,145 - basepage.py - [line:140] - INFO - 键盘输入后清理
2021-10-12 16:34:56,915 - basepage.py - [line:140] - INFO - 键盘输入后清理
2021-10-12 16:34:57,145 - basepage.py - [line:140] - INFO - 键盘输入后清理
2021-10-12 17:05:46,432 - basepage.py - [line:86] - INFO - 鼠标光标移动至navBar_item_计算_content元素
2021-10-12 17:05:46,881 - basepage.py - [line:92] - INFO - 鼠标光标移动至navBar_item_计算_content_云服务器元素并点击
2021-10-12 17:05:47,096 - basepage.py - [line:74] - INFO - 点击了//*[@id="tab-vmlist"]元素
2021-10-12 17:06:48,697 - basepage.py - [line:86] - INFO - 鼠标光标移动至navBar_item_计算_content元素
2021-10-12 17:06:49,103 - basepage.py - [line:92] - INFO - 鼠标光标移动至navBar_item_计算_content_云服务器元素并点击
2021-10-12 17:06:49,369 - basepage.py - [line:74] - INFO - 点击了//*[@id="tab-vmlist"]元素
2021-10-12 17:08:45,492 - basepage.py - [line:86] - INFO - 鼠标光标移动至navBar_item_计算_content元素
2021-10-12 17:08:45,864 - basepage.py - [line:92] - INFO - 鼠标光标移动至navBar_item_计算_content_云服务器元素并点击
2021-10-12 17:08:46,095 - basepage.py - [line:74] - INFO - 点击了//*[@id="tab-vmlist"]元素
2021-10-12 17:09:40,983 - basepage.py - [line:86] - INFO - 鼠标光标移动至navBar_item_计算_content元素
2021-10-12 17:09:41,407 - basepage.py - [line:92] - INFO - 鼠标光标移动至navBar_item_计算_content_云服务器元素并点击
2021-10-12 17:09:41,620 - basepage.py - [line:74] - INFO - 点击了//*[@id="tab-vmlist"]元素
2021-10-12 17:10:54,003 - basepage.py - [line:86] - INFO - 鼠标光标移动至navBar_item_计算_content元素
2021-10-12 17:10:54,447 - basepage.py - [line:92] - INFO - 鼠标光标移动至navBar_item_计算_content_云服务器元素并点击
2021-10-12 17:10:54,668 - basepage.py - [line:74] - INFO - 点击了//*[@id="tab-vmlist"]元素
2021-10-12 17:11:32,490 - basepage.py - [line:86] - INFO - 鼠标光标移动至navBar_item_计算_content元素
2021-10-12 17:11:32,933 - basepage.py - [line:92] - INFO - 鼠标光标移动至navBar_item_计算_content_云服务器元素并点击
2021-10-12 17:11:33,147 - basepage.py - [line:74] - INFO - 点击了//*[@id="tab-vmlist"]元素
2021-10-12 17:18:32,541 - basepage.py - [line:86] - INFO - 鼠标光标移动至navBar_item_计算_content元素
2021-10-12 17:18:32,992 - basepage.py - [line:92] - INFO - 鼠标光标移动至navBar_item_计算_content_云服务器元素并点击
2021-10-12 17:18:33,225 - basepage.py - [line:74] - INFO - 点击了//*[@id="tab-vmlist"]元素
2021-10-12 17:19:35,774 - basepage.py - [line:86] - INFO - 鼠标光标移动至navBar_item_计算_content元素
2021-10-12 17:19:36,177 - basepage.py - [line:92] - INFO - 鼠标光标移动至navBar_item_计算_content_云服务器元素并点击
2021-10-12 17:19:36,425 - basepage.py - [line:74] - INFO - 点击了//*[@id="tab-vmlist"]元素
2021-10-12 17:19:39,356 - basepage.py - [line:68] - INFO - 在compute_instances_create_name元素中，输入了test01
2021-10-12 17:20:23,906 - basepage.py - [line:86] - INFO - 鼠标光标移动至navBar_item_计算_content元素
2021-10-12 17:20:24,319 - basepage.py - [line:92] - INFO - 鼠标光标移动至navBar_item_计算_content_云服务器元素并点击
2021-10-12 17:20:24,857 - basepage.py - [line:74] - INFO - 点击了//*[@id="tab-vmlist"]元素
2021-10-12 17:20:27,697 - basepage.py - [line:68] - INFO - 在compute_instances_create_name元素中，输入了test01
2021-10-12 17:20:42,643 - basepage.py - [line:86] - INFO - 鼠标光标移动至navBar_item_计算_content元素
2021-10-12 17:20:43,031 - basepage.py - [line:92] - INFO - 鼠标光标移动至navBar_item_计算_content_云服务器元素并点击
2021-10-12 17:20:43,270 - basepage.py - [line:74] - INFO - 点击了//*[@id="tab-vmlist"]元素
2021-10-12 17:20:46,163 - basepage.py - [line:68] - INFO - 在compute_instances_create_name元素中，输入了test01
2021-10-12 17:23:18,387 - basepage.py - [line:86] - INFO - 鼠标光标移动至navBar_item_计算_content元素
2021-10-12 17:23:52,620 - basepage.py - [line:86] - INFO - 鼠标光标移动至navBar_item_计算_content元素
2021-10-12 17:23:53,005 - basepage.py - [line:92] - INFO - 鼠标光标移动至navBar_item_计算_content_云服务器元素并点击
2021-10-12 17:23:53,630 - basepage.py - [line:74] - INFO - 点击了//*[@id="tab-vmlist"]元素
2021-10-12 17:23:56,557 - basepage.py - [line:68] - INFO - 在compute_instances_create_name元素中，输入了test01
2021-10-12 17:26:38,721 - basepage.py - [line:86] - INFO - 鼠标光标移动至navBar_item_计算_content元素
2021-10-12 17:26:39,254 - basepage.py - [line:92] - INFO - 鼠标光标移动至navBar_item_计算_content_云服务器元素并点击
2021-10-12 17:26:39,518 - basepage.py - [line:74] - INFO - 点击了//*[@id="tab-vmlist"]元素
2021-10-12 17:26:42,418 - basepage.py - [line:68] - INFO - 在compute_instances_create_name元素中，输入了TEST
2021-10-12 17:28:06,231 - basepage.py - [line:86] - INFO - 鼠标光标移动至navBar_item_计算_content元素
2021-10-12 17:28:06,685 - basepage.py - [line:92] - INFO - 鼠标光标移动至navBar_item_计算_content_云服务器元素并点击
2021-10-12 17:28:06,920 - basepage.py - [line:74] - INFO - 点击了//*[@id="tab-vmlist"]元素
2021-10-12 17:28:09,854 - basepage.py - [line:68] - INFO - 在compute_instances_create_name元素中，输入了TEST
2021-10-12 17:41:16,786 - basepage.py - [line:86] - INFO - 鼠标光标移动至navBar_item_计算_content元素
2021-10-12 17:41:17,379 - basepage.py - [line:92] - INFO - 鼠标光标移动至navBar_item_计算_content_云服务器元素并点击
2021-10-12 17:41:17,762 - basepage.py - [line:74] - INFO - 点击了//*[@id="tab-vmlist"]元素
2021-10-12 17:41:20,515 - basepage.py - [line:105] - INFO - 元素文本信息为请输入云服务器名称
2021-10-12 17:41:20,655 - basepage.py - [line:68] - INFO - 在compute_instances_create_name元素中，输入了
2021-10-12 17:41:21,985 - basepage.py - [line:68] - INFO - 在compute_instances_create_name元素中，输入了#￥%……&**
2021-10-12 17:41:22,142 - basepage.py - [line:140] - INFO - 键盘输入后清理
2021-10-12 17:41:22,321 - basepage.py - [line:68] - INFO - 在compute_instances_create_name元素中，输入了111111111111111111111111111111111
2021-10-12 17:41:23,009 - basepage.py - [line:140] - INFO - 键盘输入后清理
2021-10-12 17:41:23,089 - basepage.py - [line:68] - INFO - 在compute_instances_create_name元素中，输入了TEST
2021-10-12 17:41:27,312 - basepage.py - [line:140] - INFO - 键盘输入后清理
2021-10-12 17:41:27,385 - basepage.py - [line:68] - INFO - 在compute_instances_create_create_num元素中，输入了
2021-10-12 17:41:27,452 - basepage.py - [line:105] - INFO - 元素文本信息为请输入自动创建云服务器个数（限制100）
2021-10-12 17:41:27,558 - basepage.py - [line:68] - INFO - 在compute_instances_create_create_num元素中，输入了#￥%……&**
2021-10-12 17:41:27,713 - basepage.py - [line:140] - INFO - 键盘输入后清理
2021-10-12 17:41:27,792 - basepage.py - [line:68] - INFO - 在compute_instances_create_create_num元素中，输入了111
2021-10-12 17:41:27,947 - basepage.py - [line:140] - INFO - 键盘输入后清理
2021-10-12 17:41:28,016 - basepage.py - [line:68] - INFO - 在compute_instances_create_create_num元素中，输入了0
2021-10-12 17:41:28,169 - basepage.py - [line:140] - INFO - 键盘输入后清理
2021-10-12 17:41:45,421 - basepage.py - [line:86] - INFO - 鼠标光标移动至navBar_item_计算_content元素
2021-10-12 17:41:45,847 - basepage.py - [line:92] - INFO - 鼠标光标移动至navBar_item_计算_content_云服务器元素并点击
2021-10-12 17:41:46,548 - basepage.py - [line:74] - INFO - 点击了//*[@id="tab-vmlist"]元素
2021-10-12 17:41:49,577 - basepage.py - [line:68] - INFO - 在compute_instances_create_name元素中，输入了TEST
2021-10-12 17:49:58,707 - basepage.py - [line:86] - INFO - 鼠标光标移动至navBar_item_计算_content元素
2021-10-12 17:50:06,498 - basepage.py - [line:92] - INFO - 鼠标光标移动至navBar_item_计算_content_云服务器元素并点击
2021-10-12 17:50:07,210 - basepage.py - [line:74] - INFO - 点击了//*[@id="tab-vmlist"]元素
2021-10-12 17:50:10,302 - basepage.py - [line:68] - INFO - 在compute_instances_create_name元素中，输入了TEST
2021-10-12 17:50:28,787 - basepage.py - [line:86] - INFO - 鼠标光标移动至navBar_item_计算_content元素
2021-10-12 17:50:29,244 - basepage.py - [line:92] - INFO - 鼠标光标移动至navBar_item_计算_content_云服务器元素并点击
2021-10-12 17:50:29,931 - basepage.py - [line:74] - INFO - 点击了//*[@id="tab-vmlist"]元素
2021-10-12 17:50:33,130 - basepage.py - [line:68] - INFO - 在compute_instances_create_name元素中，输入了TEST
2021-10-12 18:01:18,148 - basepage.py - [line:86] - INFO - 鼠标光标移动至navBar_item_计算_content元素
2021-10-12 18:01:20,706 - basepage.py - [line:92] - INFO - 鼠标光标移动至navBar_item_计算_content_云服务器元素并点击
2021-10-12 18:01:21,639 - basepage.py - [line:74] - INFO - 点击了//*[@id="tab-vmlist"]元素
2021-10-12 18:02:01,359 - basepage.py - [line:86] - INFO - 鼠标光标移动至navBar_item_计算_content元素
2021-10-12 18:02:01,784 - basepage.py - [line:92] - INFO - 鼠标光标移动至navBar_item_计算_content_云服务器元素并点击
2021-10-12 18:02:02,504 - basepage.py - [line:74] - INFO - 点击了//*[@id="tab-vmlist"]元素
2021-10-12 20:07:45,134 - basepage.py - [line:86] - INFO - 鼠标光标移动至navBar_item_计算_content元素
2021-10-12 20:07:45,911 - basepage.py - [line:92] - INFO - 鼠标光标移动至navBar_item_计算_content_云服务器元素并点击
2021-10-12 20:07:46,175 - basepage.py - [line:74] - INFO - 点击了//*[@id="tab-vmlist"]元素
2021-10-12 20:07:49,306 - basepage.py - [line:68] - INFO - 在compute_instances_create_name元素中，输入了TEST
2021-10-12 20:08:56,123 - basepage.py - [line:86] - INFO - 鼠标光标移动至navBar_item_计算_content元素
2021-10-12 20:08:56,548 - basepage.py - [line:92] - INFO - 鼠标光标移动至navBar_item_计算_content_云服务器元素并点击
2021-10-12 20:08:56,844 - basepage.py - [line:74] - INFO - 点击了//*[@id="tab-vmlist"]元素
2021-10-12 20:08:59,973 - basepage.py - [line:68] - INFO - 在compute_instances_create_name元素中，输入了test001
2021-10-12 20:10:05,981 - basepage.py - [line:86] - INFO - 鼠标光标移动至navBar_item_计算_content元素
2021-10-12 20:10:06,564 - basepage.py - [line:92] - INFO - 鼠标光标移动至navBar_item_计算_content_云服务器元素并点击
2021-10-12 20:10:06,853 - basepage.py - [line:74] - INFO - 点击了//*[@id="tab-vmlist"]元素
2021-10-12 20:10:10,071 - basepage.py - [line:68] - INFO - 在compute_instances_create_name元素中，输入了test001
2021-10-12 20:12:17,766 - basepage.py - [line:86] - INFO - 鼠标光标移动至navBar_item_计算_content元素
2021-10-12 20:12:18,418 - basepage.py - [line:92] - INFO - 鼠标光标移动至navBar_item_计算_content_云服务器元素并点击
2021-10-12 20:12:19,177 - basepage.py - [line:74] - INFO - 点击了//*[@id="tab-vmlist"]元素
2021-10-12 20:12:22,289 - basepage.py - [line:68] - INFO - 在compute_instances_create_name元素中，输入了test001
2021-10-12 20:14:07,029 - basepage.py - [line:86] - INFO - 鼠标光标移动至navBar_item_计算_content元素
2021-10-12 20:14:07,517 - basepage.py - [line:92] - INFO - 鼠标光标移动至navBar_item_计算_content_云服务器元素并点击
2021-10-12 20:14:07,782 - basepage.py - [line:74] - INFO - 点击了//*[@id="tab-vmlist"]元素
2021-10-12 20:14:57,533 - basepage.py - [line:86] - INFO - 鼠标光标移动至navBar_item_计算_content元素
2021-10-12 20:14:58,114 - basepage.py - [line:92] - INFO - 鼠标光标移动至navBar_item_计算_content_云服务器元素并点击
2021-10-12 20:14:58,922 - basepage.py - [line:74] - INFO - 点击了//*[@id="tab-vmlist"]元素
2021-10-12 20:16:56,848 - basepage.py - [line:86] - INFO - 鼠标光标移动至navBar_item_计算_content元素
2021-10-12 20:16:57,377 - basepage.py - [line:92] - INFO - 鼠标光标移动至navBar_item_计算_content_云服务器元素并点击
2021-10-12 20:16:57,663 - basepage.py - [line:74] - INFO - 点击了//*[@id="tab-vmlist"]元素
