2021-10-16 20:29:39,694 - basepage.py - [line:97] - INFO - 鼠标光标移动至navBar_item_计算_content元素
2021-10-16 20:29:40,069 - basepage.py - [line:103] - INFO - 鼠标光标移动至navBar_item_计算_content_云服务器元素并点击
2021-10-16 20:29:40,865 - basepage.py - [line:85] - INFO - 点击了//*[@id="tab-vmlist"]元素
2021-10-16 20:29:43,973 - basepage.py - [line:116] - INFO - 元素文本信息为请输入云服务器名称
2021-10-16 20:34:39,736 - basepage.py - [line:97] - INFO - 鼠标光标移动至navBar_item_计算_content元素
2021-10-16 20:36:06,809 - basepage.py - [line:97] - INFO - 鼠标光标移动至navBar_item_计算_content元素
2021-10-16 20:36:07,217 - basepage.py - [line:103] - INFO - 鼠标光标移动至navBar_item_计算_content_云服务器元素并点击
2021-10-16 20:36:07,984 - basepage.py - [line:85] - INFO - 点击了//*[@id="tab-vmlist"]元素
2021-10-16 20:36:11,112 - basepage.py - [line:116] - INFO - 元素文本信息为请输入云服务器名称
2021-10-16 20:40:51,944 - basepage.py - [line:97] - INFO - 鼠标光标移动至navBar_item_计算_content元素
2021-10-16 20:43:56,983 - basepage.py - [line:97] - INFO - 鼠标光标移动至navBar_item_计算_content元素
2021-10-16 20:43:57,564 - basepage.py - [line:103] - INFO - 鼠标光标移动至navBar_item_计算_content_云服务器元素并点击
2021-10-16 20:43:58,346 - basepage.py - [line:85] - INFO - 点击了//*[@id="tab-vmlist"]元素
2021-10-16 20:44:01,539 - basepage.py - [line:116] - INFO - 元素文本信息为请输入云服务器名称
2021-10-16 20:46:18,397 - basepage.py - [line:97] - INFO - 鼠标光标移动至navBar_item_计算_content元素
2021-10-16 21:24:26,363 - basepage.py - [line:97] - INFO - 鼠标光标移动至navBar_item_计算_content元素
2021-10-16 21:24:26,827 - basepage.py - [line:103] - INFO - 鼠标光标移动至navBar_item_计算_content_云服务器元素并点击
2021-10-16 21:24:27,243 - basepage.py - [line:85] - INFO - 点击了//*[@id="tab-vmlist"]元素
2021-10-16 21:24:30,301 - basepage.py - [line:116] - INFO - 元素文本信息为请输入云服务器名称
2021-10-16 21:29:10,804 - basepage.py - [line:97] - INFO - 鼠标光标移动至navBar_item_计算_content元素
2021-10-16 21:29:39,632 - basepage.py - [line:97] - INFO - 鼠标光标移动至navBar_item_计算_content元素
2021-10-16 21:39:29,600 - basepage.py - [line:97] - INFO - 鼠标光标移动至navBar_item_计算_content元素
2021-10-16 21:40:46,380 - basepage.py - [line:97] - INFO - 鼠标光标移动至navBar_item_计算_content元素
2021-10-16 21:40:46,967 - basepage.py - [line:103] - INFO - 鼠标光标移动至navBar_item_计算_content_云服务器元素并点击
2021-10-16 21:40:47,743 - basepage.py - [line:85] - INFO - 点击了//*[@id="tab-vmlist"]元素
2021-10-16 21:40:50,873 - basepage.py - [line:116] - INFO - 元素文本信息为请输入云服务器名称
2021-10-16 21:51:23,024 - basepage.py - [line:97] - INFO - 鼠标光标移动至navBar_item_计算_content元素
2021-10-16 22:23:03,971 - basepage.py - [line:97] - INFO - 鼠标光标移动至navBar_item_计算_content元素
2021-10-16 22:38:47,693 - basepage.py - [line:97] - INFO - 鼠标光标移动至navBar_item_计算_content元素
2021-10-16 22:38:48,767 - basepage.py - [line:103] - INFO - 鼠标光标移动至navBar_item_计算_content_云服务器元素并点击
2021-10-16 22:38:49,599 - basepage.py - [line:85] - INFO - 点击了//*[@id="tab-vmlist"]元素
2021-10-16 22:38:53,967 - basepage.py - [line:152] - INFO - 键盘输入后清理
2021-10-16 22:39:56,154 - basepage.py - [line:97] - INFO - 鼠标光标移动至navBar_item_计算_content元素
2021-10-16 22:56:14,813 - basepage.py - [line:97] - INFO - 鼠标光标移动至navBar_item_计算_content元素
2021-10-16 22:56:15,444 - basepage.py - [line:103] - INFO - 鼠标光标移动至navBar_item_计算_content_云服务器元素并点击
2021-10-16 22:56:16,172 - basepage.py - [line:85] - INFO - 点击了//*[@id="tab-vmlist"]元素
2021-10-16 22:56:21,492 - basepage.py - [line:130] - INFO - 元素文本信息为2
2021-10-16 22:56:21,656 - basepage.py - [line:152] - INFO - 键盘输入后清理
2021-10-16 22:56:22,811 - basepage.py - [line:116] - INFO - 元素文本信息为请输入处理器
2021-10-16 22:56:24,070 - basepage.py - [line:152] - INFO - 键盘输入后清理
2021-10-16 22:56:25,322 - basepage.py - [line:152] - INFO - 键盘输入后清理
2021-10-16 22:56:26,630 - basepage.py - [line:152] - INFO - 键盘输入后清理
2021-10-16 22:56:28,071 - basepage.py - [line:130] - INFO - 元素文本信息为1
2021-10-16 22:56:28,208 - basepage.py - [line:152] - INFO - 键盘输入后清理
2021-10-16 22:56:29,362 - basepage.py - [line:116] - INFO - 元素文本信息为请输入处理器插槽数
2021-10-16 22:56:30,650 - basepage.py - [line:152] - INFO - 键盘输入后清理
2021-10-16 22:56:31,895 - basepage.py - [line:152] - INFO - 键盘输入后清理
2021-10-16 22:56:33,139 - basepage.py - [line:152] - INFO - 键盘输入后清理
2021-10-16 22:56:34,260 - basepage.py - [line:130] - INFO - 元素文本信息为2
2021-10-16 22:56:34,414 - basepage.py - [line:152] - INFO - 键盘输入后清理
2021-10-16 22:56:36,349 - basepage.py - [line:116] - INFO - 元素文本信息为请输入处理器插槽核数
2021-10-16 22:56:37,849 - basepage.py - [line:152] - INFO - 键盘输入后清理
2021-10-16 22:56:39,630 - basepage.py - [line:152] - INFO - 键盘输入后清理
2021-10-16 22:56:40,907 - basepage.py - [line:152] - INFO - 键盘输入后清理
2021-10-16 22:56:42,033 - basepage.py - [line:130] - INFO - 元素文本信息为4
2021-10-16 22:56:42,194 - basepage.py - [line:152] - INFO - 键盘输入后清理
2021-10-16 22:56:43,356 - basepage.py - [line:116] - INFO - 元素文本信息为请输入设置内存大小
2021-10-16 22:56:44,624 - basepage.py - [line:152] - INFO - 键盘输入后清理
2021-10-16 22:56:45,899 - basepage.py - [line:152] - INFO - 键盘输入后清理
2021-10-16 22:56:47,195 - basepage.py - [line:152] - INFO - 键盘输入后清理
2021-10-16 23:04:09,332 - basepage.py - [line:97] - INFO - 鼠标光标移动至navBar_item_计算_content元素
2021-10-16 23:06:40,968 - basepage.py - [line:97] - INFO - 鼠标光标移动至navBar_item_计算_content元素
2021-10-16 23:07:27,466 - basepage.py - [line:97] - INFO - 鼠标光标移动至navBar_item_计算_content元素
2021-10-16 23:07:27,957 - basepage.py - [line:103] - INFO - 鼠标光标移动至navBar_item_计算_content_云服务器元素并点击
2021-10-16 23:07:28,724 - basepage.py - [line:85] - INFO - 点击了//*[@id="tab-vmlist"]元素
2021-10-16 23:08:10,911 - basepage.py - [line:97] - INFO - 鼠标光标移动至navBar_item_计算_content元素
2021-10-16 23:08:11,434 - basepage.py - [line:103] - INFO - 鼠标光标移动至navBar_item_计算_content_云服务器元素并点击
2021-10-16 23:08:12,352 - basepage.py - [line:85] - INFO - 点击了//*[@id="tab-vmlist"]元素
2021-10-16 23:08:16,735 - basepage.py - [line:152] - INFO - 键盘输入后清理
2021-10-16 23:08:55,115 - basepage.py - [line:97] - INFO - 鼠标光标移动至navBar_item_计算_content元素
2021-10-16 23:08:55,763 - basepage.py - [line:103] - INFO - 鼠标光标移动至navBar_item_计算_content_云服务器元素并点击
2021-10-16 23:08:56,934 - basepage.py - [line:85] - INFO - 点击了//*[@id="tab-vmlist"]元素
2021-10-16 23:09:01,344 - basepage.py - [line:152] - INFO - 键盘输入后清理
2021-10-16 23:10:08,965 - basepage.py - [line:97] - INFO - 鼠标光标移动至navBar_item_计算_content元素
2021-10-16 23:10:09,381 - basepage.py - [line:103] - INFO - 鼠标光标移动至navBar_item_计算_content_云服务器元素并点击
2021-10-16 23:10:09,754 - basepage.py - [line:85] - INFO - 点击了//*[@id="tab-vmlist"]元素
2021-10-16 23:10:37,613 - basepage.py - [line:97] - INFO - 鼠标光标移动至navBar_item_计算_content元素
2021-10-16 23:10:38,122 - basepage.py - [line:103] - INFO - 鼠标光标移动至navBar_item_计算_content_云服务器元素并点击
2021-10-16 23:10:38,529 - basepage.py - [line:85] - INFO - 点击了//*[@id="tab-vmlist"]元素
2021-10-16 23:10:42,869 - basepage.py - [line:116] - INFO - 元素文本信息为请输入云服务器名称
2021-10-16 23:11:11,778 - basepage.py - [line:97] - INFO - 鼠标光标移动至navBar_item_计算_content元素
2021-10-16 23:11:12,251 - basepage.py - [line:103] - INFO - 鼠标光标移动至navBar_item_计算_content_云服务器元素并点击
2021-10-16 23:11:13,081 - basepage.py - [line:85] - INFO - 点击了//*[@id="tab-vmlist"]元素
2021-10-16 23:11:16,969 - basepage.py - [line:116] - INFO - 元素文本信息为请输入云服务器名称
